4482
0 L 5 184 1
0 D 683 184 1
1 L 5 299 1
1 D 464 299 1
1 L 4 162 1
1 D 829 162 1
2 L 2 358 1
2 D 82 358 1
1 L 4 230 1
1 D 11 230 1
1 L 6 317 1
1 D 939 317 1
3 L 5 364 1
3 D 840 364 1
4 L 2 254 1
4 D 840 254 1
3 L 3 255 1
3 D 889 255 1
5 L 5 81 1
5 D 663 81 1
1 L 6 191 1
1 D 776 191 1
5 L 4 375 1
5 D 152 375 1
0 L 8 125 1
0 D 325 125 1
5 L 4 163 1
5 D 1 163 1
5 L 4 172 1
5 D 861 172 1
4 L 3 163 1
4 D 913 163 1
0 L 6 241 1
0 D 775 241 1
5 L 4 104 1
5 D 79 104 1
1 L 6 104 1
1 D 852 104 1
5 L 4 17 1
5 D 1072 17 1
1 L 6 104 1
1 D 1234 104 1
1 L 1 349 1
1 D 1154 349 1
4 L 7 289 1
4 D 816 289 1
4 L 7 97 1
4 D 260 97 1
6 L 0 383 1
6 D 409 383 1
5 L 4 200 1
5 D 843 200 1
5 L 1 54 1
5 D 760 54 1
0 L 6 142 1
0 D 1022 142 1
4 L 4 26 1
4 L 4 126 1
4 D 146 26 1
4 D 146 126 1
4 L 4 288 1
4 D 363 288 1
0 L 7 111 1
0 D 275 111 1
0 L 7 392 1
0 D 855 392 1
1 L 8 67 1
1 D 855 67 1
4 L 4 382 1
4 D 980 382 1
4 L 4 126 1
4 D 935 126 1
7 L 0 272 1
7 D 935 272 1
6 L 2 189 1
6 D 982 189 1
8 L 5 184 1
8 D 982 184 1
5 L 9 128 1
5 D 982 128 1
9 L 5 184 1
9 D 1229 184 1
5 L 8 41 1
5 D 1229 41 1
4 L 9 227 1
4 D 920 227 1
6 L 8 5 1
6 D 920 5 1
5 L 7 359 1
5 D 1164 359 1
4 L 1 28 1
4 D 1164 28 1
3 L 3 397 1
3 D 18 397 1
9 L 5 344 1
9 D 18 344 1
10 L 0 114 1
10 L 0 276 1
10 D 547 114 1
10 D 547 276 1
8 L 8 22 1
8 D 547 22 1
6 L 9 25 1
6 L 9 386 1
6 D 1001 25 1
6 D 1001 386 1
7 L 9 234 1
7 D 167 234 1
3 L 3 285 1
3 D 1242 285 1
7 L 4 26 1
7 L 4 52 1
7 D 1134 26 1
7 D 1134 52 1
11 L 2 158 1
11 D 1116 158 1
7 L 9 386 1
7 D 1116 386 1
9 L 3 218 1
9 L 3 375 1
9 D 377 218 1
9 D 377 375 1
3 L 3 35 1
3 D 381 35 1
4 L 8 131 1
4 D 381 131 1
0 L 6 290 1
0 L 6 375 1
0 D 989 290 1
0 D 989 375 1
3 L 4 214 1
3 D 688 214 1
1 L 6 111 1
1 D 227 111 1
3 L 4 304 1
3 D 227 304 1
4 L 4 34 1
4 D 257 34 1
9 L 3 153 1
9 D 257 153 1
4 L 4 192 1
4 L 4 81 1
4 D 2 192 1
4 D 2 81 1
4 L 4 96 1
4 L 4 17 1
4 D 144 96 1
4 D 144 17 1
4 L 4 154 1
4 D 1103 154 1
1 L 6 61 1
1 D 572 61 1
12 L 5 184 1
12 D 572 184 1
9 L 3 283 1
9 L 3 372 1
9 D 194 283 1
9 D 194 372 1
7 L 2 384 1
7 D 194 384 1
11 L 2 205 1
11 D 664 205 1
3 L 6 378 1
3 L 6 122 1
3 D 1053 378 1
3 D 1053 122 1
4 L 4 78 1
4 D 591 78 1
11 L 7 97 1
11 D 591 97 1
0 L 6 114 1
0 D 885 114 1
4 L 4 352 1
4 D 885 352 1
7 L 3 233 1
7 D 885 233 1
0 L 6 300 1
0 D 652 300 1
9 L 3 346 1
9 D 652 346 1
13 L 2 384 1
13 D 38 384 1
1 L 1 363 1
1 D 38 363 1
4 L 6 126 1
4 L 6 223 1
4 D 543 126 1
4 D 543 223 1
7 L 6 360 1
7 L 6 345 1
7 D 787 360 1
7 D 787 345 1
11 L 4 396 1
11 D 303 396 1
4 L 6 81 1
4 L 6 181 1
4 D 286 81 1
4 D 286 181 1
11 L 9 106 1
11 L 9 26 1
11 D 1183 106 1
11 D 1183 26 1
1 L 3 264 1
1 D 1183 264 1
14 L 5 225 1
14 D 425 225 1
1 L 9 116 1
1 D 240 116 1
14 L 7 105 1
14 D 240 105 1
15 L 0 201 1
15 D 305 201 1
11 L 9 235 1
11 D 305 235 1
13 L 3 293 1
13 L 3 398 1
13 D 780 293 1
13 D 780 398 1
13 L 3 210 1
13 L 3 47 1
13 D 1219 210 1
13 D 1219 47 1
16 L 0 168 1
16 D 1219 168 1
17 L 0 242 1
17 L 0 50 1
17 D 43 242 1
17 D 43 50 1
0 L 6 192 1
0 L 6 45 1
0 D 845 192 1
0 D 845 45 1
1 L 1 28 1
1 D 845 28 1
13 L 4 361 1
13 L 4 162 1
13 D 727 361 1
13 D 727 162 1
5 L 8 112 1
5 L 8 283 1
5 L 8 268 1
5 L 8 21 1
5 D 179 112 1
5 D 179 283 1
5 D 179 268 1
5 D 179 21 1
18 L 0 348 1
18 L 0 310 1
18 D 46 348 1
18 D 46 310 1
12 L 9 223 1
12 D 729 223 1
13 L 4 352 1
13 D 729 352 1
9 L 6 163 1
9 D 127 163 1
12 L 9 337 1
12 D 127 337 1
16 L 4 262 1
16 D 560 262 1
19 L 5 196 1
19 D 560 196 1
5 L 2 384 1
5 L 2 166 1
5 D 180 384 1
5 D 180 166 1
13 L 9 235 1
13 D 297 235 1
5 L 8 41 1
5 D 297 41 1
5 L 4 283 1
5 L 4 15 1
5 D 738 283 1
5 D 738 15 1
9 L 6 219 1
9 D 745 219 1
13 L 4 394 1
13 D 745 394 1
16 L 4 213 1
16 L 4 78 1
16 D 970 213 1
16 D 970 78 1
14 L 1 172 1
14 L 1 348 1
14 D 657 172 1
14 D 657 348 1
9 L 6 362 1
9 D 1088 362 1
13 L 6 255 1
13 D 318 255 1
20 L 0 269 1
20 D 318 269 1
9 L 2 384 1
9 L 2 290 1
9 L 2 76 1
9 D 1055 384 1
9 D 1055 290 1
9 D 1055 76 1
21 L 0 262 1
21 D 121 262 1
16 L 9 251 1
16 D 121 251 1
5 L 3 80 1
5 L 3 149 1
5 L 3 190 1
5 D 487 80 1
5 D 487 149 1
5 D 487 190 1
19 L 4 301 1
19 D 126 301 1
19 L 9 235 1
19 D 126 235 1
9 L 2 358 1
9 D 126 358 1
5 L 3 378 1
5 D 177 378 1
22 L 5 244 1
22 D 177 244 1
23 L 2 70 1
23 D 501 70 1
23 L 7 145 1
23 L 7 98 1
23 D 501 145 1
23 D 501 98 1
23 L 2 100 1
23 D 594 100 1
5 L 3 110 1
5 D 919 110 1
24 L 0 278 1
24 D 218 278 1
5 L 3 282 1
5 D 218 282 1
25 L 0 133 1
25 D 895 133 1
9 L 4 86 1
9 D 895 86 1
23 L 7 299 1
23 L 7 253 1
23 D 971 299 1
23 D 971 253 1
23 L 8 67 1
23 L 8 367 1
23 D 971 67 1
23 D 971 367 1
12 L 6 399 1
12 D 1207 399 1
26 L 0 168 1
26 D 1207 168 1
14 L 1 28 1
14 D 1207 28 1
19 L 4 299 1
19 D 789 299 1
22 L 3 263 1
22 D 789 263 1
27 L 0 216 1
27 L 0 122 1
27 L 0 35 1
27 L 0 179 1
27 D 800 216 1
27 D 800 122 1
27 D 800 35 1
27 D 800 179 1
19 L 3 164 1
19 L 3 21 1
19 D 463 164 1
19 D 463 21 1
23 L 7 392 1
23 L 7 97 1
23 D 742 392 1
23 D 742 97 1
28 L 0 296 1
28 D 742 296 1
27 L 2 44 1
27 D 30 44 1
19 L 3 380 1
19 D 30 380 1
19 L 8 67 1
19 D 30 67 1
19 L 2 222 1
19 D 274 222 1
13 L 6 53 1
13 D 274 53 1
20 L 6 51 1
20 D 950 51 1
23 L 4 226 1
23 D 950 226 1
28 L 9 35 1
28 L 9 300 1
28 L 9 348 1
28 D 551 35 1
28 D 551 300 1
28 D 551 348 1
27 L 7 119 1
27 D 555 119 1
27 L 8 41 1
27 D 555 41 1
13 L 3 201 1
13 L 3 50 1
13 L 3 181 1
13 D 212 201 1
13 D 212 50 1
13 D 212 181 1
29 L 0 46 1
29 L 0 45 1
29 D 315 46 1
29 D 315 45 1
27 L 2 254 1
27 D 315 254 1
22 L 4 299 1
22 L 4 114 1
22 L 4 245 1
22 L 4 253 1
22 D 1230 299 1
22 D 1230 114 1
22 D 1230 245 1
22 D 1230 253 1
28 L 9 386 1
28 D 1230 386 1
19 L 3 119 1
19 D 81 119 1
8 L 0 296 1
8 D 81 296 1
4 L 1 28 1
4 D 81 28 1
10 L 0 129 1
10 L 0 172 1
10 L 0 398 1
10 D 1176 129 1
10 D 1176 172 1
10 D 1176 398 1
4 L 3 167 1
4 D 1121 167 1
20 L 1 211 1
20 D 1121 211 1
23 L 6 290 1
23 L 6 335 1
23 D 459 290 1
23 D 459 335 1
8 L 8 125 1
8 D 459 125 1
11 L 0 168 1
11 L 0 322 1
11 D 768 168 1
11 D 768 322 1
19 L 3 228 1
19 D 887 228 1
15 L 5 376 1
15 D 887 376 1
22 L 4 216 1
22 D 461 216 1
15 L 6 391 1
15 D 461 391 1
4 L 2 384 1
4 D 461 384 1
19 L 6 288 1
19 L 6 122 1
19 D 951 288 1
19 D 951 122 1
9 L 0 272 1
9 D 951 272 1
28 L 4 96 1
28 L 4 227 1
28 L 4 278 1
28 D 802 96 1
28 D 802 227 1
28 D 802 278 1
25 L 0 168 1
25 D 802 168 1
25 L 4 218 1
25 D 44 218 1
10 L 0 179 1
10 D 44 179 1
3 L 1 370 1
3 D 44 370 1
3 L 4 189 1
3 D 558 189 1
3 L 9 310 1
3 D 558 310 1
5 L 5 113 1
5 D 558 113 1
10 L 4 81 1
10 L 4 129 1
10 D 1046 81 1
10 D 1046 129 1
13 L 3 387 1
13 D 1046 387 1
9 L 6 43 1
9 D 50 43 1
25 L 4 223 1
25 D 302 223 1
20 L 3 121 1
20 D 302 121 1
9 L 6 8 1
9 D 35 8 1
3 L 9 369 1
3 D 35 369 1
24 L 3 121 1
24 D 35 121 1
10 L 4 288 1
10 L 4 255 1
10 D 529 288 1
10 D 529 255 1
27 L 0 247 1
27 D 529 247 1
29 L 5 183 1
29 D 900 183 1
2 L 8 130 1
2 D 900 130 1
20 L 3 201 1
20 L 3 228 1
20 D 804 201 1
20 D 804 228 1
20 L 3 64 1
20 D 1222 64 1
20 L 7 392 1
20 D 1222 392 1
13 L 4 394 1
13 L 4 123 1
13 D 956 394 1
13 D 956 123 1
20 L 3 153 1
20 D 956 153 1
13 L 3 224 1
13 D 392 224 1
13 L 0 182 1
13 D 392 182 1
5 L 9 114 1
5 L 9 126 1
5 D 24 114 1
5 D 24 126 1
13 L 8 161 1
13 D 24 161 1
17 L 0 157 1
17 D 352 157 1
3 L 6 142 1
3 D 352 142 1
3 L 8 161 1
3 D 820 161 1
5 L 1 198 1
5 D 820 198 1
3 L 5 26 1
3 D 903 26 1
3 L 2 222 1
3 D 903 222 1
3 L 3 350 1
3 L 3 126 1
3 D 1100 350 1
3 D 1100 126 1
3 L 7 236 1
3 D 1100 236 1
16 L 0 144 1
16 D 31 144 1
20 L 4 139 1
20 L 4 86 1
20 D 31 139 1
20 D 31 86 1
17 L 3 118 1
17 D 287 118 1
16 L 0 272 1
16 D 287 272 1
9 L 6 214 1
9 D 1147 214 1
20 L 0 31 1
20 D 1147 31 1
16 L 3 245 1
16 L 3 191 1
16 D 1133 245 1
16 D 1133 191 1
16 L 7 145 1
16 D 1133 145 1
28 L 4 306 1
28 D 1133 306 1
2 L 4 35 1
2 L 4 117 1
2 L 4 278 1
2 D 944 35 1
2 D 944 117 1
2 D 944 278 1
24 L 6 89 1
24 D 944 89 1
16 L 3 241 1
16 L 3 111 1
16 D 707 241 1
16 D 707 111 1
16 L 8 125 1
16 D 707 125 1
17 L 0 15 1
17 D 193 15 1
28 L 3 121 1
28 D 193 121 1
17 L 2 38 1
17 D 237 38 1
13 L 9 58 1
13 D 237 58 1
5 L 3 96 1
5 L 3 322 1
5 D 696 96 1
5 D 696 322 1
4 L 1 171 1
4 D 696 171 1
4 L 3 380 1
4 L 3 230 1
4 D 1007 380 1
4 D 1007 230 1
2 L 9 369 1
2 D 1007 369 1
24 L 4 10 1
24 L 4 149 1
24 L 4 287 1
24 D 1199 10 1
24 D 1199 149 1
24 D 1199 287 1
5 L 3 266 1
5 L 3 109 1
5 D 1206 266 1
5 D 1206 109 1
28 L 5 113 1
28 D 1206 113 1
9 L 6 326 1
9 D 1213 326 1
9 L 1 28 1
9 D 1213 28 1
2 L 7 145 1
2 D 1213 145 1
4 L 3 285 1
4 D 992 285 1
13 L 8 355 1
13 D 992 355 1
4 L 3 264 1
4 L 3 13 1
4 D 794 264 1
4 D 794 13 1
29 L 9 12 1
29 D 794 12 1
16 L 7 156 1
16 L 7 293 1
16 D 90 156 1
16 D 90 293 1
17 L 8 41 1
17 D 90 41 1
20 L 6 175 1
20 D 245 175 1
24 L 9 386 1
24 D 245 386 1
2 L 6 107 1
2 D 1082 107 1
16 L 7 105 1
16 D 1082 105 1
13 L 3 106 1
13 D 580 106 1
17 L 5 286 1
17 D 580 286 1
21 L 0 276 1
21 D 580 276 1
25 L 5 396 1
25 D 912 396 1
3 L 2 56 1
3 D 912 56 1
3 L 5 350 1
3 D 1119 350 1
3 L 2 166 1
3 D 1119 166 1
5 L 4 210 1
5 L 4 243 1
5 L 4 52 1
5 L 4 149 1
5 D 156 210 1
5 D 156 243 1
5 D 156 52 1
5 D 156 149 1
3 L 7 17 1
3 L 7 194 1
3 D 369 17 1
3 D 369 194 1
25 L 0 16 1
25 L 0 26 1
25 D 8 16 1
25 D 8 26 1
3 L 8 41 1
3 D 8 41 1
2 L 9 65 1
2 L 9 188 1
2 D 1087 65 1
2 D 1087 188 1
3 L 5 376 1
3 D 1087 376 1
13 L 3 192 1
13 L 3 153 1
13 L 3 136 1
13 D 1195 192 1
13 D 1195 153 1
13 D 1195 136 1
16 L 1 83 1
16 L 1 175 1
16 D 908 83 1
16 D 908 175 1
17 L 9 299 1
17 D 559 299 1
28 L 4 156 1
28 D 559 156 1
13 L 3 380 1
13 D 559 380 1
9 L 6 79 1
9 D 559 79 1
25 L 5 122 1
25 L 5 204 1
25 L 5 278 1
25 D 870 122 1
25 D 870 204 1
25 D 870 278 1
25 L 0 168 1
25 D 870 168 1
25 L 3 110 1
25 D 465 110 1
25 L 7 359 1
25 D 465 359 1
25 L 7 220 1
25 L 7 270 1
25 D 929 220 1
25 D 929 270 1
11 L 0 149 1
11 D 1011 149 1
11 L 5 232 1
11 L 5 376 1
11 D 1011 232 1
11 D 1011 376 1
25 L 8 5 1
25 D 1011 5 1
11 L 3 288 1
11 D 916 288 1
25 L 5 196 1
25 D 916 196 1
9 L 9 116 1
9 D 916 116 1
6 L 0 208 1
6 L 0 216 1
6 L 0 120 1
6 D 527 208 1
6 D 527 216 1
6 D 527 120 1
9 L 5 117 1
9 D 527 117 1
2 L 4 162 1
2 D 527 162 1
11 L 3 214 1
11 D 203 214 1
25 L 7 332 1
25 D 203 332 1
11 L 2 85 1
11 D 892 85 1
19 L 6 365 1
19 D 892 365 1
12 L 6 129 1
12 L 6 398 1
12 D 953 129 1
12 D 953 398 1
11 L 0 140 1
11 D 953 140 1
25 L 3 361 1
25 L 3 299 1
25 L 3 119 1
25 D 925 361 1
25 D 925 299 1
25 D 925 119 1
25 L 7 2 1
25 D 387 2 1
19 L 0 182 1
19 D 387 182 1
13 L 9 58 1
13 D 387 58 1
2 L 0 219 1
2 D 390 219 1
11 L 6 362 1
11 D 390 362 1
13 L 3 154 1
13 L 3 2 1
13 D 1191 154 1
13 D 1191 2 1
3 L 4 164 1
3 D 524 164 1
16 L 1 338 1
16 D 524 338 1
12 L 6 195 1
12 D 1208 195 1
19 L 8 41 1
19 D 1208 41 1
2 L 0 396 1
2 D 678 396 1
13 L 3 27 1
13 D 678 27 1
14 L 6 263 1
14 D 1098 263 1
17 L 9 303 1
17 D 1098 303 1
5 L 4 86 1
5 D 379 86 1
14 L 6 107 1
14 D 379 107 1
17 L 6 259 1
17 L 6 138 1
17 L 6 343 1
17 D 689 259 1
17 D 689 138 1
17 D 689 343 1
20 L 1 370 1
20 D 689 370 1
2 L 5 196 1
2 L 5 200 1
2 L 5 172 1
2 L 5 344 1
2 L 5 62 1
2 D 936 196 1
2 D 936 200 1
2 D 936 172 1
2 D 936 344 1
2 D 936 62 1
2 L 3 36 1
2 D 26 36 1
21 L 4 21 1
21 D 26 21 1
25 L 7 105 1
25 D 26 105 1
13 L 3 153 1
13 L 3 138 1
13 D 496 153 1
13 D 496 138 1
11 L 2 334 1
11 D 496 334 1
24 L 1 349 1
24 D 496 349 1
2 L 3 210 1
2 L 3 83 1
2 L 3 154 1
2 D 635 210 1
2 D 635 83 1
2 D 635 154 1
15 L 4 76 1
15 D 1182 76 1
2 L 7 320 1
2 D 1182 320 1
21 L 3 380 1
21 D 564 380 1
5 L 9 369 1
5 D 564 369 1
14 L 1 349 1
14 D 564 349 1
5 L 3 138 1
5 L 3 253 1
5 D 445 138 1
5 D 445 253 1
5 L 5 266 1
5 D 445 266 1
14 L 2 358 1
14 L 2 158 1
14 D 445 358 1
14 D 445 158 1
22 L 4 300 1
22 L 4 192 1
22 D 118 300 1
22 D 118 192 1
6 L 0 296 1
6 D 118 296 1
17 L 6 51 1
17 D 118 51 1
21 L 3 398 1
21 D 730 398 1
25 L 7 145 1
25 D 730 145 1
21 L 8 257 1
21 L 8 125 1
21 D 730 257 1
21 D 730 125 1
5 L 5 266 1
5 D 171 266 1
20 L 6 107 1
20 D 171 107 1
9 L 0 243 1
9 L 0 199 1
9 D 619 243 1
9 D 619 199 1
21 L 8 312 1
21 D 619 312 1
14 L 3 233 1
14 D 888 233 1
2 L 5 376 1
2 D 888 376 1
28 L 9 14 1
28 D 888 14 1
3 L 0 278 1
3 D 954 278 1
26 L 6 362 1
26 D 954 362 1
7 L 1 39 1
7 D 954 39 1
3 L 0 104 1
3 L 0 219 1
3 D 455 104 1
3 D 455 219 1
15 L 5 196 1
15 D 455 196 1
6 L 9 58 1
6 D 455 58 1
5 L 4 129 1
5 L 4 246 1
5 L 4 327 1
5 D 309 129 1
5 D 309 246 1
5 D 309 327 1
2 L 2 158 1
2 D 748 158 1
14 L 3 346 1
14 D 748 346 1
8 L 6 399 1
8 D 748 399 1
23 L 6 382 1
23 L 6 60 1
23 D 1216 382 1
23 D 1216 60 1
20 L 4 162 1
20 D 1216 162 1
7 L 0 276 1
7 D 1216 276 1
5 L 1 187 1
5 L 1 61 1
5 D 570 187 1
5 D 570 61 1
2 L 7 97 1
2 D 570 97 1
7 L 6 48 1
7 L 6 278 1
7 D 666 48 1
7 D 666 278 1
8 L 7 68 1
8 D 666 68 1
17 L 4 360 1
17 L 4 114 1
17 L 4 398 1
17 D 993 360 1
17 D 993 114 1
17 D 993 398 1
20 L 6 90 1
20 D 993 90 1
23 L 6 371 1
23 L 6 348 1
23 D 378 371 1
23 D 378 348 1
7 L 9 337 1
7 D 378 337 1
14 L 7 126 1
14 D 999 126 1
28 L 3 346 1
28 D 999 346 1
14 L 8 161 1
14 D 999 161 1
17 L 4 360 1
17 L 4 35 1
17 L 4 227 1
17 L 4 270 1
17 D 356 360 1
17 D 356 35 1
17 D 356 227 1
17 D 356 270 1
26 L 0 62 1
26 D 1248 62 1
14 L 5 244 1
14 L 5 344 1
14 D 1248 244 1
14 D 1248 344 1
20 L 4 185 1
20 D 1248 185 1
17 L 9 265 1
17 D 1248 265 1
28 L 5 348 1
28 D 521 348 1
2 L 1 356 1
2 D 521 356 1
2 L 3 111 1
2 D 400 111 1
28 L 5 71 1
28 D 400 71 1
5 L 1 333 1
5 D 400 333 1
22 L 4 122 1
22 D 511 122 1
7 L 6 107 1
7 D 511 107 1
25 L 8 5 1
25 D 511 5 1
23 L 6 136 1
23 L 6 47 1
23 L 6 115 1
23 L 6 216 1
23 L 6 126 1
23 D 220 136 1
23 D 220 47 1
23 D 220 115 1
23 D 220 216 1
23 D 220 126 1
8 L 9 304 1
8 D 220 304 1
7 L 4 262 1
7 D 1186 262 1
14 L 5 263 1
14 D 1186 263 1
8 L 1 325 1
8 D 327 325 1
17 L 5 244 1
17 D 327 244 1
20 L 7 93 1
20 D 327 93 1
7 L 4 352 1
7 L 4 45 1
7 D 1081 352 1
7 D 1081 45 1
22 L 3 282 1
22 D 1081 282 1
26 L 5 71 1
26 D 1081 71 1
25 L 3 301 1
25 D 519 301 1
14 L 4 230 1
14 D 519 230 1
8 L 1 356 1
8 D 519 356 1
8 L 3 228 1
8 L 3 45 1
8 D 756 228 1
8 D 756 45 1
3 L 0 269 1
3 D 756 269 1
7 L 9 201 1
7 L 9 96 1
7 D 868 201 1
7 D 868 96 1
6 L 5 1 1
6 D 868 1 1
15 L 0 73 1
15 D 868 73 1
22 L 4 115 1
22 L 4 283 1
22 L 4 167 1
22 D 1009 115 1
22 D 1009 283 1
22 D 1009 167 1
26 L 9 25 1
26 D 1009 25 1
14 L 3 197 1
14 D 1067 197 1
14 L 5 376 1
14 D 1067 376 1
14 L 8 125 1
14 D 1067 125 1
6 L 9 160 1
6 D 1067 160 1
23 L 6 328 1
23 L 6 90 1
23 L 6 327 1
23 D 938 328 1
23 D 938 90 1
23 D 938 327 1
22 L 4 239 1
22 D 1063 239 1
6 L 3 233 1
6 D 1063 233 1
14 L 8 312 1
14 D 1063 312 1
2 L 7 259 1
2 L 7 237 1
2 D 1203 259 1
2 D 1203 237 1
2 L 2 388 1
2 D 1203 388 1
25 L 3 225 1
25 L 3 290 1
25 D 349 225 1
25 D 349 290 1
25 L 3 76 1
25 D 349 76 1
6 L 4 32 1
6 D 838 32 1
2 L 8 130 1
2 D 838 130 1
25 L 0 35 1
25 D 448 35 1
25 L 5 244 1
25 D 448 244 1
5 L 3 94 1
5 L 3 159 1
5 D 448 94 1
5 D 448 159 1
5 L 2 254 1
5 D 448 254 1
28 L 8 67 1
28 D 448 67 1
5 L 0 57 1
5 D 140 57 1
23 L 6 231 1
23 D 140 231 1
17 L 1 198 1
17 D 140 198 1
2 L 7 46 1
2 D 86 46 1
14 L 4 86 1
14 D 86 86 1
20 L 6 142 1
20 D 86 142 1
22 L 4 317 1
22 L 4 270 1
22 D 1071 317 1
22 D 1071 270 1
0 L 6 51 1
0 D 1071 51 1
25 L 5 278 1
25 L 5 375 1
25 D 241 278 1
25 D 241 375 1
25 L 3 121 1
25 D 241 121 1
0 L 1 261 1
0 D 241 261 1
22 L 4 35 1
22 L 4 132 1
22 D 209 35 1
22 D 209 132 1
0 L 3 27 1
0 D 209 27 1
0 L 4 227 1
0 D 822 227 1
0 L 9 160 1
0 D 822 160 1
1 L 6 238 1
1 D 822 238 1
25 L 3 126 1
25 L 3 221 1
25 D 979 126 1
25 D 979 221 1
25 L 3 326 1
25 D 979 326 1
25 L 3 154 1
25 D 1194 154 1
2 L 2 7 1
2 D 1194 7 1
0 L 1 316 1
0 D 1194 316 1
0 L 3 287 1
0 D 41 287 1
0 L 5 236 1
0 D 41 236 1
14 L 2 56 1
14 D 41 56 1
1 L 1 389 1
1 D 41 389 1
0 L 3 26 1
0 L 3 214 1
0 L 3 106 1
0 D 323 26 1
0 D 323 214 1
0 D 323 106 1
20 L 2 384 1
20 D 323 384 1
22 L 1 24 1
22 L 1 149 1
22 L 1 206 1
22 D 354 24 1
22 D 354 149 1
22 D 354 206 1
1 L 5 183 1
1 D 354 183 1
0 L 3 186 1
0 L 3 26 1
0 L 3 120 1
0 D 667 186 1
0 D 667 26 1
0 D 667 120 1
1 L 1 28 1
1 D 667 28 1
20 L 3 64 1
20 L 3 283 1
20 L 3 278 1
20 D 1024 64 1
20 D 1024 283 1
20 D 1024 278 1
14 L 5 376 1
14 D 1024 376 1
7 L 9 45 1
7 L 9 383 1
7 D 796 45 1
7 D 796 383 1
14 L 8 315 1
14 D 796 315 1
20 L 3 397 1
20 L 3 112 1
20 L 3 372 1
20 L 3 27 1
20 D 636 397 1
20 D 636 112 1
20 D 636 372 1
20 D 636 27 1
5 L 0 168 1
5 D 636 168 1
12 L 6 195 1
12 D 161 195 1
7 L 9 235 1
7 D 161 235 1
17 L 0 92 1
17 D 161 92 1
14 L 9 52 1
14 L 9 348 1
14 L 9 95 1
14 D 357 52 1
14 D 357 348 1
14 D 357 95 1
23 L 0 247 1
23 D 357 247 1
5 L 3 328 1
5 L 3 127 1
5 L 3 63 1
5 D 930 328 1
5 D 930 127 1
5 D 930 63 1
20 L 5 21 1
20 D 930 21 1
5 L 3 221 1
5 L 3 126 1
5 L 3 199 1
5 D 1225 221 1
5 D 1225 126 1
5 D 1225 199 1
14 L 9 251 1
14 D 1225 251 1
20 L 3 164 1
20 D 49 164 1
28 L 0 73 1
28 D 49 73 1
23 L 9 303 1
23 D 49 303 1
7 L 6 40 1
7 L 6 287 1
7 D 206 40 1
7 D 206 287 1
26 L 4 155 1
26 D 206 155 1
20 L 3 96 1
20 L 3 299 1
20 L 3 50 1
20 L 3 245 1
20 D 639 96 1
20 D 639 299 1
20 D 639 50 1
20 D 639 245 1
6 L 4 273 1
6 D 639 273 1
16 L 0 206 1
16 L 0 342 1
16 L 0 189 1
16 D 856 206 1
16 D 856 342 1
16 D 856 189 1
12 L 6 142 1
12 D 856 142 1
22 L 1 211 1
22 D 856 211 1
23 L 3 132 1
23 L 3 149 1
23 L 3 189 1
23 D 1175 132 1
23 D 1175 149 1
23 D 1175 189 1
17 L 1 54 1
17 D 1175 54 1
12 L 0 385 1
12 L 0 83 1
12 L 0 243 1
12 D 9 385 1
12 D 9 83 1
12 D 9 243 1
12 L 5 184 1
12 D 9 184 1
17 L 7 289 1
17 D 9 289 1
12 L 0 104 1
12 L 0 70 1
12 L 0 375 1
12 D 32 104 1
12 D 32 70 1
12 D 32 375 1
23 L 8 41 1
23 D 32 41 1
28 L 3 361 1
28 D 554 361 1
15 L 9 303 1
15 D 554 303 1
17 L 2 319 1
17 D 554 319 1
15 L 9 32 1
15 L 9 191 1
15 D 261 32 1
15 D 261 191 1
12 L 0 276 1
12 L 0 92 1
12 D 261 276 1
12 D 261 92 1
2 L 3 398 1
2 D 610 398 1
2 L 5 230 1
2 D 610 230 1
2 L 8 67 1
2 D 610 67 1
7 L 6 362 1
7 D 610 362 1
12 L 9 359 1
12 L 9 76 1
12 D 743 359 1
12 D 743 76 1
2 L 5 364 1
2 L 5 286 1
2 D 743 364 1
2 D 743 286 1
7 L 7 68 1
7 D 743 68 1
5 L 4 350 1
5 D 761 350 1
25 L 3 391 1
25 D 761 391 1
23 L 0 31 1
23 D 761 31 1
15 L 9 77 1
15 D 505 77 1
14 L 5 232 1
14 D 505 232 1
11 L 8 315 1
11 D 505 315 1
6 L 7 188 1
6 D 359 188 1
6 L 2 7 1
6 D 359 7 1
16 L 0 182 1
16 D 359 182 1
6 L 8 22 1
6 D 359 22 1
26 L 6 32 1
26 D 1093 32 1
5 L 4 352 1
5 L 4 241 1
5 D 1093 352 1
5 D 1093 241 1
20 L 3 153 1
20 D 1093 153 1
5 L 6 191 1
5 L 6 15 1
5 D 872 191 1
5 D 872 15 1
22 L 0 247 1
22 D 872 247 1
6 L 7 105 1
6 D 872 105 1
16 L 0 32 1
16 L 0 215 1
16 D 926 32 1
16 D 926 215 1
0 L 3 233 1
0 D 926 233 1
20 L 6 399 1
20 D 926 399 1
0 L 0 83 1
0 L 0 181 1
0 L 0 253 1
0 D 346 83 1
0 D 346 181 1
0 D 346 253 1
1 L 7 97 1
1 D 346 97 1
11 L 9 386 1
11 D 346 386 1
26 L 6 297 1
26 L 6 242 1
26 D 115 297 1
26 D 115 242 1
14 L 1 370 1
14 D 115 370 1
13 L 3 208 1
13 L 3 239 1
13 D 1151 208 1
13 D 1151 239 1
13 L 5 286 1
13 D 1151 286 1
13 L 3 149 1
13 D 143 149 1
16 L 0 73 1
16 L 0 182 1
16 D 143 73 1
16 D 143 182 1
20 L 0 157 1
20 D 143 157 1
13 L 3 290 1
13 L 3 328 1
13 L 3 181 1
13 D 520 290 1
13 D 520 328 1
13 D 520 181 1
16 L 5 339 1
16 D 520 339 1
23 L 4 86 1
23 D 520 86 1
13 L 7 149 1
13 D 358 149 1
16 L 2 49 1
16 D 358 49 1
15 L 1 261 1
15 D 358 261 1
2 L 9 235 1
2 L 9 241 1
2 L 9 347 1
2 L 9 62 1
2 D 677 235 1
2 D 677 241 1
2 D 677 347 1
2 D 677 62 1
2 L 1 211 1
2 D 677 211 1
20 L 5 196 1
20 L 5 201 1
20 L 5 300 1
20 L 5 244 1
20 D 1034 196 1
20 D 1034 201 1
20 D 1034 300 1
20 D 1034 244 1
23 L 5 52 1
23 D 1034 52 1
20 L 5 184 1
20 L 5 75 1
20 D 223 184 1
20 D 223 75 1
13 L 7 289 1
13 D 223 289 1
7 L 9 265 1
7 D 223 265 1
7 L 3 80 1
7 L 3 169 1
7 L 3 228 1
7 D 242 80 1
7 D 242 169 1
7 D 242 228 1
13 L 0 73 1
13 D 242 73 1
5 L 6 186 1
5 D 1091 186 1
2 L 1 54 1
2 D 1091 54 1
20 L 5 339 1
20 D 1091 339 1
15 L 7 289 1
15 D 1091 289 1
23 L 3 129 1
23 L 3 88 1
23 D 273 129 1
23 D 273 88 1
25 L 4 162 1
25 D 273 162 1
16 L 2 7 1
16 D 273 7 1
2 L 1 370 1
2 D 273 370 1
0 L 0 186 1
0 L 0 199 1
0 D 21 186 1
0 D 21 199 1
2 L 2 84 1
2 D 21 84 1
5 L 1 211 1
5 D 21 211 1
16 L 4 394 1
16 L 4 78 1
16 D 586 394 1
16 D 586 78 1
1 L 0 296 1
1 L 0 272 1
1 D 586 296 1
1 D 586 272 1
23 L 7 392 1
23 D 586 392 1
1 L 4 350 1
1 D 616 350 1
15 L 1 370 1
15 D 616 370 1
24 L 8 267 1
24 D 616 267 1
25 L 2 109 1
25 L 2 127 1
25 D 788 109 1
25 D 788 127 1
20 L 1 54 1
20 D 788 54 1
3 L 3 65 1
3 L 3 76 1
3 L 3 278 1
3 D 324 65 1
3 D 324 76 1
3 D 324 278 1
20 L 8 66 1
20 D 324 66 1
11 L 0 104 1
11 L 0 348 1
11 L 0 119 1
11 D 384 104 1
11 D 384 348 1
11 D 384 119 1
3 L 3 233 1
3 D 384 233 1
20 L 3 346 1
20 D 1028 346 1
6 L 6 174 1
6 D 1028 174 1
1 L 9 369 1
1 D 1028 369 1
14 L 1 28 1
14 D 1028 28 1
25 L 8 115 1
25 L 8 287 1
25 D 534 115 1
25 D 534 287 1
25 L 7 220 1
25 D 534 220 1
1 L 2 74 1
1 D 534 74 1
3 L 0 249 1
3 D 534 249 1
16 L 4 10 1
16 D 154 10 1
16 L 3 18 1
16 L 3 372 1
16 D 154 18 1
16 D 154 372 1
16 L 3 159 1
16 D 479 159 1
15 L 9 12 1
15 D 479 12 1
1 L 8 355 1
1 D 479 355 1
1 L 5 186 1
1 L 5 149 1
1 D 85 186 1
1 D 85 149 1
3 L 8 130 1
3 D 85 130 1
24 L 9 128 1
24 D 85 128 1
1 L 3 300 1
1 L 3 123 1
1 L 3 60 1
1 D 411 300 1
1 D 411 123 1
1 D 411 60 1
3 L 5 364 1
3 D 411 364 1
25 L 8 41 1
25 D 411 41 1
24 L 0 168 1
24 L 0 50 1
24 D 1065 168 1
24 D 1065 50 1
1 L 3 372 1
1 L 3 153 1
1 D 1065 372 1
1 D 1065 153 1
12 L 9 160 1
12 D 1065 160 1
3 L 3 10 1
3 L 3 390 1
3 D 1115 10 1
3 D 1115 390 1
23 L 9 58 1
23 D 1115 58 1
25 L 3 96 1
25 L 3 301 1
25 D 530 96 1
25 D 530 301 1
25 L 4 273 1
25 D 530 273 1
26 L 1 171 1
26 D 530 171 1
3 L 3 275 1
3 L 3 83 1
3 L 3 63 1
3 D 603 275 1
3 D 603 83 1
3 D 603 63 1
3 L 7 68 1
3 D 603 68 1
17 L 9 353 1
17 D 603 353 1
3 L 7 68 1
3 L 7 330 1
3 L 7 241 1
3 L 7 63 1
3 D 1058 68 1
3 D 1058 330 1
3 D 1058 241 1
3 D 1058 63 1
3 L 3 372 1
3 D 1058 372 1
3 L 5 376 1
3 D 1058 376 1
22 L 6 34 1
22 L 6 335 1
22 D 51 34 1
22 D 51 335 1
3 L 2 388 1
3 D 51 388 1
25 L 5 203 1
25 L 5 76 1
25 L 5 45 1
25 L 5 212 1
25 L 5 215 1
25 D 1064 203 1
25 D 1064 76 1
25 D 1064 45 1
25 D 1064 212 1
25 D 1064 215 1
25 L 0 247 1
25 D 1064 247 1
25 L 7 145 1
25 D 1064 145 1
26 L 4 117 1
26 L 4 62 1
26 D 145 117 1
26 D 145 62 1
25 L 3 121 1
25 D 145 121 1
6 L 2 384 1
6 D 145 384 1
3 L 6 195 1
3 D 145 195 1
1 L 0 157 1
1 D 790 157 1
22 L 6 274 1
22 D 790 274 1
28 L 9 116 1
28 D 790 116 1
3 L 4 2 1
3 L 4 236 1
3 D 1077 2 1
3 D 1077 236 1
17 L 7 19 1
17 D 1077 19 1
3 L 4 371 1
3 L 4 397 1
3 D 634 371 1
3 D 634 397 1
15 L 7 220 2
15 D 634 220 2
17 L 4 322 1
17 L 4 76 1
17 L 4 278 1
17 D 1201 322 1
17 D 1201 76 1
17 D 1201 278 1
19 L 6 335 1
19 D 1201 335 1
10 L 6 154 1
10 L 6 375 1
10 D 1174 154 1
10 D 1174 375 1
17 L 9 58 1
17 D 1174 58 1
10 L 1 54 1
10 D 1174 54 1
16 L 7 145 1
16 D 1174 145 1
23 L 7 246 1
23 L 7 167 1
23 D 968 246 1
23 D 968 167 1
10 L 6 90 1
10 D 968 90 1
6 L 3 104 1
6 L 3 80 1
6 L 3 81 1
6 L 3 149 1
6 L 3 375 1
6 D 808 104 1
6 D 808 80 1
6 D 808 81 1
6 D 808 149 1
6 D 808 375 1
6 L 5 71 1
6 L 5 137 1
6 D 808 71 1
6 D 808 137 1
19 L 4 293 1
19 L 4 283 1
19 D 921 293 1
19 D 921 283 1
6 L 5 364 1
6 D 921 364 1
12 L 0 373 1
12 D 921 373 1
3 L 9 251 1
3 D 921 251 1
25 L 5 8 1
25 L 5 15 1
25 L 5 88 1
25 D 83 8 1
25 D 83 15 1
25 D 83 88 1
25 L 5 95 1
25 D 83 95 1
25 L 0 33 1
25 D 83 33 1
16 L 1 163 1
16 L 1 199 1
16 D 1050 163 1
16 D 1050 199 1
3 L 4 306 1
3 D 1050 306 1
25 L 5 71 1
25 L 5 364 1
25 D 1050 71 1
25 D 1050 364 1
26 L 3 380 1
26 L 3 199 1
26 D 473 380 1
26 D 473 199 1
3 L 1 147 1
3 D 473 147 1
3 L 3 173 1
3 L 3 287 1
3 D 1059 173 1
3 D 1059 287 1
10 L 2 309 1
10 D 1059 309 1
6 L 4 155 1
6 L 4 252 1
6 L 4 278 1
6 D 321 155 1
6 D 321 252 1
6 D 321 278 1
26 L 3 224 1
26 D 321 224 1
17 L 6 167 1
17 L 6 301 1
17 D 328 167 1
17 D 328 301 1
17 L 6 375 1
17 D 328 375 1
3 L 5 71 1
3 D 328 71 1
12 L 4 178 1
12 L 4 149 1
12 D 601 178 1
12 D 601 149 1
23 L 2 302 1
23 D 601 302 1
8 L 8 22 1
8 D 601 22 1
10 L 3 396 1
10 L 3 375 1
10 D 571 396 1
10 D 571 375 1
3 L 6 231 1
3 L 6 142 1
3 D 571 231 1
3 D 571 142 1
3 L 3 136 1
3 L 3 253 1
3 D 716 136 1
3 D 716 253 1
24 L 0 373 1
24 L 0 294 1
24 D 716 373 1
24 D 716 294 1
3 L 5 330 1
3 L 5 357 1
3 L 5 278 1
3 D 731 330 1
3 D 731 357 1
3 D 731 278 1
10 L 3 224 1
10 D 731 224 1
17 L 6 268 1
17 L 6 16 1
17 L 6 26 1
17 D 374 268 1
17 D 374 16 1
17 D 374 26 1
3 L 0 72 1
3 D 374 72 1
24 L 7 108 1
24 D 374 108 1
10 L 2 136 1
10 L 2 371 1
10 D 120 136 1
10 D 120 371 1
15 L 3 380 1
15 D 120 380 1
19 L 4 78 1
19 D 120 78 1
10 L 3 372 1
10 D 1031 372 1
6 L 4 78 1
6 D 1031 78 1
3 L 6 399 1
3 D 1031 399 1
15 L 8 66 1
15 D 1031 66 1
16 L 1 54 1
16 D 518 54 1
26 L 4 185 1
26 D 518 185 1
19 L 3 159 1
19 D 518 159 1
3 L 0 73 1
3 D 518 73 1
14 L 7 105 1
14 D 518 105 1
8 L 4 129 1
8 L 4 299 1
8 L 4 204 1
8 D 798 129 1
8 D 798 299 1
8 D 798 204 1
8 L 4 270 1
8 D 798 270 1
6 L 0 168 1
6 D 798 168 1
6 L 3 283 1
6 L 3 260 1
6 D 1161 283 1
6 D 1161 260 1
6 L 7 289 1
6 D 1161 289 1
17 L 6 53 1
17 D 1161 53 1
6 L 3 114 1
6 L 3 50 1
6 L 3 85 1
6 L 3 153 1
6 D 1215 114 1
6 D 1215 50 1
6 D 1215 85 1
6 D 1215 153 1
6 L 5 210 1
6 D 1215 210 1
6 L 2 16 1
6 L 2 221 1
6 D 312 16 1
6 D 312 221 1
17 L 5 113 1
17 D 312 113 1
10 L 0 31 1
10 D 312 31 1
15 L 0 325 1
15 L 0 263 1
15 D 485 325 1
15 D 485 263 1
8 L 4 78 1
8 D 485 78 1
24 L 6 335 1
24 D 485 335 1
27 L 6 219 1
27 L 6 383 1
27 D 513 219 1
27 D 513 383 1
6 L 7 105 1
6 D 513 105 1
10 L 8 66 1
10 D 513 66 1
8 L 0 168 1
8 L 0 92 1
8 D 1021 168 1
8 D 1021 92 1
8 L 5 183 1
8 D 1021 183 1
17 L 2 49 1
17 D 1021 49 1
6 L 6 371 1
6 L 6 215 1
6 L 6 248 1
6 D 567 371 1
6 D 567 215 1
6 D 567 248 1
12 L 4 77 1
12 D 567 77 1
8 L 7 392 1
8 L 7 145 1
8 D 567 392 1
8 D 567 145 1
20 L 2 334 1
20 D 567 334 1
23 L 4 124 1
23 L 4 59 1
23 D 235 124 1
23 D 235 59 1
17 L 7 134 1
17 D 235 134 1
15 L 2 84 1
15 D 235 84 1
10 L 9 369 1
10 D 391 369 1
3 L 1 54 1
3 D 391 54 1
6 L 6 399 1
6 D 391 399 1
24 L 0 182 1
24 L 0 247 1
24 D 391 182 1
24 D 391 247 1
1 L 7 146 1
1 L 7 375 1
1 L 7 63 1
1 D 881 146 1
1 D 881 375 1
1 D 881 63 1
1 L 2 291 1
1 D 881 291 1
3 L 9 386 1
3 D 881 386 1
1 L 3 96 1
1 L 3 106 1
1 L 3 15 1
1 D 972 96 1
1 D 972 106 1
1 D 972 15 1
1 L 3 208 1
1 L 3 159 1
1 D 972 208 1
1 D 972 159 1
15 L 4 299 1
15 L 4 398 1
15 L 4 215 1
15 D 6 299 1
15 D 6 398 1
15 D 6 215 1
3 L 0 179 1
3 D 6 179 1
1 L 7 392 1
1 D 6 392 1
22 L 2 55 1
22 D 6 55 1
28 L 3 328 1
28 D 131 328 1
28 L 2 49 1
28 D 131 49 1
28 L 2 222 1
28 D 131 222 1
28 L 3 26 1
28 D 428 26 1
28 L 7 266 1
28 L 7 332 1
28 D 428 266 1
28 D 428 332 1
28 L 5 183 1
28 D 428 183 1
8 L 6 53 1
8 D 428 53 1
12 L 6 323 1
12 D 371 323 1
20 L 6 85 1
20 D 371 85 1
8 L 3 233 1
8 D 371 233 1
11 L 0 296 1
11 L 0 57 1
11 D 84 296 1
11 D 84 57 1
11 L 0 157 1
11 D 84 157 1
28 L 7 68 1
28 D 84 68 1
11 L 0 168 1
11 L 0 52 1
11 L 0 143 1
11 D 1037 168 1
11 D 1037 52 1
11 D 1037 143 1
6 L 9 353 1
6 D 1037 353 1
28 L 5 164 1
28 L 5 390 1
28 D 453 164 1
28 D 453 390 1
28 L 5 149 1
28 D 453 149 1
28 L 0 168 1
28 D 453 168 1
1 L 4 162 1
1 D 453 162 1
3 L 4 394 1
3 D 87 394 1
10 L 9 160 1
10 D 87 160 1
1 L 3 135 1
1 D 87 135 1
28 L 5 138 1
28 L 5 221 1
28 L 5 286 1
28 D 283 138 1
28 D 283 221 1
28 D 283 286 1
24 L 9 353 1
24 D 283 353 1
24 L 5 395 1
24 D 306 395 1
14 L 1 211 1
14 D 306 211 1
28 L 2 384 1
28 D 306 384 1
7 L 8 257 1
7 D 306 257 1
15 L 4 397 1
15 L 4 278 1
15 L 4 314 1
15 L 4 350 1
15 D 60 397 1
15 D 60 278 1
15 D 60 314 1
15 D 60 350 1
6 L 2 334 1
6 D 60 334 1
22 L 3 218 1
22 L 3 83 1
22 D 795 218 1
22 D 795 83 1
22 L 7 19 1
22 D 795 19 1
8 L 6 90 1
8 D 795 90 1
6 L 4 17 1
6 L 4 396 1
6 D 150 17 1
6 D 150 396 1
15 L 4 111 1
15 D 150 111 1
7 L 9 241 1
7 D 150 241 1
8 L 5 297 1
8 L 5 281 1
8 D 313 297 1
8 D 313 281 1
22 L 3 18 1
22 D 313 18 1
12 L 6 399 1
12 D 313 399 1
14 L 9 164 1
14 L 9 360 1
14 L 9 299 1
14 D 434 164 1
14 D 434 360 1
14 D 434 299 1
8 L 3 153 1
8 D 434 153 1
16 L 1 28 1
16 D 434 28 1
12 L 0 168 1
12 D 434 168 1
22 L 2 384 1
22 D 434 384 1
8 L 9 216 1
8 L 9 189 1
8 D 256 216 1
8 D 256 189 1
19 L 1 338 1
19 D 256 338 1
13 L 8 66 1
13 D 256 66 1
17 L 5 221 1
17 D 1184 221 1
17 L 0 277 1
17 D 1184 277 1
12 L 9 369 1
12 L 9 235 1
12 D 1184 369 1
12 D 1184 235 1
1 L 4 239 1
1 L 4 343 1
1 D 239 239 1
1 D 239 343 1
1 L 4 151 1
1 D 239 151 1
20 L 6 391 1
20 L 6 305 1
20 D 739 391 1
20 D 739 305 1
27 L 6 17 1
27 D 739 17 1
14 L 9 303 1
14 D 739 303 1
12 L 3 243 1
12 L 3 104 1
12 D 894 243 1
12 D 894 104 1
12 L 8 161 1
12 D 894 161 1
16 L 9 337 1
16 D 894 337 1
1 L 4 200 1
1 L 4 375 1
1 D 1123 200 1
1 D 1123 375 1
12 L 7 332 1
12 D 1123 332 1
14 L 6 274 1
14 D 1123 274 1
17 L 5 40 1
17 L 5 15 1
17 D 1249 40 1
17 D 1249 15 1
17 L 0 385 1
17 D 1249 385 1
16 L 8 258 1
16 D 1249 258 1
16 L 7 237 1
16 D 238 237 1
17 L 2 309 1
17 D 238 309 1
16 L 3 372 1
16 D 238 372 1
11 L 0 373 1
11 D 238 373 1
1 L 4 229 1
1 L 4 278 1
1 D 1157 229 1
1 D 1157 278 1
11 L 3 380 1
11 D 1157 380 1
23 L 5 286 1
23 D 1157 286 1
0 L 0 35 2
0 L 0 371 1
0 D 345 35 2
0 D 345 371 1
0 L 0 150 1
0 D 345 150 1
16 L 7 392 1
16 D 345 392 1
0 L 5 288 1
0 L 5 237 1
0 D 1169 288 1
0 D 1169 237 1
20 L 6 399 1
20 D 1169 399 1
17 L 8 165 1
17 D 1169 165 1
0 L 5 111 1
0 D 1004 111 1
0 L 3 311 1
0 L 3 121 1
0 D 1004 311 1
0 D 1004 121 1
27 L 6 399 1
27 D 1004 399 1
22 L 9 251 1
22 D 1004 251 1
0 L 5 136 1
0 L 5 242 1
0 D 853 136 1
0 D 853 242 1
22 L 5 71 1
22 D 853 71 1
0 L 7 97 1
0 D 853 97 1
0 L 7 81 1
0 L 7 150 1
0 D 973 81 1
0 D 973 150 1
27 L 3 380 1
27 D 973 380 1
16 L 0 168 1
16 D 973 168 1
8 L 9 132 1
8 L 9 83 1
8 L 9 287 1
8 D 92 132 1
8 D 92 83 1
8 D 92 287 1
1 L 4 139 1
1 D 92 139 1
0 L 7 97 1
0 D 92 97 1
4 L 6 79 1
4 D 1090 79 1
13 L 9 369 1
13 L 9 29 1
13 D 1090 369 1
13 D 1090 29 1
22 L 3 80 1
22 L 3 372 1
22 D 1090 80 1
22 D 1090 372 1
16 L 8 161 1
16 D 1090 161 1
27 L 7 220 1
27 D 372 220 1
19 L 9 207 1
19 D 372 207 1
4 L 6 51 1
4 D 372 51 1
26 L 1 147 1
26 D 372 147 1
4 L 3 360 1
4 L 3 10 1
4 L 3 342 1
4 D 1018 360 1
4 D 1018 10 1
4 D 1018 342 1
19 L 3 282 1
19 D 1018 282 1
17 L 0 92 1
17 D 1018 92 1
4 L 2 132 1
4 L 2 199 1
4 D 317 132 1
4 D 317 199 1
17 L 7 145 1
17 D 317 145 1
26 L 3 153 1
26 D 317 153 1
13 L 6 335 1
13 D 317 335 1
27 L 3 35 1
27 L 3 268 1
27 L 3 178 1
27 D 353 35 1
27 D 353 268 1
27 D 353 178 1
19 L 3 94 1
19 D 353 94 1
11 L 4 11 1
11 D 353 11 1
25 L 1 32 1
25 L 1 227 1
25 D 685 32 1
25 D 685 227 1
25 L 1 350 1
25 D 685 350 1
20 L 5 184 1
20 D 685 184 1
4 L 2 56 1
4 D 685 56 1
11 L 3 242 1
11 D 1235 242 1
19 L 7 97 1
19 D 1235 97 1
16 L 6 362 1
16 D 1235 362 1
11 L 3 241 1
11 L 3 50 1
11 D 389 241 1
11 D 389 50 1
27 L 7 289 1
27 D 389 289 1
4 L 1 333 1
4 L 1 370 1
4 D 389 333 1
4 D 389 370 1
4 L 5 36 1
4 L 5 285 1
4 D 243 36 1
4 D 243 285 1
4 L 3 233 1
4 D 243 233 1
20 L 1 54 1
20 D 243 54 1
13 L 2 30 1
13 D 1177 30 1
17 L 8 41 1
17 D 1177 41 1
25 L 1 28 1
25 L 1 316 1
25 D 1177 28 1
25 D 1177 316 1
4 L 3 304 1
4 L 3 278 1
4 D 869 304 1
4 D 869 278 1
20 L 7 109 1
20 L 7 220 1
20 D 869 109 1
20 D 869 220 1
0 L 1 356 1
0 D 869 356 1
2 L 0 129 1
2 L 0 76 1
2 D 452 129 1
2 D 452 76 1
22 L 6 90 1
22 D 452 90 1
24 L 9 14 1
24 D 452 14 1
29 L 6 96 1
29 L 6 46 1
29 D 1096 96 1
29 D 1096 46 1
2 L 7 220 1
2 D 1096 220 1
28 L 9 337 1
28 D 1096 337 1
22 L 5 40 1
22 D 865 40 1
23 L 4 273 1
23 D 865 273 1
26 L 2 166 1
26 D 865 166 1
24 L 7 289 1
24 L 7 219 1
24 L 7 398 1
24 D 1128 289 1
24 D 1128 219 1
24 D 1128 398 1
24 L 7 326 1
24 D 1128 326 1
22 L 0 259 1
22 L 0 35 1
22 L 0 149 1
22 L 0 60 1
22 L 0 63 1
22 D 462 259 1
22 D 462 35 1
22 D 462 149 1
22 D 462 60 1
22 D 462 63 1
12 L 4 78 1
12 L 4 306 1
12 D 462 78 1
12 D 462 306 1
2 L 6 152 1
2 L 6 127 1
2 D 48 152 1
2 D 48 127 1
24 L 8 130 1
24 D 48 130 1
11 L 3 202 1
11 L 3 375 2
11 D 116 202 1
11 D 116 375 2
1 L 9 14 1
1 D 116 14 1
12 L 0 327 1
12 D 672 327 1
2 L 6 90 1
2 D 672 90 1
8 L 9 160 1
8 D 672 160 1
14 L 4 243 1
14 D 676 243 1
1 L 2 30 1
1 D 676 30 1
11 L 2 87 1
11 D 676 87 1
27 L 3 136 1
27 L 3 129 1
27 L 3 371 1
27 D 806 136 1
27 D 806 129 1
27 D 806 371 1
3 L 9 12 1
3 D 806 12 1
3 L 8 64 1
3 L 8 230 1
3 L 8 397 1
3 D 751 64 1
3 D 751 230 1
3 D 751 397 1
3 L 8 340 1
3 L 8 287 1
3 D 751 340 1
3 D 751 287 1
10 L 9 396 1
10 D 1042 396 1
10 L 1 198 1
10 D 1042 198 1
24 L 6 142 1
24 D 1042 142 1
27 L 7 392 1
27 D 1042 392 1
3 L 2 384 1
3 D 1042 384 1
1 L 4 17 1
1 L 4 181 1
1 L 4 218 1
1 D 1051 17 1
1 D 1051 181 1
1 D 1051 218 1
22 L 0 276 1
22 D 1051 276 1
16 L 7 93 1
16 D 1051 93 1
11 L 4 292 1
11 L 4 299 1
11 L 4 50 1
11 L 4 146 1
11 D 331 292 1
11 D 331 299 1
11 D 331 50 1
11 D 331 146 1
19 L 3 304 1
19 D 331 304 1
28 L 6 231 1
28 L 6 53 1
28 D 331 231 1
28 D 331 53 1
11 L 9 241 1
11 D 891 241 1
11 L 6 107 1
11 D 891 107 1
23 L 0 182 1
23 D 891 182 1
0 L 8 41 1
0 D 891 41 1
14 L 4 378 1
14 L 4 205 1
14 D 976 378 1
14 D 976 205 1
13 L 4 15 1
13 D 976 15 1
19 L 9 379 1
19 D 976 379 1
26 L 3 186 2
26 D 811 186 2
26 L 5 196 1
26 D 811 196 1
3 L 1 370 1
3 D 811 370 1
3 L 2 280 1
3 L 2 36 1
3 D 141 280 1
3 D 141 36 1
0 L 6 305 1
0 D 141 305 1
28 L 9 235 1
28 D 141 235 1
10 L 9 300 1
10 L 9 383 1
10 D 715 300 1
10 D 715 383 1
17 L 4 273 1
17 D 715 273 1
26 L 3 380 1
26 D 715 380 1
0 L 2 172 1
0 L 2 241 1
0 L 2 242 1
0 D 754 172 1
0 D 754 241 1
0 D 754 242 1
0 L 2 278 1
0 L 2 221 1
0 D 754 278 1
0 D 754 221 1
3 L 7 290 1
3 L 7 219 1
3 D 1000 290 1
3 D 1000 219 1
3 L 8 22 1
3 L 8 125 1
3 D 1000 22 1
3 D 1000 125 1
25 L 4 139 1
25 D 1000 139 1
10 L 9 353 1
10 D 1000 353 1
24 L 1 396 1
24 L 1 397 1
24 D 670 396 1
24 D 670 397 1
3 L 5 183 1
3 D 670 183 1
10 L 7 19 1
10 D 670 19 1
6 L 4 104 1
6 L 4 375 1
6 L 4 154 1
6 D 990 104 1
6 D 990 375 1
6 D 990 154 1
6 L 4 287 1
6 D 990 287 1
25 L 5 98 1
25 D 990 98 1
28 L 5 32 1
28 L 5 347 1
28 D 53 32 1
28 D 53 347 1
28 L 0 272 1
28 L 0 276 1
28 D 53 272 1
28 D 53 276 1
6 L 4 352 1
6 D 53 352 1
6 L 3 136 1
6 L 3 205 1
6 L 3 283 1
6 D 718 136 1
6 D 718 205 1
6 D 718 283 1
0 L 2 193 1
0 D 718 193 1
28 L 8 367 1
28 D 718 367 1
25 L 4 390 1
25 L 4 104 1
25 D 1178 390 1
25 D 1178 104 1
7 L 4 201 1
7 L 4 382 1
7 D 1178 201 1
7 D 1178 382 1
0 L 8 67 1
0 D 1178 67 1
6 L 7 154 1
6 D 276 154 1
28 L 3 346 1
28 D 276 346 1
0 L 6 362 1
0 D 276 362 1
17 L 9 100 1
17 L 9 397 1
17 D 964 100 1
17 D 964 397 1
7 L 6 107 1
7 D 964 107 1
15 L 4 186 1
15 L 4 239 1
15 D 516 186 1
15 D 516 239 1
26 L 9 192 1
26 L 9 106 1
26 D 516 192 1
26 D 516 106 1
0 L 2 129 1
0 L 2 194 1
0 L 2 227 1
0 D 573 129 1
0 D 573 194 1
0 D 573 227 1
0 L 2 270 1
0 D 573 270 1
6 L 3 100 1
6 L 3 81 1
6 L 3 283 1
6 D 960 100 1
6 D 960 81 1
6 D 960 283 1
28 L 3 52 1
28 D 960 52 1
0 L 0 73 1
0 D 960 73 1
0 L 5 136 1
0 L 5 45 1
0 L 5 16 1
0 D 342 136 1
0 D 342 45 1
0 D 342 16 1
0 L 5 314 1
0 D 342 314 1
0 L 2 384 1
0 D 342 384 1
6 L 8 125 1
6 D 342 125 1
15 L 4 236 1
15 L 4 81 1
15 L 4 248 1
15 L 4 126 1
15 D 1076 236 1
15 D 1076 81 1
15 D 1076 248 1
15 D 1076 126 1
15 L 4 382 1
15 D 1076 382 1
28 L 8 367 1
28 D 1076 367 1
0 L 3 35 1
0 L 3 201 1
0 L 3 17 1
0 L 3 26 1
0 D 994 35 1
0 D 994 201 1
0 D 994 17 1
0 D 994 26 1
15 L 4 78 1
15 L 4 208 1
15 D 994 78 1
15 D 994 208 1
6 L 2 384 1
6 D 994 384 1
4 L 7 88 1
4 L 7 332 1
4 L 7 223 1
4 D 1233 88 1
4 D 1233 332 1
4 D 1233 223 1
4 L 3 282 1
4 D 1233 282 1
28 L 4 81 1
28 L 4 127 1
28 D 617 81 1
28 D 617 127 1
26 L 4 398 1
26 D 617 398 1
4 L 3 159 2
4 D 617 159 2
4 L 3 225 1
4 D 599 225 1
4 L 5 359 1
4 D 599 359 1
4 L 7 105 1
4 D 599 105 1
25 L 6 399 1
25 D 599 399 1
3 L 1 316 1
3 D 599 316 1
5 L 0 167 1
5 L 0 297 1
5 L 0 114 1
5 D 568 167 1
5 D 568 297 1
5 D 568 114 1
5 L 0 218 1
5 D 568 218 1
3 L 5 354 1
3 D 568 354 1
7 L 9 29 1
7 D 568 29 1
4 L 5 146 1
4 D 486 146 1
4 L 2 49 1
4 D 486 49 1
20 L 8 165 1
20 D 486 165 1
25 L 3 32 1
25 L 3 262 1
25 D 864 32 1
25 D 864 262 1
4 L 5 244 1
4 D 864 244 1
11 L 6 142 1
11 D 864 142 1
23 L 6 32 1
23 L 6 398 1
23 D 213 32 1
23 D 213 398 1
17 L 4 191 1
17 D 213 191 1
20 L 0 72 1
20 D 213 72 1
4 L 8 131 1
4 D 213 131 1
26 L 3 129 1
26 L 3 360 1
26 L 3 27 1
26 D 1139 129 1
26 D 1139 360 1
26 D 1139 27 1
3 L 0 157 1
3 D 1139 157 1
3 L 8 41 1
3 D 1139 41 1
4 L 6 297 1
4 D 825 297 1
5 L 0 272 1
5 D 825 272 1
3 L 3 282 1
3 D 825 282 1
26 L 2 222 1
26 D 825 222 1
28 L 4 167 1
28 D 1130 167 1
27 L 9 386 1
27 D 1130 386 1
3 L 6 399 1
3 D 1130 399 1
7 L 5 71 1
7 D 1130 71 1
11 L 8 312 1
11 D 1130 312 1
4 L 6 215 1
4 L 6 283 1
4 L 6 189 1
4 D 1244 215 1
4 D 1244 283 1
4 D 1244 189 1
3 L 4 78 1
3 L 4 52 1
3 D 1244 78 1
3 D 1244 52 1
1 L 9 58 1
1 D 1244 58 1
2 L 0 33 1
2 D 1244 33 1
25 L 7 392 1
25 D 1244 392 1
0 L 2 323 1
0 L 2 360 1
0 D 474 323 1
0 D 474 360 1
8 L 0 276 1
8 D 474 276 1
0 L 8 102 1
0 D 474 102 1
16 L 9 256 1
16 D 474 256 1
0 L 7 192 1
0 L 7 289 1
0 L 7 163 1
0 L 7 62 1
0 D 226 192 1
0 D 226 289 1
0 D 226 163 1
0 D 226 62 1
0 L 5 395 1
0 D 226 395 1
10 L 1 211 1
10 D 226 211 1
0 L 5 259 1
0 L 5 270 1
0 L 5 81 1
0 D 952 259 1
0 D 952 270 1
0 D 952 81 1
0 L 0 247 1
0 D 952 247 1
1 L 6 365 1
1 D 952 365 1
24 L 1 54 1
24 D 952 54 1
10 L 5 129 1
10 L 5 132 1
10 L 5 23 1
10 L 5 184 1
10 L 5 283 1
10 D 931 129 1
10 D 931 132 1
10 D 931 23 1
10 D 931 184 1
10 D 931 283 1
2 L 6 335 2
2 D 931 335 2
22 L 9 386 1
22 L 9 136 1
22 L 9 81 1
22 L 9 215 1
22 D 898 386 1
22 D 898 136 1
22 D 898 81 1
22 D 898 215 1
13 L 9 175 1
13 D 898 175 1
7 L 4 280 1
7 L 4 214 1
7 D 332 280 1
7 D 332 214 1
11 L 4 127 1
11 D 332 127 1
8 L 2 254 1
8 D 332 254 1
14 L 9 199 1
14 D 557 199 1
27 L 4 95 1
27 D 557 95 1
3 L 6 362 1
3 D 557 362 1
16 L 7 97 1
16 D 557 97 1
0 L 3 136 1
0 L 3 8 1
0 L 3 214 1
0 D 878 136 1
0 D 878 8 1
0 D 878 214 1
0 L 3 396 1
0 D 878 396 1
28 L 4 301 1
28 L 4 314 1
28 D 646 301 1
28 D 646 314 1
0 L 3 159 1
0 D 646 159 1
2 L 2 193 1
2 L 2 49 1
2 D 646 193 1
2 D 646 49 1
4 L 6 104 1
4 D 310 104 1
1 L 3 282 1
1 D 310 282 1
10 L 7 289 1
10 L 7 68 1
10 D 310 289 1
10 D 310 68 1
6 L 8 298 1
6 D 310 298 1
24 L 3 70 1
24 L 3 138 1
24 L 3 371 1
24 L 3 287 1
24 D 911 70 1
24 D 911 138 1
24 D 911 371 1
24 D 911 287 1
24 L 2 30 1
24 D 911 30 1
24 L 3 377 1
24 D 404 377 1
24 L 7 68 1
24 D 404 68 1
24 L 5 196 1
24 D 404 196 1
24 L 8 267 1
24 D 404 267 1
1 L 6 53 1
1 D 404 53 1
1 L 2 328 1
1 L 2 114 1
1 L 2 62 1
1 D 764 328 1
1 D 764 114 1
1 D 764 62 1
24 L 3 372 1
24 D 764 372 1
1 L 8 66 1
1 D 764 66 1
1 L 8 130 1
1 D 764 130 1
1 L 3 64 1
1 L 3 120 1
1 L 3 397 1
1 D 974 64 1
1 D 974 120 1
1 D 974 397 1
1 L 3 225 1
1 D 974 225 1
0 L 4 164 1
0 L 4 300 1
0 L 4 278 1
0 D 19 164 1
0 D 19 300 1
0 D 19 278 1
24 L 5 109 1
24 D 19 109 1
1 L 3 233 1
1 D 19 233 1
12 L 0 276 1
12 D 19 276 1
3 L 9 337 1
3 D 19 337 1
2 L 3 241 1
2 L 3 149 1
2 L 3 283 1
2 D 1108 241 1
2 D 1108 149 1
2 D 1108 283 1
2 L 5 184 1
2 L 5 250 1
2 D 1108 184 1
2 D 1108 250 1
2 L 7 145 1
2 D 1108 145 1
0 L 0 249 1
0 D 1108 249 1
0 L 2 302 1
0 D 1108 302 1
28 L 4 32 1
28 L 4 16 1
28 D 1162 32 1
28 D 1162 16 1
28 L 4 36 1
28 D 1162 36 1
1 L 0 272 1
1 D 1162 272 1
0 L 3 278 1
0 L 3 159 1
0 D 446 278 1
0 D 446 159 1
1 L 4 273 1
1 D 446 273 1
2 L 7 392 1
2 D 446 392 1
14 L 9 69 1
14 D 446 69 1
0 L 3 197 1
0 L 3 262 1
0 D 801 197 1
0 D 801 262 1
0 L 5 184 1
0 D 801 184 1
3 L 0 31 1
3 D 801 31 1
17 L 1 39 2
17 L 1 338 1
17 D 801 39 2
17 D 801 338 1
28 L 4 32 1
28 D 406 32 1
4 L 6 89 1
4 D 406 89 1
12 L 0 31 1
12 D 406 31 1
0 L 8 161 1
0 D 406 161 1
3 L 5 61 1
3 D 682 61 1
3 L 0 73 1
3 D 682 73 1
3 L 8 5 1
3 D 682 5 1
6 L 6 362 1
6 D 682 362 1
16 L 9 189 1
16 L 9 133 1
16 D 1232 189 1
16 D 1232 133 1
27 L 9 127 1
27 D 1232 127 1
3 L 7 97 1
3 D 1232 97 1
0 L 4 262 1
0 L 4 17 1
0 L 4 280 1
0 D 561 262 1
0 D 561 17 1
0 D 561 280 1
4 L 4 350 1
4 D 561 350 1
17 L 3 121 1
17 D 561 121 1
12 L 4 70 1
12 L 4 360 1
12 L 4 242 1
12 D 708 70 1
12 D 708 360 1
12 D 708 242 1
6 L 3 65 1
6 D 708 65 1
24 L 5 184 1
24 L 5 286 1
24 D 708 184 1
24 D 708 286 1
15 L 8 359 1
15 L 8 246 1
15 D 1179 359 1
15 D 1179 246 1
15 L 8 315 1
15 D 1179 315 1
15 L 2 384 1
15 D 1179 384 1
1 L 5 184 1
1 D 1179 184 1
10 L 6 335 1
10 D 1179 335 1
3 L 9 58 1
3 D 1146 58 1
16 L 1 198 1
16 D 1146 198 1
2 L 3 346 1
2 D 1146 346 1
14 L 7 331 1
14 D 1146 331 1
27 L 9 303 1
27 L 9 186 1
27 D 545 303 1
27 D 545 186 1
25 L 6 149 1
25 D 545 149 1
6 L 3 27 1
6 D 545 27 1
1 L 7 220 1
1 D 545 220 1
12 L 5 81 1
12 L 5 216 1
12 L 5 189 1
12 L 5 383 1
12 D 1187 81 1
12 D 1187 216 1
12 D 1187 189 1
12 D 1187 383 1
2 L 9 58 1
2 D 1187 58 1
10 L 8 130 1
10 D 1187 130 1
3 L 9 219 1
3 L 9 285 1
3 D 1211 219 1
3 D 1211 285 1
1 L 1 198 1
1 L 1 17 1
1 D 1211 198 1
1 D 1211 17 1
5 L 6 51 1
5 D 1211 51 1
14 L 9 215 1
14 L 9 340 1
14 L 9 189 1
14 D 497 215 1
14 D 497 340 1
14 D 497 189 1
16 L 9 221 1
16 D 497 221 1
2 L 3 346 1
2 D 497 346 1
10 L 0 179 1
10 D 497 179 1
12 L 2 137 1
12 L 2 323 1
12 D 1124 137 1
12 D 1124 323 1
12 L 2 164 1
12 L 2 46 1
12 D 1124 164 1
12 D 1124 46 1
12 L 7 350 1
12 L 7 143 1
12 D 294 350 1
12 D 294 143 1
15 L 8 257 1
15 D 294 257 1
26 L 6 142 1
26 D 294 142 1
24 L 4 252 1
24 D 893 252 1
12 L 3 288 1
12 L 3 241 1
12 D 893 288 1
12 D 893 241 1
20 L 6 107 1
20 D 893 107 1
1 L 1 261 1
1 D 893 261 1
23 L 6 104 1
23 L 6 347 1
23 D 835 104 1
23 D 835 347 1
23 L 6 205 1
23 D 835 205 1
3 L 1 147 1
3 D 835 147 1
28 L 4 96 1
28 L 4 221 1
28 D 1132 96 1
28 D 1132 221 1
28 L 3 329 1
28 L 3 299 1
28 D 1132 329 1
28 D 1132 299 1
2 L 9 25 1
2 D 1132 25 1
15 L 2 388 1
15 D 1132 388 1
10 L 9 197 1
10 L 9 299 1
10 L 9 268 1
10 L 9 374 1
10 D 818 197 1
10 D 818 299 1
10 D 818 268 1
10 D 818 374 1
2 L 3 18 1
2 D 818 18 1
9 L 0 296 1
9 L 0 157 1
9 D 818 296 1
9 D 818 157 1
3 L 6 378 1
3 L 6 195 1
3 D 638 378 1
3 D 638 195 1
3 L 6 348 1
3 D 638 348 1
26 L 2 284 1
26 D 638 284 1
15 L 7 133 1
15 L 7 360 1
15 L 7 15 1
15 D 402 133 1
15 D 402 360 1
15 D 402 15 1
3 L 6 335 1
3 L 6 53 1
3 D 402 335 1
3 D 402 53 1
5 L 1 198 1
5 D 402 198 1
3 L 5 260 1
3 D 625 260 1
5 L 5 205 1
5 D 625 205 1
15 L 8 355 1
15 D 625 355 1
26 L 6 335 1
26 L 6 111 1
26 D 975 335 1
26 D 975 111 1
28 L 4 32 1
28 D 975 32 1
1 L 8 66 1
1 D 975 66 1
3 L 7 133 1
3 L 7 77 1
3 L 7 111 1
3 L 7 126 1
3 D 393 133 1
3 D 393 77 1
3 D 393 111 1
3 D 393 126 1
3 L 7 210 1
3 L 7 243 1
3 D 393 210 1
3 D 393 243 1
5 L 0 296 1
5 D 393 296 1
1 L 6 225 1
1 L 6 290 1
1 D 1193 225 1
1 D 1193 290 1
0 L 4 52 1
0 D 1193 52 1
15 L 5 376 1
15 D 1193 376 1
6 L 1 338 1
6 D 1193 338 1
4 L 4 99 1
4 L 4 297 1
4 D 778 99 1
4 D 778 297 1
2 L 9 337 1
2 D 778 337 1
3 L 3 121 1
3 D 778 121 1
2 L 4 81 1
2 L 4 283 1
2 D 134 81 1
2 D 134 283 1
26 L 6 178 1
26 D 134 178 1
21 L 0 272 1
21 D 134 272 1
5 L 8 161 1
5 D 134 161 1
12 L 3 224 1
12 L 3 227 1
12 D 29 224 1
12 D 29 227 1
12 L 2 388 1
12 D 29 388 1
28 L 6 89 1
28 D 29 89 1
9 L 9 371 1
9 D 89 371 1
12 L 3 18 1
12 D 89 18 1
28 L 7 220 1
28 D 89 220 1
20 L 2 222 1
20 D 89 222 1
10 L 9 10 1
10 L 9 81 1
10 L 9 62 1
10 D 706 10 1
10 D 706 81 1
10 D 706 62 1
10 L 9 275 1
10 D 706 275 1
18 L 0 296 1
18 D 706 296 1
24 L 8 267 1
24 D 706 267 1
3 L 4 99 1
3 L 4 278 1
3 D 1003 99 1
3 D 1003 278 1
3 L 7 97 1
3 D 1003 97 1
29 L 0 277 1
29 D 1003 277 1
3 L 3 281 1
3 L 3 348 1
3 L 3 159 1
3 D 224 281 1
3 D 224 348 1
3 D 224 159 1
3 L 2 193 1
3 L 2 30 1
3 D 224 193 1
3 D 224 30 1
4 L 4 96 1
4 L 4 270 1
4 L 4 81 1
4 D 770 96 1
4 D 770 270 1
4 D 770 81 1
17 L 4 114 1
17 D 770 114 1
4 L 0 272 1
4 L 0 179 1
4 D 770 272 1
4 D 770 179 1
10 L 9 303 1
10 D 770 303 1
2 L 4 100 1
2 L 4 293 1
2 D 66 100 1
2 D 66 293 1
3 L 3 308 1
3 L 3 311 1
3 D 66 308 1
3 D 66 311 1
4 L 2 193 1
4 D 66 193 1
18 L 9 210 1
18 L 9 242 1
18 D 123 210 1
18 D 123 242 1
18 L 9 214 1
18 L 9 219 1
18 D 123 214 1
18 D 123 219 1
10 L 3 233 1
10 D 123 233 1
5 L 4 270 1
5 L 4 214 1
5 D 1144 270 1
5 D 1144 214 1
17 L 3 153 1
17 D 1144 153 1
29 L 7 105 1
29 D 1144 105 1
19 L 8 367 1
19 D 1144 367 1
5 L 4 17 1
5 L 4 342 1
5 L 4 383 1
5 D 130 17 1
5 D 130 342 1
5 D 130 383 1
17 L 3 233 1
17 D 130 233 1
19 L 5 395 1
19 D 130 395 1
29 L 2 7 1
29 D 130 7 1
0 L 6 164 1
0 L 6 24 1
0 D 285 164 1
0 D 285 24 1
10 L 9 369 1
10 D 285 369 1
2 L 2 193 1
2 D 285 193 1
13 L 8 161 1
13 D 285 161 1
0 L 6 8 1
0 L 6 300 1
0 L 6 375 1
0 D 1047 8 1
0 D 1047 300 1
0 D 1047 375 1
2 L 6 127 1
2 D 1047 127 1
22 L 8 257 1
22 D 1047 257 1
3 L 3 259 1
3 L 3 167 1
3 L 3 153 1
3 D 629 259 1
3 D 629 167 1
3 D 629 153 1
3 L 5 212 1
3 L 5 244 1
3 D 629 212 1
3 D 629 244 1
10 L 6 335 1
10 D 629 335 1
3 L 7 181 1
3 L 7 383 1
3 D 987 181 1
3 D 987 383 1
10 L 3 27 1
10 D 987 27 1
3 L 8 148 1
3 D 987 148 1
25 L 1 147 1
25 D 987 147 1
4 L 0 48 1
4 L 0 287 1
4 D 713 48 1
4 D 713 287 1
21 L 4 162 1
21 D 713 162 1
3 L 2 55 1
3 D 713 55 1
10 L 8 5 1
10 D 713 5 1
18 L 9 16 1
18 L 9 278 1
18 D 65 16 1
18 D 65 278 1
26 L 4 78 1
26 D 65 78 1
25 L 7 392 1
25 L 7 220 1
25 D 65 392 1
25 D 65 220 1
3 L 8 67 1
3 L 8 312 1
3 D 65 67 1
3 D 65 312 1
4 L 0 138 1
4 L 0 375 1
4 L 0 285 1
4 L 0 63 1
4 D 47 138 1
4 D 47 375 1
4 D 47 285 1
4 D 47 63 1
10 L 5 395 1
10 D 47 395 1
5 L 4 394 1
5 D 47 394 1
3 L 9 360 1
3 L 9 136 1
3 L 9 50 1
3 D 755 360 1
3 D 755 136 1
3 D 755 50 1
27 L 1 363 1
27 D 755 363 1
21 L 7 332 1
21 D 755 332 1
4 L 8 41 1
4 D 755 41 1
5 L 5 244 1
5 L 5 60 1
5 D 208 244 1
5 D 208 60 1
5 L 0 247 1
5 D 208 247 1
13 L 6 142 1
13 D 208 142 1
5 L 8 257 1
5 D 208 257 1
18 L 9 378 1
18 L 9 50 1
18 D 211 378 1
18 D 211 50 1
1 L 6 142 1
1 D 211 142 1
5 L 8 66 1
5 D 211 66 1
13 L 8 66 1
13 D 211 66 1
10 L 2 114 1
10 L 2 281 1
10 L 2 222 1
10 D 595 114 1
10 D 595 281 1
10 D 595 222 1
10 L 2 63 1
10 D 595 63 1
10 L 7 97 1
10 D 595 97 1
6 L 6 51 1
6 D 595 51 1
6 L 7 332 1
6 L 7 50 1
6 L 7 278 1
6 D 1190 332 1
6 D 1190 50 1
6 D 1190 278 1
6 L 5 212 1
6 D 1190 212 1
6 L 0 373 1
6 D 1190 373 1
10 L 8 125 1
10 D 1190 125 1
25 L 9 128 1
25 D 1190 128 1
26 L 9 167 1
26 L 9 63 1
26 D 367 167 1
26 D 367 63 1
15 L 6 238 1
15 D 367 238 1
6 L 3 20 1
6 D 367 20 1
10 L 8 267 1
10 D 367 267 1
0 L 6 290 1
0 L 6 2 1
0 L 6 114 1
0 D 640 290 1
0 D 640 2 1
0 D 640 114 1
6 L 9 303 1
6 D 640 303 1
25 L 2 49 1
25 D 640 49 1
17 L 3 323 1
17 L 3 391 1
17 D 1238 323 1
17 D 1238 391 1
17 L 7 320 1
17 D 1238 320 1
10 L 9 265 1
10 D 1238 265 1
10 L 5 74 1
10 L 5 23 1
10 L 5 375 1
10 D 290 74 1
10 D 290 23 1
10 D 290 375 1
10 L 0 296 1
10 D 290 296 1
17 L 3 233 1
17 D 290 233 1
0 L 6 195 1
0 D 290 195 1
14 L 1 54 1
14 D 290 54 1
0 L 2 35 1
0 L 2 180 1
0 L 2 216 1
0 D 584 35 1
0 D 584 180 1
0 D 584 216 1
10 L 5 286 1
10 D 584 286 1
19 L 4 162 1
19 D 584 162 1
6 L 6 335 1
6 D 584 335 1
16 L 1 316 1
16 D 584 316 1
29 L 4 133 1
29 D 70 133 1
15 L 9 12 1
15 D 70 12 1
0 L 7 93 1
0 D 70 93 1
6 L 8 131 1
6 D 70 131 1
25 L 6 35 1
25 L 6 38 1
25 L 6 81 1
25 D 1167 35 1
25 D 1167 38 1
25 D 1167 81 1
25 L 6 242 1
25 D 1167 242 1
14 L 0 296 1
14 D 1167 296 1
10 L 8 22 1
10 D 1167 22 1
0 L 4 129 1
0 L 4 112 1
0 D 741 129 1
0 D 741 112 1
6 L 4 127 1
6 D 741 127 1
16 L 2 84 1
16 D 741 84 1
19 L 8 66 1
19 D 741 66 1
26 L 9 16 1
26 L 9 278 1
26 L 9 314 1
26 D 647 16 1
26 D 647 278 1
26 D 647 314 1
26 L 9 377 1
26 D 647 377 1
17 L 8 312 1
17 D 647 312 1
15 L 4 226 1
15 L 4 210 1
15 D 301 226 1
15 D 301 210 1
17 L 9 397 1
17 L 9 81 1
17 L 9 126 1
17 D 301 397 1
17 D 301 81 1
17 D 301 126 1
10 L 6 231 1
10 D 301 231 1
10 L 3 94 1
10 D 301 94 1
10 L 5 244 1
10 D 301 244 1
10 L 4 273 1
10 L 4 139 1
10 D 75 273 1
10 D 75 139 1
15 L 4 78 1
15 D 75 78 1
10 L 2 388 1
10 D 75 388 1
10 L 0 225 1
10 D 439 225 1
10 L 0 225 1
10 D 439 225 1
10 L 0 36 1
10 D 439 36 1
15 L 2 384 1
15 D 439 384 1
10 L 5 35 1
10 L 5 361 1
10 L 5 374 1
10 D 267 35 1
10 D 267 361 1
10 D 267 374 1
10 L 5 141 1
10 D 267 141 1
10 L 8 257 1
10 D 267 257 1
26 L 1 2 2
26 L 1 63 1
26 D 98 2 2
26 D 98 63 1
14 L 6 231 1
14 L 6 238 1
14 D 98 231 1
14 D 98 238 1
10 L 8 307 1
10 D 98 307 1
15 L 3 245 1
15 L 3 214 1
15 L 3 219 1
15 D 772 245 1
15 D 772 214 1
15 D 772 219 1
15 L 0 276 1
15 D 772 276 1
15 L 8 41 1
15 L 8 267 1
15 D 772 41 1
15 D 772 267 1
15 L 5 178 1
15 L 5 287 1
15 D 175 178 1
15 D 175 287 1
15 L 8 66 1
15 L 8 267 1
15 D 175 66 1
15 D 175 267 1
15 L 5 398 1
15 L 5 270 1
15 D 961 398 1
15 D 961 270 1
15 L 5 181 1
15 L 5 151 1
15 D 961 181 1
15 D 961 151 1
15 L 3 233 1
15 D 961 233 1
15 L 3 202 1
15 L 3 81 1
15 D 80 202 1
15 D 80 81 1
17 L 4 185 1
17 D 80 185 1
15 L 7 343 1
15 D 80 343 1
10 L 1 333 1
10 D 80 333 1
10 L 3 360 1
10 L 3 172 1
10 L 3 18 1
10 L 3 252 1
10 D 477 360 1
10 D 477 172 1
10 D 477 18 1
10 D 477 252 1
10 L 3 375 1
10 L 3 382 1
10 D 477 375 1
10 D 477 382 1
10 L 5 152 1
10 L 5 317 1
10 D 477 152 1
10 D 477 317 1
29 L 4 394 1
29 L 4 138 1
29 L 4 83 1
29 L 4 375 1
29 D 875 394 1
29 D 875 138 1
29 D 875 83 1
29 D 875 375 1
24 L 9 128 1
24 D 875 128 1
10 L 3 159 1
10 D 875 159 1
15 L 7 105 1
15 D 875 105 1
17 L 2 166 1
17 D 875 166 1
10 L 7 16 1
10 L 7 383 1
10 D 197 16 1
10 D 197 383 1
10 L 8 161 1
10 D 197 161 1
15 L 5 183 1
15 D 197 183 1
10 L 2 44 1
10 D 197 44 1
17 L 0 140 1
17 D 197 140 1
24 L 4 64 1
24 D 185 64 1
24 L 4 75 1
24 D 185 75 1
24 L 3 215 1
24 D 185 215 1
25 L 6 90 1
25 D 185 90 1
29 L 0 35 1
29 L 0 361 1
29 L 0 266 1
29 D 525 35 1
29 D 525 361 1
29 D 525 266 1
29 L 0 85 1
29 L 0 123 1
29 D 525 85 1
29 D 525 123 1
2 L 6 397 1
2 L 6 270 1
2 L 6 208 1
2 D 25 397 1
2 D 25 270 1
2 D 25 208 1
2 L 6 255 1
2 D 25 255 1
29 L 5 241 1
29 D 25 241 1
2 L 0 247 1
2 D 25 247 1
14 L 1 198 1
14 D 25 198 1
24 L 4 48 1
24 L 4 219 1
24 D 842 48 1
24 D 842 219 1
10 L 7 289 1
10 D 842 289 1
15 L 8 66 1
15 D 842 66 1
25 L 4 173 1
25 D 1049 173 1
25 L 4 127 1
25 D 1049 127 1
25 L 5 184 1
25 D 1049 184 1
2 L 0 140 1
2 D 1049 140 1
2 L 4 194 1
2 L 4 275 1
2 D 444 194 1
2 D 444 275 1
14 L 6 399 1
14 D 444 399 1
26 L 1 54 1
26 D 444 54 1
17 L 8 125 1
17 D 444 125 1
29 L 0 133 1
29 L 0 38 1
29 D 661 133 1
29 D 661 38 1
29 L 0 297 1
29 D 661 297 1
29 L 5 113 1
29 D 661 113 1
29 L 3 372 1
29 D 661 372 1
29 L 2 384 1
29 D 661 384 1
22 L 6 16 1
22 L 6 114 1
22 L 6 122 1
22 L 6 189 1
22 D 621 16 1
22 D 621 114 1
22 D 621 122 1
22 D 621 189 1
29 L 5 364 1
29 D 621 364 1
25 L 3 308 1
25 D 621 308 1
10 L 7 145 1
10 D 621 145 1
10 L 2 302 1
10 D 621 302 1
10 L 5 26 1
10 L 5 85 1
10 D 147 26 1
10 D 147 85 1
22 L 6 362 1
22 D 147 362 1
10 L 8 355 1
10 D 147 355 1
15 L 4 350 1
15 L 4 253 1
15 D 254 350 1
15 D 254 253 1
10 L 5 244 1
10 D 254 244 1
22 L 2 222 1
22 D 254 222 1
3 L 1 338 1
3 D 254 338 1
3 L 5 286 1
3 D 484 286 1
25 L 6 195 1
25 D 484 195 1
10 L 3 311 1
10 D 484 311 1
9 L 9 160 1
9 L 9 265 1
9 D 484 160 1
9 D 484 265 1
15 L 7 290 1
15 L 7 138 1
15 L 7 110 1
15 L 7 62 1
15 D 351 290 1
15 D 351 138 1
15 D 351 110 1
15 D 351 62 1
15 L 7 112 1
15 L 7 114 1
15 D 351 112 1
15 D 351 114 1
15 L 5 344 1
15 D 351 344 1
15 L 8 355 1
15 D 351 355 1
22 L 4 50 1
22 L 4 26 1
22 D 481 50 1
22 D 481 26 1
29 L 6 239 1
29 D 481 239 1
3 L 0 31 1
3 D 481 31 1
15 L 8 324 1
15 L 8 279 1
15 D 481 324 1
15 D 481 279 1
9 L 0 43 1
9 D 5 43 1
9 L 3 372 1
9 D 5 372 1
9 L 8 165 1
9 D 5 165 1
4 L 1 338 1
4 D 5 338 1
23 L 6 107 1
23 L 6 383 1
23 D 365 107 1
23 D 365 383 1
23 L 6 151 1
23 D 365 151 1
4 L 3 94 1
4 D 365 94 1
9 L 7 97 1
9 D 365 97 1
10 L 3 136 1
10 L 3 153 1
10 L 3 252 1
10 D 326 136 1
10 D 326 153 1
10 D 326 252 1
24 L 4 208 1
24 D 326 208 1
10 L 5 286 1
10 D 326 286 1
4 L 6 195 1
4 D 326 195 1
7 L 4 111 1
7 L 4 88 1
7 L 4 122 1
7 D 839 111 1
7 D 839 88 1
7 D 839 122 1
4 L 3 372 1
4 D 839 372 1
25 L 0 373 1
25 D 839 373 1
10 L 8 130 1
10 D 839 130 1
24 L 0 227 1
24 L 0 360 1
24 L 0 374 1
24 L 0 383 1
24 D 1112 227 1
24 D 1112 360 1
24 D 1112 374 1
24 D 1112 383 1
24 L 0 157 1
24 D 1112 157 1
24 L 2 83 1
24 D 1112 83 1
4 L 3 6 1
4 D 1112 6 1
9 L 1 349 1
9 D 1112 349 1
23 L 6 397 1
23 L 6 16 1
23 L 6 95 1
23 D 783 397 1
23 D 783 16 1
23 D 783 95 1
21 L 1 316 1
21 D 783 316 1
7 L 5 232 1
7 D 783 232 1
4 L 8 130 1
4 D 783 130 1
10 L 7 230 1
10 L 7 328 1
10 L 7 378 1
10 L 7 26 1
10 D 701 230 1
10 D 701 328 1
10 D 701 378 1
10 D 701 26 1
10 L 8 298 1
10 L 8 307 1
10 D 701 298 1
10 D 701 307 1
9 L 0 179 1
9 D 701 179 1
12 L 9 251 1
12 D 701 251 1
20 L 9 203 1
20 L 9 299 1
20 L 9 347 1
20 D 1236 203 1
20 D 1236 299 1
20 D 1236 347 1
25 L 4 149 1
25 D 1236 149 1
9 L 3 372 1
9 L 3 159 1
9 D 1236 372 1
9 D 1236 159 1
10 L 7 320 1
10 L 7 68 1
10 D 1236 320 1
10 D 1236 68 1
8 L 4 129 1
8 L 4 136 1
8 L 4 218 1
8 D 296 129 1
8 D 296 136 1
8 D 296 218 1
12 L 7 93 1
12 D 296 93 1
8 L 8 257 1
8 L 8 67 1
8 D 296 257 1
8 D 296 67 1
24 L 2 293 1
24 L 2 136 1
24 L 2 397 1
24 D 630 293 1
24 D 630 136 1
24 D 630 397 1
24 L 2 119 1
24 L 2 158 1
24 D 630 119 1
24 D 630 158 1
27 L 1 261 1
27 D 630 261 1
8 L 3 299 1
8 D 168 299 1
24 L 5 196 1
24 D 168 196 1
27 L 0 296 1
27 D 168 296 1
12 L 7 145 1
12 L 7 220 1
12 D 168 145 1
12 D 168 220 1
9 L 1 356 1
9 D 168 356 1
1 L 8 267 1
1 D 168 267 1
1 L 4 11 1
1 D 593 11 1
3 L 6 174 1
3 D 593 174 1
8 L 7 93 1
8 D 593 93 1
9 L 0 296 1
9 L 0 276 1
9 D 593 296 1
9 D 593 276 1
12 L 2 384 1
12 D 593 384 1
5 L 8 324 1
5 D 593 324 1
24 L 3 61 1
24 L 3 126 1
24 D 466 61 1
24 D 466 126 1
24 L 2 49 1
24 D 466 49 1
24 L 2 49 1
24 D 466 49 1
27 L 4 154 1
27 L 4 382 1
27 D 923 154 1
27 D 923 382 1
24 L 3 239 1
24 D 923 239 1
24 L 5 364 1
24 D 923 364 1
24 L 2 87 1
24 D 923 87 1
1 L 4 229 1
1 L 4 172 1
1 D 1062 229 1
1 D 1062 172 1
1 L 4 377 1
1 D 1062 377 1
1 L 3 304 1
1 D 1062 304 1
10 L 1 333 1
10 D 1062 333 1
1 L 3 10 1
1 L 3 300 1
1 L 3 121 1
1 D 10 10 1
1 D 10 300 1
1 D 10 121 1
1 L 0 272 1
1 D 10 272 1
1 L 8 298 1
1 L 8 367 1
1 D 10 298 1
1 D 10 367 1
10 L 4 262 1
10 D 433 262 1
1 L 3 159 1
1 D 433 159 1
24 L 5 212 1
24 L 5 184 1
24 D 433 212 1
24 D 433 184 1
27 L 7 145 1
27 D 433 145 1
1 L 8 41 1
1 L 8 315 1
1 D 433 41 1
1 D 433 315 1
1 L 0 385 1
1 L 0 227 1
1 L 0 246 1
1 D 834 385 1
1 D 834 227 1
1 D 834 246 1
1 L 0 350 1
1 L 0 191 1
1 D 834 350 1
1 D 834 191 1
1 L 5 71 1
1 L 5 248 1
1 D 834 71 1
1 D 834 248 1
1 L 3 201 2
1 L 3 189 1
1 D 1117 201 2
1 D 1117 189 1
1 L 2 49 1
1 D 1117 49 1
28 L 9 265 1
28 D 1117 265 1
15 L 6 365 1
15 D 1117 365 1
1 L 7 210 1
1 L 7 371 1
1 L 7 191 1
1 D 1214 210 1
1 D 1214 371 1
1 D 1214 191 1
15 L 3 282 1
15 D 1214 282 1
20 L 1 198 1
20 L 1 370 1
20 D 1214 198 1
20 D 1214 370 1
1 L 2 8 1
1 L 2 243 1
1 L 2 382 1
1 D 192 8 1
1 D 192 243 1
1 D 192 382 1
1 L 2 319 1
1 D 192 319 1
28 L 5 71 1
28 D 192 71 1
15 L 3 121 1
15 D 192 121 1
25 L 1 54 1
25 D 192 54 1
20 L 3 64 1
20 L 3 201 1
20 L 3 138 1
20 D 680 64 1
20 D 680 201 1
20 D 680 138 1
20 L 3 76 1
20 L 3 149 1
20 D 680 76 1
20 D 680 149 1
20 L 5 71 1
20 D 680 71 1
20 L 7 289 1
20 D 680 289 1
1 L 2 358 1
1 D 680 358 1
10 L 4 50 1
10 L 4 278 1
10 D 871 50 1
10 D 871 278 1
3 L 9 12 1
3 D 871 12 1
15 L 0 269 1
15 D 871 269 1
4 L 1 338 1
4 D 871 338 1
25 L 8 125 1
25 D 871 125 1
28 L 0 70 1
28 L 0 136 1
28 L 0 210 1
28 D 1209 70 1
28 D 1209 136 1
28 D 1209 210 1
28 L 0 347 1
28 D 1209 347 1
1 L 7 289 1
1 D 1209 289 1
20 L 8 125 1
20 D 1209 125 1
1 L 7 114 1
1 L 7 149 1
1 D 1019 114 1
1 D 1019 149 1
1 L 8 257 1
1 D 1019 257 1
5 L 9 353 2
5 D 1019 353 2
22 L 6 89 1
22 D 1019 89 1
7 L 1 171 1
7 D 1019 171 1
3 L 4 340 1
3 L 4 283 1
3 D 821 340 1
3 D 821 283 1
8 L 9 386 1
8 D 821 386 1
1 L 3 159 1
1 D 821 159 1
20 L 0 277 1
20 D 821 277 1
21 L 1 147 1
21 D 821 147 1
5 L 2 384 1
5 D 821 384 1
28 L 0 323 1
28 D 589 323 1
28 L 0 38 1
28 D 589 38 1
28 L 5 23 1
28 D 589 23 1
1 L 6 238 1
1 D 589 238 1
7 L 8 41 1
7 D 589 41 1
22 L 3 99 1
22 L 3 26 1
22 D 812 99 1
22 D 812 26 1
22 L 3 205 1
22 L 3 378 1
22 D 812 205 1
22 D 812 378 1
9 L 9 29 1
9 D 812 29 1
12 L 9 100 1
12 L 9 201 1
12 D 396 100 1
12 D 396 201 1
12 L 9 361 1
12 D 396 361 1
4 L 4 86 1
4 D 396 86 1
9 L 5 344 1
9 D 396 344 1
4 L 9 297 1
4 L 9 383 1
4 D 1237 297 1
4 D 1237 383 1
23 L 1 261 1
23 L 1 363 1
23 D 1237 261 1
23 D 1237 363 1
22 L 5 1 1
22 D 1237 1 1
1 L 7 145 1
1 D 1237 145 1
7 L 0 140 1
7 D 1237 140 1
28 L 3 133 1
28 L 3 398 1
28 D 506 133 1
28 D 506 398 1
28 L 3 75 1
28 D 506 75 1
28 L 3 150 1
28 D 506 150 1
28 L 5 184 1
28 D 506 184 1
3 L 6 35 1
3 L 6 38 1
3 D 686 35 1
3 D 686 38 1
3 L 6 205 1
3 D 686 205 1
28 L 2 384 1
28 L 2 222 1
28 D 686 384 1
28 D 686 222 1
24 L 7 225 1
24 L 7 314 1
24 D 608 225 1
24 D 608 314 1
24 L 8 257 1
24 D 608 257 1
1 L 9 58 1
1 D 608 58 1
4 L 1 147 1
4 D 608 147 1
1 L 2 297 1
1 L 2 52 1
1 L 2 216 1
1 D 1013 297 1
1 D 1013 52 1
1 D 1013 216 1
4 L 3 233 1
4 L 3 94 1
4 D 1013 233 1
4 D 1013 94 1
10 L 4 86 2
10 D 1013 86 2
7 L 1 370 1
7 D 1013 370 1
24 L 7 35 1
24 L 7 127 1
24 D 293 35 1
24 D 293 127 1
24 L 5 244 1
24 D 293 244 1
24 L 3 18 1
24 D 293 18 1
22 L 1 39 1
22 D 293 39 1
22 L 0 277 1
22 D 493 277 1
24 L 5 244 1
24 D 493 244 1
1 L 3 159 1
1 D 493 159 1
23 L 9 160 1
23 L 9 353 1
23 D 493 160 1
23 D 493 353 1
4 L 7 163 1
4 L 7 398 1
4 L 7 26 1
4 D 262 163 1
4 D 262 398 1
4 D 262 26 1
4 L 7 348 1
4 D 262 348 1
4 L 5 113 1
4 L 5 23 1
4 D 262 113 1
4 D 262 23 1
29 L 1 338 1
29 D 262 338 1
4 L 3 129 1
4 L 3 8 1
4 D 158 129 1
4 D 158 8 1
29 L 7 98 1
29 D 158 98 1
9 L 9 116 1
9 L 9 251 1
9 D 158 116 1
9 D 158 251 1
3 L 6 107 1
3 D 158 107 1
15 L 4 35 1
15 L 4 164 1
15 L 4 197 1
15 L 4 4 1
15 D 563 35 1
15 D 563 164 1
15 D 563 197 1
15 D 563 4 1
15 L 4 360 1
15 D 563 360 1
7 L 0 31 1
7 D 563 31 1
28 L 6 365 1
28 L 6 335 1
28 D 563 365 1
28 D 563 335 1
12 L 9 64 1
12 D 1170 64 1
13 L 9 99 1
13 D 1170 99 1
5 L 6 117 1
5 D 1170 117 1
10 L 0 373 1
10 D 1170 373 1
8 L 6 167 1
8 D 623 167 1
18 L 9 116 1
18 D 623 116 1
3 L 7 93 1
3 D 623 93 1
4 L 2 284 1
4 D 623 284 1
9 L 8 5 1
9 D 623 5 1
29 L 0 270 1
29 L 0 111 1
29 D 644 270 1
29 D 644 111 1
7 L 5 286 1
7 D 644 286 1
15 L 3 228 1
15 D 644 228 1
5 L 1 54 1
5 D 644 54 1
0 L 9 64 1
0 D 1035 64 1
0 L 9 75 1
0 D 1035 75 1
5 L 0 240 1
5 D 1035 240 1
28 L 7 97 1
28 D 1035 97 1
7 L 2 84 1
7 D 1035 84 1
15 L 5 45 1
15 L 5 215 1
15 D 117 45 1
15 D 117 215 1
15 L 7 108 1
15 L 7 19 1
15 D 117 108 1
15 D 117 19 1
29 L 0 182 1
29 D 117 182 1
0 L 1 356 1
0 D 117 356 1
0 L 5 96 1
0 L 5 75 1
0 D 278 96 1
0 D 278 75 1
15 L 5 221 1
15 D 278 221 1
29 L 8 131 1
29 D 278 131 1
5 L 1 333 1
5 D 278 333 1
3 L 6 34 1
3 L 6 70 1
3 L 6 45 1
3 L 6 398 1
3 D 174 34 1
3 D 174 70 1
3 D 174 45 1
3 D 174 398 1
4 L 6 362 1
4 L 6 313 1
4 L 6 283 1
4 D 174 362 1
4 D 174 313 1
4 D 174 283 1
0 L 0 276 1
0 D 174 276 1
5 L 7 145 1
5 D 174 145 1
25 L 4 167 1
25 L 4 206 1
25 D 263 167 1
25 D 263 206 1
27 L 4 242 1
27 D 263 242 1
7 L 9 241 1
7 D 263 241 1
15 L 5 244 1
15 D 263 244 1
29 L 5 396 1
29 L 5 184 1
29 L 5 345 1
29 D 620 396 1
29 D 620 184 1
29 D 620 345 1
29 L 5 48 1
29 D 620 48 1
8 L 6 142 1
8 D 620 142 1
7 L 4 359 1
7 D 468 359 1
9 L 6 170 1
9 D 468 170 1
8 L 5 184 1
8 L 5 286 1
8 D 468 184 1
8 D 468 286 1
29 L 7 332 1
29 D 468 332 1
1 L 8 267 1
1 D 468 267 1
18 L 6 278 1
18 L 6 348 1
18 L 6 188 1
18 D 1156 278 1
18 D 1156 348 1
18 D 1156 188 1
0 L 6 382 1
0 D 1156 382 1
15 L 4 78 1
15 L 4 306 1
15 D 1156 78 1
15 D 1156 306 1
22 L 0 296 1
22 D 1156 296 1
28 L 9 164 1
28 L 9 382 1
28 D 1015 164 1
28 D 1015 382 1
28 L 9 110 1
28 D 1015 110 1
23 L 5 286 1
23 D 1015 286 1
24 L 8 67 1
24 D 1015 67 1
25 L 4 203 1
25 L 4 86 1
25 L 4 221 1
25 D 74 203 1
25 D 74 86 1
25 D 74 221 1
27 L 4 61 1
27 D 74 61 1
3 L 6 321 1
3 D 74 321 1
0 L 1 261 1
0 D 74 261 1
4 L 6 96 1
4 L 6 104 1
4 L 6 242 1
4 D 618 96 1
4 D 618 104 1
4 D 618 242 1
5 L 6 189 1
5 D 618 189 1
4 L 1 261 1
4 D 618 261 1
20 L 0 269 1
20 D 618 269 1
0 L 4 201 1
0 L 4 210 1
0 L 4 283 1
0 L 4 63 1
0 D 78 201 1
0 D 78 210 1
0 D 78 283 1
0 D 78 63 1
0 L 3 239 1
0 L 3 80 1
0 L 3 153 1
0 D 78 239 1
0 D 78 80 1
0 D 78 153 1
0 L 0 168 1
0 L 0 247 1
0 D 78 168 1
0 D 78 247 1
0 L 3 224 1
0 L 3 104 1
0 L 3 216 1
0 D 1010 224 1
0 D 1010 104 1
0 D 1010 216 1
0 L 3 253 1
0 D 1010 253 1
3 L 4 394 1
3 D 1010 394 1
21 L 6 335 1
21 D 1010 335 1
0 L 8 41 1
0 D 1010 41 1
0 L 3 133 1
0 L 3 398 1
0 D 398 133 1
0 D 398 398 1
25 L 4 306 1
25 D 398 306 1
3 L 7 68 1
3 D 398 68 1
21 L 2 222 1
21 D 398 222 1
0 L 8 125 1
0 D 398 125 1
4 L 1 28 1
4 D 398 28 1
23 L 9 100 1
23 D 1160 100 1
23 L 9 391 1
23 D 1160 391 1
5 L 1 356 1
5 D 1160 356 1
1 L 6 238 1
1 D 1160 238 1
0 L 3 264 1
0 L 3 398 1
0 L 3 189 1
0 D 205 264 1
0 D 205 398 1
0 D 205 189 1
0 L 7 145 1
0 D 205 145 1
0 L 2 388 1
0 D 205 388 1
0 L 8 355 1
0 D 205 355 1
7 L 6 238 1
7 D 205 238 1
1 L 9 328 1
1 L 9 99 1
1 D 1020 328 1
1 D 1020 99 1
1 L 9 99 1
1 D 1020 99 1
1 L 9 223 1
1 D 1020 223 1
8 L 6 57 1
8 D 947 57 1
27 L 4 306 1
27 D 947 306 1
3 L 0 72 1
3 D 947 72 1
0 L 5 184 1
0 D 947 184 1
7 L 2 55 1
7 D 947 55 1
4 L 8 324 1
4 D 947 324 1
11 L 4 32 1
11 L 4 104 1
11 L 4 278 1
11 D 1066 32 1
11 D 1066 104 1
11 D 1066 278 1
11 L 4 326 1
11 D 1066 326 1
21 L 3 123 1
21 D 1066 123 1
25 L 7 108 1
25 D 1066 108 1
