6378
0 L 4 992 1
0 D 115 992 1
0 L 15 989 1
0 L 15 1061 1
0 D 495 989 1
0 D 495 1061 1
1 L 0 137 1
1 D 400 137 1
2 L 10 1355 1
2 D 934 1355 1
1 L 4 604 1
1 D 82 604 1
1 L 4 1923 1
1 D 312 1923 1
1 L 4 296 1
1 D 539 296 1
2 L 11 465 1
2 D 863 465 1
0 L 15 815 1
0 D 19 815 1
3 L 1 1335 1
3 D 980 1335 1
0 L 2 597 1
0 D 68 597 1
0 L 2 1057 1
0 D 315 1057 1
4 L 0 908 1
4 L 0 342 1
4 D 536 908 1
4 D 536 342 1
5 L 1 583 1
5 D 386 583 1
5 L 1 940 1
5 D 923 940 1
1 L 4 1836 1
1 L 4 591 1
1 D 367 1836 1
1 D 367 591 1
6 L 0 852 1
6 L 0 45 1
6 D 446 852 1
6 D 446 45 1
1 L 4 852 1
1 L 4 1173 1
1 D 745 852 1
1 D 745 1173 1
2 L 10 1590 1
2 D 247 1590 1
7 L 0 1034 1
7 L 0 1327 1
7 D 440 1034 1
7 D 440 1327 1
0 L 8 1699 1
0 L 8 919 1
0 D 28 1699 1
0 D 28 919 1
2 L 10 1969 1
2 L 10 1025 1
2 L 10 265 1
2 D 943 1969 1
2 D 943 1025 1
2 D 943 265 1
0 L 15 1854 1
0 D 927 1854 1
0 L 8 435 1
0 D 966 435 1
1 L 4 852 1
1 L 4 1606 1
1 D 216 852 1
1 D 216 1606 1
1 L 11 1441 1
1 L 11 1764 1
1 D 831 1441 1
1 D 831 1764 1
2 L 10 104 1
2 L 10 429 1
2 D 360 104 1
2 D 360 429 1
8 L 0 1962 1
8 D 675 1962 1
0 L 8 1101 1
0 L 8 1029 1
0 D 782 1101 1
0 D 782 1029 1
9 L 0 1762 1
9 D 681 1762 1
8 L 4 1300 1
8 L 4 508 1
8 D 838 1300 1
8 D 838 508 1
0 L 8 1220 1
0 D 722 1220 1
0 L 9 1090 1
0 D 722 1090 1
0 L 3 725 1
0 D 722 725 1
5 L 14 1843 1
5 L 14 1958 1
5 D 8 1843 1
5 D 8 1958 1
8 L 12 1300 1
8 D 85 1300 1
1 L 11 512 1
1 D 85 512 1
2 L 10 1818 1
2 D 560 1818 1
2 L 11 266 1
2 D 560 266 1
0 L 8 586 1
0 L 8 1706 1
0 D 274 586 1
0 D 274 1706 1
0 L 15 640 1
0 D 274 640 1
2 L 11 35 1
2 L 11 1406 1
2 D 862 35 1
2 D 862 1406 1
0 L 8 149 1
0 L 8 719 1
0 D 39 149 1
0 D 39 719 1
2 L 11 669 1
2 D 761 669 1
2 L 11 1554 1
2 L 11 159 1
2 D 846 1554 1
2 D 846 159 1
10 L 0 56 1
10 L 0 1203 1
10 D 429 56 1
10 D 429 1203 1
6 L 1 531 1
6 L 1 484 1
6 D 171 531 1
6 D 171 484 1
0 L 15 1860 1
0 L 15 189 1
0 D 532 1860 1
0 D 532 189 1
10 L 4 971 1
10 D 996 971 1
11 L 0 564 1
11 L 0 975 1
11 D 649 564 1
11 D 649 975 1
2 L 11 1285 1
2 D 968 1285 1
0 L 9 1177 1
0 L 9 372 1
0 D 152 1177 1
0 D 152 372 1
2 L 11 1052 1
2 D 14 1052 1
6 L 1 1328 1
6 L 1 21 1
6 D 251 1328 1
6 D 251 21 1
10 L 4 1329 1
10 L 4 1270 1
10 D 634 1329 1
10 D 634 1270 1
2 L 7 1969 1
2 L 7 629 1
2 L 7 926 1
2 D 213 1969 1
2 D 213 629 1
2 D 213 926 1
2 L 4 1864 1
2 L 4 1359 1
2 D 921 1864 1
2 D 921 1359 1
2 L 4 1547 1
2 L 4 1764 1
2 L 4 413 1
2 D 786 1547 1
2 D 786 1764 1
2 D 786 413 1
12 L 0 1643 1
12 L 0 1355 1
12 L 0 28 1
12 D 336 1643 1
12 D 336 1355 1
12 D 336 28 1
2 L 12 841 1
2 L 12 31 1
2 D 186 841 1
2 D 186 31 1
13 L 0 1328 1
13 L 0 1087 1
13 D 295 1328 1
13 D 295 1087 1
13 L 4 558 1
13 L 4 1791 1
13 D 530 558 1
13 D 530 1791 1
0 L 3 392 1
0 L 3 549 1
0 D 884 392 1
0 D 884 549 1
0 L 8 637 1
0 L 8 991 1
0 D 305 637 1
0 D 305 991 1
14 L 0 1348 1
14 L 0 647 1
14 D 849 1348 1
14 D 849 647 1
15 L 0 1508 1
15 L 0 1653 1
15 D 858 1508 1
15 D 858 1653 1
10 L 15 420 1
10 L 15 1197 1
10 D 873 420 1
10 D 873 1197 1
13 L 4 1024 1
13 L 4 1713 1
13 L 4 1499 1
13 D 744 1024 1
13 D 744 1713 1
13 D 744 1499 1
13 L 4 1825 1
13 L 4 142 1
13 D 288 1825 1
13 D 288 142 1
13 L 11 1165 1
13 D 288 1165 1
5 L 6 18 1
5 L 6 1002 1
5 D 198 18 1
5 D 198 1002 1
13 L 11 725 1
13 L 11 1009 1
13 D 655 725 1
13 D 655 1009 1
13 L 4 1125 1
13 D 655 1125 1
0 L 2 1491 1
0 L 2 375 1
0 D 654 1491 1
0 D 654 375 1
13 L 4 1666 1
13 D 731 1666 1
13 L 7 1410 1
13 D 731 1410 1
13 L 7 1106 1
13 L 7 1972 1
13 D 887 1106 1
13 D 887 1972 1
16 L 0 1617 1
16 L 0 101 1
16 D 520 1617 1
16 D 520 101 1
2 L 12 1490 1
2 L 12 68 1
2 L 12 1762 1
2 D 38 1490 1
2 D 38 68 1
2 D 38 1762 1
10 L 15 1234 1
10 L 15 139 1
10 L 15 1118 1
10 D 80 1234 1
10 D 80 139 1
10 D 80 1118 1
17 L 0 488 1
17 L 0 1005 1
17 D 221 488 1
17 D 221 1005 1
14 L 5 588 1
14 D 221 588 1
2 L 4 834 1
2 L 4 631 1
2 L 4 1527 1
2 D 680 834 1
2 D 680 631 1
2 D 680 1527 1
18 L 0 184 1
18 L 0 1433 1
18 L 0 1530 1
18 L 0 534 1
18 D 811 184 1
18 D 811 1433 1
18 D 811 1530 1
18 D 811 534 1
5 L 6 1888 1
5 L 6 590 1
5 D 776 1888 1
5 D 776 590 1
19 L 0 898 1
19 L 0 335 1
19 D 822 898 1
19 D 822 335 1
6 L 14 488 1
6 L 14 459 1
6 L 14 901 1
6 D 157 488 1
6 D 157 459 1
6 D 157 901 1
18 L 10 1304 1
18 L 10 448 1
18 D 58 1304 1
18 D 58 448 1
10 L 15 1779 1
10 L 15 172 1
10 L 15 159 1
10 D 139 1779 1
10 D 139 172 1
10 D 139 159 1
2 L 4 264 1
2 L 4 808 1
2 L 4 142 1
2 D 7 264 1
2 D 7 808 1
2 D 7 142 1
10 L 15 736 1
10 L 15 1025 1
10 L 15 1166 1
10 D 129 736 1
10 D 129 1025 1
10 D 129 1166 1
6 L 8 632 1
6 L 8 1562 1
6 L 8 83 1
6 D 480 632 1
6 D 480 1562 1
6 D 480 83 1
2 L 11 403 1
2 L 11 1508 1
2 D 823 403 1
2 D 823 1508 1
20 L 0 552 1
20 L 0 1345 1
20 L 0 1270 1
20 D 255 552 1
20 D 255 1345 1
20 D 255 1270 1
21 L 0 1843 1
21 L 0 1409 1
21 L 0 483 1
21 L 0 158 1
21 D 707 1843 1
21 D 707 1409 1
21 D 707 483 1
21 D 707 158 1
21 L 4 1962 1
21 L 4 1204 1
21 L 4 1789 1
21 D 940 1962 1
21 D 940 1204 1
21 D 940 1789 1
13 L 7 1024 1
13 L 7 1601 1
13 L 7 918 1
13 L 7 1230 1
13 D 234 1024 1
13 D 234 1601 1
13 D 234 918 1
13 D 234 1230 1
2 L 11 122 1
2 L 11 1092 1
2 L 11 877 1
2 D 50 122 1
2 D 50 1092 1
2 D 50 877 1
21 L 4 640 1
21 D 50 640 1
13 L 12 1875 1
13 L 12 1765 1
13 D 371 1875 1
13 D 371 1765 1
2 L 4 1993 1
2 L 4 1305 1
2 L 4 1159 1
2 D 625 1993 1
2 D 625 1305 1
2 D 625 1159 1
21 L 4 429 1
21 L 4 1334 1
21 L 4 1647 1
21 D 748 429 1
21 D 748 1334 1
21 D 748 1647 1
10 L 15 920 1
10 L 15 5 1
10 L 15 1124 1
10 L 15 397 1
10 D 206 920 1
10 D 206 5 1
10 D 206 1124 1
10 D 206 397 1
6 L 8 435 1
6 L 8 1276 1
6 D 827 435 1
6 D 827 1276 1
10 L 15 962 1
10 L 15 720 1
10 L 15 1714 1
10 L 15 1078 1
10 L 15 1983 1
10 D 585 962 1
10 D 585 720 1
10 D 585 1714 1
10 D 585 1078 1
10 D 585 1983 1
6 L 8 837 1
6 L 8 998 1
6 L 8 1383 1
6 D 638 837 1
6 D 638 998 1
6 D 638 1383 1
2 L 4 757 1
2 L 4 471 1
2 D 450 757 1
2 D 450 471 1
10 L 15 352 1
10 L 15 1434 1
10 L 15 104 1
10 D 557 352 1
10 D 557 1434 1
10 D 557 104 1
6 L 8 121 1
6 L 8 1022 1
6 D 847 121 1
6 D 847 1022 1
18 L 11 1019 1
18 L 11 71 1
18 D 955 1019 1
18 D 955 71 1
7 L 10 1014 1
7 D 955 1014 1
7 L 11 1938 1
7 D 217 1938 1
6 L 8 1841 1
6 L 8 1047 1
6 D 202 1841 1
6 D 202 1047 1
6 L 14 1183 1
6 D 202 1183 1
6 L 8 1888 1
6 L 8 1691 1
6 L 8 1300 1
6 L 8 1893 1
6 D 363 1888 1
6 D 363 1691 1
6 D 363 1300 1
6 D 363 1893 1
10 L 8 1231 1
10 L 8 639 1
10 D 963 1231 1
10 D 963 639 1
10 L 8 1894 1
10 L 8 886 1
10 D 518 1894 1
10 D 518 886 1
10 L 14 989 1
10 D 518 989 1
22 L 0 628 1
22 L 0 901 1
22 L 0 94 1
22 D 973 628 1
22 D 973 901 1
22 D 973 94 1
23 L 1 216 1
23 L 1 563 1
23 D 44 216 1
23 D 44 563 1
24 L 0 171 1
24 L 0 356 1
24 L 0 454 1
24 D 797 171 1
24 D 797 356 1
24 D 797 454 1
2 L 4 1449 1
2 L 4 370 1
2 L 4 1853 1
2 D 941 1449 1
2 D 941 370 1
2 D 941 1853 1
25 L 0 105 1
25 L 0 748 1
25 L 0 1737 1
25 D 435 105 1
25 D 435 748 1
25 D 435 1737 1
10 L 8 1571 1
10 L 8 54 1
10 D 975 1571 1
10 D 975 54 1
10 L 8 1840 1
10 L 8 271 1
10 L 8 1903 1
10 D 55 1840 1
10 D 55 271 1
10 D 55 1903 1
21 L 15 8 1
21 L 15 622 1
21 L 15 270 1
21 D 300 8 1
21 D 300 622 1
21 D 300 270 1
25 L 4 1617 1
25 L 4 1356 1
25 L 4 1094 1
25 D 595 1617 1
25 D 595 1356 1
25 D 595 1094 1
26 L 0 8 1
26 L 0 1449 1
26 L 0 1476 1
26 D 144 8 1
26 D 144 1449 1
26 D 144 1476 1
18 L 11 153 1
18 L 11 26 1
18 L 11 1508 1
18 D 323 153 1
18 D 323 26 1
18 D 323 1508 1
27 L 0 1306 1
27 L 0 1887 1
27 D 883 1306 1
27 D 883 1887 1
25 L 4 1354 1
25 D 883 1354 1
12 L 4 816 1
12 L 4 992 1
12 L 4 1881 1
12 L 4 162 1
12 D 209 816 1
12 D 209 992 1
12 D 209 1881 1
12 D 209 162 1
7 L 11 1512 1
7 L 11 1875 1
7 D 215 1512 1
7 D 215 1875 1
13 L 12 1282 1
13 D 215 1282 1
18 L 10 1505 1
18 L 10 763 1
18 L 10 836 1
18 D 949 1505 1
18 D 949 763 1
18 D 949 836 1
12 L 7 593 1
12 L 7 1230 1
12 D 296 593 1
12 D 296 1230 1
7 L 12 904 1
7 L 12 1230 1
7 L 12 441 1
7 L 12 953 1
7 L 12 509 1
7 D 246 904 1
7 D 246 1230 1
7 D 246 441 1
7 D 246 953 1
7 D 246 509 1
21 L 15 1514 1
21 L 15 1782 1
21 D 49 1514 1
21 D 49 1782 1
23 L 14 73 1
23 L 14 628 1
23 D 477 73 1
23 D 477 628 1
28 L 1 672 1
28 L 1 783 1
28 D 253 672 1
28 D 253 783 1
13 L 11 1929 1
13 L 11 1890 1
13 L 11 1495 1
13 D 141 1929 1
13 D 141 1890 1
13 D 141 1495 1
12 L 4 265 1
12 L 4 586 1
12 L 4 1542 1
12 D 482 265 1
12 D 482 586 1
12 D 482 1542 1
28 L 1 124 1
28 L 1 1966 1
28 D 452 124 1
28 D 452 1966 1
29 L 0 1126 1
29 L 0 1495 1
29 D 452 1126 1
29 D 452 1495 1
13 L 11 154 1
13 L 11 1189 1
13 D 10 154 1
13 D 10 1189 1
21 L 15 433 1
21 L 15 475 1
21 D 770 433 1
21 D 770 475 1
10 L 3 1375 1
10 D 770 1375 1
13 L 11 1608 1
13 L 11 512 1
13 L 11 278 1
13 L 11 216 1
13 D 512 1608 1
13 D 512 512 1
13 D 512 278 1
13 D 512 216 1
13 L 11 1444 1
13 L 11 348 1
13 D 205 1444 1
13 D 205 348 1
20 L 5 1437 1
20 L 5 1438 1
20 L 5 303 1
20 D 103 1437 1
20 D 103 1438 1
20 D 103 303 1
23 L 8 1016 1
23 L 8 1589 1
23 L 8 871 1
23 D 337 1016 1
23 D 337 1589 1
23 D 337 871 1
24 L 0 816 1
24 L 0 190 1
24 D 182 816 1
24 D 182 190 1
18 L 10 1464 1
18 L 10 1643 1
18 L 10 1147 1
18 D 303 1464 1
18 D 303 1643 1
18 D 303 1147 1
12 L 12 881 1
12 L 12 1855 1
12 D 471 881 1
12 D 471 1855 1
20 L 0 1529 1
20 L 0 931 1
20 L 0 837 1
20 L 0 479 1
20 D 861 1529 1
20 D 861 931 1
20 D 861 837 1
20 D 861 479 1
20 L 0 1329 1
20 L 0 486 1
20 D 572 1329 1
20 D 572 486 1
11 L 4 880 1
11 L 4 281 1
11 L 4 1751 1
11 D 723 880 1
11 D 723 281 1
11 D 723 1751 1
28 L 1 552 1
28 L 1 399 1
28 L 1 1759 1
28 D 998 552 1
28 D 998 399 1
28 D 998 1759 1
23 L 8 841 1
23 L 8 1441 1
23 L 8 1756 1
23 L 8 1527 1
23 D 472 841 1
23 D 472 1441 1
23 D 472 1756 1
23 D 472 1527 1
11 L 4 1411 1
11 L 4 328 1
11 L 4 1646 1
11 L 4 54 1
11 D 615 1411 1
11 D 615 328 1
11 D 615 1646 1
11 D 615 54 1
11 L 7 1979 1
11 D 615 1979 1
0 L 2 346 1
0 L 2 1894 1
0 D 328 346 1
0 D 328 1894 1
18 L 10 97 1
18 L 10 1264 1
18 D 911 97 1
18 D 911 1264 1
13 L 11 576 1
13 D 911 576 1
11 L 4 1640 1
11 L 4 1765 1
11 L 4 1590 1
11 D 332 1640 1
11 D 332 1765 1
11 D 332 1590 1
11 L 4 1285 1
11 L 4 1420 1
11 L 4 1277 1
11 D 425 1285 1
11 D 425 1420 1
11 D 425 1277 1
10 L 15 1061 1
10 L 15 1960 1
10 L 15 1455 1
10 D 345 1061 1
10 D 345 1960 1
10 D 345 1455 1
10 L 9 1192 1
10 D 345 1192 1
21 L 15 1704 1
21 L 15 468 1
21 D 410 1704 1
21 D 410 468 1
25 L 11 1056 1
25 L 11 1225 1
25 L 11 1966 1
25 L 11 1025 1
25 D 329 1056 1
25 D 329 1225 1
25 D 329 1966 1
25 D 329 1025 1
25 L 11 626 1
25 L 11 1059 1
25 L 11 1359 1
25 D 282 626 1
25 D 282 1059 1
25 D 282 1359 1
23 L 8 953 1
23 L 8 1866 1
23 D 765 953 1
23 D 765 1866 1
28 L 1 1138 1
28 D 765 1138 1
21 L 15 848 1
21 L 15 352 1
21 L 15 1037 1
21 L 15 334 1
21 D 962 848 1
21 D 962 352 1
21 D 962 1037 1
21 D 962 334 1
22 L 0 384 1
22 L 0 1280 1
22 L 0 1090 1
22 L 0 297 1
22 L 0 1977 1
22 D 20 384 1
22 D 20 1280 1
22 D 20 1090 1
22 D 20 297 1
22 D 20 1977 1
22 L 5 1512 1
22 D 20 1512 1
22 L 0 1896 1
22 L 0 1541 1
22 L 0 1127 1
22 D 993 1896 1
22 D 993 1541 1
22 D 993 1127 1
13 L 10 1050 1
13 L 10 1789 1
13 D 34 1050 1
13 D 34 1789 1
25 L 11 668 1
25 D 34 668 1
21 L 4 848 1
21 D 34 848 1
11 L 4 481 1
11 L 4 1490 1
11 L 4 1515 1
11 L 4 413 1
11 D 464 481 1
11 D 464 1490 1
11 D 464 1515 1
11 D 464 413 1
29 L 14 1597 1
29 L 14 445 1
29 L 14 979 1
29 D 24 1597 1
29 D 24 445 1
29 D 24 979 1
11 L 4 1945 1
11 L 4 1482 1
11 L 4 958 1
11 D 798 1945 1
11 D 798 1482 1
11 D 798 958 1
11 L 4 1464 1
11 L 4 773 1
11 D 999 1464 1
11 D 999 773 1
4 L 1 471 1
4 D 751 471 1
29 L 14 760 1
29 D 751 760 1
14 L 0 240 1
14 D 751 240 1
11 L 4 900 1
11 L 4 1677 1
11 D 768 900 1
11 D 768 1677 1
11 L 4 800 1
11 L 4 1028 1
11 L 4 631 1
11 D 335 800 1
11 D 335 1028 1
11 D 335 631 1
22 L 1 1782 1
22 L 1 1601 1
22 D 575 1782 1
22 D 575 1601 1
4 L 14 1670 1
4 D 575 1670 1
0 L 2 1010 1
0 L 2 100 1
0 D 957 1010 1
0 D 957 100 1
13 L 11 841 1
13 L 11 1075 1
13 L 11 1101 1
13 L 11 97 1
13 D 726 841 1
13 D 726 1075 1
13 D 726 1101 1
13 D 726 97 1
17 L 0 1034 1
17 L 0 27 1
17 L 0 907 1
17 L 0 235 1
17 D 791 1034 1
17 D 791 27 1
17 D 791 907 1
17 D 791 235 1
10 L 15 409 1
10 L 15 975 1
10 L 15 95 1
10 D 175 409 1
10 D 175 975 1
10 D 175 95 1
17 L 0 1936 1
17 L 0 185 1
17 L 0 725 1
17 L 0 1822 1
17 D 37 1936 1
17 D 37 185 1
17 D 37 725 1
17 D 37 1822 1
3 L 1 1843 1
3 L 1 247 1
3 D 391 1843 1
3 D 391 247 1
26 L 0 1673 1
26 D 391 1673 1
14 L 14 1755 1
14 D 391 1755 1
13 L 4 162 1
13 L 4 11 1
13 L 4 1596 1
13 L 4 996 1
13 D 411 162 1
13 D 411 11 1
13 D 411 1596 1
13 D 411 996 1
21 L 10 1617 1
21 L 10 970 1
21 L 10 1163 1
21 L 10 1765 1
21 D 660 1617 1
21 D 660 970 1
21 D 660 1163 1
21 D 660 1765 1
10 L 15 1993 1
10 L 15 1843 1
10 L 15 1545 1
10 D 609 1993 1
10 D 609 1843 1
10 D 609 1545 1
5 L 6 1747 1
5 L 6 157 1
5 D 123 1747 1
5 D 123 157 1
0 L 8 1436 1
0 L 8 743 1
0 D 465 1436 1
0 D 465 743 1
13 L 11 290 1
13 L 11 1863 1
13 D 112 290 1
13 D 112 1863 1
25 L 10 634 1
25 D 112 634 1
11 L 4 242 1
11 L 4 77 1
11 L 4 983 1
11 D 704 242 1
11 D 704 77 1
11 D 704 983 1
0 L 8 346 1
0 L 8 461 1
0 L 8 287 1
0 D 727 346 1
0 D 727 461 1
0 D 727 287 1
2 L 4 1888 1
2 L 4 412 1
2 L 4 1638 1
2 D 984 1888 1
2 D 984 412 1
2 D 984 1638 1
3 L 1 1462 1
3 L 1 573 1
3 L 1 1990 1
3 D 21 1462 1
3 D 21 573 1
3 D 21 1990 1
15 L 0 1387 1
15 D 21 1387 1
20 L 0 129 1
20 L 0 1714 1
20 L 0 1667 1
20 L 0 1023 1
20 D 373 129 1
20 D 373 1714 1
20 D 373 1667 1
20 D 373 1023 1
10 L 15 1520 1
10 L 15 1464 1
10 L 15 688 1
10 D 352 1520 1
10 D 352 1464 1
10 D 352 688 1
13 L 11 812 1
13 L 11 653 1
13 L 11 1558 1
13 L 11 1981 1
13 D 368 812 1
13 D 368 653 1
13 D 368 1558 1
13 D 368 1981 1
2 L 4 1313 1
2 L 4 1013 1
2 D 682 1313 1
2 D 682 1013 1
5 L 6 1584 1
5 L 6 1525 1
5 L 6 688 1
5 D 43 1584 1
5 D 43 1525 1
5 D 43 688 1
2 L 4 96 1
2 L 4 382 1
2 L 4 471 1
2 D 729 96 1
2 D 729 382 1
2 D 729 471 1
0 L 9 704 1
0 L 9 1479 1
0 L 9 1425 1
0 L 9 1269 1
0 L 9 287 1
0 D 577 704 1
0 D 577 1479 1
0 D 577 1425 1
0 D 577 1269 1
0 D 577 287 1
3 L 1 1857 1
3 L 1 1158 1
3 L 1 1022 1
3 D 310 1857 1
3 D 310 1158 1
3 D 310 1022 1
13 L 11 1496 1
13 L 11 850 1
13 L 11 558 1
13 D 514 1496 1
13 D 514 850 1
13 D 514 558 1
21 L 10 512 1
21 L 10 643 1
21 D 249 512 1
21 D 249 643 1
18 L 10 1556 1
18 D 249 1556 1
0 L 8 1393 1
0 L 8 957 1
0 D 564 1393 1
0 D 564 957 1
5 L 8 1911 1
5 D 564 1911 1
20 L 0 649 1
20 L 0 1915 1
20 L 0 1606 1
20 D 66 649 1
20 D 66 1915 1
20 D 66 1606 1
20 L 0 257 1
20 D 66 257 1
2 L 4 1250 1
2 L 4 572 1
2 D 240 1250 1
2 D 240 572 1
2 L 4 1558 1
2 D 240 1558 1
2 L 4 793 1
2 L 4 987 1
2 D 488 793 1
2 D 488 987 1
0 L 2 1758 1
0 D 488 1758 1
13 L 11 542 1
13 D 759 542 1
0 L 4 480 1
0 L 4 1274 1
0 D 759 480 1
0 D 759 1274 1
2 L 4 97 1
2 L 4 954 1
2 L 4 1955 1
2 D 436 97 1
2 D 436 954 1
2 D 436 1955 1
2 L 4 445 1
2 D 436 445 1
10 L 15 1455 1
10 L 15 115 1
10 L 15 726 1
10 L 15 983 1
10 D 333 1455 1
10 D 333 115 1
10 D 333 726 1
10 D 333 983 1
10 L 15 1913 1
10 D 333 1913 1
2 L 4 1344 1
2 D 40 1344 1
2 L 4 1964 1
2 D 40 1964 1
10 L 15 362 1
10 L 15 1713 1
10 D 658 362 1
10 D 658 1713 1
5 L 8 1 1
5 D 658 1 1
2 L 4 1264 1
2 L 4 905 1
2 L 4 1482 1
2 D 718 1264 1
2 D 718 905 1
2 D 718 1482 1
0 L 4 1303 1
0 D 718 1303 1
12 L 7 1489 1
12 L 7 1747 1
12 D 804 1489 1
12 D 804 1747 1
12 L 4 1154 1
12 L 4 1333 1
12 D 804 1154 1
12 D 804 1333 1
5 L 15 644 1
5 L 15 798 1
5 D 510 644 1
5 D 510 798 1
12 L 13 1103 1
12 D 510 1103 1
10 L 8 1457 1
10 L 8 398 1
10 D 659 1457 1
10 D 659 398 1
10 L 8 1902 1
10 D 659 1902 1
5 L 7 1923 1
5 L 7 1221 1
5 L 7 1030 1
5 D 322 1923 1
5 D 322 1221 1
5 D 322 1030 1
5 L 7 421 1
5 D 322 421 1
15 L 1 1662 1
15 L 1 1094 1
15 D 525 1662 1
15 D 525 1094 1
3 L 1 807 1
3 D 525 807 1
10 L 8 1456 1
10 L 8 929 1
10 D 201 1456 1
10 D 201 929 1
10 L 8 1011 1
10 D 201 1011 1
5 L 4 559 1
5 L 4 678 1
5 D 769 559 1
5 D 769 678 1
5 L 4 567 1
5 D 769 567 1
10 L 9 1488 1
10 L 9 1626 1
10 D 981 1488 1
10 D 981 1626 1
10 L 9 732 1
10 D 981 732 1
12 L 15 1064 1
12 L 15 83 1
12 D 474 1064 1
12 D 474 83 1
12 L 15 1989 1
12 D 474 1989 1
5 L 4 977 1
5 L 4 164 1
5 D 897 977 1
5 D 897 164 1
5 L 4 1289 1
5 D 897 1289 1
12 L 15 1877 1
12 L 15 52 1
12 L 15 1871 1
12 D 299 1877 1
12 D 299 52 1
12 D 299 1871 1
10 L 9 77 1
10 D 299 77 1
23 L 8 1200 1
23 L 8 883 1
23 L 8 948 1
23 D 439 1200 1
23 D 439 883 1
23 D 439 948 1
10 L 3 1383 1
10 D 439 1383 1
13 L 12 1938 1
13 L 12 1715 1
13 L 12 1818 1
13 D 982 1938 1
13 D 982 1715 1
13 D 982 1818 1
5 L 7 1851 1
5 D 982 1851 1
12 L 15 48 1
12 D 402 48 1
12 L 15 1549 1
12 D 402 1549 1
12 L 15 1536 1
12 L 15 1097 1
12 D 285 1536 1
12 D 285 1097 1
12 L 15 755 1
12 D 285 755 1
20 L 0 1062 1
20 L 0 1703 1
20 L 0 1579 1
20 L 0 748 1
20 D 932 1062 1
20 D 932 1703 1
20 D 932 1579 1
20 D 932 748 1
20 L 0 1627 1
20 D 932 1627 1
20 L 4 386 1
20 L 4 751 1
20 L 4 1234 1
20 L 4 1908 1
20 D 965 386 1
20 D 965 751 1
20 D 965 1234 1
20 D 965 1908 1
20 L 4 1022 1
20 D 965 1022 1
10 L 8 153 1
10 L 8 220 1
10 D 866 153 1
10 D 866 220 1
10 L 8 270 1
10 D 866 270 1
20 L 4 96 1
20 L 4 845 1
20 L 4 478 1
20 D 579 96 1
20 D 579 845 1
20 D 579 478 1
3 L 5 837 1
3 D 579 837 1
5 L 7 1912 1
5 L 7 1863 1
5 D 361 1912 1
5 D 361 1863 1
5 L 7 983 1
5 D 361 983 1
3 L 4 267 1
3 L 4 1572 1
3 D 546 267 1
3 D 546 1572 1
3 L 4 1447 1
3 D 546 1447 1
10 L 8 553 1
10 L 8 1875 1
10 L 8 1595 1
10 D 308 553 1
10 D 308 1875 1
10 D 308 1595 1
23 L 8 1094 1
23 D 308 1094 1
10 L 6 1305 1
10 L 6 21 1
10 D 117 1305 1
10 D 117 21 1
10 L 6 239 1
10 D 117 239 1
9 L 0 252 1
9 L 0 764 1
9 L 0 270 1
9 D 146 252 1
9 D 146 764 1
9 D 146 270 1
9 L 0 335 1
9 D 146 335 1
9 L 0 1547 1
9 L 0 659 1
9 L 0 820 1
9 D 935 1547 1
9 D 935 659 1
9 D 935 820 1
9 L 0 1052 1
9 D 935 1052 1
3 L 4 89 1
3 L 4 1956 1
3 L 4 1936 1
3 L 4 112 1
3 D 693 89 1
3 D 693 1956 1
3 D 693 1936 1
3 D 693 112 1
3 L 4 281 1
3 D 693 281 1
5 L 13 265 1
5 L 13 554 1
5 D 250 265 1
5 D 250 554 1
5 L 13 107 1
5 D 250 107 1
13 L 11 520 1
13 L 11 594 1
13 L 11 1042 1
13 D 913 520 1
13 D 913 594 1
13 D 913 1042 1
25 L 11 696 1
25 D 913 696 1
3 L 4 1455 1
3 L 4 1712 1
3 L 4 1916 1
3 D 794 1455 1
3 D 794 1712 1
3 D 794 1916 1
13 L 11 1529 1
13 L 11 1433 1
13 D 794 1529 1
13 D 794 1433 1
25 L 11 1704 1
25 D 107 1704 1
25 L 11 1357 1
25 D 107 1357 1
9 L 0 1528 1
9 L 0 1803 1
9 D 91 1528 1
9 D 91 1803 1
15 L 5 1201 1
15 D 91 1201 1
3 L 4 305 1
3 L 4 1321 1
3 D 906 305 1
3 D 906 1321 1
9 L 0 1492 1
9 D 906 1492 1
13 L 4 742 1
13 L 4 719 1
13 L 4 1402 1
13 L 4 63 1
13 D 663 742 1
13 D 663 719 1
13 D 663 1402 1
13 D 663 63 1
20 L 4 508 1
20 D 663 508 1
23 L 8 609 1
23 L 8 130 1
23 L 8 741 1
23 L 8 278 1
23 D 666 609 1
23 D 666 130 1
23 D 666 741 1
23 D 666 278 1
23 L 3 1587 1
23 D 666 1587 1
18 L 10 597 1
18 D 656 597 1
25 L 11 720 1
25 L 11 420 1
25 L 11 437 1
25 D 656 720 1
25 D 656 420 1
25 D 656 437 1
5 L 15 6 1
5 L 15 460 1
5 L 15 335 1
5 L 15 1595 1
5 D 261 6 1
5 D 261 460 1
5 D 261 335 1
5 D 261 1595 1
5 L 15 1149 1
5 D 261 1149 1
3 L 4 473 1
3 D 687 473 1
3 L 11 23 1
3 L 11 1407 1
3 D 687 23 1
3 D 687 1407 1
23 L 2 1962 1
23 L 2 806 1
23 D 711 1962 1
23 D 711 806 1
23 L 2 1455 1
23 D 711 1455 1
3 L 4 1482 1
3 L 4 1868 1
3 L 4 696 1
3 D 843 1482 1
3 D 843 1868 1
3 D 843 696 1
14 L 1 1291 1
14 L 1 657 1
14 D 843 1291 1
14 D 843 657 1
3 L 4 600 1
3 L 4 1002 1
3 L 4 1370 1
3 D 389 600 1
3 D 389 1002 1
3 D 389 1370 1
3 L 11 668 1
3 D 389 668 1
5 L 9 1633 1
5 L 9 1891 1
5 L 9 1423 1
5 L 9 1490 1
5 L 9 1086 1
5 D 639 1633 1
5 D 639 1891 1
5 D 639 1423 1
5 D 639 1490 1
5 D 639 1086 1
5 L 9 1300 1
5 D 639 1300 1
29 L 14 1886 1
29 L 14 290 1
29 L 14 1988 1
29 D 105 1886 1
29 D 105 290 1
29 D 105 1988 1
29 L 14 790 1
29 D 105 790 1
29 L 14 1220 1
29 L 14 92 1
29 L 14 1950 1
29 D 487 1220 1
29 D 487 92 1
29 D 487 1950 1
29 L 14 911 1
29 D 487 911 1
15 L 0 1738 1
15 L 0 1643 1
15 L 0 1106 1
15 D 507 1738 1
15 D 507 1643 1
15 D 507 1106 1
15 L 0 1598 1
15 D 507 1598 1
5 L 3 832 1
5 L 3 1093 1
5 L 3 71 1
5 D 527 832 1
5 D 527 1093 1
5 D 527 71 1
5 L 3 1191 1
5 D 527 1191 1
29 L 6 1607 1
29 L 6 1997 1
29 L 6 1299 1
29 L 6 534 1
29 D 989 1607 1
29 D 989 1997 1
29 D 989 1299 1
29 D 989 534 1
29 L 6 1527 1
29 D 989 1527 1
3 L 4 1601 1
3 L 4 1265 1
3 L 4 1571 1
3 D 699 1601 1
3 D 699 1265 1
3 D 699 1571 1
3 L 4 1070 1
3 D 699 1070 1
15 L 0 1446 1
15 L 0 1482 1
15 L 0 1839 1
15 D 291 1446 1
15 D 291 1482 1
15 D 291 1839 1
15 L 0 759 1
15 D 291 759 1
3 L 4 1341 1
3 D 291 1341 1
14 L 4 1209 1
14 L 4 1287 1
14 D 220 1209 1
14 D 220 1287 1
14 L 4 394 1
14 D 220 394 1
3 L 0 806 1
3 L 0 1638 1
3 L 0 1547 1
3 L 0 1870 1
3 D 92 806 1
3 D 92 1638 1
3 D 92 1547 1
3 D 92 1870 1
3 L 0 764 1
3 D 92 764 1
14 L 4 1415 1
14 L 4 388 1
14 L 4 1703 1
14 D 324 1415 1
14 D 324 388 1
14 D 324 1703 1
14 L 4 1157 1
14 D 324 1157 1
3 L 0 523 1
3 L 0 25 1
3 L 0 795 1
3 D 395 523 1
3 D 395 25 1
3 D 395 795 1
15 L 0 1260 1
15 D 395 1260 1
5 L 15 105 1
5 L 15 1828 1
5 L 15 223 1
5 D 939 105 1
5 D 939 1828 1
5 D 939 223 1
12 L 7 1532 1
12 D 939 1532 1
29 L 6 801 1
29 L 6 1681 1
29 D 326 801 1
29 D 326 1681 1
29 L 6 747 1
29 D 326 747 1
3 L 0 1832 1
3 L 0 409 1
3 D 17 1832 1
3 D 17 409 1
3 L 0 1717 1
3 D 17 1717 1
3 L 5 723 1
3 D 17 723 1
3 L 1 512 1
3 L 1 1097 1
3 L 1 338 1
3 D 67 512 1
3 D 67 1097 1
3 D 67 338 1
3 L 1 1329 1
3 D 67 1329 1
5 L 15 1561 1
5 L 15 675 1
5 L 15 724 1
5 D 74 1561 1
5 D 74 675 1
5 D 74 724 1
5 L 15 1214 1
5 D 74 1214 1
5 L 15 905 1
5 L 15 1523 1
5 L 15 1527 1
5 L 15 537 1
5 D 210 905 1
5 D 210 1523 1
5 D 210 1527 1
5 D 210 537 1
5 L 15 764 1
5 D 210 764 1
3 L 14 900 1
3 L 14 780 1
3 D 789 900 1
3 D 789 780 1
3 L 14 917 1
3 D 789 917 1
19 L 1 541 1
19 L 1 1939 1
19 L 1 1277 1
19 D 167 541 1
19 D 167 1939 1
19 D 167 1277 1
19 L 14 1439 1
19 D 167 1439 1
19 L 1 41 1
19 L 1 1453 1
19 D 195 41 1
19 D 195 1453 1
19 L 0 108 1
19 L 0 966 1
19 D 195 108 1
19 D 195 966 1
5 L 15 840 1
5 L 15 1807 1
5 L 15 372 1
5 L 15 1462 1
5 D 283 840 1
5 D 283 1807 1
5 D 283 372 1
5 D 283 1462 1
5 L 15 1625 1
5 D 283 1625 1
7 L 12 1176 1
7 L 12 1777 1
7 L 12 730 1
7 D 882 1176 1
7 D 882 1777 1
7 D 882 730 1
7 L 12 836 1
7 D 882 836 1
7 L 12 144 1
7 L 12 1769 1
7 L 12 1075 1
7 D 907 144 1
7 D 907 1769 1
7 D 907 1075 1
7 L 12 1447 1
7 D 907 1447 1
5 L 15 49 1
5 L 15 114 1
5 D 540 49 1
5 D 540 114 1
12 L 15 338 1
12 D 540 338 1
3 L 14 452 1
3 L 14 591 1
3 L 14 1304 1
3 L 14 1309 1
3 L 14 126 1
3 D 995 452 1
3 D 995 591 1
3 D 995 1304 1
3 D 995 1309 1
3 D 995 126 1
3 L 14 538 1
3 D 995 538 1
5 L 15 1368 1
5 L 15 147 1
5 L 15 1916 1
5 D 126 1368 1
5 D 126 147 1
5 D 126 1916 1
5 L 15 422 1
5 D 126 422 1
12 L 8 704 1
12 L 8 971 1
12 L 8 723 1
12 D 132 704 1
12 D 132 971 1
12 D 132 723 1
12 L 8 476 1
12 D 132 476 1
7 L 7 1912 1
7 L 7 218 1
7 L 7 806 1
7 D 87 1912 1
7 D 87 218 1
7 D 87 806 1
7 L 7 1542 1
7 D 87 1542 1
7 L 7 1602 1
7 L 7 872 1
7 L 7 1294 1
7 D 194 1602 1
7 D 194 872 1
7 D 194 1294 1
7 L 7 687 1
7 D 194 687 1
12 L 8 1906 1
12 D 194 1906 1
14 L 11 1545 1
14 L 11 419 1
14 D 604 1545 1
14 D 604 419 1
14 L 11 455 1
14 D 604 455 1
9 L 4 552 1
9 L 4 713 1
9 L 4 1230 1
9 D 62 552 1
9 D 62 713 1
9 D 62 1230 1
9 L 4 477 1
9 D 62 477 1
9 L 4 1617 1
9 L 4 890 1
9 L 4 1658 1
9 D 750 1617 1
9 D 750 890 1
9 D 750 1658 1
19 L 0 1880 1
19 D 750 1880 1
15 L 0 720 1
15 L 0 1053 1
15 L 0 1054 1
15 D 752 720 1
15 D 752 1053 1
15 D 752 1054 1
9 L 4 507 1
9 D 752 507 1
19 L 4 1186 1
19 L 4 275 1
19 L 4 1715 1
19 L 4 191 1
19 D 302 1186 1
19 D 302 275 1
19 D 302 1715 1
19 D 302 191 1
19 L 4 860 1
19 D 302 860 1
28 L 8 1720 1
28 L 8 751 1
28 L 8 1874 1
28 D 493 1720 1
28 D 493 751 1
28 D 493 1874 1
28 L 8 1142 1
28 D 493 1142 1
28 L 3 824 1
28 D 493 824 1
28 L 8 857 1
28 L 8 1538 1
28 L 8 1050 1
28 D 529 857 1
28 D 529 1538 1
28 D 529 1050 1
29 L 6 1679 1
29 D 529 1679 1
3 L 1 713 1
3 L 1 1164 1
3 D 620 713 1
3 D 620 1164 1
3 L 5 984 1
3 L 5 1977 1
3 D 620 984 1
3 D 620 1977 1
3 L 1 737 1
3 L 1 642 1
3 D 820 737 1
3 D 820 642 1
3 L 0 953 1
3 D 820 953 1
5 L 3 1100 1
5 D 820 1100 1
7 L 15 1000 1
7 L 15 114 1
7 L 15 18 1
7 L 15 1977 1
7 D 683 1000 1
7 D 683 114 1
7 D 683 18 1
7 D 683 1977 1
7 L 15 475 1
7 D 683 475 1
19 L 4 1304 1
19 L 4 913 1
19 D 106 1304 1
19 D 106 913 1
19 L 4 391 1
19 D 106 391 1
7 L 15 559 1
7 L 15 1829 1
7 L 15 967 1
7 D 736 559 1
7 D 736 1829 1
7 D 736 967 1
12 L 13 20 1
12 D 736 20 1
28 L 8 1540 1
28 L 8 1289 1
28 L 8 1513 1
28 D 898 1540 1
28 D 898 1289 1
28 D 898 1513 1
29 L 8 1041 1
29 L 8 1881 1
29 D 898 1041 1
29 D 898 1881 1
7 L 15 482 1
7 L 15 871 1
7 L 15 617 1
7 L 15 299 1
7 L 15 189 1
7 D 586 482 1
7 D 586 871 1
7 D 586 617 1
7 D 586 299 1
7 D 586 189 1
7 L 15 201 1
7 D 586 201 1
14 L 11 1672 1
14 L 11 521 1
14 L 11 1913 1
14 D 551 1672 1
14 D 551 521 1
14 D 551 1913 1
14 L 11 1384 1
14 D 551 1384 1
19 L 4 2 1
19 L 4 363 1
19 L 4 720 1
19 D 760 2 1
19 D 760 363 1
19 D 760 720 1
19 L 4 172 1
19 L 4 22 1
19 D 760 172 1
19 D 760 22 1
28 L 8 1633 1
28 L 8 911 1
28 L 8 1525 1
28 D 469 1633 1
28 D 469 911 1
28 D 469 1525 1
28 L 8 218 1
28 D 469 218 1
28 L 9 328 1
28 D 469 328 1
28 L 8 164 1
28 L 8 491 1
28 L 8 1013 1
28 D 54 164 1
28 D 54 491 1
28 D 54 1013 1
28 L 8 730 1
28 D 54 730 1
7 L 15 1203 1
7 D 54 1203 1
10 L 6 233 1
10 L 6 400 1
10 L 6 1138 1
10 L 6 312 1
10 D 419 233 1
10 D 419 400 1
10 D 419 1138 1
10 D 419 312 1
10 L 6 26 1
10 L 6 1342 1
10 D 419 26 1
10 D 419 1342 1
19 L 4 67 1
19 L 4 1163 1
19 L 4 1868 1
19 L 4 1043 1
19 D 277 67 1
19 D 277 1163 1
19 D 277 1868 1
19 D 277 1043 1
19 L 4 1366 1
19 D 277 1366 1
19 L 11 914 1
19 L 11 1098 1
19 L 11 509 1
19 D 976 914 1
19 D 976 1098 1
19 D 976 509 1
19 L 11 1903 1
19 D 976 1903 1
13 L 4 1810 1
13 L 4 1139 1
13 L 4 56 1
13 D 645 1810 1
13 D 645 1139 1
13 D 645 56 1
13 L 4 348 1
13 D 645 348 1
12 L 7 1598 1
12 D 645 1598 1
23 L 2 896 1
23 L 2 1045 1
23 D 555 896 1
23 D 555 1045 1
23 L 2 790 1
23 L 2 463 1
23 D 555 790 1
23 D 555 463 1
3 L 0 901 1
3 L 0 688 1
3 L 0 1554 1
3 D 623 901 1
3 D 623 688 1
3 D 623 1554 1
5 L 0 1976 1
5 D 623 1976 1
12 L 4 861 1
12 D 623 861 1
19 L 11 1481 1
19 L 11 852 1
19 D 505 1481 1
19 D 505 852 1
19 L 11 427 1
19 D 505 427 1
13 L 4 1075 1
13 L 4 1794 1
13 D 896 1075 1
13 D 896 1794 1
13 L 4 859 1
13 D 896 859 1
10 L 14 456 1
10 L 14 1196 1
10 L 14 1541 1
10 D 304 456 1
10 D 304 1196 1
10 D 304 1541 1
10 L 14 167 1
10 D 304 167 1
18 L 10 1402 1
18 L 10 1260 1
18 L 10 406 1
18 D 552 1402 1
18 D 552 1260 1
18 D 552 406 1
25 L 10 422 1
25 D 552 422 1
7 L 8 383 1
7 L 8 717 1
7 L 8 1427 1
7 L 8 1567 1
7 D 950 383 1
7 D 950 717 1
7 D 950 1427 1
7 D 950 1567 1
28 L 8 727 1
28 L 8 1567 1
28 D 950 727 1
28 D 950 1567 1
13 L 4 1089 1
13 L 4 1087 1
13 D 734 1089 1
13 D 734 1087 1
20 L 4 639 1
20 D 734 639 1
7 L 15 1008 1
7 D 734 1008 1
3 L 0 68 1
3 L 0 614 1
3 L 0 44 1
3 L 0 1631 1
3 D 325 68 1
3 D 325 614 1
3 D 325 44 1
3 D 325 1631 1
3 L 0 795 1
3 D 325 795 1
9 L 4 384 1
9 L 4 1536 1
9 L 4 863 1
9 D 802 384 1
9 D 802 1536 1
9 D 802 863 1
9 L 4 90 1
9 D 802 90 1
3 L 1 1550 1
3 L 1 244 1
3 L 1 1589 1
3 L 1 446 1
3 D 434 1550 1
3 D 434 244 1
3 D 434 1589 1
3 D 434 446 1
5 L 0 333 1
5 D 434 333 1
28 L 15 399 1
28 L 15 720 1
28 L 15 1489 1
28 L 15 114 1
28 D 987 399 1
28 D 987 720 1
28 D 987 1489 1
28 D 987 114 1
28 L 15 119 1
28 L 15 1688 1
28 D 987 119 1
28 D 987 1688 1
3 L 1 1841 1
3 L 1 691 1
3 L 1 1173 1
3 D 447 1841 1
3 D 447 691 1
3 D 447 1173 1
5 L 1 1897 1
5 D 447 1897 1
10 L 14 1313 1
10 L 14 1786 1
10 D 108 1313 1
10 D 108 1786 1
10 L 14 1653 1
10 L 14 1641 1
10 D 108 1653 1
10 D 108 1641 1
19 L 11 1093 1
19 L 11 1482 1
19 L 11 882 1
19 L 11 861 1
19 D 653 1093 1
19 D 653 1482 1
19 D 653 882 1
19 D 653 861 1
9 L 11 853 1
9 D 653 853 1
28 L 3 288 1
28 L 3 551 1
28 L 3 1610 1
28 L 3 1719 1
28 D 859 288 1
28 D 859 551 1
28 D 859 1610 1
28 D 859 1719 1
28 L 3 1853 1
28 D 859 1853 1
28 L 8 825 1
28 D 859 825 1
15 L 4 1696 1
15 L 4 1798 1
15 L 4 1163 1
15 L 4 364 1
15 L 4 1969 1
15 D 800 1696 1
15 D 800 1798 1
15 D 800 1163 1
15 D 800 364 1
15 D 800 1969 1
15 L 4 950 1
15 L 4 856 1
15 D 800 950 1
15 D 800 856 1
15 L 4 1792 1
15 L 4 153 1
15 D 443 1792 1
15 D 443 153 1
15 L 4 1884 1
15 L 4 71 1
15 D 443 1884 1
15 D 443 71 1
15 L 7 1500 1
15 L 7 468 1
15 D 926 1500 1
15 D 926 468 1
15 L 7 1467 1
15 D 926 1467 1
12 L 0 794 1
12 L 0 1451 1
12 L 0 54 1
12 D 77 794 1
12 D 77 1451 1
12 D 77 54 1
12 L 0 453 1
12 D 77 453 1
15 L 4 1441 1
15 L 4 1448 1
15 L 4 108 1
15 L 4 787 1
15 L 4 1405 1
15 D 347 1441 1
15 D 347 1448 1
15 D 347 108 1
15 D 347 787 1
15 D 347 1405 1
15 L 4 662 1
15 D 347 662 1
12 L 0 162 1
12 L 0 1828 1
12 L 0 1029 1
12 L 0 1617 1
12 L 0 1818 1
12 L 0 27 1
12 D 756 162 1
12 D 756 1828 1
12 D 756 1029 1
12 D 756 1617 1
12 D 756 1818 1
12 D 756 27 1
15 L 4 1695 1
15 D 756 1695 1
10 L 5 951 1
10 L 5 1147 1
10 D 979 951 1
10 D 979 1147 1
10 L 5 175 1
10 D 979 175 1
29 L 6 231 1
29 L 6 904 1
29 L 6 372 1
29 L 6 926 1
29 D 187 231 1
29 D 187 904 1
29 D 187 372 1
29 D 187 926 1
29 L 6 1584 1
29 D 187 1584 1
29 L 14 610 1
29 L 14 970 1
29 L 14 1908 1
29 L 14 184 1
29 D 229 610 1
29 D 229 970 1
29 D 229 1908 1
29 D 229 184 1
29 L 14 499 1
29 D 229 499 1
0 L 4 1285 1
0 L 4 1289 1
0 L 4 1883 1
0 D 432 1285 1
0 D 432 1289 1
0 D 432 1883 1
0 L 4 921 1
0 L 4 1594 1
0 D 432 921 1
0 D 432 1594 1
0 L 4 1580 1
0 L 4 421 1
0 D 412 1580 1
0 D 412 421 1
0 L 4 1559 1
0 D 412 1559 1
0 L 11 1049 1
0 L 11 1233 1
0 D 924 1049 1
0 D 924 1233 1
18 L 10 893 1
18 D 924 893 1
28 L 8 1701 1
28 L 8 904 1
28 L 8 492 1
28 D 567 1701 1
28 D 567 904 1
28 D 567 492 1
28 L 8 1342 1
28 D 567 1342 1
28 L 3 1112 1
28 D 567 1112 1
28 L 15 1482 1
28 L 15 652 1
28 L 15 1886 1
28 D 268 1482 1
28 D 268 652 1
28 D 268 1886 1
28 L 13 353 1
28 D 268 353 1
28 L 7 15 1
28 L 7 753 1
28 L 7 1522 1
28 D 908 15 1
28 D 908 753 1
28 D 908 1522 1
28 L 7 113 1
28 L 7 220 1
28 D 908 113 1
28 D 908 220 1
23 L 8 1637 1
23 L 8 1033 1
23 L 8 1433 1
23 D 275 1637 1
23 D 275 1033 1
23 D 275 1433 1
23 L 8 794 1
23 D 275 794 1
29 L 6 837 1
29 D 275 837 1
10 L 0 1209 1
10 D 522 1209 1
16 L 0 1618 1
16 D 522 1618 1
28 L 4 1850 1
28 D 522 1850 1
26 L 1 1538 1
26 L 1 643 1
26 L 1 1309 1
26 D 502 1538 1
26 D 502 643 1
26 D 502 1309 1
26 L 1 104 1
26 L 1 822 1
26 D 502 104 1
26 D 502 822 1
2 L 4 1607 1
2 L 4 1833 1
2 L 4 1556 1
2 D 790 1607 1
2 D 790 1833 1
2 D 790 1556 1
2 L 4 701 1
2 L 4 1215 1
2 D 790 701 1
2 D 790 1215 1
26 L 14 1123 1
26 L 14 823 1
26 L 14 1744 1
26 D 84 1123 1
26 D 84 823 1
26 D 84 1744 1
26 L 14 500 1
26 L 14 1047 1
26 D 84 500 1
26 D 84 1047 1
26 L 6 1075 1
26 D 84 1075 1
14 L 12 421 1
14 L 12 875 1
14 L 12 1337 1
14 D 803 421 1
14 D 803 875 1
14 D 803 1337 1
14 L 12 1853 1
14 D 803 1853 1
2 L 7 993 1
2 D 803 993 1
3 L 1 1411 1
3 L 1 1860 1
3 L 1 1957 1
3 D 613 1411 1
3 D 613 1860 1
3 D 613 1957 1
3 L 1 1611 1
3 L 1 755 1
3 D 613 1611 1
3 D 613 755 1
23 L 8 1025 1
23 L 8 1475 1
23 L 8 233 1
23 L 8 907 1
23 L 8 939 1
23 L 8 720 1
23 D 690 1025 1
23 D 690 1475 1
23 D 690 233 1
23 D 690 907 1
23 D 690 939 1
23 D 690 720 1
23 L 2 1588 1
23 D 690 1588 1
7 L 15 1440 1
7 L 15 1316 1
7 L 15 1324 1
7 L 15 1018 1
7 L 15 1983 1
7 D 833 1440 1
7 D 833 1316 1
7 D 833 1324 1
7 D 833 1018 1
7 D 833 1983 1
7 L 15 477 1
7 L 15 1118 1
7 D 833 477 1
7 D 833 1118 1
29 L 8 96 1
29 L 8 673 1
29 L 8 1001 1
29 D 93 96 1
29 D 93 673 1
29 D 93 1001 1
29 L 8 723 1
29 L 8 533 1
29 D 93 723 1
29 D 93 533 1
13 L 4 11 1
13 L 4 853 1
13 L 4 314 1
13 D 99 11 1
13 D 99 853 1
13 D 99 314 1
13 L 4 1023 1
13 D 99 1023 1
0 L 11 856 1
0 D 99 856 1
26 L 6 1250 1
26 L 6 870 1
26 L 6 1802 1
26 D 795 1250 1
26 D 795 870 1
26 D 795 1802 1
26 L 6 1234 1
26 L 6 214 1
26 D 795 1234 1
26 D 795 214 1
29 L 8 961 1
29 L 8 937 1
29 L 8 661 1
29 L 8 954 1
29 L 8 1790 1
29 D 692 961 1
29 D 692 937 1
29 D 692 661 1
29 D 692 954 1
29 D 692 1790 1
7 L 3 1011 1
7 D 692 1011 1
3 L 5 213 1
3 D 692 213 1
0 L 4 1108 1
0 L 4 534 1
0 D 281 1108 1
0 D 281 534 1
13 L 4 747 1
13 D 281 747 1
0 L 15 1635 1
0 D 281 1635 1
3 L 3 431 1
3 L 3 1425 1
3 L 3 17 1
3 L 3 115 1
3 D 535 431 1
3 D 535 1425 1
3 D 535 17 1
3 D 535 115 1
3 L 3 1909 1
3 D 535 1909 1
3 L 15 1311 1
3 D 535 1311 1
27 L 0 1241 1
27 L 0 1451 1
27 L 0 139 1
27 D 109 1241 1
27 D 109 1451 1
27 D 109 139 1
27 L 0 1142 1
27 L 0 1943 1
27 L 0 1113 1
27 D 109 1142 1
27 D 109 1943 1
27 D 109 1113 1
3 L 15 1896 1
3 L 15 1530 1
3 L 15 116 1
3 D 648 1896 1
3 D 648 1530 1
3 D 648 116 1
3 L 15 703 1
3 D 648 703 1
3 L 9 1785 1
3 L 9 26 1
3 L 9 1091 1
3 D 888 1785 1
3 D 888 26 1
3 D 888 1091 1
3 L 9 1830 1
3 D 888 1830 1
0 L 4 199 1
0 L 4 1771 1
0 L 4 1839 1
0 D 137 199 1
0 D 137 1771 1
0 D 137 1839 1
0 L 4 1106 1
0 L 4 438 1
0 D 137 1106 1
0 D 137 438 1
18 L 11 1120 1
18 L 11 1414 1
18 L 11 1224 1
18 D 912 1120 1
18 D 912 1414 1
18 D 912 1224 1
0 L 11 111 1
0 L 11 119 1
0 D 912 111 1
0 D 912 119 1
27 L 0 465 1
27 L 0 1363 1
27 D 468 465 1
27 D 468 1363 1
27 L 0 879 1
27 L 0 1905 1
27 D 468 879 1
27 D 468 1905 1
13 L 15 622 1
13 L 15 942 1
13 L 15 723 1
13 L 15 85 1
13 D 673 622 1
13 D 673 942 1
13 D 673 723 1
13 D 673 85 1
13 L 15 1751 1
13 L 15 283 1
13 L 15 1853 1
13 D 673 1751 1
13 D 673 283 1
13 D 673 1853 1
13 L 15 192 1
13 L 15 295 1
13 L 15 1101 1
13 D 901 192 1
13 D 901 295 1
13 D 901 1101 1
13 L 15 1135 1
13 L 15 468 1
13 D 901 1135 1
13 D 901 468 1
5 L 1 1413 1
5 L 1 1289 1
5 L 1 400 1
5 D 292 1413 1
5 D 292 1289 1
5 D 292 400 1
5 L 1 631 1
5 L 1 89 1
5 D 292 631 1
5 D 292 89 1
27 L 0 1039 1
27 D 292 1039 1
24 L 0 1200 1
24 L 0 772 1
24 L 0 1287 1
24 D 775 1200 1
24 D 775 772 1
24 D 775 1287 1
24 L 0 1677 1
24 D 775 1677 1
13 L 7 1415 1
13 L 7 429 1
13 L 7 525 1
13 D 626 1415 1
13 D 626 429 1
13 D 626 525 1
13 L 7 816 1
13 L 7 1078 1
13 D 626 816 1
13 D 626 1078 1
13 L 4 690 1
13 L 4 919 1
13 L 4 1691 1
13 D 676 690 1
13 D 676 919 1
13 D 676 1691 1
13 L 4 505 1
13 L 4 765 1
13 D 676 505 1
13 D 676 765 1
24 L 0 466 1
24 L 0 1803 1
24 D 214 466 1
24 D 214 1803 1
24 L 0 1380 1
24 L 0 421 1
24 D 214 1380 1
24 D 214 421 1
5 L 1 1923 1
5 L 1 1323 1
5 L 1 410 1
5 D 242 1923 1
5 D 242 1323 1
5 D 242 410 1
13 L 4 1232 1
13 L 4 1878 1
13 D 242 1232 1
13 D 242 1878 1
3 L 8 1350 1
3 L 8 41 1
3 L 8 749 1
3 L 8 1651 1
3 D 459 1350 1
3 D 459 41 1
3 D 459 749 1
3 D 459 1651 1
3 L 8 1198 1
3 D 459 1198 1
3 L 14 1117 1
3 D 459 1117 1
20 L 7 1097 1
20 L 7 591 1
20 L 7 660 1
20 L 7 661 1
20 D 445 1097 1
20 D 445 591 1
20 D 445 660 1
20 D 445 661 1
20 L 7 859 1
20 D 445 859 1
20 L 12 1333 1
20 D 445 1333 1
20 L 4 261 1
20 L 4 1416 1
20 L 4 1195 1
20 D 97 261 1
20 D 97 1416 1
20 D 97 1195 1
20 L 4 653 1
20 L 4 1713 1
20 D 97 653 1
20 D 97 1713 1
25 L 10 1024 1
25 L 10 483 1
25 L 10 688 1
25 L 10 1849 1
25 D 834 1024 1
25 D 834 483 1
25 D 834 688 1
25 D 834 1849 1
25 L 10 90 1
25 L 10 1788 1
25 D 834 90 1
25 D 834 1788 1
3 L 14 34 1
3 L 14 770 1
3 L 14 749 1
3 D 667 34 1
3 D 667 770 1
3 D 667 749 1
3 L 14 1489 1
3 L 14 1821 1
3 D 667 1489 1
3 D 667 1821 1
27 L 1 480 1
27 L 1 1021 1
27 L 1 1502 1
27 D 783 480 1
27 D 783 1021 1
27 D 783 1502 1
27 L 5 1037 1
27 L 5 476 1
27 D 783 1037 1
27 D 783 476 1
0 L 11 1289 1
0 L 11 1098 1
0 L 11 1771 1
0 D 490 1289 1
0 D 490 1098 1
0 D 490 1771 1
0 L 11 921 1
0 D 490 921 1
25 L 10 1576 1
25 D 490 1576 1
7 L 8 1098 1
7 L 8 1420 1
7 L 8 1234 1
7 L 8 1651 1
7 D 563 1098 1
7 D 563 1420 1
7 D 563 1234 1
7 D 563 1651 1
7 L 8 1211 1
7 L 8 1020 1
7 D 563 1211 1
7 D 563 1020 1
23 L 2 318 1
23 D 563 318 1
7 L 8 163 1
7 L 8 805 1
7 L 8 1290 1
7 L 8 1843 1
7 D 135 163 1
7 D 135 805 1
7 D 135 1290 1
7 D 135 1843 1
7 L 8 1363 1
7 D 135 1363 1
7 L 9 571 1
7 D 135 571 1
27 L 0 1297 1
27 L 0 1452 1
27 D 403 1297 1
27 D 403 1452 1
27 L 0 734 1
27 D 403 734 1
27 L 5 1811 1
27 D 403 1811 1
7 L 15 193 1
7 L 15 299 1
7 L 15 1677 1
7 L 15 81 1
7 D 875 193 1
7 D 875 299 1
7 D 875 1677 1
7 D 875 81 1
7 L 15 783 1
7 L 15 1974 1
7 D 875 783 1
7 D 875 1974 1
3 L 1 1057 1
3 L 1 649 1
3 L 1 553 1
3 L 1 696 1
3 D 423 1057 1
3 D 423 649 1
3 D 423 553 1
3 D 423 696 1
3 L 1 1357 1
3 D 423 1357 1
20 L 4 1785 1
20 L 4 1095 1
20 D 48 1785 1
20 D 48 1095 1
20 L 4 563 1
20 D 48 563 1
3 L 14 421 1
3 L 14 1329 1
3 L 14 1812 1
3 L 14 184 1
3 L 14 1981 1
3 D 554 421 1
3 D 554 1329 1
3 D 554 1812 1
3 D 554 184 1
3 D 554 1981 1
3 L 14 185 1
3 L 14 575 1
3 D 554 185 1
3 D 554 575 1
7 L 3 1387 1
7 D 554 1387 1
20 L 7 1863 1
20 L 7 488 1
20 L 7 1204 1
20 L 7 1084 1
20 D 5 1863 1
20 D 5 488 1
20 D 5 1204 1
20 D 5 1084 1
20 L 7 1481 1
20 D 5 1481 1
23 L 8 553 1
23 L 8 1003 1
23 D 176 553 1
23 D 176 1003 1
23 L 8 1313 1
23 D 176 1313 1
20 L 15 587 1
20 L 15 476 1
20 D 70 587 1
20 D 70 476 1
20 L 15 974 1
20 L 15 1108 1
20 D 70 974 1
20 D 70 1108 1
24 L 4 1056 1
24 L 4 931 1
24 L 4 1987 1
24 L 4 942 1
24 L 4 1425 1
24 L 4 1715 1
24 L 4 1207 1
24 L 4 1628 1
24 L 4 1086 1
24 D 964 1056 1
24 D 964 931 1
24 D 964 1987 1
24 D 964 942 1
24 D 964 1425 1
24 D 964 1715 1
24 D 964 1207 1
24 D 964 1628 1
24 D 964 1086 1
24 L 4 1559 1
24 D 964 1559 1
0 L 11 196 1
0 L 11 484 1
0 L 11 979 1
0 D 111 196 1
0 D 111 484 1
0 D 111 979 1
24 L 4 1907 1
24 D 111 1907 1
21 L 10 1125 1
21 D 111 1125 1
2 L 12 856 1
2 L 12 1379 1
2 D 297 856 1
2 D 297 1379 1
2 L 12 1948 1
2 D 297 1948 1
2 L 7 462 1
2 D 297 462 1
27 L 0 1644 1
27 L 0 1054 1
27 L 0 1886 1
27 D 159 1644 1
27 D 159 1054 1
27 D 159 1886 1
0 L 4 343 1
0 D 159 343 1
0 L 5 1181 1
0 D 159 1181 1
20 L 15 99 1
20 L 15 8 1
20 D 494 99 1
20 D 494 8 1
20 L 15 975 1
20 L 15 123 1
20 D 494 975 1
20 D 494 123 1
23 L 3 248 1
23 D 494 248 1
21 L 4 97 1
21 L 4 449 1
21 L 4 1005 1
21 D 184 97 1
21 D 184 449 1
21 D 184 1005 1
21 L 4 307 1
21 L 4 1080 1
21 L 4 383 1
21 D 184 307 1
21 D 184 1080 1
21 D 184 383 1
29 L 8 237 1
29 L 8 758 1
29 L 8 1722 1
29 L 8 62 1
29 D 757 237 1
29 D 757 758 1
29 D 757 1722 1
29 D 757 62 1
3 L 14 1600 1
3 D 757 1600 1
20 L 3 867 1
20 D 757 867 1
23 L 15 419 1
23 L 15 488 1
23 L 15 1035 1
23 L 15 688 1
23 D 753 419 1
23 D 753 488 1
23 D 753 1035 1
23 D 753 688 1
23 L 15 1490 1
23 L 15 344 1
23 D 753 1490 1
23 D 753 344 1
23 L 3 103 1
23 D 753 103 1
3 L 8 519 1
3 D 753 519 1
0 L 0 1545 1
0 L 0 1898 1
0 D 565 1545 1
0 D 565 1898 1
0 L 0 421 1
0 L 0 238 1
0 D 565 421 1
0 D 565 238 1
3 L 15 936 1
3 L 15 1875 1
3 L 15 1590 1
3 D 642 936 1
3 D 642 1875 1
3 D 642 1590 1
23 L 15 220 1
23 D 642 220 1
21 L 4 1549 1
21 D 642 1549 1
24 L 4 802 1
24 L 4 1548 1
24 L 4 1135 1
24 D 691 802 1
24 D 691 1548 1
24 D 691 1135 1
24 L 4 883 1
24 L 4 1535 1
24 D 691 883 1
24 D 691 1535 1
2 L 7 365 1
2 D 691 365 1
26 L 6 1762 1
26 L 6 362 1
26 D 438 1762 1
26 D 438 362 1
0 L 1 1750 1
0 D 438 1750 1
25 L 11 731 1
25 L 11 31 1
25 D 172 731 1
25 D 172 31 1
25 L 11 1854 1
25 L 11 270 1
25 D 172 1854 1
25 D 172 270 1
20 L 8 259 1
20 L 8 1956 1
20 L 8 590 1
20 L 8 1266 1
20 D 956 259 1
20 D 956 1956 1
20 D 956 590 1
20 D 956 1266 1
20 L 8 276 1
20 L 8 1974 1
20 L 8 764 1
20 D 956 276 1
20 D 956 1974 1
20 D 956 764 1
27 L 0 899 1
27 L 0 454 1
27 L 0 1482 1
27 L 0 459 1
27 D 366 899 1
27 D 366 454 1
27 D 366 1482 1
27 D 366 459 1
27 L 0 1837 1
27 L 0 1648 1
27 D 366 1837 1
27 D 366 1648 1
27 L 5 8 1
27 D 366 8 1
20 L 8 527 1
20 L 8 1266 1
20 D 484 527 1
20 D 484 1266 1
20 L 8 759 1
20 L 8 1535 1
20 D 484 759 1
20 D 484 1535 1
20 L 9 1757 1
20 D 484 1757 1
3 L 15 1607 1
3 L 15 628 1
3 L 15 1270 1
3 D 415 1607 1
3 D 415 628 1
3 D 415 1270 1
3 L 15 280 1
3 L 15 795 1
3 D 415 280 1
3 D 415 795 1
3 L 3 342 1
3 D 415 342 1
27 L 0 1633 1
27 L 0 650 1
27 L 0 1712 1
27 D 828 1633 1
27 D 828 650 1
27 D 828 1712 1
27 L 0 428 1
27 L 0 1714 1
27 L 0 1719 1
27 D 828 428 1
27 D 828 1714 1
27 D 828 1719 1
25 L 11 1088 1
25 L 11 1056 1
25 L 11 732 1
25 L 11 1835 1
25 L 11 1971 1
25 D 952 1088 1
25 D 952 1056 1
25 D 952 732 1
25 D 952 1835 1
25 D 952 1971 1
25 L 11 1945 1
25 L 11 668 1
25 D 952 1945 1
25 D 952 668 1
27 L 0 1312 1
27 L 0 324 1
27 L 0 719 1
27 D 227 1312 1
27 D 227 324 1
27 D 227 719 1
27 L 0 1715 1
27 L 0 1662 1
27 D 227 1715 1
27 D 227 1662 1
27 L 0 1002 1
27 L 0 1322 1
27 L 0 941 1
27 D 730 1002 1
27 D 730 1322 1
27 D 730 941 1
10 L 0 697 1
10 L 0 958 1
10 D 730 697 1
10 D 730 958 1
20 L 9 929 1
20 L 9 964 1
20 L 9 1649 1
20 D 492 929 1
20 D 492 964 1
20 D 492 1649 1
20 L 9 218 2
20 D 492 218 2
20 L 8 946 1
20 D 492 946 1
7 L 1 1816 1
7 L 1 1435 1
7 D 812 1816 1
7 D 812 1435 1
7 L 1 1855 1
7 L 1 1267 1
7 D 812 1855 1
7 D 812 1267 1
16 L 0 690 1
16 D 591 690 1
16 L 0 522 1
16 D 591 522 1
7 L 5 320 1
7 D 591 320 1
4 L 1 296 1
4 L 1 1962 1
4 L 1 1644 1
4 D 148 296 1
4 D 148 1962 1
4 D 148 1644 1
4 L 1 15 1
4 L 1 1589 1
4 L 1 1238 1
4 D 148 15 1
4 D 148 1589 1
4 D 148 1238 1
2 L 4 1144 1
2 L 4 1002 1
2 L 4 693 1
2 D 777 1144 1
2 D 777 1002 1
2 D 777 693 1
7 L 0 48 1
7 D 777 48 1
24 L 4 1863 1
24 L 4 360 1
24 L 4 659 1
24 D 516 1863 1
24 D 516 360 1
24 D 516 659 1
24 L 4 110 1
24 D 516 110 1
24 L 7 754 1
24 D 516 754 1
4 L 1 1819 1
4 L 1 1632 1
4 L 1 1253 1
4 D 319 1819 1
4 D 319 1632 1
4 D 319 1253 1
4 L 1 1147 1
4 L 1 1278 1
4 D 319 1147 1
4 D 319 1278 1
4 L 14 616 1
4 D 319 616 1
20 L 8 64 1
20 L 8 614 1
20 L 8 1034 1
20 D 717 64 1
20 D 717 614 1
20 D 717 1034 1
20 L 8 1896 1
20 L 8 375 1
20 D 717 1896 1
20 D 717 375 1
20 L 9 1397 1
20 D 717 1397 1
24 L 4 68 1
24 L 4 872 1
24 L 4 1438 1
24 D 189 68 1
24 D 189 872 1
24 D 189 1438 1
24 L 4 713 1
24 L 4 284 1
24 D 189 713 1
24 D 189 284 1
20 L 2 1447 1
20 L 2 1291 1
20 D 871 1447 1
20 D 871 1291 1
20 L 2 76 1
20 L 2 15 1
20 D 871 76 1
20 D 871 15 1
29 L 8 918 1
29 D 871 918 1
24 L 4 163 1
24 L 4 1733 1
24 L 4 1420 1
24 D 936 163 1
24 D 936 1733 1
24 D 936 1420 1
24 L 4 455 1
24 L 4 1012 1
24 D 936 455 1
24 D 936 1012 1
16 L 0 1128 1
16 L 0 147 1
16 L 0 58 1
16 D 263 1128 1
16 D 263 147 1
16 D 263 58 1
16 L 0 499 1
16 D 263 499 1
16 L 5 1526 1
16 D 263 1526 1
3 L 15 1120 1
3 L 15 141 1
3 D 169 1120 1
3 D 169 141 1
3 L 15 1049 1
3 L 15 827 1
3 L 15 1342 1
3 D 169 1049 1
3 D 169 827 1
3 D 169 1342 1
18 L 10 1638 1
18 L 10 1420 1
18 L 10 175 1
18 D 372 1638 1
18 D 372 1420 1
18 D 372 175 1
18 L 10 561 1
18 L 10 1172 1
18 D 372 561 1
18 D 372 1172 1
25 L 11 488 1
25 L 11 866 1
25 D 814 488 1
25 D 814 866 1
25 L 11 1732 1
25 D 814 1732 1
25 L 11 1222 1
25 D 814 1222 1
24 L 4 528 1
24 L 4 308 1
24 L 4 1817 1
24 D 272 528 1
24 D 272 308 1
24 D 272 1817 1
2 L 4 157 1
2 D 272 157 1
25 L 11 343 1
25 D 272 343 1
4 L 14 1830 1
4 L 14 392 1
4 L 14 670 1
4 D 314 1830 1
4 D 314 392 1
4 D 314 670 1
4 L 14 460 1
4 L 14 221 1
4 D 314 460 1
4 D 314 221 1
20 L 2 314 1
20 L 2 1837 1
20 L 2 1798 1
20 D 851 314 1
20 D 851 1837 1
20 D 851 1798 1
20 L 2 1938 1
20 D 851 1938 1
18 L 10 1830 1
18 L 10 1911 1
18 D 664 1830 1
18 D 664 1911 1
18 L 10 906 1
18 L 10 1371 1
18 D 664 906 1
18 D 664 1371 1
7 L 4 956 1
7 D 664 956 1
7 L 10 1411 1
7 L 10 105 1
7 L 10 426 1
7 L 10 1739 1
7 D 478 1411 1
7 D 478 105 1
7 D 478 426 1
7 D 478 1739 1
7 L 10 590 1
7 L 10 1950 1
7 D 478 590 1
7 D 478 1950 1
3 L 7 484 1
3 L 7 780 1
3 L 7 1015 1
3 D 588 484 1
3 D 588 780 1
3 D 588 1015 1
3 L 12 1198 1
3 L 12 599 1
3 D 588 1198 1
3 D 588 599 1
29 L 9 1177 1
29 L 9 421 1
29 L 9 1433 1
29 D 716 1177 1
29 D 716 421 1
29 D 716 1433 1
29 L 9 1832 1
29 L 9 242 1
29 D 716 1832 1
29 D 716 242 1
2 L 4 1871 1
2 L 4 83 1
2 L 4 789 1
2 L 4 1822 1
2 D 397 1871 1
2 D 397 83 1
2 D 397 789 1
2 D 397 1822 1
2 L 4 182 1
2 L 4 405 1
2 L 4 730 1
2 D 397 182 1
2 D 397 405 1
2 D 397 730 1
29 L 8 792 1
29 L 8 1625 1
29 L 8 1338 1
29 L 8 701 1
29 D 614 792 1
29 D 614 1625 1
29 D 614 1338 1
29 D 614 701 1
29 L 8 159 1
29 D 614 159 1
29 L 9 1770 1
29 D 614 1770 1
7 L 10 1897 1
7 L 10 1227 1
7 D 442 1897 1
7 D 442 1227 1
7 L 10 30 1
7 D 442 30 1
2 L 11 58 1
2 D 442 58 1
24 L 11 1027 1
24 L 11 360 1
24 D 119 1027 1
24 D 119 360 1
24 L 11 1580 1
24 L 11 1043 1
24 L 11 1395 1
24 D 119 1580 1
24 D 119 1043 1
24 D 119 1395 1
25 L 4 105 1
25 L 4 75 1
25 D 909 105 1
25 D 909 75 1
25 L 4 975 1
25 L 4 186 1
25 L 4 287 1
25 D 909 975 1
25 D 909 186 1
25 D 909 287 1
4 L 1 1184 1
4 L 1 869 1
4 L 1 551 1
4 D 643 1184 1
4 D 643 869 1
4 D 643 551 1
4 L 1 1145 1
4 D 643 1145 1
4 L 1 1821 1
4 D 643 1821 1
4 L 14 1878 1
4 D 643 1878 1
16 L 0 1025 1
16 L 0 643 1
16 L 0 591 1
16 L 0 882 1
16 D 721 1025 1
16 D 721 643 1
16 D 721 591 1
16 D 721 882 1
16 L 0 371 1
16 D 721 371 1
4 L 1 320 1
4 D 721 320 1
25 L 15 577 1
25 L 15 1012 1
25 L 15 29 1
25 D 524 577 1
25 D 524 1012 1
25 D 524 29 1
25 L 15 822 1
25 L 15 222 1
25 D 524 822 1
25 D 524 222 1
4 L 4 163 1
4 L 4 1780 1
4 L 4 1526 1
4 D 685 163 1
4 D 685 1780 1
4 D 685 1526 1
4 L 4 1243 1
4 D 685 1243 1
24 L 11 526 1
24 D 685 526 1
16 L 0 1696 1
16 D 685 1696 1
4 L 4 874 1
4 L 4 1358 1
4 L 4 795 1
4 D 967 874 1
4 D 967 1358 1
4 D 967 795 1
4 L 4 958 1
4 D 967 958 1
3 L 7 412 1
3 D 967 412 1
29 L 8 1306 1
29 L 8 1042 1
29 L 8 726 1
29 L 8 730 1
29 D 568 1306 1
29 D 568 1042 1
29 D 568 726 1
29 D 568 730 1
29 L 8 1373 1
29 D 568 1373 1
29 L 6 1018 1
29 D 568 1018 1
25 L 15 808 1
25 L 15 1299 1
25 L 15 532 1
25 L 15 1341 1
25 D 101 808 1
25 D 101 1299 1
25 D 101 532 1
25 D 101 1341 1
25 L 15 438 1
25 L 15 985 1
25 L 15 186 1
25 D 101 438 1
25 D 101 985 1
25 D 101 186 1
29 L 14 1383 1
29 L 14 1163 1
29 L 14 557 1
29 L 14 1392 1
29 D 130 1383 1
29 D 130 1163 1
29 D 130 557 1
29 D 130 1392 1
29 L 14 50 1
29 L 14 825 1
29 L 14 157 1
29 D 130 50 1
29 D 130 825 1
29 D 130 157 1
29 L 1 97 1
29 L 1 870 1
29 L 1 77 1
29 L 1 750 1
29 D 764 97 1
29 D 764 870 1
29 D 764 77 1
29 D 764 750 1
29 L 1 1969 1
29 L 1 1436 1
29 D 764 1969 1
29 D 764 1436 1
29 L 5 704 1
29 D 764 704 1
16 L 11 835 1
16 L 11 774 1
16 D 598 835 1
16 D 598 774 1
16 L 11 1723 1
16 L 11 798 1
16 D 598 1723 1
16 D 598 798 1
2 L 10 695 1
2 D 598 695 1
29 L 1 1448 1
29 L 1 1486 1
29 L 1 282 1
29 D 781 1448 1
29 D 781 1486 1
29 D 781 282 1
29 L 1 286 1
29 L 1 927 1
29 D 781 286 1
29 D 781 927 1
3 L 4 487 1
3 L 4 72 1
3 L 4 586 1
3 D 95 487 1
3 D 95 72 1
3 D 95 586 1
4 L 4 204 1
4 L 4 703 1
4 D 95 204 1
4 D 95 703 1
3 L 15 1118 1
3 D 95 1118 1
29 L 1 994 1
29 L 1 1349 1
29 L 1 1197 1
29 D 942 994 1
29 D 942 1349 1
29 D 942 1197 1
29 L 1 786 1
29 L 1 1491 1
29 D 942 786 1
29 D 942 1491 1
29 L 1 1501 1
29 D 942 1501 1
20 L 8 994 1
20 L 8 1606 1
20 L 8 1737 1
20 D 787 994 1
20 D 787 1606 1
20 D 787 1737 1
20 L 8 1482 1
20 L 8 435 1
20 L 8 438 1
20 D 787 1482 1
20 D 787 435 1
20 D 787 438 1
20 L 6 1643 1
20 D 787 1643 1
29 L 1 1444 1
29 L 1 1541 1
29 L 1 1927 1
29 D 131 1444 1
29 D 131 1541 1
29 D 131 1927 1
29 L 1 83 1
29 L 1 86 1
29 L 1 762 1
29 D 131 83 1
29 D 131 86 1
29 D 131 762 1
29 L 0 230 1
29 D 131 230 1
20 L 8 1482 1
20 L 8 1003 1
20 D 581 1482 1
20 D 581 1003 1
20 L 8 1790 1
20 D 581 1790 1
20 L 3 1408 1
20 D 581 1408 1
24 L 4 353 1
24 L 4 424 1
24 L 4 276 1
24 D 235 353 1
24 D 235 424 1
24 D 235 276 1
24 L 4 1641 1
24 L 4 970 1
24 L 4 1944 1
24 D 235 1641 1
24 D 235 970 1
24 D 235 1944 1
29 L 0 595 1
29 L 0 1332 1
29 D 813 595 1
29 D 813 1332 1
29 L 5 1803 1
29 L 5 1149 1
29 D 813 1803 1
29 D 813 1149 1
20 L 8 547 1
20 L 8 974 1
20 L 8 1143 1
20 D 743 547 1
20 D 743 974 1
20 D 743 1143 1
20 L 8 911 1
20 L 8 1903 1
20 D 743 911 1
20 D 743 1903 1
2 L 11 1832 1
2 L 11 267 1
2 L 11 659 1
2 D 350 1832 1
2 D 350 267 1
2 D 350 659 1
16 L 11 338 1
16 L 11 501 1
16 L 11 1173 1
16 D 350 338 1
16 D 350 501 1
16 D 350 1173 1
22 L 1 85 1
22 D 961 85 1
22 L 1 917 1
22 D 961 917 1
22 L 1 887 1
22 D 961 887 1
22 L 14 1628 1
22 D 961 1628 1
20 L 8 1920 1
20 L 8 1896 1
20 L 8 1786 1
20 D 740 1920 1
20 D 740 1896 1
20 D 740 1786 1
6 L 8 701 1
6 D 740 701 1
3 L 15 1588 1
3 D 740 1588 1
24 L 4 1188 1
24 L 4 1097 1
24 L 4 111 1
24 D 815 1188 1
24 D 815 1097 1
24 D 815 111 1
24 L 4 529 1
24 L 4 1554 1
24 D 815 529 1
24 D 815 1554 1
29 L 0 541 1
29 D 815 541 1
14 L 12 382 1
14 L 12 1167 1
14 L 12 597 1
14 D 320 382 1
14 D 320 1167 1
14 D 320 597 1
14 L 12 1303 1
14 L 12 573 1
14 D 320 1303 1
14 D 320 573 1
2 L 11 901 1
2 L 11 254 1
2 D 320 901 1
2 D 320 254 1
24 L 4 1672 1
24 L 4 905 1
24 L 4 1195 1
24 L 4 1489 1
24 D 381 1672 1
24 D 381 905 1
24 D 381 1195 1
24 D 381 1489 1
24 L 4 916 1
24 L 4 638 1
24 D 381 916 1
24 D 381 638 1
28 L 0 1606 1
28 D 381 1606 1
3 L 8 417 1
3 L 8 289 1
3 L 8 1084 1
3 D 306 417 1
3 D 306 289 1
3 D 306 1084 1
3 L 8 520 1
3 L 8 1016 1
3 D 306 520 1
3 D 306 1016 1
3 L 9 1231 1
3 D 306 1231 1
10 L 5 1600 1
10 L 5 967 1
10 L 5 1487 1
10 L 5 16 1
10 D 441 1600 1
10 D 441 967 1
10 D 441 1487 1
10 D 441 16 1
10 L 5 789 1
10 L 5 823 1
10 L 5 1246 1
10 D 441 789 1
10 D 441 823 1
10 D 441 1246 1
10 L 1 1196 1
10 L 1 1582 1
10 L 1 1822 1
10 L 1 1713 1
10 D 309 1196 1
10 D 309 1582 1
10 D 309 1822 1
10 D 309 1713 1
10 L 1 407 1
10 L 1 958 1
10 L 1 1279 1
10 D 309 407 1
10 D 309 958 1
10 D 309 1279 1
10 L 14 583 1
10 D 309 583 1
3 L 8 1159 1
3 L 8 1640 1
3 L 8 1290 1
3 L 8 78 1
3 L 8 26 1
3 D 259 1159 1
3 D 259 1640 1
3 D 259 1290 1
3 D 259 78 1
3 D 259 26 1
3 L 8 16 1
3 L 8 638 1
3 D 259 16 1
3 D 259 638 1
3 L 9 1402 1
3 D 259 1402 1
24 L 4 674 1
24 L 4 829 1
24 D 269 674 1
24 D 269 829 1
24 L 4 1214 1
24 D 269 1214 1
16 L 11 277 1
16 D 269 277 1
16 L 4 582 1
16 L 4 1771 1
16 D 878 582 1
16 D 878 1771 1
24 L 4 1197 1
24 L 4 914 1
24 D 878 1197 1
24 D 878 914 1
16 L 11 701 1
16 D 878 701 1
16 L 11 1135 1
16 L 11 628 1
16 L 11 1658 1
16 D 534 1135 1
16 D 534 628 1
16 D 534 1658 1
16 L 11 1910 1
16 D 534 1910 1
2 L 12 353 1
2 D 534 353 1
3 L 15 1988 1
3 L 15 488 1
3 L 15 459 1
3 L 15 1997 1
3 D 796 1988 1
3 D 796 488 1
3 D 796 459 1
3 D 796 1997 1
3 L 15 174 1
3 L 15 1052 1
3 D 796 174 1
3 D 796 1052 1
3 L 15 107 1
3 L 15 429 1
3 D 252 107 1
3 D 252 429 1
3 L 15 1468 1
3 D 252 1468 1
3 L 15 1599 1
3 D 252 1599 1
2 L 11 130 1
2 L 11 460 1
2 D 203 130 1
2 D 203 460 1
2 L 11 80 1
2 L 11 854 1
2 L 11 1599 1
2 D 203 80 1
2 D 203 854 1
2 D 203 1599 1
24 L 4 1029 1
24 L 4 1158 1
24 L 4 367 1
24 L 4 885 1
24 D 45 1029 1
24 D 45 1158 1
24 D 45 367 1
24 D 45 885 1
24 L 4 242 1
24 D 45 242 1
24 L 11 1615 1
24 D 45 1615 1
10 L 1 1574 1
10 L 1 841 1
10 L 1 753 1
10 L 1 114 1
10 D 294 1574 1
10 D 294 841 1
10 D 294 753 1
10 D 294 114 1
10 L 1 427 1
10 L 1 467 1
10 D 294 427 1
10 D 294 467 1
6 L 8 898 1
6 L 8 547 1
6 L 8 582 1
6 D 668 898 1
6 D 668 547 1
6 D 668 582 1
6 L 8 1908 1
6 L 8 121 1
6 D 668 1908 1
6 D 668 121 1
6 L 9 734 1
6 D 668 734 1
3 L 3 832 1
3 L 3 621 1
3 L 3 1108 1
3 L 3 1983 1
3 D 570 832 1
3 D 570 621 1
3 D 570 1108 1
3 D 570 1983 1
3 L 3 597 1
3 L 3 895 1
3 L 3 1567 1
3 D 570 597 1
3 D 570 895 1
3 D 570 1567 1
3 L 9 128 1
3 L 9 820 1
3 D 570 128 1
3 D 570 820 1
3 L 3 756 1
3 L 3 613 1
3 D 256 756 1
3 D 256 613 1
3 L 3 1631 1
3 D 256 1631 1
3 L 15 1209 1
3 D 256 1209 1
24 L 4 1833 1
24 L 4 778 1
24 L 4 1361 1
24 L 4 1849 1
24 D 706 1833 1
24 D 706 778 1
24 D 706 1361 1
24 D 706 1849 1
28 L 4 411 1
28 L 4 765 1
28 L 4 414 1
28 D 706 411 1
28 D 706 765 1
28 D 706 414 1
27 L 0 736 1
27 L 0 929 1
27 D 276 736 1
27 D 276 929 1
27 L 0 1484 1
27 L 0 238 1
27 D 276 1484 1
27 D 276 238 1
27 L 0 346 1
27 D 276 346 1
0 L 6 1508 1
0 L 6 773 1
0 D 511 1508 1
0 D 511 773 1
0 L 6 1229 1
0 L 6 626 1
0 D 511 1229 1
0 D 511 626 1
10 L 14 247 1
10 D 511 247 1
29 L 4 419 1
29 L 4 10 1
29 D 698 419 1
29 D 698 10 1
2 L 11 743 1
2 L 11 118 1
2 D 698 743 1
2 D 698 118 1
16 L 11 1560 1
16 D 698 1560 1
0 L 6 1506 1
0 L 6 329 1
0 L 6 852 1
0 L 6 1438 1
0 D 835 1506 1
0 D 835 329 1
0 D 835 852 1
0 D 835 1438 1
10 L 14 1504 1
10 L 14 403 1
10 D 835 1504 1
10 D 835 403 1
7 L 10 1283 1
7 L 10 964 1
7 L 10 1832 1
7 L 10 145 1
7 D 223 1283 1
7 D 223 964 1
7 D 223 1832 1
7 D 223 145 1
7 L 10 1389 1
7 L 10 786 1
7 L 10 1238 1
7 L 10 1240 1
7 D 223 1389 1
7 D 223 786 1
7 D 223 1238 1
7 D 223 1240 1
2 L 11 1448 1
2 L 11 1833 1
2 L 11 684 1
2 L 11 688 1
2 D 370 1448 1
2 D 370 1833 1
2 D 370 684 1
2 D 370 688 1
16 L 11 111 1
16 L 11 733 1
16 D 370 111 1
16 D 370 733 1
29 L 4 732 1
29 D 370 732 1
0 L 6 898 1
0 L 6 1770 1
0 D 219 898 1
0 D 219 1770 1
0 L 6 1423 1
0 L 6 1722 1
0 L 6 1563 1
0 D 219 1423 1
0 D 219 1722 1
0 D 219 1563 1
6 L 8 1918 1
6 D 219 1918 1
14 L 11 1824 1
14 L 11 525 1
14 D 183 1824 1
14 D 183 525 1
14 L 11 335 1
14 L 11 501 1
14 D 183 335 1
14 D 183 501 1
7 L 10 600 1
7 D 183 600 1
7 L 11 320 1
7 D 714 320 1
14 L 11 43 1
14 D 714 43 1
7 L 11 1652 1
7 D 714 1652 1
4 L 4 1927 1
4 L 4 1064 1
4 L 4 210 1
4 D 185 1927 1
4 D 185 1064 1
4 D 185 210 1
4 L 4 1782 1
4 L 4 1945 1
4 D 185 1782 1
4 D 185 1945 1
4 L 4 218 1
4 D 185 218 1
27 L 0 1665 1
27 L 0 1731 1
27 L 0 1480 1
27 L 0 841 1
27 D 830 1665 1
27 D 830 1731 1
27 D 830 1480 1
27 D 830 841 1
17 L 0 777 1
17 L 0 654 1
17 L 0 1842 1
17 L 0 409 1
17 D 830 777 1
17 D 830 654 1
17 D 830 1842 1
17 D 830 409 1
3 L 15 1378 1
3 L 15 41 1
3 L 15 1270 1
3 D 113 1378 1
3 D 113 41 1
3 D 113 1270 1
3 L 15 214 1
3 L 15 1181 1
3 D 113 214 1
3 D 113 1181 1
3 L 3 192 1
3 D 113 192 1
12 L 0 419 1
12 L 0 362 1
12 D 121 419 1
12 D 121 362 1
12 L 0 590 1
12 L 0 750 1
12 D 121 590 1
12 D 121 750 1
12 L 0 789 1
12 D 121 789 1
12 L 0 1122 1
12 L 0 675 1
12 L 0 521 1
12 D 479 1122 1
12 D 479 675 1
12 D 479 521 1
12 L 0 378 1
12 L 0 186 1
12 D 479 378 1
12 D 479 186 1
12 L 0 635 1
12 D 479 635 1
0 L 8 290 1
0 L 8 1475 1
0 L 8 1702 1
0 L 8 441 1
0 D 29 290 1
0 D 29 1475 1
0 D 29 1702 1
0 D 29 441 1
0 L 8 488 1
0 L 8 1290 1
0 L 8 1372 1
0 L 8 1086 1
0 L 8 607 1
0 D 29 488 1
0 D 29 1290 1
0 D 29 1372 1
0 D 29 1086 1
0 D 29 607 1
3 L 15 777 1
3 L 15 1611 1
3 L 15 157 1
3 D 513 777 1
3 D 513 1611 1
3 D 513 157 1
3 L 15 1981 1
3 L 15 1502 1
3 D 513 1981 1
3 D 513 1502 1
3 L 3 1596 1
3 D 513 1596 1
3 L 7 342 1
3 L 7 1592 1
3 D 513 342 1
3 D 513 1592 1
18 L 10 312 1
18 L 10 697 1
18 D 754 312 1
18 D 754 697 1
18 L 10 988 1
18 D 754 988 1
18 L 10 1233 1
18 D 754 1233 1
3 L 15 1159 1
3 L 15 298 1
3 L 15 1843 1
3 L 15 404 1
3 D 245 1159 1
3 D 245 298 1
3 D 245 1843 1
3 D 245 404 1
3 L 15 785 1
3 D 245 785 1
3 L 15 1944 1
3 D 245 1944 1
7 L 11 1154 1
7 L 11 887 1
7 L 11 254 1
7 L 11 1983 1
7 D 197 1154 1
7 D 197 887 1
7 D 197 254 1
7 D 197 1983 1
14 L 11 286 1
14 D 197 286 1
4 L 4 914 1
4 D 197 914 1
6 L 6 270 1
6 L 6 1873 1
6 L 6 1529 1
6 D 233 270 1
6 D 233 1873 1
6 D 233 1529 1
10 L 6 1366 1
10 D 233 1366 1
0 L 8 1636 1
0 L 8 343 1
0 D 233 1636 1
0 D 233 343 1
4 L 4 1776 1
4 D 382 1776 1
4 L 4 1830 1
4 L 4 1447 1
4 D 382 1830 1
4 D 382 1447 1
3 L 15 1809 1
3 D 382 1809 1
12 L 0 642 1
12 L 0 900 1
12 L 0 1595 1
12 D 816 642 1
12 D 816 900 1
12 D 816 1595 1
12 L 0 1243 1
12 D 816 1243 1
12 L 0 887 1
12 D 816 887 1
7 L 11 1991 1
7 L 11 789 1
7 L 11 727 1
7 D 895 1991 1
7 D 895 789 1
7 D 895 727 1
14 L 11 346 1
14 L 11 571 1
14 D 895 346 1
14 D 895 571 1
18 L 10 228 1
18 D 895 228 1
17 L 10 802 1
17 L 10 1420 1
17 L 10 303 1
17 L 10 1502 1
17 D 237 802 1
17 D 237 1420 1
17 D 237 303 1
17 D 237 1502 1
17 L 10 399 1
17 L 10 467 1
17 L 10 1151 1
17 D 237 399 1
17 D 237 467 1
17 D 237 1151 1
7 L 11 962 1
7 D 237 962 1
26 L 6 48 1
26 D 991 48 1
26 L 6 107 1
26 D 991 107 1
26 L 14 1771 1
26 L 14 343 1
26 D 991 1771 1
26 D 991 343 1
20 L 9 1091 1
20 L 9 68 1
20 L 9 1322 1
20 L 9 1621 1
20 L 9 954 1
20 D 608 1091 1
20 D 608 68 1
20 D 608 1322 1
20 D 608 1621 1
20 D 608 954 1
20 L 8 12 1
20 D 608 12 1
20 L 8 1823 1
20 D 608 1823 1
20 L 15 680 1
20 L 15 270 1
20 L 15 626 1
20 D 342 680 1
20 D 342 270 1
20 D 342 626 1
20 L 15 1587 1
20 L 15 1204 1
20 L 15 1688 1
20 L 15 251 1
20 D 342 1587 1
20 D 342 1204 1
20 D 342 1688 1
20 D 342 251 1
20 L 15 637 1
20 D 342 637 1
20 L 15 1999 1
20 L 15 591 1
20 L 15 1331 1
20 D 637 1999 1
20 D 637 591 1
20 D 637 1331 1
20 L 15 86 1
20 L 15 1464 1
20 D 637 86 1
20 D 637 1464 1
20 L 3 1693 1
20 D 637 1693 1
3 L 4 1571 1
3 L 4 1828 1
3 L 4 299 1
3 D 290 1571 1
3 D 290 1828 1
3 D 290 299 1
3 L 4 262 1
3 L 4 1614 1
3 D 290 262 1
3 D 290 1614 1
3 L 4 607 1
3 D 290 607 1
26 L 14 195 1
26 L 14 808 1
26 D 641 195 1
26 D 641 808 1
26 L 14 208 1
26 L 14 1588 1
26 L 14 1589 1
26 D 641 208 1
26 D 641 1588 1
26 D 641 1589 1
26 L 14 823 1
26 D 641 823 1
7 L 10 1285 1
7 L 10 296 1
7 L 10 1395 1
7 D 778 1285 1
7 D 778 296 1
7 D 778 1395 1
7 L 10 560 1
7 L 10 862 1
7 D 778 560 1
7 D 778 862 1
7 L 10 1087 1
7 D 778 1087 1
12 L 0 323 1
12 L 0 71 1
12 L 0 688 1
12 L 0 1649 1
12 D 739 323 1
12 D 739 71 1
12 D 739 688 1
12 D 739 1649 1
12 L 0 136 1
12 L 0 1558 1
12 D 739 136 1
12 D 739 1558 1
12 L 5 1766 1
12 D 739 1766 1
20 L 15 130 1
20 L 15 1417 1
20 L 15 1616 1
20 L 15 1462 1
20 D 774 130 1
20 D 774 1417 1
20 D 774 1616 1
20 D 774 1462 1
20 L 15 682 1
20 L 15 1042 1
20 L 15 243 1
20 D 774 682 1
20 D 774 1042 1
20 D 774 243 1
20 L 15 1080 1
20 D 774 1080 1
3 L 4 1378 1
3 L 4 93 1
3 D 890 1378 1
3 D 890 93 1
14 L 11 1433 1
14 L 11 666 1
14 D 890 1433 1
14 D 890 666 1
12 L 0 336 1
12 D 890 336 1
18 L 11 736 1
18 L 11 1444 1
18 L 11 83 1
18 D 426 736 1
18 D 426 1444 1
18 D 426 83 1
18 L 11 1267 1
18 L 11 949 1
18 D 426 1267 1
18 D 426 949 1
7 L 10 854 1
7 D 426 854 1
3 L 4 92 1
3 D 426 92 1
3 L 11 2 1
3 L 11 644 1
3 L 11 392 1
3 L 11 1523 1
3 D 521 2 1
3 D 521 644 1
3 D 521 392 1
3 D 521 1523 1
3 L 11 1640 1
3 L 11 1372 1
3 D 521 1640 1
3 D 521 1372 1
12 L 4 1688 1
12 D 521 1688 1
17 L 10 1707 1
17 D 521 1707 1
20 L 15 1604 1
20 L 15 1736 1
20 D 94 1604 1
20 D 94 1736 1
20 L 15 489 1
20 L 15 1640 1
20 L 15 859 1
20 D 94 489 1
20 D 94 1640 1
20 D 94 859 1
20 L 15 28 1
20 D 94 28 1
26 L 6 1569 1
26 L 6 803 1
26 L 6 877 1
26 D 41 1569 1
26 D 41 803 1
26 D 41 877 1
26 L 6 15 1
26 L 6 915 1
26 L 6 1817 1
26 D 41 15 1
26 D 41 915 1
26 D 41 1817 1
26 L 6 123 1
26 D 41 123 1
14 L 4 549 1
14 L 4 1061 1
14 L 4 937 1
14 L 4 875 1
14 L 4 558 1
14 L 4 1081 1
14 D 270 549 1
14 D 270 1061 1
14 D 270 937 1
14 D 270 875 1
14 D 270 558 1
14 D 270 1081 1
14 L 4 1359 1
14 L 4 63 1
14 D 270 1359 1
14 D 270 63 1
20 L 15 478 1
20 D 270 478 1
15 L 0 36 1
15 D 270 36 1
25 L 7 1530 1
25 D 270 1530 1
14 L 7 288 1
14 L 7 1833 1
14 L 7 272 1
14 D 538 288 1
14 D 538 1833 1
14 D 538 272 1
14 L 7 1275 1
14 D 538 1275 1
14 L 4 1510 1
14 D 538 1510 1
14 L 4 327 1
14 L 4 840 1
14 L 4 659 1
14 D 178 327 1
14 D 178 840 1
14 D 178 659 1
14 L 4 43 1
14 D 178 43 1
3 L 11 961 1
3 D 178 961 1
24 L 13 1696 1
24 D 178 1696 1
3 L 4 488 1
3 L 4 73 1
3 L 4 905 1
3 D 6 488 1
3 D 6 73 1
3 D 6 905 1
14 L 4 1833 1
14 L 4 1580 1
14 D 6 1833 1
14 D 6 1580 1
24 L 4 1690 1
24 D 6 1690 1
3 L 0 1204 1
3 D 6 1204 1
12 L 11 1285 1
12 L 11 1992 1
12 L 11 145 1
12 D 994 1285 1
12 D 994 1992 1
12 D 994 145 1
12 L 11 51 1
12 L 11 348 1
12 D 994 51 1
12 D 994 348 1
12 L 4 1684 1
12 D 994 1684 1
12 L 12 1672 1
12 D 994 1672 1
3 L 0 1568 1
3 L 0 547 1
3 L 0 1065 1
3 D 73 1568 1
3 D 73 547 1
3 D 73 1065 1
3 L 0 1005 1
3 L 0 1176 1
3 L 0 953 1
3 L 0 699 1
3 D 73 1005 1
3 D 73 1176 1
3 D 73 953 1
3 D 73 699 1
3 L 0 1566 1
3 D 73 1566 1
3 L 0 1137 1
3 D 311 1137 1
3 L 0 99 1
3 D 311 99 1
3 L 0 157 1
3 D 311 157 1
12 L 4 578 1
12 D 311 578 1
26 L 8 513 1
26 L 8 1537 1
26 L 8 1094 1
26 L 8 168 1
26 L 8 1966 1
26 D 362 513 1
26 D 362 1537 1
26 D 362 1094 1
26 D 362 168 1
26 D 362 1966 1
26 L 8 1240 1
26 L 8 1754 1
26 L 8 1372 1
26 D 362 1240 1
26 D 362 1754 1
26 D 362 1372 1
26 L 6 638 1
26 D 362 638 1
26 L 14 1612 1
26 D 362 1612 1
3 L 0 1025 1
3 L 0 1602 1
3 L 0 225 1
3 D 264 1025 1
3 D 264 1602 1
3 D 264 225 1
3 L 0 988 1
3 D 264 988 1
3 L 0 127 1
3 D 264 127 1
3 L 5 200 1
3 D 264 200 1
15 L 4 1838 1
15 L 4 1455 1
15 D 590 1838 1
15 D 590 1455 1
15 L 4 1790 1
15 L 4 671 1
15 D 590 1790 1
15 D 590 671 1
15 L 13 1272 1
15 D 590 1272 1
26 L 6 880 1
26 L 6 475 1
26 L 6 637 1
26 D 928 880 1
26 D 928 475 1
26 D 928 637 1
26 L 6 1214 1
26 D 928 1214 1
22 L 14 502 1
22 D 928 502 1
21 L 8 595 1
21 D 928 595 1
15 L 4 1444 1
15 L 4 139 1
15 L 4 1867 1
15 D 747 1444 1
15 D 747 139 1
15 D 747 1867 1
15 L 4 427 1
15 L 4 216 1
15 D 747 427 1
15 D 747 216 1
17 L 11 428 1
17 D 747 428 1
15 L 4 487 1
15 L 4 1937 1
15 L 4 756 1
15 D 785 487 1
15 D 785 1937 1
15 D 785 756 1
17 L 4 1141 1
17 L 4 153 1
17 L 4 26 1
17 D 785 1141 1
17 D 785 153 1
17 D 785 26 1
15 L 4 1023 1
15 D 785 1023 1
23 L 8 1669 1
23 L 8 472 1
23 L 8 136 1
23 L 8 1135 1
23 D 356 1669 1
23 D 356 472 1
23 D 356 136 1
23 D 356 1135 1
23 L 8 1523 1
23 L 8 1944 1
23 D 356 1523 1
23 D 356 1944 1
23 L 8 890 1
23 D 356 890 1
23 L 15 992 1
23 L 15 996 1
23 L 15 727 1
23 L 15 1587 1
23 D 409 992 1
23 D 409 996 1
23 D 409 727 1
23 D 409 1587 1
23 L 15 375 1
23 D 409 375 1
23 L 3 190 1
23 D 409 190 1
23 L 3 30 1
23 D 409 30 1
3 L 0 835 1
3 L 0 1638 1
3 L 0 1199 1
3 D 974 835 1
3 D 974 1638 1
3 D 974 1199 1
3 L 0 849 1
3 L 0 1140 1
3 L 0 761 1
3 D 974 849 1
3 D 974 1140 1
3 D 974 761 1
3 L 0 1370 1
3 D 974 1370 1
23 L 15 673 1
23 L 15 1641 1
23 D 593 673 1
23 D 593 1641 1
23 L 15 560 1
23 L 15 693 1
23 D 593 560 1
23 D 593 693 1
23 L 15 855 1
23 D 593 855 1
23 L 3 641 1
23 L 3 1995 1
23 D 398 641 1
23 D 398 1995 1
23 L 3 1006 1
23 L 3 278 1
23 L 3 1597 1
23 D 398 1006 1
23 D 398 278 1
23 D 398 1597 1
23 L 3 1918 1
23 D 398 1918 1
23 L 8 1794 1
23 L 8 219 1
23 D 624 1794 1
23 D 624 219 1
23 L 8 277 1
23 L 8 764 1
23 D 624 277 1
23 D 624 764 1
23 L 8 639 1
23 D 624 639 1
15 L 11 865 1
15 L 11 107 1
15 D 773 865 1
15 D 773 107 1
15 L 11 1313 1
15 L 11 432 1
15 D 773 1313 1
15 D 773 432 1
15 L 11 1525 1
15 D 773 1525 1
17 L 4 1471 1
17 D 773 1471 1
28 L 15 996 1
28 L 15 1704 1
28 D 708 996 1
28 D 708 1704 1
28 L 15 41 1
28 L 15 529 1
28 D 708 41 1
28 D 708 529 1
28 L 15 735 1
28 D 708 735 1
20 L 4 834 1
20 L 4 899 1
20 L 4 1482 1
20 L 4 83 1
20 D 238 834 1
20 D 238 899 1
20 D 238 1482 1
20 D 238 83 1
25 L 4 477 1
25 D 238 477 1
28 L 15 1410 1
28 L 15 118 1
28 D 238 1410 1
28 D 238 118 1
3 L 0 66 1
3 L 0 1513 1
3 L 0 1075 1
3 D 702 66 1
3 D 702 1513 1
3 D 702 1075 1
3 L 0 850 1
3 L 0 500 1
3 L 0 1334 1
3 L 0 730 1
3 D 702 850 1
3 D 702 500 1
3 D 702 1334 1
3 D 702 730 1
12 L 0 1178 1
12 D 702 1178 1
12 L 0 1482 1
12 L 0 1580 1
12 L 0 1265 1
12 D 64 1482 1
12 D 64 1580 1
12 D 64 1265 1
12 L 0 49 1
12 D 64 49 1
12 L 5 1257 1
12 D 64 1257 1
23 L 8 356 1
23 L 8 1482 1
23 L 8 1968 1
23 D 931 356 1
23 D 931 1482 1
23 D 931 1968 1
23 L 8 646 1
23 L 8 1717 1
23 D 931 646 1
23 D 931 1717 1
12 L 1 1033 1
12 D 931 1033 1
12 L 1 1508 1
12 L 1 1452 1
12 D 341 1508 1
12 D 341 1452 1
12 L 1 973 1
12 D 341 973 1
12 L 1 1145 1
12 D 341 1145 1
12 L 14 1004 1
12 D 341 1004 1
4 L 15 834 1
4 L 15 1593 1
4 L 15 1147 1
4 D 444 834 1
4 D 444 1593 1
4 D 444 1147 1
4 L 15 1148 1
4 D 444 1148 1
4 L 15 1436 1
4 D 444 1436 1
4 L 13 330 1
4 D 444 330 1
15 L 4 801 1
15 L 4 1618 1
15 L 4 1019 1
15 D 3 801 1
15 D 3 1618 1
15 D 3 1019 1
17 L 11 1889 1
17 L 11 325 1
17 L 11 1286 1
17 D 3 1889 1
17 D 3 325 1
17 D 3 1286 1
15 L 11 1559 1
15 D 3 1559 1
15 L 4 741 1
15 L 4 688 1
15 L 4 1073 1
15 L 4 1267 1
15 D 257 741 1
15 D 257 688 1
15 D 257 1073 1
15 D 257 1267 1
17 L 4 1555 1
17 L 4 1078 1
17 D 257 1555 1
17 D 257 1078 1
15 L 7 1632 1
15 D 257 1632 1
15 L 4 775 1
15 L 4 1383 1
15 L 4 1769 1
15 L 4 726 1
15 L 4 184 1
15 D 793 775 1
15 D 793 1383 1
15 D 793 1769 1
15 D 793 726 1
15 D 793 184 1
15 L 4 1164 1
15 L 4 1554 1
15 D 793 1164 1
15 D 793 1554 1
7 L 11 204 1
7 D 793 204 1
4 L 15 1889 1
4 L 15 420 1
4 L 15 1925 1
4 L 15 691 1
4 D 383 1889 1
4 D 383 420 1
4 D 383 1925 1
4 D 383 691 1
4 L 15 1803 1
4 D 383 1803 1
4 L 15 1785 1
4 D 383 1785 1
4 L 15 1540 1
4 L 15 696 1
4 L 15 1753 1
4 D 154 1540 1
4 D 154 696 1
4 D 154 1753 1
4 L 15 1690 1
4 L 15 316 1
4 D 154 1690 1
4 D 154 316 1
4 L 3 567 1
4 L 3 1915 1
4 D 154 567 1
4 D 154 1915 1
4 L 15 901 1
4 L 15 935 1
4 L 15 783 1
4 L 15 283 1
4 D 390 901 1
4 D 390 935 1
4 D 390 783 1
4 D 390 283 1
4 L 15 463 1
4 L 15 732 1
4 L 15 477 1
4 D 390 463 1
4 D 390 732 1
4 D 390 477 1
4 L 3 674 1
4 L 3 1558 1
4 D 390 674 1
4 D 390 1558 1
14 L 0 613 1
14 L 0 1480 1
14 L 0 334 1
14 D 30 613 1
14 D 30 1480 1
14 D 30 334 1
14 L 0 843 1
14 L 0 1406 1
14 D 30 843 1
14 D 30 1406 1
14 L 0 859 1
14 D 30 859 1
18 L 11 384 1
18 L 11 2 1
18 L 11 1802 1
18 D 293 384 1
18 D 293 2 1
18 D 293 1802 1
7 L 11 1285 1
7 L 11 1010 1
7 D 293 1285 1
7 D 293 1010 1
27 L 10 805 1
27 L 10 1266 1
27 D 293 805 1
27 D 293 1266 1
14 L 0 931 1
14 L 0 1476 1
14 L 0 650 1
14 D 134 931 1
14 D 134 1476 1
14 D 134 650 1
14 L 0 779 1
14 L 0 401 1
14 L 0 1589 1
14 L 0 1853 1
14 D 134 779 1
14 D 134 401 1
14 D 134 1589 1
14 D 134 1853 1
12 L 1 1837 1
12 D 134 1837 1
23 L 1 1901 1
23 L 1 1902 1
23 D 78 1901 1
23 D 78 1902 1
23 L 1 1723 1
23 D 78 1723 1
23 L 0 616 1
23 L 0 697 1
23 D 78 616 1
23 D 78 697 1
23 L 0 1185 1
23 L 0 739 1
23 L 0 1062 1
23 D 526 1185 1
23 D 526 739 1
23 D 526 1062 1
23 L 0 455 1
23 L 0 816 1
23 D 526 455 1
23 D 526 816 1
23 L 0 788 1
23 L 0 250 1
23 D 526 788 1
23 D 526 250 1
4 L 9 2 1
4 L 9 1541 1
4 D 583 2 1
4 D 583 1541 1
4 L 9 1227 1
4 L 9 309 1
4 D 583 1227 1
4 D 583 309 1
4 L 9 1243 1
4 D 583 1243 1
4 L 3 1400 1
4 D 583 1400 1
15 L 4 420 1
15 L 4 1221 1
15 L 4 327 1
15 D 376 420 1
15 D 376 1221 1
15 D 376 327 1
17 L 4 910 1
17 L 4 468 1
17 L 4 789 1
17 D 376 910 1
17 D 376 468 1
17 D 376 789 1
15 L 4 793 1
15 L 4 350 1
15 D 376 793 1
15 D 376 350 1
4 L 8 391 1
4 L 8 41 1
4 L 8 1270 1
4 L 8 1916 1
4 D 188 391 1
4 D 188 41 1
4 D 188 1270 1
4 D 188 1916 1
4 L 8 501 1
4 L 8 121 1
4 L 8 1887 1
4 D 188 501 1
4 D 188 121 1
4 D 188 1887 1
4 L 3 683 1
4 D 188 683 1
23 L 1 1892 1
23 L 1 1861 1
23 D 486 1892 1
23 D 486 1861 1
23 L 1 220 1
23 L 1 1852 1
23 D 486 220 1
23 D 486 1852 1
23 L 14 884 1
23 D 486 884 1
15 L 4 968 1
15 D 486 968 1
15 L 1 673 1
15 L 1 1699 1
15 L 1 1923 1
15 D 665 673 1
15 D 665 1699 1
15 D 665 1923 1
15 L 1 68 1
15 L 1 594 1
15 L 1 1459 1
15 D 665 68 1
15 D 665 594 1
15 D 665 1459 1
15 L 5 1939 1
15 L 5 187 1
15 D 665 1939 1
15 D 665 187 1
4 L 8 1986 1
4 L 8 1475 1
4 D 652 1986 1
4 D 652 1475 1
4 L 8 71 1
4 D 652 71 1
4 L 9 239 1
4 L 9 51 1
4 D 652 239 1
4 D 652 51 1
4 L 9 59 1
4 D 652 59 1
15 L 14 1057 1
15 L 14 1160 1
15 L 14 1034 1
15 L 14 618 1
15 L 14 723 1
15 D 16 1057 1
15 D 16 1160 1
15 D 16 1034 1
15 D 16 618 1
15 D 16 723 1
15 L 14 1965 1
15 L 14 688 1
15 L 14 406 1
15 L 14 1790 1
15 D 16 1965 1
15 D 16 688 1
15 D 16 406 1
15 D 16 1790 1
15 L 14 1496 1
15 D 16 1496 1
4 L 8 770 1
4 L 8 1641 1
4 L 8 764 1
4 D 128 770 1
4 D 128 1641 1
4 D 128 764 1
4 L 8 727 1
4 L 8 214 1
4 L 8 1598 1
4 D 128 727 1
4 D 128 214 1
4 D 128 1598 1
4 L 8 1654 1
4 D 128 1654 1
17 L 15 1251 1
17 L 15 1476 1
17 L 15 1358 1
17 D 868 1251 1
17 D 868 1476 1
17 D 868 1358 1
17 L 15 616 1
17 L 15 941 1
17 D 868 616 1
17 D 868 941 1
17 L 15 1019 1
17 L 15 764 1
17 D 868 1019 1
17 D 868 764 1
4 L 8 1059 1
4 L 8 974 1
4 L 8 47 1
4 L 8 1649 1
4 D 788 1059 1
4 D 788 974 1
4 D 788 47 1
4 D 788 1649 1
4 L 8 338 1
4 L 8 826 1
4 D 788 338 1
4 D 788 826 1
4 L 8 1149 1
4 D 788 1149 1
17 L 3 1700 1
17 D 788 1700 1
20 L 7 1988 1
20 L 7 1259 1
20 L 7 1173 1
20 D 541 1988 1
20 D 541 1259 1
20 D 541 1173 1
20 L 7 560 1
20 L 7 533 1
20 D 541 560 1
20 D 541 533 1
20 L 7 563 1
20 D 541 563 1
20 L 4 196 1
20 L 4 1831 1
20 L 4 1039 1
20 L 4 1842 1
20 D 856 196 1
20 D 856 1831 1
20 D 856 1039 1
20 D 856 1842 1
20 L 7 1285 1
20 L 7 1255 1
20 D 856 1285 1
20 D 856 1255 1
2 L 11 648 1
2 D 856 648 1
2 L 4 1350 1
2 L 4 905 1
2 L 4 1002 1
2 L 4 1451 1
2 D 346 1350 1
2 D 346 905 1
2 D 346 1002 1
2 D 346 1451 1
20 L 4 447 1
20 L 4 658 1
20 L 4 154 1
20 D 346 447 1
20 D 346 658 1
20 D 346 154 1
2 L 4 922 1
2 D 346 922 1
25 L 15 1922 1
25 D 346 1922 1
2 L 4 898 1
2 L 4 1380 1
2 L 4 1547 1
2 D 289 898 1
2 D 289 1380 1
2 D 289 1547 1
20 L 4 522 1
20 L 4 19 1
20 D 289 522 1
20 D 289 19 1
25 L 4 314 1
25 D 289 314 1
2 L 15 1578 1
2 D 289 1578 1
2 L 4 262 1
2 L 4 1146 1
2 D 810 262 1
2 D 810 1146 1
20 L 4 1833 1
20 L 4 1548 1
20 L 4 1754 1
20 D 810 1833 1
20 D 810 1548 1
20 D 810 1754 1
25 L 4 380 1
25 D 810 380 1
12 L 0 1008 1
12 D 810 1008 1
15 L 1 483 1
15 L 1 1316 1
15 L 1 1222 1
15 L 1 1078 1
15 D 840 483 1
15 D 840 1316 1
15 D 840 1222 1
15 D 840 1078 1
15 L 1 73 1
15 L 1 415 1
15 D 840 73 1
15 D 840 415 1
15 L 5 1724 1
15 D 840 1724 1
15 L 0 704 1
15 D 840 704 1
2 L 4 1830 1
2 L 4 401 1
2 D 90 1830 1
2 D 90 401 1
2 L 4 1622 1
2 D 90 1622 1
2 L 7 1555 1
2 L 7 90 1
2 L 7 1759 1
2 D 90 1555 1
2 D 90 90 1
2 D 90 1759 1
2 L 7 1569 1
2 L 7 1480 1
2 L 7 1034 1
2 L 7 749 1
2 D 825 1569 1
2 D 825 1480 1
2 D 825 1034 1
2 D 825 749 1
2 L 7 1550 1
2 L 7 1455 1
2 L 7 113 1
2 D 825 1550 1
2 D 825 1455 1
2 D 825 113 1
2 L 7 1563 1
2 D 825 1563 1
2 L 13 1319 1
2 L 13 1742 1
2 D 825 1319 1
2 D 825 1742 1
28 L 15 1728 1
28 L 15 1058 1
28 L 15 1405 1
28 D 351 1728 1
28 D 351 1058 1
28 D 351 1405 1
28 L 15 1443 1
28 L 15 1163 1
28 D 351 1443 1
28 D 351 1163 1
28 L 15 621 1
28 L 15 794 1
28 D 351 621 1
28 D 351 794 1
28 L 15 1440 1
28 L 15 194 1
28 L 15 1772 1
28 L 15 434 1
28 D 719 1440 1
28 D 719 194 1
28 D 719 1772 1
28 D 719 434 1
28 L 15 710 1
28 L 15 76 1
28 L 15 116 1
28 D 719 710 1
28 D 719 76 1
28 D 719 116 1
28 L 15 1173 1
28 D 719 1173 1
28 L 3 185 1
28 D 719 185 1
15 L 1 1217 1
15 L 1 1956 1
15 L 1 777 1
15 L 1 1592 1
15 D 18 1217 1
15 D 18 1956 1
15 D 18 777 1
15 D 18 1592 1
23 L 1 301 1
23 L 1 624 1
23 D 18 301 1
23 D 18 624 1
15 L 1 829 1
15 D 18 829 1
2 L 12 110 1
2 L 12 1526 1
2 L 12 1527 1
2 D 463 110 1
2 D 463 1526 1
2 D 463 1527 1
2 L 12 1199 1
2 L 12 1871 1
2 D 463 1199 1
2 D 463 1871 1
2 L 12 1909 1
2 D 463 1909 1
12 L 4 388 1
12 L 4 1651 1
12 D 671 388 1
12 D 671 1651 1
12 L 4 1453 1
12 L 4 1104 1
12 L 4 1567 1
12 D 671 1453 1
12 D 671 1104 1
12 D 671 1567 1
12 L 4 469 1
12 D 671 469 1
12 L 11 1731 1
12 L 11 164 1
12 D 772 1731 1
12 D 772 164 1
12 L 11 298 1
12 L 11 79 1
12 L 11 537 1
12 D 772 298 1
12 D 772 79 1
12 D 772 537 1
12 L 11 55 1
12 D 772 55 1
20 L 4 96 1
20 L 4 422 1
20 L 4 251 1
20 D 709 96 1
20 D 709 422 1
20 D 709 251 1
25 L 4 917 1
25 D 709 917 1
24 L 4 1910 1
24 D 709 1910 1
14 L 0 280 1
14 D 709 280 1
14 L 0 1473 1
14 L 0 1924 1
14 D 485 1473 1
14 D 485 1924 1
14 L 0 1745 1
14 L 0 983 1
14 D 485 1745 1
14 D 485 983 1
14 L 0 1691 1
14 L 0 1854 1
14 D 485 1691 1
14 D 485 1854 1
2 L 13 643 1
2 L 13 1807 1
2 D 766 643 1
2 D 766 1807 1
2 L 13 1804 1
2 L 13 727 1
2 D 766 1804 1
2 D 766 727 1
2 L 13 788 1
2 L 13 1375 1
2 D 766 788 1
2 D 766 1375 1
20 L 4 1091 1
20 L 4 1608 1
20 L 4 1484 1
20 L 4 1843 1
20 D 636 1091 1
20 D 636 1608 1
20 D 636 1484 1
20 D 636 1843 1
20 L 4 727 1
20 L 4 1885 1
20 D 636 727 1
20 D 636 1885 1
20 L 4 927 1
20 D 636 927 1
20 L 11 1538 1
20 D 636 1538 1
20 L 4 296 1
20 L 4 433 1
20 L 4 916 1
20 D 885 296 1
20 D 885 433 1
20 D 885 916 1
20 L 4 1137 1
20 L 4 379 1
20 D 885 1137 1
20 D 885 379 1
20 L 4 1180 1
20 D 885 1180 1
14 L 0 304 1
14 D 885 304 1
2 L 7 1580 1
2 L 7 1453 1
2 D 313 1580 1
2 D 313 1453 1
2 L 7 338 1
2 L 7 1142 1
2 L 7 1270 1
2 L 7 1087 1
2 D 313 338 1
2 D 313 1142 1
2 D 313 1270 1
2 D 313 1087 1
2 L 7 922 1
2 D 313 922 1
14 L 4 1825 1
14 L 4 1646 1
14 L 4 1680 1
14 D 767 1825 1
14 D 767 1646 1
14 D 767 1680 1
20 L 4 1747 1
20 L 4 535 1
20 D 767 1747 1
20 D 767 535 1
14 L 4 830 1
14 D 767 830 1
24 L 0 1601 1
24 D 767 1601 1
15 L 1 736 1
15 L 1 1476 1
15 L 1 335 1
15 D 619 736 1
15 D 619 1476 1
15 D 619 335 1
15 L 1 1736 1
15 L 1 15 1
15 D 619 1736 1
15 D 619 15 1
15 L 14 85 1
15 D 619 85 1
14 L 4 1891 1
14 L 4 1476 1
14 L 4 1651 1
14 D 930 1891 1
14 D 930 1476 1
14 D 930 1651 1
14 L 4 656 1
14 L 4 1240 1
14 D 930 656 1
14 D 930 1240 1
14 L 4 567 1
14 D 930 567 1
14 L 11 899 1
14 D 930 899 1
25 L 0 432 1
25 L 0 1331 1
25 L 0 471 1
25 D 454 432 1
25 D 454 1331 1
25 D 454 471 1
25 L 0 922 1
25 L 0 1023 1
25 D 454 922 1
25 D 454 1023 1
15 L 1 1470 1
15 D 454 1470 1
12 L 10 1629 1
12 L 10 1257 1
12 D 98 1629 1
12 D 98 1257 1
12 L 10 719 1
12 L 10 119 1
12 L 10 1754 1
12 D 98 719 1
12 D 98 119 1
12 D 98 1754 1
15 L 0 720 1
15 D 98 720 1
25 L 5 1725 1
25 D 98 1725 1
2 L 7 1569 1
2 L 7 5 1
2 L 7 967 1
2 L 7 105 1
2 D 977 1569 1
2 D 977 5 1
2 D 977 967 1
2 D 977 105 1
2 L 7 398 1
2 L 7 1488 1
2 L 7 1746 1
2 L 7 1021 1
2 D 977 398 1
2 D 977 1488 1
2 D 977 1746 1
2 D 977 1021 1
2 L 7 1683 1
2 D 977 1683 1
14 L 4 1704 1
14 L 4 334 1
14 D 519 1704 1
14 D 519 334 1
20 L 4 312 1
20 L 4 890 1
20 D 519 312 1
20 D 519 890 1
24 L 4 607 1
24 D 519 607 1
11 L 0 1091 1
11 D 519 1091 1
4 L 8 1219 1
4 L 8 548 1
4 D 684 1219 1
4 D 684 548 1
17 L 8 1037 1
17 L 8 917 1
17 D 684 1037 1
17 D 684 917 1
4 L 8 795 1
4 D 684 795 1
21 L 6 824 1
21 D 684 824 1
5 L 0 610 1
5 L 0 1559 1
5 D 161 610 1
5 D 161 1559 1
5 L 0 1220 1
5 L 0 490 1
5 L 0 1903 1
5 L 0 919 1
5 D 161 1220 1
5 D 161 490 1
5 D 161 1903 1
5 D 161 919 1
5 L 0 756 1
5 L 0 857 1
5 D 161 756 1
5 D 161 857 1
2 L 15 1217 1
2 L 15 481 1
2 D 500 1217 1
2 D 500 481 1
2 L 15 1097 1
2 L 15 1227 1
2 L 15 1759 1
2 L 15 1883 1
2 D 500 1097 1
2 D 500 1227 1
2 D 500 1759 1
2 D 500 1883 1
2 L 15 1919 1
2 D 500 1919 1
2 L 13 642 1
2 D 500 642 1
4 L 14 1741 1
4 L 14 1486 1
4 L 14 660 1
4 L 14 63 1
4 D 1 1741 1
4 D 1 1486 1
4 D 1 660 1
4 D 1 63 1
4 L 14 789 1
4 L 14 1910 1
4 D 1 789 1
4 D 1 1910 1
4 L 14 505 1
4 L 14 1886 1
4 D 1 505 1
4 D 1 1886 1
5 L 0 1251 1
5 L 0 900 1
5 L 0 1062 1
5 L 0 360 1
5 D 449 1251 1
5 D 449 900 1
5 D 449 1062 1
5 D 449 360 1
5 L 0 1607 1
5 L 0 57 1
5 L 0 28 1
5 D 449 1607 1
5 D 449 57 1
5 D 449 28 1
5 L 0 382 1
5 L 0 383 1
5 D 449 382 1
5 D 449 383 1
16 L 11 1382 1
16 L 11 1488 1
16 L 11 1617 1
16 D 622 1382 1
16 D 622 1488 1
16 D 622 1617 1
16 L 11 971 1
16 L 11 19 1
16 D 622 971 1
16 D 622 19 1
16 L 11 1718 1
16 L 11 1981 1
16 D 622 1718 1
16 D 622 1981 1
5 L 0 1986 1
5 L 0 1835 1
5 L 0 1818 1
5 D 327 1986 1
5 D 327 1835 1
5 D 327 1818 1
5 L 0 965 1
5 L 0 1285 1
5 D 327 965 1
5 D 327 1285 1
5 L 0 775 1
5 L 0 984 1
5 D 327 775 1
5 D 327 984 1
11 L 4 481 1
11 L 4 809 1
11 L 4 29 1
11 D 780 481 1
11 D 780 809 1
11 D 780 29 1
11 L 4 1267 1
11 L 4 727 1
11 L 4 573 1
11 D 780 1267 1
11 D 780 727 1
11 D 780 573 1
11 L 4 890 1
11 D 780 890 1
5 L 0 386 1
5 L 0 1234 1
5 L 0 952 1
5 L 0 189 1
5 D 287 386 1
5 D 287 1234 1
5 D 287 952 1
5 D 287 189 1
5 L 0 1243 1
5 D 287 1243 1
5 L 0 1246 1
5 D 287 1246 1
11 L 4 136 1
11 D 287 136 1
12 L 10 1889 1
12 D 287 1889 1
14 L 4 612 1
14 L 4 1508 1
14 L 4 1449 1
14 D 396 612 1
14 D 396 1508 1
14 D 396 1449 1
20 L 4 1617 1
20 L 4 1371 1
20 D 396 1617 1
20 D 396 1371 1
2 L 15 521 1
2 L 15 1879 1
2 D 396 521 1
2 D 396 1879 1
28 L 3 92 1
28 D 396 92 1
2 L 15 1857 1
2 L 15 1833 1
2 L 15 1896 1
2 D 453 1857 1
2 D 453 1833 1
2 D 453 1896 1
2 L 15 625 1
2 L 15 1715 1
2 L 15 1496 1
2 D 453 625 1
2 D 453 1715 1
2 D 453 1496 1
2 L 15 730 1
2 D 453 730 1
2 L 3 1640 1
2 L 3 815 1
2 D 453 1640 1
2 D 453 815 1
2 L 3 1792 1
2 L 3 528 1
2 D 387 1792 1
2 D 387 528 1
2 L 3 1863 1
2 L 3 1903 1
2 D 387 1863 1
2 D 387 1903 1
2 L 3 427 1
2 D 387 427 1
2 L 15 40 1
2 L 15 841 1
2 L 15 1482 1
2 L 15 1715 1
2 D 212 40 1
2 D 212 841 1
2 D 212 1482 1
2 D 212 1715 1
2 L 15 1964 1
2 L 15 1032 1
2 D 212 1964 1
2 D 212 1032 1
2 L 15 1277 1
2 D 212 1277 1
2 L 9 1385 1
2 L 9 820 1
2 D 212 1385 1
2 D 212 820 1
5 L 0 1088 1
5 L 0 1604 1
5 D 218 1088 1
5 D 218 1604 1
5 L 0 1618 1
5 L 0 1554 1
5 L 0 597 1
5 D 218 1618 1
5 D 218 1554 1
5 D 218 597 1
5 L 0 1048 1
5 L 0 985 1
5 L 0 1372 1
5 D 218 1048 1
5 D 218 985 1
5 D 218 1372 1
4 L 5 372 1
4 D 218 372 1
2 L 9 459 1
2 L 9 1747 1
2 D 262 459 1
2 D 262 1747 1
2 L 9 694 1
2 L 9 1243 1
2 D 262 694 1
2 D 262 1243 1
2 L 8 1510 1
2 L 8 1615 1
2 D 262 1510 1
2 D 262 1615 1
24 L 7 832 1
24 L 7 64 1
24 L 7 1159 1
24 D 401 832 1
24 D 401 64 1
24 D 401 1159 1
24 L 7 1999 1
24 L 7 946 1
24 D 401 1999 1
24 D 401 946 1
24 L 7 147 1
24 L 7 790 1
24 D 401 147 1
24 D 401 790 1
4 L 0 1091 1
4 L 0 1541 1
4 L 0 1643 1
4 L 0 877 1
4 D 876 1091 1
4 D 876 1541 1
4 D 876 1643 1
4 D 876 877 1
4 L 0 460 1
4 L 0 916 1
4 D 876 460 1
4 D 876 916 1
4 L 0 1790 1
4 D 876 1790 1
4 L 5 1512 1
4 D 876 1512 1
11 L 4 1691 1
11 D 876 1691 1
4 L 0 1312 1
4 L 0 646 1
4 D 978 1312 1
4 D 978 646 1
4 L 0 809 1
4 L 0 846 1
4 L 0 19 1
4 D 978 809 1
4 D 978 846 1
4 D 978 19 1
17 L 14 1386 1
17 D 978 1386 1
15 L 10 1185 1
15 L 10 998 1
15 L 10 1831 1
15 D 905 1185 1
15 D 905 998 1
15 D 905 1831 1
15 L 10 877 1
15 L 10 691 1
15 L 10 1911 1
15 D 905 877 1
15 D 905 691 1
15 D 905 1911 1
15 L 10 154 1
15 L 10 797 1
15 D 905 154 1
15 D 905 797 1
2 L 8 1792 1
2 L 8 382 1
2 D 841 1792 1
2 D 841 382 1
21 L 8 359 1
21 L 8 104 1
21 L 8 434 1
21 L 8 1715 1
21 L 8 1368 1
21 L 8 478 1
21 D 841 359 1
21 D 841 104 1
21 D 841 434 1
21 D 841 1715 1
21 D 841 1368 1
21 D 841 478 1
2 L 8 765 1
2 D 841 765 1
2 L 3 698 1
2 D 841 698 1
2 L 15 167 1
2 L 15 1002 1
2 L 15 1098 1
2 D 466 167 1
2 D 466 1002 1
2 D 466 1098 1
2 L 15 1233 1
2 L 15 1527 1
2 D 466 1233 1
2 D 466 1527 1
2 L 15 1082 1
2 L 15 1215 1
2 D 466 1082 1
2 D 466 1215 1
24 L 12 896 1
24 L 12 1474 1
24 D 114 896 1
24 D 114 1474 1
24 L 12 1646 1
24 L 12 1779 1
24 L 12 1910 1
24 D 114 1646 1
24 D 114 1779 1
24 D 114 1910 1
2 L 15 1732 1
2 D 114 1732 1
4 L 0 832 1
4 L 0 971 1
4 L 0 749 1
4 D 416 832 1
4 D 416 971 1
4 D 416 749 1
17 L 0 782 1
17 L 0 1459 1
17 D 416 782 1
17 D 416 1459 1
4 L 0 1719 1
4 L 0 151 1
4 D 416 1719 1
4 D 416 151 1
16 L 11 929 1
16 L 11 1062 1
16 L 11 647 1
16 D 260 929 1
16 D 260 1062 1
16 D 260 647 1
16 L 11 99 1
16 L 11 762 1
16 D 260 99 1
16 D 260 762 1
2 L 7 524 1
2 D 260 524 1
21 L 15 552 1
21 L 15 1773 1
21 L 15 375 1
21 L 15 26 1
21 D 629 552 1
21 D 629 1773 1
21 D 629 375 1
21 D 629 26 1
21 L 15 1803 1
21 D 629 1803 1
21 L 15 560 1
21 L 15 1407 1
21 D 629 560 1
21 D 629 1407 1
4 L 0 967 1
4 L 0 487 1
4 L 0 1999 1
4 L 0 1039 1
4 D 576 967 1
4 D 576 487 1
4 D 576 1999 1
4 D 576 1039 1
17 L 0 656 1
17 L 0 1782 1
17 D 576 656 1
17 D 576 1782 1
2 L 4 263 1
2 D 576 263 1
22 L 14 1186 1
22 L 14 1027 1
22 L 14 937 1
22 D 369 1186 1
22 D 369 1027 1
22 D 369 937 1
22 L 14 102 1
22 L 14 1803 1
22 D 369 102 1
22 D 369 1803 1
22 L 14 183 1
22 L 14 1054 1
22 D 369 183 1
22 D 369 1054 1
26 L 6 1 1
26 D 369 1 1
21 L 8 1924 1
21 L 8 261 1
21 L 8 102 1
21 D 60 1924 1
21 D 60 261 1
21 D 60 102 1
21 L 8 1817 1
21 L 8 1526 1
21 L 8 601 1
21 L 8 634 1
21 D 60 1817 1
21 D 60 1526 1
21 D 60 601 1
21 D 60 634 1
21 L 8 28 1
21 L 8 1214 1
21 D 60 28 1
21 D 60 1214 1
21 L 9 1669 1
21 D 60 1669 1
16 L 4 454 1
16 L 4 1482 1
16 L 4 1611 1
16 L 4 688 1
16 D 431 454 1
16 D 431 1482 1
16 D 431 1611 1
16 D 431 688 1
16 L 4 1328 1
16 L 4 1427 1
16 L 4 985 1
16 D 431 1328 1
16 D 431 1427 1
16 D 431 985 1
16 L 4 442 1
16 D 431 442 1
16 L 11 380 1
16 D 431 380 1
14 L 15 708 1
14 L 15 324 1
14 L 15 235 1
14 D 893 708 1
14 D 893 324 1
14 D 893 235 1
14 L 15 1548 1
14 L 15 427 1
14 D 893 1548 1
14 D 893 427 1
14 L 15 1139 1
14 L 15 1503 1
14 D 893 1139 1
14 D 893 1503 1
21 L 3 1970 1
21 L 3 956 1
21 D 893 1970 1
21 D 893 956 1
14 L 8 809 1
14 L 8 1674 1
14 L 8 885 1
14 D 958 809 1
14 D 958 1674 1
14 D 958 885 1
14 L 8 785 1
14 L 8 1845 1
14 D 958 785 1
14 D 958 1845 1
14 L 8 1022 1
14 L 8 863 1
14 D 958 1022 1
14 D 958 863 1
16 L 4 930 1
16 L 4 1371 1
16 D 162 930 1
16 D 162 1371 1
16 L 4 99 1
16 D 162 99 1
29 L 11 1272 1
29 D 162 1272 1
2 L 5 351 1
2 D 162 351 1
22 L 6 97 1
22 L 6 996 1
22 L 6 1068 1
22 D 832 97 1
22 D 832 996 1
22 D 832 1068 1
26 L 6 711 1
26 L 6 1230 1
26 D 832 711 1
26 D 832 1230 1
22 L 6 1873 1
22 L 6 927 1
22 D 832 1873 1
22 D 832 927 1
14 L 8 1345 1
14 L 8 815 1
14 L 8 563 1
14 D 414 1345 1
14 D 414 815 1
14 D 414 563 1
14 L 8 1491 1
14 L 8 1208 1
14 L 8 575 1
14 D 414 1491 1
14 D 414 1208 1
14 D 414 575 1
14 L 9 486 1
14 L 9 1899 1
14 D 414 486 1
14 D 414 1899 1
14 L 8 1158 1
14 L 8 15 1
14 L 8 1490 1
14 D 611 1158 1
14 D 611 15 1
14 D 611 1490 1
14 L 8 1874 1
14 L 8 1561 1
14 D 611 1874 1
14 D 611 1561 1
14 L 8 474 1
14 D 611 474 1
14 L 9 1261 1
14 D 611 1261 1
4 L 0 161 1
4 L 0 713 1
4 L 0 1490 1
4 D 951 161 1
4 D 951 713 1
4 D 951 1490 1
4 L 0 297 1
4 L 0 1131 1
4 L 0 1613 1
4 D 951 297 1
4 D 951 1131 1
4 D 951 1613 1
4 L 0 1040 1
4 L 0 501 1
4 L 0 278 1
4 D 951 1040 1
4 D 951 501 1
4 D 951 278 1
4 L 0 929 1
4 L 0 1578 1
4 L 0 1937 1
4 D 728 929 1
4 D 728 1578 1
4 D 728 1937 1
11 L 0 929 1
11 L 0 857 1
11 L 0 1342 1
11 D 728 929 1
11 D 728 857 1
11 D 728 1342 1
17 L 5 1452 1
17 D 728 1452 1
2 L 4 792 1
2 D 728 792 1
9 L 11 188 1
9 D 728 188 1
14 L 8 833 1
14 L 8 679 1
14 L 8 937 1
14 D 455 833 1
14 D 455 679 1
14 D 455 937 1
14 L 8 1420 1
14 L 8 1135 1
14 L 8 1530 1
14 L 8 1278 1
14 D 455 1420 1
14 D 455 1135 1
14 D 455 1530 1
14 D 455 1278 1
14 L 9 655 1
14 L 9 1373 1
14 D 455 655 1
14 D 455 1373 1
14 L 3 51 1
14 D 455 51 1
21 L 15 1025 1
21 L 15 354 1
21 L 15 772 1
21 L 15 1414 1
21 L 15 583 1
21 D 224 1025 1
21 D 224 354 1
21 D 224 772 1
21 D 224 1414 1
21 D 224 583 1
21 L 15 1289 1
21 L 15 399 1
21 L 15 1583 1
21 L 15 1183 1
21 D 224 1289 1
21 D 224 399 1
21 D 224 1583 1
21 D 224 1183 1
21 L 15 950 1
21 L 15 1339 1
21 L 15 446 1
21 D 224 950 1
21 D 224 1339 1
21 D 224 446 1
2 L 0 871 1
2 L 0 1355 1
2 L 0 270 1
2 D 792 871 1
2 D 792 1355 1
2 D 792 270 1
2 L 0 82 1
2 L 0 243 1
2 D 792 82 1
2 D 792 243 1
2 L 0 468 1
2 L 0 1911 1
2 L 0 1690 1
2 D 792 468 1
2 D 792 1911 1
2 D 792 1690 1
16 L 4 1952 1
16 L 4 1120 1
16 L 4 602 1
16 D 265 1952 1
16 D 265 1120 1
16 D 265 602 1
16 L 4 1569 1
16 L 4 32 1
16 D 265 1569 1
16 D 265 32 1
16 L 4 214 1
16 L 4 1690 1
16 D 265 214 1
16 D 265 1690 1
16 L 4 139 1
16 L 4 1619 1
16 L 4 537 1
16 L 4 122 1
16 D 650 139 1
16 D 650 1619 1
16 D 650 537 1
16 D 650 122 1
16 L 4 347 1
16 L 4 1820 1
16 D 650 347 1
16 D 650 1820 1
16 L 7 1809 1
16 L 7 949 1
16 D 650 1809 1
16 D 650 949 1
14 L 8 96 1
14 L 8 1029 1
14 L 8 520 1
14 L 8 8 1
14 D 612 96 1
14 D 612 1029 1
14 D 612 520 1
14 D 612 8 1
21 L 8 1223 1
21 L 8 1738 1
21 L 8 907 1
21 L 8 1658 1
21 D 612 1223 1
21 D 612 1738 1
21 D 612 907 1
21 D 612 1658 1
14 L 8 841 1
14 L 8 823 1
14 D 612 841 1
14 D 612 823 1
14 L 1 1255 1
14 D 612 1255 1
16 L 4 1988 1
16 L 4 104 1
16 L 4 1097 1
16 D 817 1988 1
16 D 817 104 1
16 D 817 1097 1
16 L 4 1645 1
16 L 4 1009 1
16 L 4 153 1
16 D 817 1645 1
16 D 817 1009 1
16 D 817 153 1
16 L 4 286 1
16 D 817 286 1
16 L 11 356 1
16 D 817 356 1
20 L 15 1480 1
20 L 15 1641 1
20 L 15 1899 1
20 L 15 172 1
20 D 670 1480 1
20 D 670 1641 1
20 D 670 1899 1
20 D 670 172 1
20 L 15 1458 1
20 L 15 1402 1
20 D 670 1458 1
20 D 670 1402 1
20 L 15 1214 1
20 D 670 1214 1
20 L 3 1306 1
20 D 670 1306 1
14 L 8 1463 1
14 L 8 1698 1
14 L 8 994 1
14 L 8 1414 1
14 L 8 1927 1
14 D 549 1463 1
14 D 549 1698 1
14 D 549 994 1
14 D 549 1414 1
14 D 549 1927 1
14 L 8 1034 1
14 L 8 1043 1
14 L 8 1175 1
14 L 8 443 1
14 D 549 1034 1
14 D 549 1043 1
14 D 549 1175 1
14 D 549 443 1
14 L 8 1496 1
14 D 549 1496 1
14 L 6 1888 1
14 L 6 1967 1
14 D 549 1888 1
14 D 549 1967 1
16 L 4 1030 1
16 L 4 1831 1
16 D 86 1030 1
16 D 86 1831 1
16 L 4 1673 1
16 L 4 914 1
16 D 86 1673 1
16 D 86 914 1
16 L 4 377 1
16 D 86 377 1
16 L 7 1672 1
16 L 7 1041 1
16 D 86 1672 1
16 D 86 1041 1
14 L 8 835 1
14 L 8 823 1
14 L 8 431 1
14 L 8 658 1
14 D 732 835 1
14 D 732 823 1
14 D 732 431 1
14 D 732 658 1
14 L 8 535 1
14 L 8 216 1
14 D 732 535 1
14 D 732 216 1
14 L 6 943 1
14 L 6 1494 1
14 D 732 943 1
14 D 732 1494 1
14 L 14 361 1
14 D 732 361 1
16 L 7 1994 1
16 L 7 1867 1
16 L 7 1611 1
16 L 7 145 1
16 L 7 1173 1
16 D 279 1994 1
16 D 279 1867 1
16 D 279 1611 1
16 D 279 145 1
16 D 279 1173 1
16 L 7 51 1
16 L 7 404 1
16 L 7 1147 1
16 D 279 51 1
16 D 279 404 1
16 D 279 1147 1
16 L 7 733 1
16 L 7 1054 1
16 D 279 733 1
16 D 279 1054 1
21 L 1 481 1
21 L 1 1444 1
21 D 404 481 1
21 D 404 1444 1
21 L 1 775 1
21 L 1 1324 1
21 L 1 1239 1
21 L 1 856 1
21 D 404 775 1
21 D 404 1324 1
21 D 404 1239 1
21 D 404 856 1
21 L 1 1338 1
21 L 1 1023 1
21 D 404 1338 1
21 D 404 1023 1
2 L 5 231 1
2 L 5 1943 1
2 D 404 231 1
2 D 404 1943 1
2 L 1 1443 1
2 L 1 1063 1
2 L 1 920 1
2 D 145 1443 1
2 D 145 1063 1
2 D 145 920 1
2 L 1 935 1
2 L 1 205 1
2 D 145 935 1
2 D 145 205 1
2 L 1 54 1
2 L 1 1246 1
2 D 145 54 1
2 D 145 1246 1
29 L 4 1986 1
29 L 4 1457 1
29 L 4 1843 1
29 D 749 1986 1
29 D 749 1457 1
29 D 749 1843 1
29 L 4 676 1
29 D 749 676 1
29 L 11 1056 1
29 L 11 1952 1
29 L 11 1546 1
29 L 11 1371 1
29 D 749 1056 1
29 D 749 1952 1
29 D 749 1546 1
29 D 749 1371 1
16 L 7 196 1
16 D 749 196 1
4 L 0 68 1
4 L 0 780 1
4 L 0 109 1
4 L 0 1265 1
4 L 0 1048 1
4 D 915 68 1
4 D 915 780 1
4 D 915 109 1
4 D 915 1265 1
4 D 915 1048 1
4 L 0 1580 1
4 L 0 151 1
4 D 915 1580 1
4 D 915 151 1
4 L 0 601 1
4 L 0 477 1
4 L 0 959 1
4 D 915 601 1
4 D 915 477 1
4 D 915 959 1
4 L 5 490 1
4 D 915 490 1
14 L 8 159 1
14 L 8 1479 1
14 L 8 1864 1
14 L 8 1547 1
14 D 225 159 1
14 D 225 1479 1
14 D 225 1864 1
14 D 225 1547 1
14 L 8 1259 1
14 L 8 1868 1
14 L 8 1079 1
14 D 225 1259 1
14 D 225 1868 1
14 D 225 1079 1
14 L 8 382 1
14 D 225 382 1
14 L 3 1797 1
14 D 225 1797 1
2 L 14 1375 1
2 D 225 1375 1
4 L 0 1794 1
4 L 0 840 1
4 D 75 1794 1
4 D 75 840 1
9 L 0 963 1
9 L 0 1300 1
9 L 0 757 1
9 D 75 963 1
9 D 75 1300 1
9 D 75 757 1
11 L 0 1874 1
11 L 0 1951 1
11 D 75 1874 1
11 D 75 1951 1
16 L 4 1411 1
16 L 4 904 1
16 L 4 1258 1
16 L 4 1899 1
16 D 136 1411 1
16 D 136 904 1
16 D 136 1258 1
16 D 136 1899 1
29 L 4 499 1
29 L 4 500 1
29 L 4 597 1
29 D 136 499 1
29 D 136 500 1
29 D 136 597 1
16 L 4 1048 1
16 D 136 1048 1
19 L 11 1057 1
19 L 11 417 1
19 D 136 1057 1
19 D 136 417 1
21 L 1 1867 1
21 L 1 1005 1
21 L 1 786 1
21 D 25 1867 1
21 D 25 1005 1
21 D 25 786 1
21 L 1 1393 1
21 L 1 1461 1
21 L 1 1338 1
21 D 25 1393 1
21 D 25 1461 1
21 D 25 1338 1
21 L 1 539 1
21 D 25 539 1
21 L 1 30 1
21 D 25 30 1
17 L 0 1538 2
17 L 0 1287 1
17 L 0 1714 1
17 L 0 122 1
17 D 475 1538 2
17 D 475 1287 1
17 D 475 1714 1
17 D 475 122 1
4 L 0 1082 1
4 D 475 1082 1
9 L 0 1747 1
9 D 475 1747 1
16 L 4 963 1
16 L 4 198 1
16 D 475 963 1
16 D 475 198 1
19 L 4 1504 1
19 L 4 1488 1
19 D 860 1504 1
19 D 860 1488 1
19 L 4 1634 1
19 L 4 19 1
19 D 860 1634 1
19 D 860 19 1
19 L 4 761 1
19 D 860 761 1
24 L 7 624 1
24 D 860 624 1
2 L 8 68 1
2 L 8 1639 1
2 L 8 1356 1
2 D 124 68 1
2 D 124 1639 1
2 D 124 1356 1
14 L 8 43 1
14 L 8 1548 1
14 D 124 43 1
14 D 124 1548 1
14 L 8 1147 1
14 L 8 988 1
14 L 8 1054 1
14 D 124 1147 1
14 D 124 988 1
14 D 124 1054 1
11 L 0 256 1
11 L 0 1441 1
11 L 0 964 1
11 D 688 256 1
11 D 688 1441 1
11 D 688 964 1
11 L 0 1936 1
11 L 0 312 1
11 L 0 218 1
11 D 688 1936 1
11 D 688 312 1
11 D 688 218 1
11 L 0 1214 1
11 L 0 1535 1
11 D 688 1214 1
11 D 688 1535 1
19 L 4 1301 1
19 D 688 1301 1
20 L 15 899 1
20 L 15 58 1
20 L 15 1956 1
20 L 15 1322 1
20 D 855 899 1
20 D 855 58 1
20 D 855 1956 1
20 D 855 1322 1
20 L 15 907 1
20 L 15 1227 1
20 L 15 1101 1
20 D 855 907 1
20 D 855 1227 1
20 D 855 1101 1
20 L 15 337 1
20 L 15 861 1
20 D 855 337 1
20 D 855 861 1
14 L 3 83 1
14 L 3 666 1
14 D 855 83 1
14 D 855 666 1
1 L 12 834 1
1 L 12 1926 1
1 D 755 834 1
1 D 755 1926 1
1 L 12 1072 1
1 L 12 469 1
1 D 755 1072 1
1 D 755 469 1
1 L 12 861 1
1 L 12 863 1
1 D 755 861 1
1 D 755 863 1
1 L 11 1767 1
1 D 755 1767 1
14 L 8 1830 1
14 L 8 422 1
14 D 886 1830 1
14 D 886 422 1
14 L 8 1901 1
14 L 8 917 1
14 D 886 1901 1
14 D 886 917 1
14 L 8 796 1
14 L 8 253 1
14 D 886 796 1
14 D 886 253 1
14 L 9 324 1
14 L 9 489 1
14 D 886 324 1
14 D 886 489 1
21 L 1 801 1
21 L 1 1836 1
21 L 1 919 1
21 L 1 1754 1
21 D 23 801 1
21 D 23 1836 1
21 D 23 919 1
21 D 23 1754 1
21 L 1 1677 1
21 L 1 1853 1
21 D 23 1677 1
21 D 23 1853 1
21 L 1 157 1
21 L 1 1464 1
21 D 23 157 1
21 D 23 1464 1
11 L 0 406 1
11 D 23 406 1
19 L 0 1222 1
19 L 0 1704 1
19 D 422 1222 1
19 D 422 1704 1
19 L 0 1936 1
19 L 0 537 1
19 D 422 1936 1
19 D 422 537 1
19 L 5 36 1
19 D 422 36 1
24 L 4 1356 1
24 D 422 1356 1
29 L 4 1447 1
29 L 4 1067 1
29 L 4 1486 1
29 D 910 1447 1
29 D 910 1067 1
29 D 910 1486 1
29 L 4 1777 1
29 L 4 242 1
29 L 4 765 1
29 D 910 1777 1
29 D 910 242 1
29 D 910 765 1
29 L 11 1275 1
29 L 11 1503 1
29 D 910 1275 1
29 D 910 1503 1
19 L 0 1217 1
19 L 0 777 1
19 L 0 720 1
19 D 651 1217 1
19 D 651 777 1
19 D 651 720 1
24 L 0 525 1
24 L 0 1748 1
24 D 651 525 1
24 D 651 1748 1
19 L 0 1973 1
19 L 0 567 1
19 D 651 1973 1
19 D 651 567 1
29 L 11 1825 1
29 L 11 1601 1
29 L 11 548 1
29 L 11 364 1
29 D 628 1825 1
29 D 628 1601 1
29 D 628 548 1
29 D 628 364 1
29 L 11 1451 1
29 L 11 278 1
29 L 11 411 1
29 D 628 1451 1
29 D 628 278 1
29 D 628 411 1
29 L 11 411 1
29 L 11 220 1
29 D 628 411 1
29 D 628 220 1
29 L 4 1024 1
29 L 4 1888 1
29 L 4 1441 1
29 L 4 1898 1
29 L 4 1488 1
29 D 280 1024 1
29 D 280 1888 1
29 D 280 1441 1
29 D 280 1898 1
29 D 280 1488 1
29 L 4 1484 1
29 L 4 876 1
29 L 4 1554 1
29 D 280 1484 1
29 D 280 876 1
29 D 280 1554 1
29 L 4 534 1
29 L 4 1309 1
29 L 4 446 1
29 L 4 1279 1
29 D 280 534 1
29 D 280 1309 1
29 D 280 446 1
29 D 280 1279 1
29 L 7 439 1
29 D 280 439 1
14 L 8 38 1
14 L 8 841 1
14 L 8 1810 1
14 D 737 38 1
14 D 737 841 1
14 D 737 1810 1
14 L 8 403 1
14 L 8 855 1
14 L 8 26 1
14 L 8 926 1
14 D 737 403 1
14 D 737 855 1
14 D 737 26 1
14 D 737 926 1
14 L 9 118 1
14 L 9 635 1
14 D 737 118 1
14 D 737 635 1
11 L 1 129 1
11 L 1 420 1
11 L 1 1739 1
11 L 1 1908 1
11 D 204 129 1
11 D 204 420 1
11 D 204 1739 1
11 D 204 1908 1
11 L 1 1326 1
11 L 1 1978 1
11 L 1 1307 1
11 L 1 508 1
11 D 204 1326 1
11 D 204 1978 1
11 D 204 1307 1
11 D 204 508 1
11 L 1 125 1
11 L 1 1855 1
11 D 204 125 1
11 D 204 1855 1
11 L 14 249 1
11 D 204 249 1
20 L 15 960 1
20 L 15 1186 1
20 L 15 1060 1
20 L 15 171 1
20 L 15 1132 1
20 D 954 960 1
20 D 954 1186 1
20 D 954 1060 1
20 D 954 171 1
20 D 954 1132 1
20 L 15 1012 1
20 L 15 501 1
20 L 15 1981 1
20 D 954 1012 1
20 D 954 501 1
20 D 954 1981 1
20 L 15 86 1
20 L 15 1016 1
20 L 15 1919 1
20 D 954 86 1
20 D 954 1016 1
20 D 954 1919 1
11 L 14 1537 1
11 L 14 769 1
11 L 14 680 1
11 L 14 591 1
11 L 14 1488 1
11 D 127 1537 1
11 D 127 769 1
11 D 127 680 1
11 D 127 591 1
11 D 127 1488 1
11 L 14 786 1
11 L 14 308 1
11 L 14 885 1
11 D 127 786 1
11 D 127 308 1
11 D 127 885 1
11 L 14 857 1
11 L 14 1594 1
11 L 14 1820 1
11 D 127 857 1
11 D 127 1594 1
11 D 127 1820 1
11 L 1 989 1
11 D 127 989 1
29 L 7 1345 1
29 L 7 717 1
29 L 7 1005 1
29 L 7 1757 1
29 D 842 1345 1
29 D 842 717 1
29 D 842 1005 1
29 D 842 1757 1
29 L 7 624 1
29 L 7 1553 1
29 D 842 624 1
29 D 842 1553 1
29 L 7 1266 1
29 L 7 1045 1
29 D 842 1266 1
29 D 842 1045 1
29 L 7 1659 1
29 D 842 1659 1
14 L 8 1762 1
14 L 8 1699 1
14 L 8 1800 1
14 D 110 1762 1
14 D 110 1699 1
14 D 110 1800 1
14 L 8 38 1
14 L 8 371 1
14 D 110 38 1
14 D 110 371 1
14 L 8 1106 1
14 D 110 1106 1
14 L 8 563 1
14 D 110 563 1
14 L 9 259 1
14 D 110 259 1
29 L 7 1184 1
29 L 7 1766 1
29 L 7 1708 1
29 L 7 299 1
29 L 7 1617 1
29 D 997 1184 1
29 D 997 1766 1
29 D 997 1708 1
29 D 997 299 1
29 D 997 1617 1
29 L 7 651 1
29 L 7 1452 1
29 L 7 1740 1
29 D 997 651 1
29 D 997 1452 1
29 D 997 1740 1
29 L 7 621 1
29 L 7 115 1
29 D 997 621 1
29 D 997 115 1
29 L 4 395 1
29 D 997 395 1
29 L 4 1447 1
29 L 4 1871 1
29 D 340 1447 1
29 D 340 1871 1
29 L 4 1804 1
29 L 4 1457 1
29 L 4 1649 1
29 L 4 1084 1
29 D 340 1804 1
29 D 340 1457 1
29 D 340 1649 1
29 D 340 1084 1
29 L 4 220 1
29 L 4 437 1
29 D 340 220 1
29 D 340 437 1
19 L 0 1634 1
19 L 0 1640 1
19 L 0 299 1
19 L 0 1533 1
19 D 713 1634 1
19 D 713 1640 1
19 D 713 299 1
19 D 713 1533 1
19 L 0 1196 1
19 L 0 911 1
19 D 713 1196 1
19 D 713 911 1
19 L 0 1043 1
19 L 0 1045 1
19 D 713 1043 1
19 D 713 1045 1
19 L 0 312 1
19 D 713 312 1
19 L 0 1153 1
19 L 0 1283 1
19 L 0 1311 1
19 D 869 1153 1
19 D 869 1283 1
19 D 869 1311 1
19 L 0 1924 1
19 L 0 707 1
19 L 0 1971 1
19 D 869 1924 1
19 D 869 707 1
19 D 869 1971 1
19 L 0 537 1
19 D 869 537 1
19 L 5 979 1
19 D 869 979 1
1 L 11 321 1
1 D 869 321 1
