7392
0 L 0 992 1
0 D 504 992 1
1 L 0 659 1
1 D 172 659 1
2 L 0 233 1
2 D 233 233 1
3 L 0 452 1
3 D 216 452 1
4 L 0 954 1
4 L 0 741 1
4 D 677 954 1
4 D 677 741 1
5 L 0 558 1
5 D 175 558 1
6 L 0 759 1
6 D 371 759 1
7 L 0 512 1
7 L 0 967 1
7 D 455 512 1
7 D 455 967 1
8 L 0 769 1
8 L 0 439 1
8 D 213 769 1
8 D 213 439 1
9 L 0 684 1
9 D 231 684 1
10 L 0 384 1
10 L 0 789 1
10 D 681 384 1
10 D 681 789 1
11 L 0 109 1
11 L 0 918 1
11 L 0 623 1
11 D 634 109 1
11 D 634 918 1
11 D 634 623 1
12 L 0 466 1
12 L 0 575 1
12 D 139 466 1
12 D 139 575 1
13 L 0 404 1
13 D 124 404 1
14 L 0 382 1
14 D 559 382 1
15 L 0 615 1
15 D 706 615 1
16 L 0 910 1
16 D 799 910 1
17 L 0 432 1
17 L 0 158 1
17 D 149 432 1
17 D 149 158 1
18 L 0 434 1
18 L 0 227 1
18 D 273 434 1
18 D 273 227 1
19 L 0 456 1
19 L 0 751 1
19 D 262 456 1
19 D 262 751 1
17 L 0 372 1
17 L 0 870 1
17 D 631 372 1
17 D 631 870 1
11 L 0 653 1
11 D 531 653 1
10 L 0 350 1
10 D 73 350 1
3 L 0 168 1
3 L 0 950 1
3 D 646 168 1
3 D 646 950 1
4 L 0 889 1
4 D 465 889 1
5 L 0 994 1
5 L 0 884 1
5 D 137 994 1
5 D 137 884 1
17 L 0 720 1
17 L 0 730 1
17 D 449 720 1
17 D 449 730 1
17 L 0 883 1
17 L 0 819 1
17 D 190 883 1
17 D 190 819 1
12 L 0 384 1
12 L 0 419 1
12 D 352 384 1
12 D 352 419 1
13 L 0 512 1
13 L 0 790 1
13 D 742 512 1
13 D 742 790 1
18 L 0 338 1
18 D 297 338 1
4 L 0 228 1
4 D 568 228 1
18 L 0 266 1
18 L 0 931 1
18 D 16 266 1
18 D 16 931 1
10 L 0 820 1
10 L 0 837 1
10 D 462 820 1
10 D 462 837 1
10 L 0 999 1
10 L 0 375 1
10 D 545 999 1
10 D 545 375 1
15 L 0 81 1
15 L 0 210 1
15 D 367 81 1
15 D 367 210 1
7 L 0 500 1
7 L 0 534 1
7 L 0 967 1
7 D 571 500 1
7 D 571 534 1
7 D 571 967 1
0 L 0 862 1
0 D 191 862 1
8 L 0 548 1
8 D 338 548 1
8 L 0 467 1
8 L 0 5 1
8 D 441 467 1
8 D 441 5 1
14 L 0 277 1
14 D 503 277 1
16 L 0 953 1
16 L 0 811 1
16 D 188 953 1
16 D 188 811 1
18 L 0 52 1
18 L 0 334 1
18 D 168 52 1
18 D 168 334 1
9 L 0 840 1
9 L 0 35 1
9 L 0 918 1
9 D 121 840 1
9 D 121 35 1
9 D 121 918 1
9 L 0 62 1
9 L 0 308 1
9 L 0 358 1
9 D 427 62 1
9 D 427 308 1
9 D 427 358 1
3 L 0 907 1
3 L 0 284 1
3 D 200 907 1
3 D 200 284 1
15 L 0 58 1
15 L 0 68 1
15 L 0 359 1
15 D 136 58 1
15 D 136 68 1
15 D 136 359 1
19 L 0 401 1
19 L 0 372 1
19 D 328 401 1
19 D 328 372 1
19 L 0 683 1
19 D 326 683 1
0 L 0 8 1
0 L 0 691 1
0 D 552 8 1
0 D 552 691 1
0 L 0 123 1
0 L 0 574 1
0 L 0 543 1
0 D 266 123 1
0 D 266 574 1
0 D 266 543 1
3 L 0 657 1
3 L 0 275 1
3 D 156 657 1
3 D 156 275 1
3 L 0 996 1
3 L 0 614 1
3 L 0 967 1
3 D 74 996 1
3 D 74 614 1
3 D 74 967 1
12 L 0 68 1
12 L 0 151 1
12 D 228 68 1
12 D 228 151 1
12 L 0 488 1
12 L 0 123 1
12 L 0 940 1
12 D 639 488 1
12 D 639 123 1
12 D 639 940 1
12 L 0 672 1
12 L 0 953 1
12 D 356 672 1
12 D 356 953 1
12 L 0 129 1
12 L 0 997 1
12 D 128 129 1
12 D 128 997 1
12 L 0 168 1
12 L 0 360 1
12 L 0 382 1
12 D 259 168 1
12 D 259 360 1
12 D 259 382 1
12 L 0 100 1
12 D 735 100 1
12 L 0 370 1
12 L 0 76 1
12 D 466 370 1
12 D 466 76 1
11 L 0 824 1
11 L 0 675 1
11 L 0 964 1
11 D 490 824 1
11 D 490 675 1
11 D 490 964 1
2 L 0 411 1
2 L 0 389 1
2 D 703 411 1
2 D 703 389 1
2 L 0 616 1
2 L 0 404 1
2 D 470 616 1
2 D 470 404 1
2 L 0 587 1
2 L 0 141 1
2 L 0 86 1
2 D 211 587 1
2 D 211 141 1
2 D 211 86 1
2 L 0 372 1
2 L 0 486 1
2 D 134 372 1
2 D 134 486 1
2 L 0 649 1
2 L 0 522 1
2 D 348 649 1
2 D 348 522 1
2 L 0 388 1
2 D 731 388 1
2 L 0 882 1
2 L 0 295 1
2 D 323 882 1
2 D 323 295 1
2 L 0 777 1
2 L 0 643 1
2 D 587 777 1
2 D 587 643 1
2 L 0 376 1
2 L 0 419 1
2 L 0 268 1
2 D 439 376 1
2 D 439 419 1
2 D 439 268 1
7 L 0 970 1
7 L 0 862 1
7 D 514 970 1
7 D 514 862 1
7 L 0 680 1
7 L 0 796 1
7 L 0 750 1
7 D 379 680 1
7 D 379 796 1
7 D 379 750 1
7 L 0 48 1
7 D 20 48 1
7 L 0 961 1
7 L 0 642 1
7 D 3 961 1
7 D 3 642 1
7 L 0 947 1
7 L 0 620 1
7 L 0 429 1
7 L 0 551 1
7 D 432 947 1
7 D 432 620 1
7 D 432 429 1
7 D 432 551 1
7 L 0 931 1
7 L 0 142 1
7 L 0 983 1
7 D 298 931 1
7 D 298 142 1
7 D 298 983 1
7 L 0 323 1
7 L 0 139 1
7 D 53 323 1
7 D 53 139 1
7 L 0 532 1
7 L 0 502 1
7 L 0 431 1
7 D 12 532 1
7 D 12 502 1
7 D 12 431 1
10 L 0 296 1
10 L 0 898 1
10 L 0 637 1
10 D 330 296 1
10 D 330 898 1
10 D 330 637 1
16 L 0 168 1
16 L 0 974 1
16 L 0 918 1
16 D 636 168 1
16 D 636 974 1
16 D 636 918 1
2 L 0 129 1
2 L 0 225 1
2 D 758 129 1
2 D 758 225 1
2 L 0 971 1
2 L 0 783 1
2 D 589 971 1
2 D 589 783 1
2 L 0 832 1
2 L 0 862 1
2 D 600 832 1
2 D 600 862 1
2 L 0 896 1
2 L 0 380 1
2 D 747 896 1
2 D 747 380 1
2 L 0 433 1
2 L 0 983 1
2 L 0 247 1
2 D 184 433 1
2 D 184 983 1
2 D 184 247 1
13 L 0 307 1
13 L 0 525 1
13 D 289 307 1
13 D 289 525 1
3 L 0 10 1
3 L 0 455 1
3 D 499 10 1
3 D 499 455 1
3 L 0 453 1
3 L 0 261 1
3 D 621 453 1
3 D 621 261 1
3 L 0 817 1
3 L 0 490 1
3 D 550 817 1
3 D 550 490 1
3 L 0 218 1
3 L 0 235 1
3 L 0 780 1
3 D 791 218 1
3 D 791 235 1
3 D 791 780 1
14 L 0 962 1
14 L 0 875 1
14 L 0 852 1
14 L 0 727 1
14 D 547 962 1
14 D 547 875 1
14 D 547 852 1
14 D 547 727 1
14 L 0 481 1
14 L 0 113 1
14 D 320 481 1
14 D 320 113 1
14 L 0 51 1
14 L 0 995 1
14 L 0 452 1
14 L 0 622 1
14 D 197 51 1
14 D 197 995 1
14 D 197 452 1
14 D 197 622 1
14 L 0 384 1
14 L 0 735 1
14 D 680 384 1
14 D 680 735 1
2 L 0 857 1
2 L 0 441 1
2 L 0 773 1
2 D 46 857 1
2 D 46 441 1
2 D 46 773 1
2 L 0 554 1
2 L 0 228 1
2 D 194 554 1
2 D 194 228 1
2 L 0 966 1
2 L 0 237 1
2 L 0 622 1
2 L 0 181 1
2 D 691 966 1
2 D 691 237 1
2 D 691 622 1
2 D 691 181 1
2 L 0 2 1
2 L 0 182 1
2 L 0 215 1
2 D 255 2 1
2 D 255 182 1
2 D 255 215 1
4 L 0 400 1
4 L 0 827 1
4 L 0 448 1
4 D 746 400 1
4 D 746 827 1
4 D 746 448 1
4 L 0 890 1
4 L 0 159 1
4 D 185 890 1
4 D 185 159 1
4 L 0 385 1
4 L 0 628 1
4 D 653 385 1
4 D 653 628 1
4 L 0 16 1
4 L 0 654 1
4 L 0 614 1
4 D 597 16 1
4 D 597 654 1
4 D 597 614 1
9 L 0 979 1
9 L 0 517 1
9 L 0 397 1
9 L 0 583 1
9 D 346 979 1
9 D 346 517 1
9 D 346 397 1
9 D 346 583 1
9 L 0 673 1
9 L 0 875 1
9 D 664 673 1
9 D 664 875 1
9 L 0 736 1
9 L 0 724 1
9 L 0 940 1
9 D 428 736 1
9 D 428 724 1
9 D 428 940 1
9 L 0 601 1
9 L 0 459 1
9 L 0 149 1
9 D 712 601 1
9 D 712 459 1
9 D 712 149 1
9 L 0 512 1
9 L 0 549 1
9 L 0 299 1
9 L 0 824 1
9 L 0 253 1
9 D 304 512 1
9 D 304 549 1
9 D 304 299 1
9 D 304 824 1
9 D 304 253 1
8 L 0 362 1
8 L 0 163 1
8 D 17 362 1
8 D 17 163 1
8 L 0 730 1
8 L 0 356 1
8 D 656 730 1
8 D 656 356 1
15 L 0 36 1
15 L 0 501 1
15 D 192 36 1
15 D 192 501 1
16 L 0 539 1
16 L 0 931 1
16 L 0 855 1
16 D 52 539 1
16 D 52 931 1
16 D 52 855 1
16 L 0 328 1
16 L 0 513 1
16 L 0 262 1
16 L 0 238 1
16 D 59 328 1
16 D 59 513 1
16 D 59 262 1
16 D 59 238 1
16 L 0 659 1
16 L 0 70 1
16 L 0 935 1
16 D 775 659 1
16 D 775 70 1
16 D 775 935 1
16 L 0 615 1
16 L 0 644 1
16 L 0 823 1
16 L 0 47 1
16 D 519 615 1
16 D 519 644 1
16 D 519 823 1
16 D 519 47 1
16 L 0 37 1
16 L 0 270 1
16 D 365 37 1
16 D 365 270 1
16 L 0 355 1
16 L 0 789 1
16 L 0 303 1
16 D 419 355 1
16 D 419 789 1
16 D 419 303 1
16 L 0 160 1
16 L 0 414 1
16 D 415 160 1
16 D 415 414 1
16 L 0 112 1
16 L 0 189 1
16 L 0 734 1
16 D 110 112 1
16 D 110 189 1
16 D 110 734 1
16 L 0 616 1
16 L 0 773 1
16 D 276 616 1
16 D 276 773 1
16 L 0 52 1
16 L 0 335 1
16 L 0 431 1
16 D 205 52 1
16 D 205 335 1
16 D 205 431 1
14 L 0 344 1
14 L 0 926 1
14 L 0 167 1
14 D 155 344 1
14 D 155 926 1
14 D 155 167 1
14 L 0 791 1
14 L 0 486 1
14 L 0 727 1
14 D 785 791 1
14 D 785 486 1
14 D 785 727 1
14 L 0 594 1
14 L 0 293 1
14 L 0 614 1
14 D 659 594 1
14 D 659 293 1
14 D 659 614 1
14 L 0 81 1
14 L 0 594 1
14 L 0 870 1
14 L 0 375 1
14 D 244 81 1
14 D 244 594 1
14 D 244 870 1
14 D 244 375 1
14 L 0 772 1
14 L 0 887 1
14 D 387 772 1
14 D 387 887 1
5 L 0 392 1
5 L 0 991 1
5 L 0 22 1
5 L 0 583 1
5 D 170 392 1
5 D 170 991 1
5 D 170 22 1
5 D 170 583 1
5 L 0 704 1
5 L 0 441 1
5 L 0 808 1
5 L 0 437 1
5 D 265 704 1
5 D 265 441 1
5 D 265 808 1
5 D 265 437 1
9 L 0 154 1
9 L 0 219 1
9 L 0 207 1
9 D 222 154 1
9 D 222 219 1
9 D 222 207 1
9 L 0 388 1
9 L 0 247 1
9 D 80 388 1
9 D 80 247 1
9 L 0 16 1
9 L 0 283 1
9 L 0 861 1
9 L 0 310 1
9 D 407 16 1
9 D 407 283 1
9 D 407 861 1
9 D 407 310 1
11 L 0 862 1
11 L 0 270 1
11 D 268 862 1
11 D 268 270 1
11 L 0 193 1
11 L 0 284 1
11 L 0 521 1
11 D 495 193 1
11 D 495 284 1
11 D 495 521 1
11 L 0 914 1
11 L 0 262 1
11 D 487 914 1
11 D 487 262 1
11 L 0 123 1
11 L 0 764 1
11 L 0 135 1
11 D 173 123 1
11 D 173 764 1
11 D 173 135 1
11 L 0 193 1
11 L 0 870 1
11 L 0 967 1
11 L 0 654 1
11 L 0 435 1
11 D 263 193 1
11 D 263 870 1
11 D 263 967 1
11 D 263 654 1
11 D 263 435 1
11 L 0 89 1
11 L 0 837 1
11 L 0 541 1
11 L 0 878 1
11 D 764 89 1
11 D 764 837 1
11 D 764 541 1
11 D 764 878 1
11 L 0 105 1
11 L 0 522 1
11 L 0 52 1
11 L 0 276 1
11 D 61 105 1
11 D 61 522 1
11 D 61 52 1
11 D 61 276 1
11 L 0 78 1
11 L 0 239 1
11 L 0 478 1
11 L 0 71 1
11 D 716 78 1
11 D 716 239 1
11 D 716 478 1
11 D 716 71 1
11 L 0 34 1
11 L 0 931 1
11 L 0 532 1
11 L 0 953 1
11 L 0 381 1
11 D 489 34 1
11 D 489 931 1
11 D 489 532 1
11 D 489 953 1
11 D 489 381 1
11 L 0 473 1
11 L 0 50 1
11 L 0 467 1
11 D 581 473 1
11 D 581 50 1
11 D 581 467 1
11 L 0 150 1
11 L 0 862 1
11 D 305 150 1
11 D 305 862 1
11 L 0 256 1
11 L 0 1 1
11 L 0 58 1
11 D 446 256 1
11 D 446 1 1
11 D 446 58 1
11 L 0 341 1
11 D 446 341 1
11 L 0 616 1
11 L 0 856 1
11 D 491 616 1
11 D 491 856 1
11 L 0 525 1
11 D 491 525 1
11 L 0 994 1
11 L 0 763 1
11 L 0 710 1
11 D 242 994 1
11 D 242 763 1
11 D 242 710 1
11 L 0 559 1
11 D 242 559 1
11 L 0 35 1
11 L 0 70 1
11 L 0 500 1
11 L 0 276 1
11 L 0 952 1
11 D 316 35 1
11 D 316 70 1
11 D 316 500 1
11 D 316 276 1
11 D 316 952 1
11 L 0 441 1
11 D 316 441 1
11 L 0 499 1
11 D 525 499 1
11 L 0 332 1
11 D 525 332 1
11 L 0 259 1
11 L 0 964 1
11 L 0 47 1
11 L 0 623 1
11 L 0 83 1
11 D 19 259 1
11 D 19 964 1
11 D 19 47 1
11 D 19 623 1
11 D 19 83 1
12 L 0 414 1
12 D 19 414 1
14 L 0 794 1
14 L 0 482 1
14 L 0 468 1
14 D 162 794 1
14 D 162 482 1
14 D 162 468 1
14 L 0 492 1
14 D 162 492 1
14 L 0 906 1
14 L 0 459 1
14 D 783 906 1
14 D 783 459 1
14 L 0 28 1
14 D 783 28 1
14 L 0 312 1
14 L 0 882 1
14 L 0 384 1
14 D 530 312 1
14 D 530 882 1
14 D 530 384 1
14 L 0 157 1
14 D 530 157 1
14 L 0 289 1
14 L 0 966 1
14 D 251 289 1
14 D 251 966 1
14 L 0 782 1
14 D 251 782 1
14 L 0 649 1
14 L 0 626 1
14 D 429 649 1
14 D 429 626 1
14 L 0 396 1
14 D 429 396 1
14 L 0 801 1
14 L 0 230 1
14 L 0 219 1
14 L 0 26 1
14 D 271 801 1
14 D 271 230 1
14 D 271 219 1
14 D 271 26 1
14 L 0 283 1
14 D 271 283 1
14 L 0 835 1
14 L 0 781 1
14 L 0 671 1
14 L 0 981 1
14 D 668 835 1
14 D 668 781 1
14 D 668 671 1
14 D 668 981 1
14 L 0 255 1
14 D 668 255 1
14 L 0 627 1
14 L 0 301 1
14 D 332 627 1
14 D 332 301 1
14 L 0 743 1
14 D 332 743 1
14 L 0 688 1
14 L 0 73 1
14 D 638 688 1
14 D 638 73 1
9 L 0 845 1
9 D 638 845 1
13 L 0 328 1
13 L 0 474 1
13 D 579 328 1
13 D 579 474 1
13 L 0 261 1
13 D 579 261 1
13 L 0 672 1
13 L 0 730 1
13 D 671 672 1
13 D 671 730 1
13 L 0 370 1
13 D 671 370 1
13 L 0 809 1
13 L 0 979 1
13 L 0 741 1
13 D 42 809 1
13 D 42 979 1
13 D 42 741 1
13 L 0 561 1
13 D 42 561 1
13 L 0 528 1
13 L 0 60 1
13 D 90 528 1
13 D 90 60 1
13 L 0 565 1
13 D 90 565 1
13 L 0 92 1
13 L 0 445 1
13 L 0 397 1
13 D 133 92 1
13 D 133 445 1
13 D 133 397 1
13 L 0 799 1
13 D 133 799 1
13 L 0 16 1
13 L 0 185 1
13 L 0 926 1
13 D 633 16 1
13 D 633 185 1
13 D 633 926 1
13 L 0 825 1
13 D 633 825 1
13 L 0 795 1
13 L 0 153 1
13 L 0 591 1
13 D 96 795 1
13 D 96 153 1
13 D 96 591 1
13 L 0 835 1
13 D 96 835 1
13 L 0 769 1
13 L 0 743 1
13 L 0 104 1
13 L 0 905 1
13 L 0 587 1
13 D 564 769 1
13 D 564 743 1
13 D 564 104 1
13 D 564 905 1
13 D 564 587 1
13 L 0 619 1
13 D 564 619 1
13 L 0 922 1
13 L 0 397 1
13 D 644 922 1
13 D 644 397 1
13 L 0 598 1
13 D 644 598 1
13 L 0 75 1
13 L 0 939 1
13 D 238 75 1
13 D 238 939 1
13 L 0 319 1
13 D 238 319 1
13 L 0 793 1
13 L 0 787 1
13 L 0 764 1
13 D 603 793 1
13 D 603 787 1
13 D 603 764 1
13 L 0 257 1
13 D 603 257 1
13 L 0 970 1
13 L 0 109 1
13 L 0 435 1
13 L 0 478 1
13 D 299 970 1
13 D 299 109 1
13 D 299 435 1
13 D 299 478 1
13 L 0 188 1
13 D 299 188 1
13 L 0 49 1
13 D 479 49 1
6 L 0 437 1
6 D 479 437 1
11 L 0 808 1
11 L 0 177 1
11 D 562 808 1
11 D 562 177 1
11 L 0 541 1
11 D 562 541 1
11 L 0 682 1
11 L 0 278 1
11 D 366 682 1
11 D 366 278 1
11 L 0 326 1
11 D 366 326 1
11 L 0 162 1
11 L 0 237 1
11 L 0 239 1
11 L 0 28 1
11 D 209 162 1
11 D 209 237 1
11 D 209 239 1
11 D 209 28 1
11 L 0 883 1
11 D 209 883 1
11 L 0 975 1
11 L 0 370 1
11 L 0 372 1
11 L 0 918 1
11 D 451 975 1
11 D 451 370 1
11 D 451 372 1
11 D 451 918 1
11 L 0 855 1
11 D 451 855 1
11 L 0 936 1
11 L 0 876 1
11 L 0 877 1
11 L 0 658 1
11 L 0 989 1
11 D 68 936 1
11 D 68 876 1
11 D 68 877 1
11 D 68 658 1
11 D 68 989 1
11 L 0 401 1
11 D 68 401 1
11 L 0 806 2
11 D 751 806 2
11 L 0 879 1
11 D 751 879 1
11 L 0 475 1
11 L 0 853 1
11 L 0 623 1
11 D 232 475 1
11 D 232 853 1
11 D 232 623 1
11 L 0 477 1
11 D 232 477 1
11 L 0 289 1
11 L 0 635 1
11 L 0 526 1
11 D 596 289 1
11 D 596 635 1
11 D 596 526 1
11 L 0 119 1
11 D 596 119 1
11 L 0 384 1
11 L 0 898 1
11 L 0 432 1
11 D 768 384 1
11 D 768 898 1
11 D 768 432 1
12 L 0 891 1
12 D 768 891 1
16 L 0 296 1
16 L 0 809 1
16 L 0 275 1
16 D 314 296 1
16 D 314 809 1
16 D 314 275 1
16 L 0 902 1
16 D 314 902 1
16 L 0 509 1
16 L 0 787 1
16 L 0 438 1
16 L 0 89 1
16 D 34 509 1
16 D 34 787 1
16 D 34 438 1
16 D 34 89 1
7 L 0 893 1
7 D 34 893 1
7 L 0 295 1
7 L 0 618 1
7 L 0 443 1
7 L 0 283 1
7 D 641 295 1
7 D 641 618 1
7 D 641 443 1
7 D 641 283 1
7 L 0 121 1
7 D 641 121 1
7 L 0 185 1
7 L 0 794 1
7 D 92 185 1
7 D 92 794 1
7 L 0 843 1
7 D 92 843 1
7 L 0 73 1
7 L 0 223 1
7 L 0 926 1
7 D 721 73 1
7 D 721 223 1
7 D 721 926 1
7 L 0 399 1
7 D 721 399 1
7 L 0 17 1
7 L 0 186 1
7 L 0 772 1
7 D 279 17 1
7 D 279 186 1
7 D 279 772 1
7 L 0 125 1
7 D 279 125 1
7 L 0 384 1
7 L 0 454 1
7 L 0 171 1
7 L 0 972 1
7 D 357 384 1
7 D 357 454 1
7 D 357 171 1
7 D 357 972 1
7 L 0 366 1
7 D 357 366 1
7 L 0 233 1
7 L 0 900 1
7 L 0 685 1
7 D 359 233 1
7 D 359 900 1
7 D 359 685 1
7 L 0 222 1
7 D 359 222 1
7 L 0 937 1
7 L 0 874 1
7 L 0 74 1
7 L 0 560 1
7 L 0 149 1
7 D 652 937 1
7 D 652 874 1
7 D 652 74 1
7 D 652 560 1
7 D 652 149 1
7 L 0 759 1
7 D 652 759 1
7 L 0 814 1
7 L 0 850 1
7 L 0 598 1
7 D 694 814 1
7 D 694 850 1
7 D 694 598 1
7 L 0 984 1
7 L 0 604 1
7 D 694 984 1
7 D 694 604 1
7 L 0 160 1
7 L 0 299 1
7 L 0 758 1
7 L 0 954 1
7 D 687 160 1
7 D 687 299 1
7 D 687 758 1
7 D 687 954 1
7 L 0 759 1
7 D 687 759 1
7 L 0 49 1
7 D 38 49 1
7 L 0 326 1
7 D 38 326 1
7 L 0 407 1
7 L 0 961 1
7 L 0 67 1
7 L 0 534 1
7 D 258 407 1
7 D 258 961 1
7 D 258 67 1
7 D 258 534 1
7 L 0 790 1
7 D 258 790 1
7 L 0 688 1
7 L 0 833 1
7 L 0 286 1
7 D 322 688 1
7 D 322 833 1
7 D 322 286 1
7 L 0 807 1
7 D 322 807 1
7 L 0 256 1
7 L 0 883 1
7 L 0 739 1
7 D 362 256 1
7 D 362 883 1
7 D 362 739 1
7 L 0 335 1
7 D 362 335 1
7 L 0 645 1
7 L 0 875 1
7 L 0 780 1
7 L 0 919 1
7 L 0 63 1
7 D 237 645 1
7 D 237 875 1
7 D 237 780 1
7 D 237 919 1
7 D 237 63 1
16 L 0 977 1
16 D 237 977 1
17 L 0 553 1
17 L 0 210 1
17 L 0 359 1
17 D 444 553 1
17 D 444 210 1
17 D 444 359 1
17 L 0 133 1
17 D 444 133 1
17 L 0 154 1
17 L 0 348 1
17 D 351 154 1
17 D 351 348 1
17 L 0 911 1
17 D 351 911 1
17 L 0 593 1
17 L 0 5 1
17 D 537 593 1
17 D 537 5 1
17 L 0 770 1
17 D 537 770 1
17 L 0 195 1
17 L 0 252 1
17 L 0 179 1
17 D 493 195 1
17 D 493 252 1
17 D 493 179 1
17 L 0 767 1
17 D 493 767 1
17 L 0 162 1
17 L 0 452 1
17 L 0 230 1
17 L 0 427 1
17 D 436 162 1
17 D 436 452 1
17 D 436 230 1
17 D 436 427 1
17 L 0 268 1
17 L 0 508 1
17 D 436 268 1
17 D 436 508 1
17 L 0 221 1
17 L 0 427 1
17 L 0 413 1
17 D 210 221 1
17 D 210 427 1
17 D 210 413 1
17 L 0 543 1
17 D 210 543 1
17 L 0 659 1
17 L 0 964 1
17 L 0 93 1
17 D 64 659 1
17 D 64 964 1
17 D 64 93 1
17 L 0 350 1
17 D 64 350 1
17 L 0 738 1
17 L 0 591 1
17 L 0 978 1
17 L 0 467 1
17 D 458 738 1
17 D 458 591 1
17 D 458 978 1
17 D 458 467 1
17 L 0 571 1
17 D 458 571 1
17 L 0 96 1
17 L 0 298 1
17 L 0 371 1
17 L 0 184 1
17 D 557 96 1
17 D 557 298 1
17 D 557 371 1
17 D 557 184 1
17 L 0 186 1
17 D 557 186 1
17 L 0 904 1
17 L 0 777 1
17 L 0 398 1
17 L 0 883 1
17 L 0 252 1
17 D 720 904 1
17 D 720 777 1
17 D 720 398 1
17 D 720 883 1
17 D 720 252 1
17 L 0 861 1
17 D 720 861 1
17 L 0 832 1
17 L 0 785 1
17 D 549 832 1
17 D 549 785 1
17 L 0 407 1
17 D 549 407 1
17 L 0 289 1
17 L 0 937 1
17 L 0 541 1
17 L 0 350 1
17 D 331 289 1
17 D 331 937 1
17 D 331 541 1
17 D 331 350 1
17 L 0 350 1
17 D 331 350 1
17 L 0 401 1
17 L 0 444 1
17 L 0 751 1
17 D 422 401 1
17 D 422 444 1
17 D 422 751 1
17 L 0 917 1
17 D 422 917 1
17 L 0 801 1
17 L 0 210 1
17 L 0 477 1
17 D 796 801 1
17 D 796 210 1
17 D 796 477 1
17 L 0 223 1
17 D 796 223 1
17 L 0 439 1
17 L 0 66 1
17 L 0 964 1
17 L 0 778 1
17 D 416 439 1
17 D 416 66 1
17 D 416 964 1
17 D 416 778 1
17 L 0 168 1
17 L 0 631 1
17 D 416 168 1
17 D 416 631 1
17 L 0 473 1
17 L 0 306 1
17 D 528 473 1
17 D 528 306 1
17 L 0 991 1
17 D 528 991 1
17 L 0 856 1
17 L 0 653 1
17 L 0 982 1
17 D 11 856 1
17 D 11 653 1
17 D 11 982 1
17 L 0 133 1
17 D 11 133 1
17 L 0 1 1
17 L 0 897 1
17 L 0 360 1
17 L 0 659 1
17 D 309 1 1
17 D 309 897 1
17 D 309 360 1
17 D 309 659 1
17 L 0 87 1
17 D 309 87 1
17 L 0 612 1
17 L 0 360 1
17 L 0 809 1
17 L 0 500 1
17 D 620 612 1
17 D 620 360 1
17 D 620 809 1
17 D 620 500 1
4 L 0 553 1
4 D 620 553 1
19 L 0 859 1
19 L 0 739 1
19 D 411 859 1
19 D 411 739 1
19 L 0 239 1
19 D 411 239 1
19 L 0 772 1
19 L 0 764 1
19 L 0 765 1
19 D 496 772 1
19 D 496 764 1
19 D 496 765 1
19 L 0 55 1
19 D 496 55 1
19 L 0 961 1
19 L 0 899 1
19 L 0 971 1
19 D 24 961 1
19 D 24 899 1
19 D 24 971 1
19 L 0 688 1
19 L 0 52 1
19 D 24 688 1
19 D 24 52 1
19 L 0 579 1
19 L 0 741 1
19 L 0 809 1
19 L 0 63 1
19 D 536 579 1
19 D 536 741 1
19 D 536 809 1
19 D 536 63 1
19 L 0 167 1
19 D 536 167 1
19 L 0 736 1
19 L 0 825 1
19 L 0 349 1
19 D 4 736 1
19 D 4 825 1
19 D 4 349 1
19 L 0 862 1
19 D 4 862 1
19 L 0 513 1
19 L 0 795 1
19 L 0 950 1
19 D 392 513 1
19 D 392 795 1
19 D 392 950 1
19 L 0 845 1
19 D 392 845 1
19 L 0 921 1
19 L 0 803 1
19 L 0 237 1
19 D 456 921 1
19 D 456 803 1
19 D 456 237 1
19 L 0 157 1
19 D 456 157 1
19 L 0 816 1
19 L 0 946 1
19 D 515 816 1
19 D 515 946 1
19 L 0 349 1
19 L 0 822 1
19 D 515 349 1
19 D 515 822 1
19 L 0 642 1
19 L 0 523 1
19 L 0 621 1
19 L 0 112 2
19 D 509 642 1
19 D 509 523 1
19 D 509 621 1
19 D 509 112 2
1 L 0 537 1
1 D 509 537 1
10 L 0 865 1
10 L 0 7 1
10 L 0 80 1
10 D 274 865 1
10 D 274 7 1
10 D 274 80 1
10 L 0 467 1
10 L 0 564 1
10 D 274 467 1
10 D 274 564 1
10 L 0 354 1
10 L 0 163 1
10 L 0 484 1
10 L 0 272 1
10 D 360 354 1
10 D 360 163 1
10 D 360 484 1
10 D 360 272 1
10 L 0 756 1
10 D 360 756 1
10 L 0 996 1
10 L 0 614 1
10 L 0 70 1
10 L 0 798 1
10 L 0 62 1
10 D 708 996 1
10 D 708 614 1
10 D 708 70 1
10 D 708 798 1
10 D 708 62 1
8 L 0 262 1
8 D 708 262 1
1 L 0 104 1
1 L 0 161 1
1 D 264 104 1
1 D 264 161 1
1 L 0 315 1
1 D 264 315 1
1 L 0 480 1
1 L 0 41 1
1 L 0 287 1
1 D 97 480 1
1 D 97 41 1
1 D 97 287 1
1 L 0 279 1
1 D 97 279 1
1 L 0 448 1
1 L 0 548 1
1 L 0 848 1
1 D 86 448 1
1 D 86 548 1
1 D 86 848 1
1 L 0 216 1
1 L 0 121 1
1 D 86 216 1
1 D 86 121 1
1 L 0 259 1
1 L 0 591 1
1 L 0 377 1
1 D 607 259 1
1 D 607 591 1
1 D 607 377 1
9 L 0 314 1
9 L 0 477 1
9 D 607 314 1
9 D 607 477 1
14 L 0 584 1
14 L 0 40 1
14 L 0 149 1
14 L 0 631 1
14 L 0 827 1
14 L 0 509 1
14 D 229 584 1
14 D 229 40 1
14 D 229 149 1
14 D 229 631 1
14 D 229 827 1
14 D 229 509 1
14 L 0 220 1
14 D 229 220 1
14 L 0 116 1
14 L 0 427 1
14 D 288 116 1
14 D 288 427 1
14 L 0 452 1
14 L 0 463 1
14 D 288 452 1
14 D 288 463 1
14 L 0 934 1
14 L 0 840 1
14 L 0 458 1
14 L 0 364 1
14 D 282 934 1
14 D 282 840 1
14 D 282 458 1
14 D 282 364 1
14 L 0 621 1
14 L 0 654 1
14 D 282 621 1
14 D 282 654 1
14 L 0 569 1
14 L 0 789 1
14 L 0 777 1
14 D 199 569 1
14 D 199 789 1
14 D 199 777 1
14 L 0 43 1
14 D 199 43 1
14 L 0 593 1
14 L 0 372 1
14 L 0 489 1
14 D 374 593 1
14 D 374 372 1
14 D 374 489 1
14 L 0 431 1
14 D 374 431 1
14 L 0 560 1
14 L 0 700 1
14 L 0 764 1
14 D 383 560 1
14 D 383 700 1
14 D 383 764 1
14 L 0 607 1
14 D 383 607 1
14 L 0 34 1
14 L 0 486 1
14 L 0 113 1
14 D 655 34 1
14 D 655 486 1
14 D 655 113 1
14 L 0 379 1
14 L 0 444 1
14 D 655 379 1
14 D 655 444 1
14 L 0 872 1
14 L 0 937 1
14 L 0 616 1
14 D 25 872 1
14 D 25 937 1
14 D 25 616 1
14 L 0 360 1
14 L 0 111 1
14 D 25 360 1
14 D 25 111 1
14 L 0 196 1
14 L 0 966 1
14 L 0 268 1
14 L 0 638 1
14 L 0 959 1
14 D 377 196 1
14 D 377 966 1
14 D 377 268 1
14 D 377 638 1
14 D 377 959 1
14 L 0 499 1
14 D 377 499 1
14 L 0 16 1
14 L 0 705 1
14 L 0 525 1
14 D 176 16 1
14 D 176 705 1
14 D 176 525 1
14 L 0 639 1
14 D 176 639 1
14 L 0 121 1
14 L 0 691 1
14 D 795 121 1
14 D 795 691 1
14 L 0 492 1
14 L 0 598 1
14 D 795 492 1
14 D 795 598 1
14 L 0 809 1
14 L 0 557 1
14 L 0 334 1
14 L 0 622 1
14 L 0 80 1
14 L 0 732 1
14 D 767 809 1
14 D 767 557 1
14 D 767 334 1
14 D 767 622 1
14 D 767 80 1
14 D 767 732 1
14 L 0 214 1
14 D 767 214 1
14 L 0 41 1
14 L 0 906 1
14 D 782 41 1
14 D 782 906 1
14 L 0 301 1
14 L 0 543 1
14 D 782 301 1
14 D 782 543 1
14 L 0 513 1
14 L 0 129 1
14 L 0 787 1
14 L 0 982 1
14 D 212 513 1
14 D 212 129 1
14 D 212 787 1
14 D 212 982 1
14 L 0 920 1
14 L 0 220 1
14 D 212 920 1
14 D 212 220 1
14 L 0 293 1
14 L 0 104 1
14 L 0 587 1
14 L 0 797 1
14 D 619 293 1
14 D 619 104 1
14 D 619 587 1
14 D 619 797 1
14 L 0 442 1
14 D 619 442 1
14 L 0 963 1
14 L 0 805 1
14 L 0 776 1
14 D 713 963 1
14 D 713 805 1
14 D 713 776 1
14 L 0 748 1
14 L 0 399 1
14 L 0 63 1
14 D 713 748 1
14 D 713 399 1
14 D 713 63 1
14 L 0 771 1
14 L 0 871 1
14 L 0 877 1
14 L 0 403 1
14 D 363 771 1
14 D 363 871 1
14 D 363 877 1
14 D 363 403 1
14 L 0 431 1
14 L 0 661 1
14 D 363 431 1
14 D 363 661 1
14 L 0 504 1
14 L 0 590 1
14 D 448 504 1
14 D 448 590 1
14 L 0 726 1
14 L 0 350 1
14 D 448 726 1
14 D 448 350 1
14 L 0 321 1
14 L 0 644 1
14 L 0 653 1
14 D 164 321 1
14 D 164 644 1
14 D 164 653 1
14 L 0 823 1
14 L 0 701 1
14 D 164 823 1
14 D 164 701 1
14 L 0 832 1
14 L 0 238 1
14 L 0 727 1
14 D 794 832 1
14 D 794 238 1
14 D 794 727 1
14 L 0 538 1
14 L 0 159 1
14 D 794 538 1
14 D 794 159 1
14 L 0 710 1
14 L 0 935 1
14 L 0 907 1
14 L 0 981 1
14 D 739 710 1
14 D 739 935 1
14 D 739 907 1
14 D 739 981 1
14 L 0 142 1
14 L 0 438 1
14 D 739 142 1
14 D 739 438 1
14 L 0 359 1
14 L 0 871 1
14 L 0 461 1
14 D 253 359 1
14 D 253 871 1
14 D 253 461 1
14 L 0 182 1
14 L 0 889 1
14 D 253 182 1
14 D 253 889 1
14 L 0 960 1
14 L 0 713 1
14 D 94 960 1
14 D 94 713 1
14 L 0 716 1
14 L 0 886 1
14 D 94 716 1
14 D 94 886 1
14 L 0 192 1
14 L 0 160 1
14 L 0 517 1
14 L 0 694 1
14 D 87 192 1
14 D 87 160 1
14 D 87 517 1
14 D 87 694 1
14 L 0 239 1
14 D 87 239 1
14 L 0 419 1
14 L 0 70 1
14 L 0 262 1
14 D 182 419 1
14 D 182 70 1
14 D 182 262 1
14 L 0 910 1
14 L 0 793 1
14 D 182 910 1
14 D 182 793 1
14 L 0 834 1
14 L 0 106 1
14 L 0 623 1
14 L 0 86 1
14 D 743 834 1
14 D 743 106 1
14 D 743 623 1
14 D 743 86 1
14 L 0 16 1
14 L 0 183 1
14 D 743 16 1
14 D 743 183 1
14 L 0 199 1
14 L 0 104 1
14 L 0 616 1
14 D 27 199 1
14 D 27 104 1
14 D 27 616 1
14 L 0 406 1
14 L 0 598 1
14 D 27 406 1
14 D 27 598 1
14 L 0 898 1
14 L 0 495 1
14 L 0 187 1
14 L 0 478 1
14 D 113 898 1
14 D 113 495 1
14 D 113 187 1
14 D 113 478 1
14 L 0 829 1
14 D 113 829 1
14 L 0 281 1
14 L 0 626 1
14 L 0 839 1
14 D 131 281 1
14 D 131 626 1
14 D 131 839 1
19 L 0 943 1
19 D 131 943 1
11 L 0 345 1
11 L 0 242 1
11 D 50 345 1
11 D 50 242 1
11 L 0 749 1
11 L 0 350 1
11 D 50 749 1
11 D 50 350 1
11 L 0 121 1
11 L 0 370 1
11 D 772 121 1
11 D 772 370 1
11 L 0 475 1
11 L 0 607 1
11 D 772 475 1
11 D 772 607 1
11 L 0 611 1
11 L 0 389 1
11 L 0 70 1
11 D 665 611 1
11 D 665 389 1
11 D 665 70 1
11 L 0 230 1
11 L 0 671 1
11 D 665 230 1
11 D 665 671 1
11 L 0 416 1
11 L 0 576 1
11 L 0 707 1
11 D 674 416 1
11 D 674 576 1
11 D 674 707 1
11 L 0 761 1
11 L 0 189 1
11 D 674 761 1
11 D 674 189 1
11 L 0 610 1
11 L 0 940 1
11 L 0 293 1
11 D 474 610 1
11 D 474 940 1
11 D 474 293 1
11 L 0 110 1
11 D 474 110 1
11 L 0 513 1
11 L 0 622 1
11 L 0 753 1
11 L 0 470 1
11 L 0 666 1
11 D 627 513 1
11 D 627 622 1
11 D 627 753 1
11 D 627 470 1
11 D 627 666 1
11 L 0 443 1
11 L 0 924 1
11 L 0 543 1
11 D 627 443 1
11 D 627 924 1
11 D 627 543 1
11 L 0 560 1
11 L 0 977 1
11 D 341 560 1
11 D 341 977 1
11 L 0 182 1
11 L 0 607 1
11 D 341 182 1
11 D 341 607 1
11 L 0 994 1
11 L 0 911 1
11 L 0 851 1
11 D 741 994 1
11 D 741 911 1
11 D 741 851 1
11 L 0 86 1
11 L 0 381 1
11 D 741 86 1
11 D 741 381 1
11 L 0 741 1
11 L 0 829 1
11 L 0 268 1
11 L 0 623 1
11 D 350 741 1
11 D 350 829 1
11 D 350 268 1
11 D 350 623 1
11 L 0 509 1
11 L 0 158 1
11 L 0 287 1
11 D 350 509 1
11 D 350 158 1
11 D 350 287 1
11 L 0 198 1
11 L 0 843 1
11 D 370 198 1
11 D 370 843 1
11 L 0 139 1
11 L 0 820 1
11 L 0 730 1
11 D 370 139 1
11 D 370 820 1
11 D 370 730 1
11 L 0 68 1
11 L 0 275 1
11 L 0 372 1
11 L 0 663 1
11 D 13 68 1
11 D 13 275 1
11 D 13 372 1
11 D 13 663 1
11 L 0 788 1
11 L 0 28 1
11 D 13 788 1
11 D 13 28 1
11 L 0 96 1
11 L 0 422 1
11 L 0 235 1
11 D 426 96 1
11 D 426 422 1
11 D 426 235 1
11 L 0 597 1
11 L 0 124 1
11 D 426 597 1
11 D 426 124 1
11 L 0 488 1
11 L 0 233 1
11 L 0 108 1
11 L 0 189 1
11 D 643 488 1
11 D 643 233 1
11 D 643 108 1
11 D 643 189 1
11 L 0 15 1
11 L 0 477 1
11 D 643 15 1
11 D 643 477 1
11 L 0 224 1
11 L 0 496 1
11 D 201 224 1
11 D 201 496 1
11 L 0 285 1
11 L 0 391 1
11 D 201 285 1
11 D 201 391 1
11 L 0 896 1
11 L 0 440 1
11 L 0 554 1
11 D 477 896 1
11 D 477 440 1
11 D 477 554 1
11 L 0 600 1
11 L 0 444 1
11 D 477 600 1
11 D 477 444 1
11 L 0 872 1
11 L 0 449 1
11 D 544 872 1
11 D 544 449 1
11 L 0 388 1
11 D 544 388 1
11 L 0 8 1
11 L 0 876 1
11 L 0 688 1
11 L 0 597 1
11 L 0 981 1
11 D 5 8 1
11 D 5 876 1
11 D 5 688 1
11 D 5 597 1
11 D 5 981 1
11 L 0 476 1
11 D 5 476 1
11 L 0 162 1
11 L 0 483 1
11 L 0 963 1
11 L 0 581 1
11 D 91 162 1
11 D 91 483 1
11 D 91 963 1
11 D 91 581 1
11 L 0 615 1
11 L 0 182 1
11 L 0 441 1
11 D 91 615 1
11 D 91 182 1
11 D 91 441 1
11 L 0 163 1
11 L 0 964 1
11 L 0 364 1
11 L 0 304 1
11 L 0 83 1
11 D 556 163 1
11 D 556 964 1
11 D 556 364 1
11 D 556 304 1
11 D 556 83 1
11 L 0 427 1
11 L 0 575 1
11 D 556 427 1
11 D 556 575 1
11 L 0 32 1
11 L 0 632 1
11 L 0 463 1
11 D 261 32 1
11 D 261 632 1
11 D 261 463 1
11 L 0 673 1
11 D 261 673 1
11 L 0 900 1
11 L 0 233 1
11 L 0 877 1
11 L 0 688 1
11 L 0 636 1
11 D 147 900 1
11 D 147 233 1
11 D 147 877 1
11 D 147 688 1
11 D 147 636 1
11 L 0 564 1
11 L 0 438 1
11 L 0 920 1
11 D 147 564 1
11 D 147 438 1
11 D 147 920 1
11 L 0 401 1
11 L 0 858 1
11 D 8 401 1
11 D 8 858 1
11 L 0 491 1
11 L 0 987 1
11 D 8 491 1
11 D 8 987 1
11 L 0 257 1
11 L 0 18 1
11 D 540 257 1
11 D 540 18 1
11 L 0 516 1
11 L 0 382 1
11 D 540 516 1
11 D 540 382 1
11 L 0 299 1
11 L 0 593 1
11 L 0 722 1
11 D 318 299 1
11 D 318 593 1
11 D 318 722 1
11 L 0 697 1
11 L 0 575 1
11 D 318 697 1
11 D 318 575 1
11 L 0 136 1
11 L 0 974 1
11 L 0 184 1
11 D 399 136 1
11 D 399 974 1
11 D 399 184 1
11 L 0 17 1
11 L 0 314 1
11 L 0 926 1
11 D 399 17 1
11 D 399 314 1
11 D 399 926 1
11 L 0 136 1
11 L 0 46 1
11 L 0 981 1
11 D 524 136 1
11 D 524 46 1
11 D 524 981 1
11 L 0 783 1
11 L 0 147 1
11 D 524 783 1
11 D 524 147 1
11 L 0 808 1
11 L 0 161 1
11 D 234 808 1
11 D 234 161 1
11 L 0 862 1
11 L 0 391 1
11 D 234 862 1
11 D 234 391 1
11 L 0 871 1
11 L 0 405 1
11 L 0 854 1
11 D 239 871 1
11 D 239 405 1
11 D 239 854 1
11 L 0 664 1
11 L 0 220 1
11 D 239 664 1
11 D 239 220 1
11 L 0 106 1
11 L 0 144 1
11 L 0 185 1
11 D 100 106 1
11 D 100 144 1
11 D 100 185 1
11 L 0 599 1
11 L 0 794 1
11 D 100 599 1
11 D 100 794 1
11 L 0 900 1
11 L 0 139 1
11 L 0 919 1
11 L 0 631 1
11 D 759 900 1
11 D 759 139 1
11 D 759 919 1
11 D 759 631 1
11 L 0 427 1
11 L 0 728 1
11 D 759 427 1
11 D 759 728 1
11 L 0 69 1
11 L 0 561 1
11 D 480 69 1
11 D 480 561 1
11 L 0 189 1
11 L 0 954 1
11 L 0 381 1
11 D 480 189 1
11 D 480 954 1
11 D 480 381 1
11 L 0 573 1
11 L 0 277 1
11 D 129 573 1
11 D 129 277 1
11 L 0 127 1
11 D 129 127 1
11 L 0 628 1
11 L 0 237 1
11 D 699 628 1
11 D 699 237 1
11 L 0 486 1
11 L 0 87 1
11 D 699 486 1
11 D 699 87 1
11 L 0 320 1
11 L 0 896 1
11 D 159 320 1
11 D 159 896 1
11 L 0 484 1
11 L 0 88 1
11 L 0 894 1
11 D 159 484 1
11 D 159 88 1
11 D 159 894 1
11 L 0 610 1
11 L 0 937 1
11 L 0 362 1
11 D 166 610 1
11 D 166 937 1
11 D 166 362 1
11 L 0 621 1
11 L 0 301 1
11 L 0 339 1
11 D 166 621 1
11 D 166 301 1
11 D 166 339 1
11 L 0 526 1
11 L 0 499 1
11 D 311 526 1
11 D 311 499 1
12 L 0 757 1
12 L 0 949 1
12 L 0 28 1
12 D 311 757 1
12 D 311 949 1
12 D 311 28 1
4 L 0 551 1
4 L 0 684 1
4 L 0 332 1
4 D 169 551 1
4 D 169 684 1
4 D 169 332 1
4 L 0 76 1
4 L 0 814 1
4 L 0 921 1
4 D 169 76 1
4 D 169 814 1
4 D 169 921 1
4 L 0 128 1
4 L 0 616 1
4 L 0 361 1
4 D 737 128 1
4 D 737 616 1
4 D 737 361 1
4 L 0 779 1
4 L 0 790 1
4 L 0 857 1
4 D 737 779 1
4 D 737 790 1
4 D 737 857 1
4 L 0 779 1
4 L 0 66 1
4 D 21 779 1
4 D 21 66 1
4 L 0 107 1
4 L 0 780 1
4 D 21 107 1
4 D 21 780 1
4 L 0 650 1
4 L 0 693 1
4 D 107 650 1
4 D 107 693 1
4 L 0 822 1
4 L 0 767 1
4 D 107 822 1
4 D 107 767 1
4 L 0 336 1
4 L 0 786 1
4 D 66 336 1
4 D 66 786 1
17 L 0 414 1
17 L 0 391 1
17 D 66 414 1
17 D 66 391 1
2 L 0 384 1
2 L 0 807 1
2 L 0 553 1
2 D 414 384 1
2 D 414 807 1
2 D 414 553 1
2 L 0 467 1
2 L 0 916 1
2 D 414 467 1
2 D 414 916 1
2 L 0 673 1
2 L 0 513 1
2 L 0 871 1
2 L 0 591 1
2 D 732 673 1
2 D 732 513 1
2 D 732 871 1
2 D 732 591 1
2 L 0 783 1
2 L 0 409 1
2 D 732 783 1
2 D 732 409 1
2 L 0 388 1
2 D 624 388 1
2 L 0 739 1
2 L 0 188 1
2 D 624 739 1
2 D 624 188 1
2 L 0 772 1
2 D 624 772 1
2 L 0 395 1
2 L 0 51 1
2 D 342 395 1
2 D 342 51 1
2 L 0 276 1
2 L 0 730 1
2 L 0 286 1
2 D 342 276 1
2 D 342 730 1
2 D 342 286 1
2 L 0 808 1
2 L 0 937 1
2 L 0 86 1
2 D 106 808 1
2 D 106 937 1
2 D 106 86 1
2 L 0 973 1
2 D 106 973 1
2 L 0 607 1
2 D 106 607 1
2 L 0 32 1
2 L 0 400 1
2 L 0 950 1
2 D 51 32 1
2 D 51 400 1
2 D 51 950 1
3 L 0 403 1
3 L 0 919 1
3 L 0 475 1
3 D 51 403 1
3 D 51 919 1
3 D 51 475 1
15 L 0 358 1
15 L 0 906 1
15 L 0 114 1
15 L 0 211 1
15 D 224 358 1
15 D 224 906 1
15 D 224 114 1
15 D 224 211 1
15 L 0 916 1
15 L 0 472 1
15 D 224 916 1
15 D 224 472 1
15 L 0 480 1
15 L 0 964 1
15 L 0 588 1
15 L 0 447 1
15 D 376 480 1
15 D 376 964 1
15 D 376 588 1
15 D 376 447 1
15 L 0 855 1
15 L 0 697 1
15 D 376 855 1
15 D 376 697 1
15 L 0 711 1
15 L 0 588 1
15 L 0 781 1
15 D 454 711 1
15 D 454 588 1
15 D 454 781 1
18 L 0 615 1
18 L 0 465 1
18 L 0 948 1
18 D 454 615 1
18 D 454 465 1
18 D 454 948 1
2 L 0 451 1
2 L 0 316 1
2 D 788 451 1
2 D 788 316 1
2 L 0 709 1
2 L 0 702 1
2 D 788 709 1
2 D 788 702 1
2 L 0 324 1
2 L 0 943 1
2 D 148 324 1
2 D 148 943 1
2 L 0 629 1
2 L 0 632 1
2 L 0 94 1
2 L 0 31 1
2 D 148 629 1
2 D 148 632 1
2 D 148 94 1
2 D 148 31 1
2 L 0 517 1
2 L 0 261 1
2 L 0 199 1
2 L 0 978 1
2 D 756 517 1
2 D 756 261 1
2 D 756 199 1
2 D 756 978 1
2 L 0 560 1
2 L 0 825 1
2 D 756 560 1
2 D 756 825 1
2 L 0 290 1
2 L 0 258 1
2 L 0 455 1
2 L 0 53 1
2 L 0 989 1
2 D 308 290 1
2 D 308 258 1
2 D 308 455 1
2 D 308 53 1
2 D 308 989 1
2 L 0 41 1
2 L 0 563 1
2 D 308 41 1
2 D 308 563 1
2 L 0 71 1
2 L 0 907 1
2 L 0 465 1
2 L 0 306 1
2 D 553 71 1
2 D 553 907 1
2 D 553 465 1
2 D 553 306 1
2 L 0 338 1
2 L 0 629 1
2 L 0 886 1
2 D 553 338 1
2 D 553 629 1
2 D 553 886 1
2 L 0 352 1
2 L 0 643 1
2 L 0 456 1
2 D 183 352 1
2 D 183 643 1
2 D 183 456 1
2 L 0 719 1
2 L 0 948 1
2 L 0 219 1
2 D 183 719 1
2 D 183 948 1
2 D 183 219 1
2 L 0 672 1
2 L 0 899 1
2 L 0 877 1
2 L 0 919 1
2 D 109 672 1
2 D 109 899 1
2 D 109 877 1
2 D 109 919 1
2 L 0 788 1
2 L 0 124 1
2 D 109 788 1
2 D 109 124 1
2 L 0 898 1
2 L 0 4 1
2 L 0 940 1
2 L 0 631 1
2 D 582 898 1
2 D 582 4 1
2 D 582 940 1
2 D 582 631 1
2 L 0 243 1
2 L 0 794 1
2 L 0 31 1
2 D 582 243 1
2 D 582 794 1
2 D 582 31 1
2 L 0 96 1
2 L 0 66 1
2 L 0 45 1
2 D 472 96 1
2 D 472 66 1
2 D 472 45 1
2 L 0 774 1
2 L 0 370 1
2 D 472 774 1
2 D 472 370 1
2 L 0 801 1
2 L 0 675 1
2 L 0 713 1
2 D 578 801 1
2 D 578 675 1
2 D 578 713 1
2 L 0 777 1
2 L 0 622 1
2 L 0 922 1
2 D 578 777 1
2 D 578 622 1
2 D 578 922 1
2 L 0 484 1
2 L 0 197 1
2 L 0 741 1
2 L 0 808 1
2 D 388 484 1
2 D 388 197 1
2 D 388 741 1
2 D 388 808 1
2 L 0 624 1
2 D 388 624 1
2 L 0 593 1
2 D 388 593 1
2 L 0 354 1
2 L 0 164 1
2 L 0 789 1
2 D 198 354 1
2 D 198 164 1
2 D 198 789 1
2 L 0 41 1
2 L 0 238 1
2 L 0 855 1
2 D 198 41 1
2 D 198 238 1
2 D 198 855 1
2 L 0 267 1
2 L 0 13 1
2 L 0 431 1
2 L 0 50 1
2 D 390 267 1
2 D 390 13 1
2 D 390 431 1
2 D 390 50 1
2 L 0 498 1
2 L 0 153 1
2 L 0 475 1
2 D 390 498 1
2 D 390 153 1
2 D 390 475 1
2 L 0 994 1
2 L 0 710 1
2 L 0 850 1
2 L 0 278 1
2 D 718 994 1
2 D 718 710 1
2 D 718 850 1
2 D 718 278 1
2 L 0 917 1
2 L 0 861 1
2 D 718 917 1
2 D 718 861 1
2 L 0 615 1
2 L 0 401 1
2 L 0 212 1
2 D 220 615 1
2 D 220 401 1
2 D 220 212 1
2 L 0 372 1
2 L 0 215 1
2 L 0 411 1
2 L 0 94 1
2 D 220 372 1
2 D 220 215 1
2 D 220 411 1
2 D 220 94 1
2 L 0 306 1
2 L 0 819 1
2 L 0 659 1
2 L 0 405 1
2 D 662 306 1
2 D 662 819 1
2 D 662 659 1
2 D 662 405 1
2 L 0 211 1
2 L 0 597 1
2 L 0 185 1
2 L 0 379 1
2 D 662 211 1
2 D 662 597 1
2 D 662 185 1
2 D 662 379 1
2 L 0 290 1
2 L 0 901 1
2 L 0 390 1
2 D 430 290 1
2 D 430 901 1
2 D 430 390 1
2 L 0 628 1
2 D 430 628 1
2 L 0 922 1
2 D 430 922 1
2 L 0 775 1
2 L 0 716 1
2 L 0 80 1
2 D 508 775 1
2 D 508 716 1
2 D 508 80 1
2 L 0 750 1
2 L 0 151 1
2 D 508 750 1
2 D 508 151 1
2 L 0 161 1
2 L 0 930 1
2 D 143 161 1
2 D 143 930 1
2 L 0 397 1
2 L 0 824 1
2 L 0 920 1
2 L 0 825 1
2 D 143 397 1
2 D 143 824 1
2 D 143 920 1
2 D 143 825 1
2 L 0 579 1
2 L 0 420 1
2 L 0 970 1
2 D 697 579 1
2 D 697 420 1
2 D 697 970 1
2 L 0 907 1
2 L 0 846 1
2 L 0 534 1
2 L 0 278 1
2 L 0 477 1
2 D 697 907 1
2 D 697 846 1
2 D 697 534 1
2 D 697 278 1
2 D 697 477 1
2 L 0 2 1
2 L 0 364 1
2 L 0 536 1
2 D 511 2 1
2 D 511 364 1
2 D 511 536 1
2 L 0 177 1
2 D 511 177 1
2 L 0 346 1
2 D 511 346 1
2 L 0 701 1
2 L 0 716 1
2 L 0 208 1
2 D 459 701 1
2 D 459 716 1
2 D 459 208 1
2 L 0 534 1
2 L 0 119 1
2 D 459 534 1
2 D 459 119 1
2 L 0 61 1
2 D 459 61 1
2 L 0 35 1
2 L 0 587 1
2 L 0 205 1
2 L 0 846 1
2 L 0 509 1
2 D 612 35 1
2 D 612 587 1
2 D 612 205 1
2 D 612 846 1
2 D 612 509 1
2 L 0 464 1
2 L 0 534 1
2 L 0 540 1
2 D 612 464 1
2 D 612 534 1
2 D 612 540 1
2 L 0 419 1
2 L 0 933 1
2 L 0 296 1
2 L 0 28 1
2 D 717 419 1
2 D 717 933 1
2 D 717 296 1
2 D 717 28 1
2 L 0 310 1
2 L 0 375 1
2 L 0 857 1
2 D 717 310 1
2 D 717 375 1
2 D 717 857 1
2 L 0 220 1
2 D 717 220 1
2 L 0 353 1
2 L 0 70 1
2 L 0 479 1
2 D 319 353 1
2 D 319 70 1
2 D 319 479 1
2 L 0 971 1
2 L 0 154 1
2 D 319 971 1
2 D 319 154 1
2 L 0 289 1
2 L 0 314 1
2 D 647 289 1
2 D 647 314 1
2 L 0 107 1
2 D 647 107 1
2 L 0 127 1
2 D 647 127 1
2 L 0 97 1
2 L 0 229 1
2 L 0 904 1
2 L 0 478 1
2 D 396 97 1
2 D 396 229 1
2 D 396 904 1
2 D 396 478 1
2 L 0 235 1
2 L 0 175 1
2 D 396 235 1
2 D 396 175 1
2 L 0 642 1
2 L 0 277 1
2 D 306 642 1
2 D 306 277 1
2 L 0 476 1
2 L 0 806 1
2 D 306 476 1
2 D 306 806 1
2 L 0 738 1
2 L 0 132 1
2 D 704 738 1
2 D 704 132 1
2 L 0 261 1
2 L 0 167 1
2 D 704 261 1
2 D 704 167 1
2 L 0 631 1
2 D 704 631 1
2 L 0 480 1
2 L 0 995 1
2 L 0 742 1
2 L 0 296 1
2 D 93 480 1
2 D 93 995 1
2 D 93 742 1
2 D 93 296 1
2 L 0 593 1
2 L 0 341 1
2 D 93 593 1
2 D 93 341 1
2 L 0 185 1
2 D 93 185 1
2 L 0 904 1
2 L 0 397 1
2 L 0 781 1
2 L 0 658 1
2 D 780 904 1
2 D 780 397 1
2 D 780 781 1
2 D 780 658 1
2 L 0 560 1
2 L 0 595 1
2 D 780 560 1
2 D 780 595 1
2 L 0 540 1
2 D 780 540 1
2 L 0 326 1
2 L 0 819 1
2 D 249 326 1
2 D 249 819 1
2 L 0 552 1
2 L 0 87 1
2 D 249 552 1
2 D 249 87 1
2 L 0 793 1
2 D 249 793 1
2 L 0 488 1
2 L 0 650 1
2 L 0 749 1
2 D 218 488 1
2 D 218 650 1
2 D 218 749 1
2 L 0 847 1
2 L 0 593 1
2 D 218 847 1
2 D 218 593 1
2 L 0 465 1
2 D 218 465 1
2 L 0 131 1
2 L 0 762 1
2 L 0 871 1
2 L 0 423 1
2 D 676 131 1
2 D 676 762 1
2 D 676 871 1
2 D 676 423 1
2 L 0 753 1
2 L 0 402 1
2 L 0 278 1
2 L 0 218 1
2 L 0 794 1
2 D 676 753 1
2 D 676 402 1
2 D 676 278 1
2 D 676 218 1
2 D 676 794 1
2 L 0 192 1
2 L 0 707 1
2 L 0 779 1
2 L 0 749 1
2 D 102 192 1
2 D 102 707 1
2 D 102 779 1
2 D 102 749 1
2 L 0 205 1
2 D 102 205 1
2 L 0 150 1
2 D 102 150 1
2 L 0 704 1
2 L 0 289 1
2 L 0 549 1
2 L 0 749 1
2 D 710 704 1
2 D 710 289 1
2 D 710 549 1
2 D 710 749 1
2 L 0 873 1
2 L 0 78 1
2 D 710 873 1
2 D 710 78 1
2 L 0 338 1
2 D 710 338 1
2 L 0 164 1
2 L 0 421 1
2 D 683 164 1
2 D 683 421 1
2 L 0 86 1
2 L 0 60 1
2 D 683 86 1
2 D 683 60 1
2 L 0 893 1
2 D 683 893 1
2 L 0 288 1
2 L 0 552 1
2 L 0 208 1
2 D 294 288 1
2 D 294 552 1
2 D 294 208 1
2 L 0 270 1
2 L 0 534 1
2 D 294 270 1
2 D 294 534 1
2 L 0 601 1
2 D 294 601 1
2 L 0 362 1
2 L 0 780 1
2 D 85 362 1
2 D 85 780 1
2 L 0 367 1
2 L 0 372 1
2 D 85 367 1
2 D 85 372 1
2 L 0 277 1
2 D 85 277 1
3 L 0 642 1
3 L 0 391 1
3 L 0 622 1
3 D 505 642 1
3 D 505 391 1
3 D 505 622 1
3 L 0 936 1
3 L 0 689 1
3 L 0 247 1
3 D 505 936 1
3 D 505 689 1
3 D 505 247 1
3 L 0 348 1
3 D 505 348 1
3 L 0 64 1
3 L 0 116 1
3 D 693 64 1
3 D 693 116 1
3 L 0 891 1
3 D 693 891 1
3 L 0 773 1
3 D 693 773 1
3 L 0 963 1
3 L 0 500 1
3 L 0 247 1
3 D 1 963 1
3 D 1 500 1
3 D 1 247 1
3 L 0 782 1
3 L 0 218 1
3 D 1 782 1
3 D 1 218 1
3 L 0 794 1
3 D 1 794 1
3 L 0 97 1
3 L 0 674 1
3 L 0 387 1
3 D 45 97 1
3 D 45 674 1
3 D 45 387 1
3 L 0 198 1
3 L 0 371 1
3 L 0 312 1
3 D 45 198 1
3 D 45 371 1
3 D 45 312 1
3 L 0 121 1
3 D 45 121 1
3 L 0 293 1
3 L 0 664 1
3 L 0 920 1
3 D 580 293 1
3 D 580 664 1
3 D 580 920 1
3 L 0 399 1
3 L 0 54 1
3 L 0 153 1
3 D 580 399 1
3 D 580 54 1
3 D 580 153 1
3 L 0 125 1
3 D 580 125 1
3 L 0 840 1
3 L 0 107 1
3 D 63 840 1
3 D 63 107 1
3 L 0 267 1
3 L 0 85 1
3 D 63 267 1
3 D 63 85 1
3 L 0 509 1
3 D 63 509 1
3 L 0 905 1
3 L 0 817 1
3 D 696 905 1
3 D 696 817 1
3 L 0 819 1
3 L 0 730 1
3 L 0 380 1
3 D 696 819 1
3 D 696 730 1
3 D 696 380 1
3 L 0 765 1
3 D 696 765 1
3 L 0 999 1
3 L 0 905 1
3 L 0 755 1
3 L 0 126 1
3 D 666 999 1
3 D 666 905 1
3 D 666 755 1
3 D 666 126 1
3 L 0 372 1
3 L 0 409 1
3 D 666 372 1
3 D 666 409 1
3 L 0 927 1
3 D 666 927 1
3 L 0 162 1
3 L 0 168 1
3 L 0 170 1
3 L 0 490 1
3 L 0 447 1
3 D 575 162 1
3 D 575 168 1
3 D 575 170 1
3 D 575 490 1
3 D 575 447 1
3 L 0 236 1
3 L 0 111 1
3 L 0 816 1
3 D 575 236 1
3 D 575 111 1
3 D 575 816 1
3 L 0 680 1
3 L 0 936 1
3 L 0 622 1
3 L 0 913 1
3 D 625 680 1
3 D 625 936 1
3 D 625 622 1
3 D 625 913 1
3 L 0 531 1
3 L 0 533 1
3 D 625 531 1
3 D 625 533 1
3 L 0 57 1
3 D 625 57 1
3 L 0 896 1
3 L 0 841 1
3 L 0 623 1
3 L 0 307 1
3 D 256 896 1
3 D 256 841 1
3 D 256 623 1
3 D 256 307 1
3 L 0 374 1
3 L 0 410 1
3 D 256 374 1
3 D 256 410 1
3 L 0 31 1
3 D 256 31 1
3 L 0 775 1
3 L 0 967 1
3 L 0 911 1
3 D 563 775 1
3 D 563 967 1
3 D 563 911 1
3 L 0 333 1
3 L 0 660 1
3 D 563 333 1
3 D 563 660 1
3 L 0 149 1
3 D 563 149 1
3 L 0 164 1
3 L 0 837 1
3 L 0 808 1
3 D 108 164 1
3 D 108 837 1
3 D 108 808 1
3 L 0 168 1
3 L 0 526 1
3 L 0 54 1
3 D 108 168 1
3 D 108 526 1
3 D 108 54 1
3 L 0 158 1
3 D 108 158 1
3 L 0 35 1
3 L 0 644 1
3 L 0 228 1
3 D 67 35 1
3 D 67 644 1
3 D 67 228 1
3 L 0 614 1
3 L 0 76 1
3 D 67 614 1
3 D 67 76 1
3 L 0 110 1
3 D 67 110 1
3 L 0 801 1
3 L 0 2 1
3 L 0 685 1
3 D 452 801 1
3 D 452 2 1
3 D 452 685 1
3 L 0 936 1
3 L 0 755 1
3 L 0 727 1
3 D 452 936 1
3 D 452 755 1
3 D 452 727 1
3 L 0 765 1
3 D 452 765 1
3 L 0 836 1
3 L 0 774 1
3 D 32 836 1
3 D 32 774 1
3 L 0 237 1
3 L 0 693 1
3 D 32 237 1
3 D 32 693 1
3 L 0 314 1
3 D 32 314 1
3 L 0 841 1
3 L 0 972 1
3 L 0 375 1
3 D 410 841 1
3 D 410 972 1
3 D 410 375 1
3 L 0 205 1
3 L 0 974 1
3 D 410 205 1
3 D 410 974 1
3 L 0 762 1
3 D 410 762 1
3 L 0 32 1
3 L 0 900 1
3 L 0 500 1
3 D 586 32 1
3 D 586 900 1
3 D 586 500 1
3 L 0 521 1
3 L 0 301 1
3 L 0 661 1
3 D 586 521 1
3 D 586 301 1
3 D 586 661 1
3 L 0 307 1
3 D 586 307 1
3 L 0 805 1
3 L 0 38 1
3 D 0 805 1
3 D 0 38 1
3 L 0 785 1
3 L 0 121 1
3 D 0 785 1
3 D 0 121 1
3 L 0 634 1
3 D 0 634 1
3 L 0 64 1
3 L 0 453 1
3 L 0 63 1
3 D 174 64 1
3 D 174 453 1
3 D 174 63 1
3 L 0 624 1
3 D 174 624 1
3 L 0 85 1
3 D 174 85 1
3 L 0 520 1
3 L 0 974 1
3 D 752 520 1
3 D 752 974 1
3 L 0 688 1
3 L 0 339 1
3 L 0 341 1
3 L 0 988 1
3 D 752 688 1
3 D 752 339 1
3 D 752 341 1
3 D 752 988 1
3 L 0 604 1
3 D 752 604 1
3 L 0 835 1
3 L 0 937 1
3 L 0 173 1
3 D 281 835 1
3 D 281 937 1
3 D 281 173 1
3 L 0 241 1
3 L 0 375 1
3 D 281 241 1
3 D 281 375 1
3 L 0 30 1
3 D 281 30 1
3 L 0 641 1
3 L 0 132 1
3 L 0 618 1
3 D 115 641 1
3 D 115 132 1
3 D 115 618 1
3 L 0 296 1
3 L 0 46 1
3 L 0 854 1
3 D 115 296 1
3 D 115 46 1
3 D 115 854 1
3 L 0 477 1
3 D 115 477 1
3 L 0 547 1
3 L 0 965 1
3 L 0 105 1
3 L 0 694 1
3 L 0 62 1
3 D 206 547 1
3 D 206 965 1
3 D 206 105 1
3 D 206 694 1
3 D 206 62 1
3 L 0 560 1
3 L 0 947 1
3 D 206 560 1
3 D 206 947 1
3 L 0 698 1
3 D 206 698 1
3 L 0 613 1
3 L 0 935 1
3 D 355 613 1
3 D 355 935 1
3 L 0 409 1
3 L 0 697 1
3 D 355 409 1
3 D 355 697 1
3 L 0 217 1
3 D 355 217 1
3 L 0 384 1
3 L 0 835 1
3 L 0 133 1
3 L 0 104 1
3 D 473 384 1
3 D 473 835 1
3 D 473 133 1
3 D 473 104 1
3 L 0 811 1
3 L 0 496 1
3 L 0 81 1
3 D 473 811 1
3 D 473 496 1
3 D 473 81 1
3 L 0 534 1
3 D 473 534 1
3 L 0 168 1
3 L 0 713 1
3 L 0 558 1
3 D 482 168 1
3 D 482 713 1
3 D 482 558 1
3 L 0 302 1
3 L 0 879 1
3 D 482 302 1
3 D 482 879 1
3 L 0 693 1
3 D 482 693 1
3 L 0 201 1
3 L 0 78 1
3 L 0 86 1
3 D 642 201 1
3 D 642 78 1
3 D 642 86 1
3 L 0 48 1
3 L 0 701 1
3 D 642 48 1
3 D 642 701 1
3 L 0 825 1
3 D 642 825 1
3 L 0 832 1
3 L 0 745 1
3 L 0 145 1
3 D 301 832 1
3 D 301 745 1
3 D 301 145 1
3 L 0 816 1
3 L 0 401 1
3 L 0 602 1
3 D 301 816 1
3 D 301 401 1
3 D 301 602 1
3 L 0 952 1
3 D 301 952 1
3 L 0 514 1
3 L 0 900 1
3 L 0 10 1
3 D 533 514 1
3 D 533 900 1
3 D 533 10 1
3 L 0 648 1
3 L 0 140 1
3 D 533 648 1
3 D 533 140 1
3 L 0 763 1
3 D 533 763 1
3 L 0 780 1
3 L 0 877 1
3 L 0 946 1
3 D 541 780 1
3 D 541 877 1
3 D 541 946 1
3 L 0 243 1
3 L 0 852 1
3 L 0 406 1
3 L 0 919 1
3 D 541 243 1
3 D 541 852 1
3 D 541 406 1
3 D 541 919 1
3 L 0 282 1
3 D 541 282 1
3 L 0 355 1
3 L 0 675 1
3 L 0 805 1
3 D 167 355 1
3 D 167 675 1
3 D 167 805 1
3 L 0 367 1
3 L 0 754 1
3 D 167 367 1
3 D 167 754 1
3 L 0 150 1
3 D 167 150 1
3 L 0 705 1
3 L 0 259 1
3 L 0 99 1
3 D 606 705 1
3 D 606 259 1
3 D 606 99 1
3 L 0 517 1
3 L 0 70 1
3 L 0 7 1
3 L 0 813 1
3 D 606 517 1
3 D 606 70 1
3 D 606 7 1
3 D 606 813 1
3 L 0 885 1
3 D 606 885 1
3 L 0 960 1
3 L 0 66 1
3 D 292 960 1
3 D 292 66 1
3 L 0 719 1
3 L 0 249 1
3 D 292 719 1
3 D 292 249 1
3 L 0 795 1
3 D 292 795 1
3 L 0 896 1
3 L 0 879 1
3 L 0 760 1
3 D 755 896 1
3 D 755 879 1
3 D 755 760 1
3 L 0 431 1
3 L 0 922 1
3 D 755 431 1
3 D 755 922 1
3 L 0 637 1
3 D 755 637 1
3 L 0 419 1
3 L 0 323 1
3 L 0 685 1
3 D 310 419 1
3 D 310 323 1
3 D 310 685 1
3 L 0 12 1
3 L 0 23 1
3 D 310 12 1
3 D 310 23 1
3 L 0 428 1
3 D 310 428 1
3 L 0 97 1
3 L 0 388 1
3 D 41 97 1
3 D 41 388 1
3 L 0 613 1
3 L 0 426 1
3 D 41 613 1
3 D 41 426 1
3 L 0 175 1
3 D 41 175 1
3 L 0 160 1
3 L 0 483 1
3 L 0 808 1
3 D 736 160 1
3 D 736 483 1
3 D 736 808 1
3 L 0 489 1
3 L 0 427 1
3 D 736 489 1
3 D 736 427 1
3 L 0 78 1
3 L 0 383 1
3 D 736 78 1
3 D 736 383 1
3 L 0 514 1
3 L 0 202 1
3 L 0 625 1
3 D 476 514 1
3 D 476 202 1
3 D 476 625 1
3 L 0 913 1
3 L 0 113 1
3 D 476 913 1
3 D 476 113 1
3 L 0 380 1
3 D 476 380 1
3 L 0 803 1
3 L 0 775 1
3 D 640 803 1
3 D 640 775 1
8 L 0 178 1
8 L 0 799 1
8 D 640 178 1
8 D 640 799 1
8 L 0 87 1
8 D 640 87 1
8 L 0 994 1
8 L 0 195 1
8 L 0 874 1
8 L 0 184 1
8 D 471 994 1
8 D 471 195 1
8 D 471 874 1
8 D 471 184 1
8 L 0 301 1
8 L 0 845 1
8 D 471 301 1
8 D 471 845 1
8 L 0 406 1
8 L 0 793 1
8 D 471 406 1
8 D 471 793 1
8 L 0 961 1
8 L 0 931 1
8 L 0 435 1
8 D 730 961 1
8 D 730 931 1
8 D 730 435 1
8 L 0 100 1
8 L 0 727 1
8 D 730 100 1
8 D 730 727 1
8 L 0 600 1
8 D 730 600 1
8 L 0 97 1
8 L 0 355 1
8 L 0 104 1
8 L 0 620 1
8 D 375 97 1
8 D 375 355 1
8 D 375 104 1
8 D 375 620 1
8 L 0 261 1
8 L 0 270 1
8 D 375 261 1
8 D 375 270 1
8 L 0 758 1
8 D 375 758 1
8 L 0 904 1
8 L 0 12 1
8 D 542 904 1
8 D 542 12 1
8 L 0 688 1
8 L 0 916 1
8 L 0 920 1
8 D 542 688 1
8 D 542 916 1
8 D 542 920 1
8 L 0 543 1
8 D 542 543 1
8 L 0 802 1
8 L 0 923 1
8 L 0 616 1
8 D 593 802 1
8 D 593 923 1
8 D 593 616 1
8 L 0 612 1
8 L 0 236 1
8 L 0 283 1
8 D 593 612 1
8 D 593 236 1
8 D 593 283 1
8 L 0 652 1
8 D 593 652 1
8 L 0 774 1
8 L 0 684 1
8 D 722 774 1
8 D 722 684 1
10 L 0 974 1
10 L 0 565 1
10 D 722 974 1
10 D 722 565 1
5 L 0 61 1
5 D 722 61 1
15 L 0 66 1
15 L 0 105 1
15 L 0 875 1
15 D 153 66 1
15 D 153 105 1
15 D 153 875 1
15 L 0 773 1
15 L 0 653 1
15 D 153 773 1
15 D 153 653 1
15 L 0 302 1
15 D 153 302 1
15 L 0 647 1
15 L 0 690 1
15 D 561 647 1
15 D 561 690 1
15 L 0 89 1
15 L 0 90 1
15 L 0 382 1
15 D 561 89 1
15 D 561 90 1
15 D 561 382 1
15 L 0 348 1
15 D 561 348 1
15 L 0 227 1
15 L 0 355 1
15 L 0 617 1
15 D 144 227 1
15 D 144 355 1
15 D 144 617 1
15 L 0 74 1
15 L 0 879 1
15 L 0 725 1
15 D 144 74 1
15 D 144 879 1
15 D 144 725 1
15 L 0 593 1
15 D 144 593 1
15 L 0 391 1
15 L 0 233 1
15 L 0 526 1
15 D 77 391 1
15 D 77 233 1
15 D 77 526 1
15 L 0 241 1
15 L 0 402 1
15 L 0 852 1
15 L 0 21 1
15 D 77 241 1
15 D 77 402 1
15 D 77 852 1
15 D 77 21 1
15 L 0 862 1
15 D 77 862 1
15 L 0 224 1
15 L 0 769 1
15 L 0 199 1
15 D 779 224 1
15 D 779 769 1
15 D 779 199 1
15 L 0 774 1
15 L 0 238 1
15 D 779 774 1
15 D 779 238 1
15 L 0 591 1
15 L 0 566 1
15 D 779 591 1
15 D 779 566 1
15 L 0 706 1
15 L 0 610 1
15 L 0 372 1
15 L 0 278 1
15 D 337 706 1
15 D 337 610 1
15 D 337 372 1
15 D 337 278 1
15 L 0 428 1
15 L 0 505 1
15 D 337 428 1
15 D 337 505 1
15 L 0 987 1
15 D 337 987 1
15 L 0 994 1
15 L 0 515 1
15 L 0 455 1
15 L 0 44 1
15 L 0 145 1
15 D 464 994 1
15 D 464 515 1
15 D 464 455 1
15 D 464 44 1
15 D 464 145 1
15 L 0 558 1
15 L 0 887 1
15 D 464 558 1
15 D 464 887 1
15 L 0 312 1
15 L 0 925 1
15 D 464 312 1
15 D 464 925 1
15 L 0 608 1
15 L 0 833 1
15 L 0 508 1
15 D 417 608 1
15 D 417 833 1
15 D 417 508 1
15 L 0 481 1
15 L 0 330 1
15 D 417 481 1
15 D 417 330 1
15 L 0 157 1
15 D 417 157 1
15 L 0 802 1
15 L 0 227 1
15 L 0 490 1
15 L 0 301 1
15 L 0 50 1
15 D 344 802 1
15 D 344 227 1
15 D 344 490 1
15 D 344 301 1
15 D 344 50 1
15 L 0 558 1
15 L 0 948 1
15 L 0 597 1
15 D 344 558 1
15 D 344 948 1
15 D 344 597 1
15 L 0 282 1
15 D 344 282 1
15 L 0 803 1
15 L 0 967 1
15 L 0 210 1
15 L 0 947 1
15 D 588 803 1
15 D 588 967 1
15 D 588 210 1
15 D 588 947 1
15 L 0 468 1
15 L 0 595 1
15 L 0 375 1
15 D 588 468 1
15 D 588 595 1
15 D 588 375 1
15 L 0 444 1
15 L 0 605 1
15 D 588 444 1
15 D 588 605 1
15 L 0 931 1
15 L 0 396 1
15 L 0 237 1
15 D 512 931 1
15 D 512 396 1
15 D 512 237 1
15 L 0 497 1
15 L 0 500 1
15 L 0 823 1
15 D 512 497 1
15 D 512 500 1
15 D 512 823 1
15 L 0 186 1
15 D 512 186 1
15 L 0 994 1
15 L 0 166 1
15 L 0 304 1
15 L 0 818 1
15 D 112 994 1
15 D 112 166 1
15 D 112 304 1
15 D 112 818 1
15 L 0 935 1
15 L 0 314 1
15 D 112 935 1
15 D 112 314 1
15 L 0 733 1
15 D 112 733 1
15 L 0 929 1
15 L 0 67 1
15 L 0 645 1
15 L 0 149 1
15 L 0 954 1
15 D 152 929 1
15 D 152 67 1
15 D 152 645 1
15 D 152 149 1
15 D 152 954 1
15 L 0 689 1
15 L 0 277 1
15 L 0 375 1
15 D 152 689 1
15 D 152 277 1
15 D 152 375 1
15 L 0 764 1
15 L 0 63 1
15 D 152 764 1
15 D 152 63 1
15 L 0 481 1
15 L 0 939 1
15 L 0 692 1
15 L 0 509 1
15 D 79 481 1
15 D 79 939 1
15 D 79 692 1
15 D 79 509 1
15 L 0 270 1
15 L 0 624 1
15 D 79 270 1
15 D 79 624 1
15 L 0 286 1
15 D 79 286 1
15 L 0 779 1
15 L 0 173 1
15 D 797 779 1
15 D 797 173 1
15 L 0 433 1
15 L 0 690 1
15 D 797 433 1
15 D 797 690 1
15 L 0 829 1
15 D 797 829 1
15 L 0 64 1
15 L 0 742 1
15 L 0 456 1
15 D 707 64 1
15 D 707 742 1
15 D 707 456 1
15 L 0 649 1
15 L 0 334 1
15 L 0 979 1
15 L 0 694 1
15 D 707 649 1
15 D 707 334 1
15 D 707 979 1
15 D 707 694 1
15 L 0 919 1
15 L 0 183 1
15 D 707 919 1
15 D 707 183 1
15 L 0 64 1
15 L 0 552 1
15 D 420 64 1
15 D 420 552 1
15 L 0 396 1
15 L 0 81 1
15 L 0 659 1
15 D 420 396 1
15 D 420 81 1
15 D 420 659 1
15 L 0 151 1
15 D 420 151 1
15 L 0 161 1
15 L 0 936 1
15 L 0 201 1
15 D 408 161 1
15 D 408 936 1
15 D 408 201 1
15 L 0 560 1
15 L 0 624 1
15 D 408 560 1
15 D 408 624 1
15 L 0 53 1
15 L 0 122 1
15 D 408 53 1
15 D 408 122 1
15 L 0 992 1
15 L 0 737 1
15 L 0 386 1
15 L 0 899 1
15 L 0 490 1
15 D 762 992 1
15 D 762 737 1
15 D 762 386 1
15 D 762 899 1
15 D 762 490 1
15 L 0 484 1
15 L 0 779 1
15 L 0 783 1
15 D 762 484 1
15 D 762 779 1
15 D 762 783 1
15 L 0 116 1
15 L 0 153 1
15 D 762 116 1
15 D 762 153 1
15 L 0 930 1
15 L 0 971 1
15 D 590 930 1
15 D 590 971 1
15 L 0 301 1
15 L 0 304 1
15 L 0 819 1
15 L 0 502 1
15 D 590 301 1
15 D 590 304 1
15 D 590 819 1
15 D 590 502 1
15 L 0 93 1
15 D 590 93 1
15 L 0 230 1
15 L 0 41 1
15 L 0 297 1
15 L 0 626 1
15 D 750 230 1
15 D 750 41 1
15 D 750 297 1
15 D 750 626 1
15 L 0 850 1
15 L 0 883 1
15 L 0 153 1
15 L 0 892 1
15 D 750 850 1
15 D 750 883 1
15 D 750 153 1
15 D 750 892 1
15 L 0 446 1
15 L 0 159 1
15 D 750 446 1
15 D 750 159 1
15 L 0 477 1
15 L 0 835 1
15 L 0 615 1
15 D 78 477 1
15 D 78 835 1
15 D 78 615 1
15 L 0 10 1
15 L 0 684 1
15 L 0 210 1
15 D 78 10 1
15 D 78 684 1
15 D 78 210 1
15 L 0 637 1
15 L 0 479 1
15 D 78 637 1
15 D 78 479 1
15 L 0 832 1
15 L 0 967 1
15 L 0 813 1
15 D 599 832 1
15 D 599 967 1
15 D 599 813 1
15 L 0 99 1
15 D 599 99 1
15 L 0 914 1
15 L 0 59 1
15 D 599 914 1
15 D 599 59 1
15 L 0 997 1
15 L 0 136 1
15 D 488 997 1
15 D 488 136 1
15 L 0 876 1
15 L 0 887 1
15 D 488 876 1
15 D 488 887 1
15 L 0 474 1
15 D 488 474 1
15 L 0 866 1
15 L 0 809 1
15 L 0 543 1
15 D 613 866 1
15 D 613 809 1
15 D 613 543 1
15 L 0 277 1
15 L 0 698 1
15 D 613 277 1
15 D 613 698 1
15 L 0 380 1
15 D 613 380 1
15 L 0 451 1
15 L 0 680 1
15 L 0 622 1
15 L 0 145 1
15 D 532 451 1
15 D 532 680 1
15 D 532 622 1
15 D 532 145 1
15 L 0 810 1
15 L 0 374 1
15 L 0 27 1
15 D 532 810 1
15 D 532 374 1
15 D 532 27 1
15 L 0 664 1
15 D 532 664 1
15 L 0 424 1
15 L 0 971 1
15 D 70 424 1
15 D 70 971 1
15 L 0 239 1
15 L 0 560 1
15 D 70 239 1
15 D 70 560 1
15 L 0 371 1
15 L 0 251 1
15 D 70 371 1
15 D 70 251 1
15 L 0 263 1
15 L 0 455 1
15 D 126 263 1
15 D 126 455 1
15 L 0 427 1
15 L 0 722 1
15 D 126 427 1
15 D 126 722 1
15 L 0 242 1
15 D 126 242 1
15 L 0 641 1
15 L 0 196 1
15 L 0 406 1
15 L 0 216 1
15 D 321 641 1
15 D 321 196 1
15 D 321 406 1
15 D 321 216 1
15 L 0 86 1
15 L 0 89 1
15 L 0 31 1
15 D 321 86 1
15 D 321 89 1
15 D 321 31 1
15 L 0 795 1
15 D 321 795 1
15 L 0 260 1
15 L 0 297 1
15 D 692 260 1
15 D 692 297 1
15 L 0 268 1
15 L 0 951 1
15 L 0 183 1
15 D 692 268 1
15 D 692 951 1
15 D 692 183 1
15 L 0 594 1
15 L 0 318 1
15 D 692 594 1
15 D 692 318 1
15 L 0 2 1
15 L 0 420 1
15 L 0 517 1
15 L 0 894 1
15 D 774 2 1
15 D 774 420 1
15 D 774 517 1
15 D 774 894 1
15 L 0 559 1
15 L 0 305 1
15 D 774 559 1
15 D 774 305 1
15 L 0 858 1
15 D 774 858 1
15 L 0 745 1
15 L 0 879 1
15 D 395 745 1
15 D 395 879 1
15 L 0 337 1
15 L 0 241 1
15 L 0 787 1
15 D 395 337 1
15 D 395 241 1
15 D 395 787 1
15 L 0 634 1
15 L 0 346 1
15 D 395 634 1
15 D 395 346 1
15 L 0 835 1
15 L 0 933 1
15 L 0 809 1
15 L 0 490 1
15 L 0 620 1
15 D 442 835 1
15 D 442 933 1
15 D 442 809 1
15 D 442 490 1
15 D 442 620 1
15 L 0 398 1
15 L 0 657 1
15 L 0 660 1
15 D 442 398 1
15 D 442 657 1
15 D 442 660 1
15 L 0 437 1
15 D 442 437 1
15 L 0 35 1
15 L 0 68 1
15 L 0 419 1
15 L 0 163 1
15 D 380 35 1
15 D 380 68 1
15 D 380 419 1
15 D 380 163 1
15 L 0 551 1
15 L 0 616 1
15 L 0 305 1
15 D 380 551 1
15 D 380 616 1
15 D 380 305 1
15 L 0 376 1
15 L 0 991 1
15 D 380 376 1
15 D 380 991 1
15 L 0 160 1
15 L 0 484 1
15 D 72 160 1
15 D 72 484 1
15 L 0 452 1
15 L 0 456 1
15 L 0 297 1
15 L 0 764 1
15 D 72 452 1
15 D 72 456 1
15 D 72 297 1
15 D 72 764 1
15 L 0 110 1
15 D 72 110 1
15 L 0 743 1
15 L 0 974 1
15 L 0 990 1
15 D 161 743 1
15 D 161 974 1
15 D 161 990 1
15 L 0 14 1
15 L 0 721 1
15 D 161 14 1
15 D 161 721 1
18 L 0 565 1
18 L 0 314 1
18 D 161 565 1
18 D 161 314 1
18 L 0 392 1
18 L 0 200 1
18 L 0 908 1
18 L 0 243 1
18 D 403 392 1
18 D 403 200 1
18 D 403 908 1
18 D 403 243 1
18 L 0 43 1
18 D 403 43 1
18 L 0 127 1
18 D 403 127 1
18 L 0 302 1
18 L 0 529 1
18 L 0 478 1
18 D 207 302 1
18 D 207 529 1
18 D 207 478 1
18 L 0 116 1
18 L 0 121 1
18 D 207 116 1
18 D 207 121 1
18 L 0 154 1
18 L 0 347 1
18 D 207 154 1
18 D 207 347 1
18 L 0 643 1
18 L 0 420 1
18 L 0 62 1
18 D 594 643 1
18 D 594 420 1
18 D 594 62 1
18 L 0 107 1
18 D 594 107 1
18 L 0 20 1
18 L 0 922 1
18 D 594 20 1
18 D 594 922 1
18 L 0 139 1
18 L 0 172 1
18 L 0 492 1
18 L 0 852 1
18 D 254 139 1
18 D 254 172 1
18 D 254 492 1
18 D 254 852 1
18 L 0 51 1
18 L 0 278 1
18 L 0 28 1
18 L 0 637 1
18 D 254 51 1
18 D 254 278 1
18 D 254 28 1
18 D 254 637 1
18 L 0 606 1
18 D 254 606 1
18 L 0 833 1
18 L 0 257 1
18 D 421 833 1
18 D 421 257 1
18 L 0 235 1
18 L 0 492 1
18 D 421 235 1
18 D 421 492 1
18 L 0 525 1
18 L 0 437 1
18 D 421 525 1
18 D 421 437 1
18 L 0 355 1
18 L 0 296 1
18 L 0 790 1
18 D 461 355 1
18 D 461 296 1
18 D 461 790 1
18 L 0 590 1
18 L 0 790 1
18 L 0 26 1
18 D 461 590 1
18 D 461 790 1
18 D 461 26 1
18 L 0 476 1
18 D 461 476 1
18 L 0 355 1
18 L 0 586 1
18 L 0 299 1
18 L 0 283 1
18 D 204 355 1
18 D 204 586 1
18 D 204 299 1
18 D 204 283 1
18 L 0 298 1
18 L 0 717 1
18 D 204 298 1
18 D 204 717 1
18 L 0 664 1
18 L 0 221 1
18 D 204 664 1
18 D 204 221 1
18 L 0 737 1
18 L 0 573 1
18 L 0 518 1
18 L 0 184 1
18 D 278 737 1
18 D 278 573 1
18 D 278 518 1
18 D 278 184 1
18 L 0 398 1
18 L 0 881 1
18 L 0 219 1
18 D 278 398 1
18 D 278 881 1
18 D 278 219 1
18 L 0 349 1
18 L 0 670 1
18 D 278 349 1
18 D 278 670 1
18 L 0 867 1
18 L 0 649 1
18 L 0 460 1
18 D 700 867 1
18 D 700 649 1
18 D 700 460 1
18 L 0 75 1
18 L 0 252 1
18 D 700 75 1
18 D 700 252 1
18 L 0 719 1
18 L 0 601 1
18 D 700 719 1
18 D 700 601 1
18 L 0 710 1
18 L 0 461 1
18 L 0 621 1
18 L 0 623 1
18 D 654 710 1
18 D 654 461 1
18 D 654 621 1
18 D 654 623 1
18 L 0 461 1
18 L 0 119 1
18 L 0 58 1
18 D 654 461 1
18 D 654 119 1
18 D 654 58 1
18 L 0 795 1
18 D 654 795 1
18 L 0 669 1
18 L 0 946 1
18 D 440 669 1
18 D 440 946 1
18 L 0 242 1
18 L 0 435 1
18 D 440 242 1
18 D 440 435 1
18 L 0 338 1
18 L 0 221 1
18 D 440 338 1
18 D 440 221 1
18 L 0 229 1
18 L 0 872 1
18 D 118 229 1
18 D 118 872 1
18 L 0 618 1
18 L 0 205 1
18 L 0 853 1
18 D 118 618 1
18 D 118 205 1
18 D 118 853 1
18 L 0 222 1
18 D 118 222 1
18 L 0 104 1
18 L 0 362 1
18 D 500 104 1
18 D 500 362 1
18 L 0 653 1
18 L 0 335 1
18 L 0 786 1
18 D 500 653 1
18 D 500 335 1
18 D 500 786 1
18 L 0 431 1
18 L 0 955 1
18 D 500 431 1
18 D 500 955 1
18 L 0 513 1
18 L 0 610 1
18 L 0 172 1
18 L 0 81 1
18 L 0 465 1
18 D 105 513 1
18 D 105 610 1
18 D 105 172 1
18 D 105 81 1
18 D 105 465 1
18 L 0 782 1
18 D 105 782 1
18 L 0 113 1
18 L 0 214 1
18 D 105 113 1
18 D 105 214 1
18 L 0 417 1
18 L 0 769 1
18 L 0 904 1
18 D 334 417 1
18 D 334 769 1
18 D 334 904 1
18 L 0 880 1
18 L 0 693 1
18 D 334 880 1
18 D 334 693 1
18 L 0 794 1
18 L 0 635 1
18 L 0 158 1
18 D 334 794 1
18 D 334 635 1
18 D 334 158 1
18 L 0 961 1
18 L 0 931 1
18 L 0 197 1
18 L 0 616 1
18 L 0 937 1
18 L 0 145 1
18 D 475 961 1
18 D 475 931 1
18 D 475 197 1
18 D 475 616 1
18 D 475 937 1
18 D 475 145 1
18 L 0 782 1
18 L 0 311 1
18 D 475 782 1
18 D 475 311 1
18 L 0 54 1
18 L 0 186 1
18 D 475 54 1
18 D 475 186 1
18 L 0 898 1
18 L 0 772 1
18 L 0 883 1
18 D 497 898 1
18 D 497 772 1
18 D 497 883 1
18 L 0 715 1
18 L 0 221 1
18 L 0 446 1
18 D 497 715 1
18 D 497 221 1
18 D 497 446 1
18 L 0 273 1
18 D 497 273 1
18 L 0 265 1
18 L 0 650 1
18 L 0 620 1
18 L 0 78 1
18 D 667 265 1
18 D 667 650 1
18 D 667 620 1
18 D 667 78 1
18 L 0 107 1
18 L 0 783 1
18 D 667 107 1
18 D 667 783 1
18 L 0 205 1
18 L 0 53 1
18 D 667 205 1
18 D 667 53 1
18 L 0 323 1
18 L 0 484 1
18 D 469 323 1
18 D 469 484 1
18 L 0 430 1
18 L 0 879 1
18 D 469 430 1
18 D 469 879 1
18 L 0 86 1
18 L 0 220 1
18 D 469 86 1
18 D 469 220 1
18 L 0 97 1
18 L 0 709 1
18 D 285 97 1
18 D 285 709 1
18 L 0 273 1
18 L 0 854 1
18 D 285 273 1
18 D 285 854 1
18 L 0 660 1
18 L 0 444 1
18 D 285 660 1
18 D 285 444 1
18 L 0 737 1
18 L 0 609 1
18 L 0 779 1
18 D 83 737 1
18 D 83 609 1
18 D 83 779 1
18 L 0 175 1
18 D 83 175 1
18 L 0 785 1
18 D 83 785 1
18 L 0 660 1
18 D 83 660 1
18 L 0 388 1
18 D 601 388 1
18 L 0 261 1
18 L 0 501 1
18 D 601 261 1
18 D 601 501 1
18 L 0 973 1
18 D 601 973 1
18 L 0 186 1
18 D 601 186 1
18 L 0 320 1
18 L 0 423 1
18 D 682 320 1
18 D 682 423 1
18 L 0 424 1
18 L 0 560 1
18 D 682 424 1
18 D 682 560 1
18 L 0 338 1
18 L 0 479 1
18 D 682 338 1
18 D 682 479 1
18 L 0 961 1
18 L 0 551 1
18 L 0 83 1
18 L 0 603 1
18 D 724 961 1
18 D 724 551 1
18 D 724 83 1
18 D 724 603 1
18 L 0 177 1
18 L 0 863 1
18 D 724 177 1
18 D 724 863 1
18 L 0 563 1
18 D 724 563 1
18 L 0 643 1
18 L 0 259 1
18 L 0 453 1
18 D 628 643 1
18 D 628 259 1
18 D 628 453 1
18 L 0 106 1
18 L 0 300 1
18 L 0 15 1
18 L 0 432 1
18 D 628 106 1
18 D 628 300 1
18 D 628 15 1
18 D 628 432 1
18 L 0 787 1
18 L 0 343 1
18 D 628 787 1
18 D 628 343 1
18 L 0 195 1
18 L 0 964 1
18 D 196 195 1
18 D 196 964 1
18 L 0 456 1
18 L 0 624 1
18 L 0 314 1
18 D 196 456 1
18 D 196 624 1
18 D 196 314 1
18 L 0 598 1
18 L 0 569 1
18 D 196 598 1
18 D 196 569 1
18 L 0 0 1
18 L 0 514 1
18 L 0 50 1
18 L 0 213 1
18 D 393 0 1
18 D 393 514 1
18 D 393 50 1
18 D 393 213 1
18 L 0 99 1
18 D 393 99 1
18 L 0 745 1
18 L 0 991 1
18 D 393 745 1
18 D 393 991 1
18 L 0 66 1
18 L 0 270 1
18 D 47 66 1
18 D 47 270 1
18 L 0 693 1
18 L 0 220 1
18 D 47 693 1
18 D 47 220 1
18 L 0 315 1
18 D 47 315 1
18 L 0 170 1
18 L 0 686 1
18 L 0 531 1
18 D 313 170 1
18 D 313 686 1
18 D 313 531 1
18 L 0 427 1
18 D 313 427 1
18 L 0 336 1
18 D 313 336 1
18 L 0 664 1
18 D 313 664 1
18 L 0 644 1
18 L 0 836 1
18 L 0 392 1
18 L 0 112 1
18 D 69 644 1
18 D 69 836 1
18 D 69 392 1
18 D 69 112 1
18 L 0 73 1
18 L 0 722 1
18 L 0 885 1
18 L 0 694 1
18 D 69 73 1
18 D 69 722 1
18 D 69 885 1
18 D 69 694 1
18 L 0 950 1
18 L 0 58 1
18 L 0 444 1
18 D 69 950 1
18 D 69 58 1
18 D 69 444 1
18 L 0 162 1
18 L 0 327 1
18 L 0 911 1
18 D 89 162 1
18 D 89 327 1
18 D 89 911 1
18 L 0 362 1
18 L 0 787 1
18 D 89 362 1
18 D 89 787 1
18 L 0 883 1
18 L 0 691 1
18 L 0 819 1
18 D 89 883 1
18 D 89 691 1
18 D 89 819 1
18 L 0 930 1
18 L 0 687 1
18 L 0 880 1
18 D 31 930 1
18 D 31 687 1
18 D 31 880 1
18 L 0 879 1
18 D 31 879 1
18 L 0 85 1
18 D 31 85 1
18 L 0 891 1
18 D 31 891 1
18 L 0 162 1
18 L 0 840 1
18 L 0 10 1
18 L 0 268 1
18 D 54 162 1
18 D 54 840 1
18 D 54 10 1
18 D 54 268 1
18 L 0 430 1
18 L 0 879 1
18 D 54 430 1
18 D 54 879 1
18 L 0 178 1
18 D 54 178 1
18 L 0 452 1
18 L 0 70 1
18 L 0 908 1
18 D 523 452 1
18 D 523 70 1
18 D 523 908 1
18 L 0 395 1
18 L 0 976 1
18 D 523 395 1
18 D 523 976 1
18 L 0 530 1
18 L 0 538 1
18 D 523 530 1
18 D 523 538 1
18 L 0 616 1
18 L 0 648 1
18 D 406 616 1
18 D 406 648 1
18 L 0 242 1
18 L 0 787 1
18 L 0 759 1
18 D 406 242 1
18 D 406 787 1
18 D 406 759 1
18 L 0 602 1
18 L 0 253 1
18 L 0 158 1
18 D 406 602 1
18 D 406 253 1
18 D 406 158 1
18 L 0 673 1
18 L 0 289 1
18 L 0 426 1
18 D 610 673 1
18 D 610 289 1
18 D 610 426 1
18 L 0 996 1
18 L 0 370 1
18 L 0 372 1
18 D 610 996 1
18 D 610 370 1
18 D 610 372 1
18 L 0 445 1
18 L 0 862 1
18 D 610 445 1
18 D 610 862 1
18 L 0 481 1
18 L 0 227 1
18 L 0 73 1
18 D 608 481 1
18 D 608 227 1
18 D 608 73 1
18 L 0 367 1
18 L 0 591 1
18 L 0 463 1
18 L 0 723 1
18 L 0 317 1
18 D 608 367 1
18 D 608 591 1
18 D 608 463 1
18 D 608 723 1
18 D 608 317 1
18 L 0 221 1
18 L 0 219 1
18 D 608 221 1
18 D 608 219 1
18 L 0 992 1
18 L 0 163 1
18 L 0 829 1
18 D 180 992 1
18 D 180 163 1
18 D 180 829 1
18 L 0 622 1
18 L 0 238 1
18 L 0 345 1
18 L 0 283 1
18 D 180 622 1
18 D 180 238 1
18 D 180 345 1
18 D 180 283 1
18 L 0 765 1
18 L 0 731 1
18 D 180 765 1
18 D 180 731 1
18 L 0 193 1
18 L 0 770 1
18 L 0 68 1
18 L 0 297 1
18 D 397 193 1
18 D 397 770 1
18 D 397 68 1
18 D 397 297 1
18 L 0 133 1
18 L 0 55 1
18 D 397 133 1
18 D 397 55 1
18 L 0 795 1
18 L 0 189 1
18 D 397 795 1
18 D 397 189 1
18 L 0 835 1
18 L 0 231 1
18 L 0 239 1
18 D 749 835 1
18 D 749 231 1
18 D 749 239 1
5 L 0 107 1
5 D 749 107 1
5 L 0 946 1
5 D 749 946 1
5 L 0 922 1
5 D 749 922 1
5 L 0 577 1
5 L 0 257 1
5 L 0 678 1
5 D 345 577 1
5 D 345 257 1
5 D 345 678 1
5 L 0 129 1
5 L 0 169 1
5 L 0 715 1
5 D 345 129 1
5 D 345 169 1
5 D 345 715 1
5 L 0 113 1
5 L 0 756 1
5 D 345 113 1
5 D 345 756 1
5 L 0 481 1
5 L 0 164 1
5 D 695 481 1
5 D 695 164 1
5 L 0 41 1
5 L 0 110 1
5 D 695 41 1
5 D 695 110 1
5 L 0 851 1
5 L 0 244 1
5 L 0 726 1
5 L 0 413 1
5 D 695 851 1
5 D 695 244 1
5 D 695 726 1
5 D 695 413 1
5 L 0 999 1
5 L 0 686 1
5 L 0 974 1
5 D 389 999 1
5 D 389 686 1
5 D 389 974 1
5 L 0 816 1
5 L 0 627 1
5 D 389 816 1
5 D 389 627 1
5 L 0 215 2
5 L 0 157 1
5 D 389 215 2
5 D 389 157 1
5 L 0 673 1
5 L 0 614 1
5 L 0 622 1
5 D 560 673 1
5 D 560 614 1
5 D 560 622 1
5 L 0 168 1
5 L 0 941 1
5 L 0 789 1
5 D 560 168 1
5 D 560 941 1
5 D 560 789 1
5 L 0 788 1
5 L 0 31 1
5 D 560 788 1
5 D 560 31 1
5 L 0 933 1
5 L 0 806 1
5 L 0 392 1
5 L 0 208 1
5 D 635 933 1
5 D 635 806 1
5 D 635 392 1
5 D 635 208 1
5 L 0 401 1
5 L 0 499 1
5 D 635 401 1
5 D 635 499 1
5 L 0 982 1
5 L 0 185 1
5 D 635 982 1
5 D 635 185 1
5 L 0 392 1
5 L 0 713 1
5 L 0 726 1
5 L 0 855 1
5 D 637 392 1
5 D 637 713 1
5 D 637 726 1
5 D 637 855 1
5 L 0 10 1
5 L 0 561 1
5 D 637 10 1
5 D 637 561 1
5 L 0 344 1
5 L 0 442 1
5 D 637 344 1
5 D 637 442 1
5 L 0 512 1
5 L 0 129 1
5 L 0 907 1
5 L 0 365 1
5 L 0 77 1
5 D 39 512 1
5 D 39 129 1
5 D 39 907 1
5 D 39 365 1
5 D 39 77 1
5 L 0 411 1
5 L 0 221 1
5 D 39 411 1
5 D 39 221 1
5 L 0 476 1
5 L 0 221 1
5 D 39 476 1
5 D 39 221 1
5 L 0 384 1
5 L 0 290 1
5 L 0 453 1
5 L 0 296 1
5 D 723 384 1
5 D 723 290 1
5 D 723 453 1
5 D 723 296 1
5 L 0 242 1
5 L 0 438 1
5 L 0 440 1
5 D 723 242 1
5 D 723 438 1
5 D 723 440 1
5 L 0 985 1
5 L 0 349 1
5 L 0 350 1
5 D 723 985 1
5 D 723 349 1
5 D 723 350 1
5 L 0 105 1
5 L 0 210 1
5 L 0 787 1
5 D 29 105 1
5 D 29 210 1
5 D 29 787 1
5 L 0 863 1
5 L 0 55 1
5 D 29 863 1
5 D 29 55 1
5 L 0 30 1
5 D 29 30 1
5 L 0 223 1
5 D 29 223 1
5 L 0 801 1
5 L 0 706 1
5 L 0 133 1
5 D 543 801 1
5 D 543 706 1
5 D 543 133 1
5 L 0 582 1
5 L 0 50 1
5 L 0 597 1
5 L 0 535 1
5 D 543 582 1
5 D 543 50 1
5 D 543 597 1
5 D 543 535 1
5 L 0 508 1
5 L 0 606 1
5 D 543 508 1
5 D 543 606 1
5 L 0 65 1
5 L 0 552 1
5 L 0 841 1
5 L 0 531 1
5 L 0 184 1
5 D 401 65 1
5 D 401 552 1
5 D 401 841 1
5 D 401 531 1
5 D 401 184 1
5 L 0 632 1
5 L 0 588 1
5 L 0 887 1
5 D 401 632 1
5 D 401 588 1
5 D 401 887 1
5 L 0 760 1
5 L 0 124 1
5 L 0 126 1
5 D 401 760 1
5 D 401 124 1
5 D 401 126 1
5 L 0 679 1
5 L 0 523 1
5 L 0 109 1
5 L 0 659 1
5 D 158 679 1
5 D 158 523 1
5 D 158 109 1
5 D 158 659 1
5 L 0 460 1
5 L 0 174 1
5 L 0 759 1
5 D 158 460 1
5 D 158 174 1
5 D 158 759 1
5 L 0 728 1
5 L 0 223 1
5 D 158 728 1
5 D 158 223 1
5 L 0 332 1
5 L 0 111 1
5 L 0 80 1
5 L 0 184 1
5 D 402 332 1
5 D 402 111 1
5 D 402 80 1
5 D 402 184 1
5 L 0 464 1
5 L 0 530 1
5 D 402 464 1
5 D 402 530 1
5 L 0 946 1
5 L 0 852 1
5 L 0 375 1
5 D 402 946 1
5 D 402 852 1
5 D 402 375 1
5 L 0 965 1
5 L 0 332 1
5 L 0 22 1
5 D 250 965 1
5 D 250 332 1
5 D 250 22 1
5 L 0 365 1
5 L 0 814 1
5 L 0 305 1
5 D 250 365 1
5 D 250 814 1
5 D 250 305 1
5 L 0 883 1
5 L 0 796 1
5 L 0 927 1
5 D 250 883 1
5 D 250 796 1
5 D 250 927 1
5 L 0 835 1
5 L 0 935 1
5 L 0 109 1
5 D 44 835 1
5 D 44 935 1
5 D 44 109 1
5 L 0 41 1
5 L 0 398 1
5 L 0 403 1
5 D 44 41 1
5 D 44 398 1
5 D 44 403 1
5 L 0 405 1
5 L 0 474 1
5 D 44 405 1
5 D 44 474 1
5 L 0 486 1
5 L 0 615 1
5 L 0 488 1
5 D 740 486 1
5 D 740 615 1
5 D 740 488 1
5 L 0 404 1
5 L 0 501 1
5 D 740 404 1
5 D 740 501 1
5 L 0 214 1
5 D 740 214 1
5 L 0 890 1
5 D 740 890 1
5 L 0 66 1
5 L 0 105 1
5 L 0 372 1
5 L 0 441 1
5 D 223 66 1
5 D 223 105 1
5 D 223 372 1
5 D 223 441 1
5 L 0 521 1
5 L 0 563 1
5 D 223 521 1
5 D 223 563 1
5 L 0 979 1
5 L 0 285 1
5 D 223 979 1
5 D 223 285 1
5 L 0 130 1
5 L 0 163 1
5 L 0 68 1
5 D 123 130 1
5 D 123 163 1
5 D 123 68 1
5 L 0 650 1
5 L 0 270 1
5 D 123 650 1
5 D 123 270 1
5 L 0 440 1
5 L 0 794 1
5 L 0 671 1
5 D 123 440 1
5 D 123 794 1
5 D 123 671 1
5 L 0 900 1
5 L 0 548 1
5 D 189 900 1
5 D 189 548 1
5 L 0 555 1
5 L 0 556 1
5 L 0 632 1
5 D 189 555 1
5 D 189 556 1
5 D 189 632 1
5 L 0 593 1
5 L 0 698 1
5 D 189 593 1
5 D 189 698 1
5 L 0 96 1
5 L 0 448 1
5 L 0 583 1
5 L 0 884 1
5 D 516 96 1
5 D 516 448 1
5 D 516 583 1
5 D 516 884 1
5 L 0 904 1
5 L 0 553 1
5 D 516 904 1
5 D 516 553 1
5 L 0 521 1
5 L 0 728 1
5 D 516 521 1
5 D 516 728 1
5 L 0 382 1
5 D 516 382 1
5 L 0 680 1
5 L 0 940 1
5 L 0 525 1
5 L 0 114 1
5 D 95 680 1
5 D 95 940 1
5 D 95 525 1
5 D 95 114 1
5 L 0 57 1
5 L 0 638 1
5 D 95 57 1
5 D 95 638 1
5 L 0 347 1
5 L 0 415 1
5 D 95 347 1
5 D 95 415 1
5 L 0 1 1
5 L 0 355 1
5 L 0 707 1
5 L 0 657 1
5 D 267 1 1
5 D 267 355 1
5 D 267 707 1
5 D 267 657 1
5 L 0 260 1
5 L 0 744 1
5 D 267 260 1
5 D 267 744 1
5 L 0 534 1
5 L 0 349 1
5 L 0 863 1
5 D 267 534 1
5 D 267 349 1
5 D 267 863 1
5 L 0 225 1
5 L 0 729 1
5 D 434 225 1
5 D 434 729 1
5 L 0 481 1
5 L 0 28 1
5 D 434 481 1
5 D 434 28 1
5 L 0 388 1
5 D 434 388 1
5 L 0 862 1
5 D 434 862 1
5 L 0 323 1
5 L 0 168 1
5 L 0 203 1
5 L 0 588 1
5 D 787 323 1
5 D 787 168 1
5 D 787 203 1
5 D 787 588 1
5 L 0 679 1
5 L 0 181 1
5 D 787 679 1
5 D 787 181 1
5 L 0 175 1
5 L 0 376 1
5 D 787 175 1
5 D 787 376 1
5 L 0 450 1
5 L 0 901 1
5 L 0 658 1
5 D 391 450 1
5 D 391 901 1
5 D 391 658 1
5 L 0 739 1
5 L 0 652 1
5 L 0 153 1
5 D 391 739 1
5 D 391 652 1
5 D 391 153 1
5 L 0 463 1
5 L 0 401 1
5 L 0 403 1
5 D 391 463 1
5 D 391 401 1
5 D 391 403 1
5 L 0 257 1
5 L 0 290 1
5 L 0 803 1
5 L 0 513 1
5 D 269 257 1
5 D 269 290 1
5 D 269 803 1
5 D 269 513 1
5 L 0 647 1
5 L 0 904 1
5 L 0 300 1
5 L 0 17 1
5 D 269 647 1
5 D 269 904 1
5 D 269 300 1
5 D 269 17 1
5 L 0 660 1
5 L 0 350 1
5 D 269 660 1
5 D 269 350 1
5 L 0 642 1
5 L 0 802 1
5 L 0 255 1
5 D 576 642 1
5 D 576 802 1
5 D 576 255 1
5 L 0 836 1
5 L 0 460 1
5 D 576 836 1
5 D 576 460 1
5 L 0 461 1
5 L 0 398 1
5 D 576 461 1
5 D 576 398 1
5 L 0 381 1
5 D 576 381 1
5 L 0 608 1
5 L 0 684 1
5 L 0 908 1
5 D 765 608 1
5 D 765 684 1
5 D 765 908 1
5 L 0 910 1
5 L 0 879 1
5 D 765 910 1
5 D 765 879 1
5 L 0 401 1
5 L 0 121 1
5 D 765 401 1
5 D 765 121 1
5 L 0 475 1
5 D 765 475 1
5 L 0 904 1
5 L 0 681 1
5 L 0 658 1
5 D 400 904 1
5 D 400 681 1
5 D 400 658 1
5 L 0 586 1
5 L 0 688 1
5 L 0 242 1
5 D 400 586 1
5 D 400 688 1
5 D 400 242 1
5 L 0 277 1
5 L 0 535 1
5 L 0 604 1
5 D 400 277 1
5 D 400 535 1
5 D 400 604 1
5 L 0 480 1
5 L 0 673 1
5 D 766 480 1
5 D 766 673 1
5 L 0 129 2
5 L 0 691 1
5 L 0 794 1
5 D 766 129 2
5 D 766 691 1
5 D 766 794 1
5 L 0 600 1
5 L 0 185 1
5 D 766 600 1
5 D 766 185 1
5 L 0 641 1
5 L 0 740 1
5 L 0 519 1
5 D 510 641 1
5 D 510 740 1
5 D 510 519 1
5 L 0 936 1
5 L 0 489 1
5 L 0 18 1
5 D 510 936 1
5 D 510 489 1
5 D 510 18 1
5 L 0 375 1
5 L 0 955 1
5 D 510 375 1
5 D 510 955 1
5 L 0 767 1
5 D 510 767 1
5 L 0 67 1
5 L 0 164 1
5 L 0 453 1
5 D 507 67 1
5 D 507 164 1
5 D 507 453 1
5 L 0 168 1
5 L 0 879 1
5 L 0 659 1
5 L 0 726 1
5 D 507 168 1
5 D 507 879 1
5 D 507 659 1
5 D 507 726 1
5 L 0 533 1
5 L 0 121 1
5 L 0 863 1
5 D 507 533 1
5 D 507 121 1
5 D 507 863 1
5 L 0 768 1
5 L 0 384 1
5 L 0 71 1
5 D 602 768 1
5 D 602 384 1
5 D 602 71 1
5 L 0 427 1
5 L 0 431 1
5 D 602 427 1
5 D 602 431 1
5 L 0 914 1
5 L 0 885 1
5 L 0 597 1
5 D 602 914 1
5 D 602 885 1
5 D 602 597 1
5 L 0 549 1
5 L 0 231 1
5 L 0 463 1
5 D 711 549 1
5 D 711 231 1
5 D 711 463 1
5 L 0 110 1
5 L 0 847 1
5 D 711 110 1
5 D 711 847 1
5 L 0 242 1
5 L 0 26 1
5 D 711 242 1
5 D 711 26 1
5 L 0 411 1
5 D 711 411 1
5 L 0 224 1
5 L 0 228 1
5 L 0 299 1
5 D 88 224 1
5 D 88 228 1
5 D 88 299 1
5 L 0 66 1
5 L 0 919 1
5 L 0 699 1
5 D 88 66 1
5 D 88 919 1
5 D 88 699 1
5 L 0 890 1
5 D 88 890 1
5 L 0 607 1
5 D 88 607 1
5 L 0 545 1
5 L 0 772 1
5 L 0 426 1
5 D 138 545 1
5 D 138 772 1
5 D 138 426 1
7 L 0 504 1
7 L 0 786 1
7 D 138 504 1
7 D 138 786 1
7 L 0 914 1
7 D 138 914 1
7 L 0 600 1
7 D 138 600 1
7 L 0 129 1
7 L 0 966 1
7 L 0 809 1
7 L 0 10 1
7 D 291 129 1
7 D 291 966 1
7 D 291 809 1
7 D 291 10 1
7 L 0 362 1
7 L 0 555 1
7 D 291 362 1
7 D 291 555 1
7 L 0 589 1
7 L 0 429 1
7 L 0 274 1
7 D 291 589 1
7 D 291 429 1
7 D 291 274 1
7 L 0 579 1
7 L 0 104 1
7 L 0 365 1
7 L 0 145 1
7 D 307 579 1
7 D 307 104 1
7 D 307 365 1
7 D 307 145 1
7 L 0 815 1
7 L 0 370 1
7 L 0 375 1
7 D 307 815 1
7 D 307 370 1
7 D 307 375 1
7 L 0 469 1
7 L 0 793 1
7 D 307 469 1
7 D 307 793 1
7 L 0 382 1
7 D 307 382 1
7 L 0 130 1
7 L 0 166 1
7 D 609 130 1
7 D 609 166 1
7 L 0 138 1
7 L 0 941 1
7 L 0 818 1
7 D 609 138 1
7 D 609 941 1
7 D 609 818 1
7 L 0 914 1
7 L 0 756 1
7 D 609 914 1
7 D 609 756 1
7 L 0 458 1
7 L 0 142 1
7 L 0 303 1
7 D 6 458 1
7 D 6 142 1
7 D 6 303 1
7 L 0 851 1
7 L 0 52 1
7 L 0 373 1
7 D 6 851 1
7 D 6 52 1
7 D 6 373 1
7 L 0 85 1
7 L 0 607 1
7 D 6 85 1
7 D 6 607 1
7 L 0 961 1
7 L 0 28 1
7 L 0 623 1
7 L 0 463 1
7 L 0 29 1
7 D 296 961 1
7 D 296 28 1
7 D 296 623 1
7 D 296 463 1
7 D 296 29 1
7 L 0 212 1
7 L 0 316 1
7 L 0 310 1
7 L 0 764 1
7 D 296 212 1
7 D 296 316 1
7 D 296 310 1
7 D 296 764 1
7 L 0 764 1
7 L 0 381 1
7 L 0 958 1
7 D 296 764 1
7 D 296 381 1
7 D 296 958 1
7 L 0 870 1
7 L 0 7 1
7 L 0 488 1
7 L 0 777 1
7 L 0 781 1
7 D 300 870 1
7 D 300 7 1
7 D 300 488 1
7 D 300 777 1
7 D 300 781 1
7 L 0 395 1
7 L 0 428 1
7 D 300 395 1
7 D 300 428 1
7 L 0 747 1
7 L 0 764 1
7 D 300 747 1
7 D 300 764 1
7 L 0 416 1
7 L 0 929 1
7 L 0 358 1
7 L 0 623 1
7 D 157 416 1
7 D 157 929 1
7 D 157 358 1
7 D 157 623 1
7 L 0 169 1
7 L 0 275 1
7 L 0 948 1
7 L 0 918 1
7 D 157 169 1
7 D 157 275 1
7 D 157 948 1
7 D 157 918 1
7 L 0 181 1
7 L 0 759 1
7 L 0 383 1
7 D 157 181 1
7 D 157 759 1
7 D 157 383 1
7 L 0 133 1
7 L 0 7 1
7 L 0 296 1
7 D 728 133 1
7 D 728 7 1
7 D 728 296 1
7 L 0 460 1
7 L 0 908 1
7 L 0 814 1
7 L 0 823 1
7 D 728 460 1
7 D 728 908 1
7 D 728 814 1
7 D 728 823 1
7 L 0 111 1
7 L 0 719 1
7 L 0 920 1
7 L 0 216 1
7 D 728 111 1
7 D 728 719 1
7 D 728 920 1
7 D 728 216 1
7 L 0 674 1
7 L 0 230 1
7 L 0 122 1
7 L 0 235 1
7 D 424 674 1
7 D 424 230 1
7 D 424 122 1
7 D 424 235 1
7 L 0 205 1
7 L 0 794 1
7 L 0 955 1
7 D 424 205 1
7 D 424 794 1
7 D 424 955 1
7 L 0 845 1
7 D 424 845 1
7 L 0 862 1
7 D 424 862 1
7 L 0 869 1
7 L 0 617 1
7 L 0 589 1
7 D 10 869 1
7 D 10 617 1
7 D 10 589 1
7 L 0 787 1
7 L 0 404 2
7 D 10 787 1
7 D 10 404 2
7 L 0 564 1
7 L 0 758 1
7 L 0 572 1
7 D 10 564 1
7 D 10 758 1
7 D 10 572 1
7 L 0 286 1
7 D 10 286 1
7 L 0 992 1
7 L 0 929 1
7 L 0 783 1
7 L 0 62 1
7 D 179 992 1
7 D 179 929 1
7 D 179 783 1
7 D 179 62 1
7 L 0 292 1
7 L 0 816 1
7 D 179 292 1
7 D 179 816 1
7 L 0 914 1
7 L 0 467 1
7 D 179 914 1
7 D 179 467 1
7 L 0 956 1
7 D 179 956 1
7 L 0 160 1
7 L 0 193 1
7 L 0 162 1
7 L 0 200 1
7 D 248 160 1
7 D 248 193 1
7 D 248 162 1
7 D 248 200 1
7 L 0 260 1
7 L 0 970 1
7 D 248 260 1
7 D 248 970 1
7 L 0 45 1
7 L 0 78 1
7 L 0 751 1
7 L 0 184 1
7 L 0 889 1
7 D 248 45 1
7 D 248 78 1
7 D 248 751 1
7 D 248 184 1
7 D 248 889 1
7 L 0 896 1
7 L 0 96 1
7 L 0 970 1
7 L 0 814 1
7 D 423 896 1
7 D 423 96 1
7 D 423 970 1
7 D 423 814 1
7 L 0 292 1
7 L 0 108 1
7 L 0 252 1
7 D 423 292 1
7 D 423 108 1
7 D 423 252 1
7 L 0 427 1
7 L 0 719 1
7 D 423 427 1
7 D 423 719 1
7 L 0 575 1
7 D 423 575 1
7 L 0 897 1
7 L 0 418 1
7 L 0 491 1
7 D 793 897 1
7 D 793 418 1
7 D 793 491 1
7 L 0 651 1
7 L 0 531 1
7 L 0 828 1
7 D 793 651 1
7 D 793 531 1
7 D 793 828 1
7 L 0 690 1
7 D 793 690 1
7 L 0 829 1
7 D 793 829 1
7 L 0 995 1
7 L 0 904 1
7 L 0 841 1
7 L 0 142 1
7 D 650 995 1
7 D 650 904 1
7 D 650 841 1
7 D 650 142 1
7 L 0 272 1
7 L 0 916 1
7 L 0 888 1
7 D 650 272 1
7 D 650 916 1
7 D 650 888 1
7 L 0 505 1
7 L 0 926 1
7 L 0 639 1
7 D 650 505 1
7 D 650 926 1
7 D 650 639 1
7 L 0 164 1
7 L 0 133 1
7 L 0 252 1
7 D 483 164 1
7 D 483 133 1
7 D 483 252 1
7 L 0 904 1
7 L 0 656 1
7 D 483 904 1
7 D 483 656 1
7 L 0 537 1
7 L 0 602 1
7 D 483 537 1
7 D 483 602 1
7 L 0 671 1
7 D 483 671 1
7 L 0 836 1
7 L 0 396 1
7 D 438 836 1
7 D 438 396 1
7 L 0 365 1
7 L 0 590 1
7 L 0 276 1
7 D 438 365 1
7 D 438 590 1
7 D 438 276 1
7 L 0 346 1
7 L 0 119 1
7 L 0 794 1
7 D 438 346 1
7 D 438 119 1
7 D 438 794 1
7 L 0 699 1
7 D 438 699 1
7 L 0 739 1
7 L 0 72 1
7 L 0 616 1
7 D 7 739 1
7 D 7 72 1
7 D 7 616 1
7 L 0 297 1
7 L 0 336 1
7 D 7 297 1
7 D 7 336 1
7 L 0 51 1
7 L 0 597 1
7 D 7 51 1
7 D 7 597 1
7 L 0 573 1
7 D 7 573 1
7 L 0 66 1
7 L 0 811 1
7 L 0 726 1
7 D 215 66 1
7 D 215 811 1
7 D 215 726 1
7 L 0 239 1
7 L 0 528 1
7 L 0 753 1
7 D 215 239 1
7 D 215 528 1
7 D 215 753 1
7 L 0 31 1
7 D 215 31 1
7 L 0 127 1
7 D 215 127 1
7 L 0 417 1
7 L 0 706 1
7 L 0 392 1
7 L 0 531 1
7 D 623 417 1
7 D 623 706 1
7 D 623 392 1
7 D 623 531 1
7 L 0 739 1
7 L 0 548 1
7 L 0 126 1
7 D 623 739 1
7 D 623 548 1
7 D 623 126 1
7 L 0 105 1
7 L 0 719 1
7 L 0 794 1
7 D 623 105 1
7 D 623 719 1
7 D 623 794 1
7 L 0 219 1
7 D 623 219 1
7 L 0 384 1
7 L 0 256 1
7 L 0 615 1
7 D 554 384 1
7 D 554 256 1
7 D 554 615 1
7 L 0 548 1
7 L 0 168 1
7 L 0 11 1
7 D 554 548 1
7 D 554 168 1
7 D 554 11 1
7 L 0 113 1
7 L 0 125 1
7 L 0 730 1
7 L 0 189 1
7 D 554 113 1
7 D 554 125 1
7 D 554 730 1
7 D 554 189 1
7 L 0 446 1
7 D 554 446 1
7 L 0 96 1
7 L 0 772 1
7 L 0 104 1
7 L 0 975 1
7 D 203 96 1
7 D 203 772 1
7 D 203 104 1
7 D 203 975 1
7 L 0 356 1
7 L 0 819 1
7 L 0 255 1
7 D 203 356 1
7 D 203 819 1
7 D 203 255 1
7 L 0 54 1
7 L 0 534 1
7 L 0 794 1
7 L 0 603 1
7 D 203 54 1
7 D 203 534 1
7 D 203 794 1
7 D 203 603 1
7 L 0 999 1
7 L 0 168 1
7 L 0 41 1
7 L 0 375 1
7 D 270 999 1
7 D 270 168 1
7 D 270 41 1
7 D 270 375 1
7 L 0 10 1
7 L 0 7 1
7 D 270 10 1
7 D 270 7 1
7 L 0 747 1
7 D 270 747 1
7 L 0 767 1
7 D 270 767 1
7 L 0 646 1
7 L 0 967 1
7 L 0 779 1
7 D 104 646 1
7 D 104 967 1
7 D 104 779 1
7 L 0 779 1
7 L 0 238 1
7 L 0 79 1
7 L 0 465 1
7 D 104 779 1
7 D 104 238 1
7 D 104 79 1
7 D 104 465 1
7 L 0 373 1
7 L 0 693 1
7 D 104 373 1
7 D 104 693 1
7 L 0 989 1
7 D 104 989 1
7 L 0 673 1
7 L 0 290 1
7 L 0 71 1
7 D 236 673 1
7 D 236 290 1
7 D 236 71 1
7 L 0 328 1
7 L 0 13 1
7 L 0 974 1
7 L 0 278 1
7 D 236 328 1
7 D 236 13 1
7 D 236 974 1
7 D 236 278 1
7 L 0 113 1
7 L 0 338 1
7 L 0 247 1
7 D 236 113 1
7 D 236 338 1
7 D 236 247 1
7 L 0 732 1
7 D 236 732 1
7 L 0 512 1
7 L 0 673 1
7 L 0 819 1
7 D 622 512 1
7 D 622 673 1
7 D 622 819 1
8 L 0 239 1
8 L 0 399 1
8 D 622 239 1
8 D 622 399 1
8 L 0 594 1
8 L 0 827 1
8 D 622 594 1
8 D 622 827 1
8 L 0 703 1
8 D 622 703 1
8 L 0 992 1
8 L 0 645 1
8 L 0 550 1
8 L 0 614 1
8 L 0 8 1
8 D 339 992 1
8 D 339 645 1
8 D 339 550 1
8 D 339 614 1
8 D 339 8 1
8 L 0 904 1
8 L 0 76 1
8 L 0 303 1
8 D 339 904 1
8 D 339 76 1
8 D 339 303 1
8 L 0 755 1
8 L 0 435 1
8 D 339 755 1
8 D 339 435 1
8 L 0 415 1
8 D 339 415 1
8 L 0 577 1
8 L 0 965 1
8 L 0 950 1
8 D 247 577 1
8 D 247 965 1
8 D 247 950 1
8 L 0 298 1
8 L 0 749 1
8 L 0 594 1
8 D 247 298 1
8 D 247 749 1
8 D 247 594 1
8 L 0 348 1
8 D 247 348 1
8 L 0 476 1
8 D 247 476 1
8 L 0 96 1
8 L 0 162 1
8 L 0 931 1
8 L 0 805 1
8 L 0 454 1
8 L 0 265 1
8 D 385 96 1
8 D 385 162 1
8 D 385 931 1
8 D 385 805 1
8 D 385 454 1
8 D 385 265 1
8 L 0 905 1
8 L 0 297 1
8 L 0 622 1
8 L 0 180 1
8 D 385 905 1
8 D 385 297 1
8 D 385 622 1
8 D 385 180 1
8 L 0 284 1
8 L 0 820 1
8 L 0 988 1
8 D 385 284 1
8 D 385 820 1
8 D 385 988 1
8 L 0 64 1
8 L 0 301 1
8 L 0 432 1
8 D 705 64 1
8 D 705 301 1
8 D 705 432 1
8 L 0 786 1
8 L 0 116 1
8 L 0 189 1
8 D 705 786 1
8 D 705 116 1
8 D 705 189 1
8 L 0 373 1
8 L 0 538 1
8 D 705 373 1
8 D 705 538 1
8 L 0 285 1
8 D 705 285 1
8 L 0 641 1
8 L 0 196 1
8 L 0 605 1
8 L 0 235 1
8 D 142 641 1
8 D 142 196 1
8 D 142 605 1
8 D 142 235 1
8 L 0 779 1
8 L 0 429 1
8 L 0 590 1
8 L 0 622 1
8 L 0 299 1
8 D 142 779 1
8 D 142 429 1
8 D 142 590 1
8 D 142 622 1
8 D 142 299 1
8 L 0 750 1
8 L 0 247 1
8 L 0 793 1
8 D 142 750 1
8 D 142 247 1
8 D 142 793 1
8 L 0 125 1
8 D 142 125 1
8 L 0 553 1
8 L 0 814 1
8 L 0 942 1
8 L 0 945 1
8 D 629 553 1
8 D 629 814 1
8 D 629 942 1
8 D 629 945 1
8 L 0 916 1
8 L 0 598 1
8 D 629 916 1
8 D 629 598 1
8 L 0 984 1
8 L 0 157 1
8 L 0 94 1
8 D 629 984 1
8 D 629 157 1
8 D 629 94 1
8 L 0 991 1
8 D 629 991 1
8 L 0 160 1
8 L 0 455 1
8 L 0 789 1
8 D 71 160 1
8 D 71 455 1
8 D 71 789 1
8 L 0 520 1
8 L 0 465 1
8 L 0 468 1
8 D 71 520 1
8 D 71 465 1
8 D 71 468 1
8 L 0 468 1
8 L 0 534 1
8 L 0 791 1
8 D 71 468 1
8 D 71 534 1
8 D 71 791 1
8 L 0 511 1
8 D 71 511 1
8 L 0 834 1
8 L 0 547 1
8 L 0 452 1
8 L 0 446 1
8 L 0 283 1
8 D 698 834 1
8 D 698 547 1
8 D 698 452 1
8 D 698 446 1
8 D 698 283 1
8 L 0 158 1
8 L 0 108 1
8 L 0 721 1
8 D 698 158 1
8 D 698 108 1
8 D 698 721 1
8 L 0 727 1
8 L 0 888 1
8 L 0 794 1
8 D 698 727 1
8 D 698 888 1
8 D 698 794 1
8 L 0 731 1
8 D 698 731 1
8 L 0 577 1
8 L 0 706 1
8 L 0 743 1
8 D 120 577 1
8 D 120 706 1
8 D 120 743 1
8 L 0 627 1
8 L 0 979 1
8 D 120 627 1
8 D 120 979 1
8 L 0 598 1
8 L 0 57 1
8 D 120 598 1
8 D 120 57 1
8 L 0 794 1
8 L 0 958 1
8 D 120 794 1
8 D 120 958 1
8 L 0 676 1
8 L 0 360 1
8 L 0 372 1
8 D 230 676 1
8 D 230 360 1
8 D 230 372 1
8 L 0 391 1
8 L 0 431 1
8 L 0 789 1
8 D 230 391 1
8 D 230 431 1
8 D 230 789 1
8 L 0 603 1
8 L 0 93 1
8 D 230 603 1
8 D 230 93 1
8 L 0 286 1
8 D 230 286 1
8 L 0 513 1
8 L 0 290 1
8 L 0 547 1
8 L 0 706 1
8 L 0 133 1
8 D 686 513 1
8 D 686 290 1
8 D 686 547 1
8 D 686 706 1
8 D 686 133 1
8 L 0 454 1
8 L 0 391 1
8 L 0 455 1
8 L 0 877 1
8 D 686 454 1
8 D 686 391 1
8 D 686 455 1
8 D 686 877 1
8 L 0 455 1
8 L 0 210 1
8 L 0 376 1
8 L 0 443 1
8 D 686 455 1
8 D 686 210 1
8 D 686 376 1
8 D 686 443 1
8 L 0 26 1
8 D 686 26 1
8 L 0 320 1
8 L 0 121 1
8 D 729 320 1
8 D 729 121 1
8 L 0 69 1
8 L 0 332 1
8 D 729 69 1
8 D 729 332 1
8 L 0 366 1
8 L 0 303 1
8 D 729 366 1
8 D 729 303 1
8 L 0 345 1
8 D 729 345 1
8 L 0 289 1
8 L 0 899 1
8 L 0 807 1
8 L 0 179 1
8 D 618 289 1
8 D 618 899 1
8 D 618 807 1
8 D 618 179 1
8 L 0 388 1
8 D 618 388 1
8 L 0 593 1
8 L 0 756 1
8 D 618 593 1
8 D 618 756 1
8 L 0 916 1
8 D 618 916 1
8 L 0 96 1
8 L 0 803 1
8 L 0 231 1
8 L 0 586 1
8 D 592 96 1
8 D 592 803 1
8 D 592 231 1
8 D 592 586 1
8 L 0 617 1
8 L 0 780 1
8 L 0 748 1
8 L 0 278 1
8 D 592 617 1
8 D 592 780 1
8 D 592 748 1
8 D 592 278 1
8 L 0 401 1
8 L 0 823 1
8 L 0 89 1
8 D 592 401 1
8 D 592 823 1
8 D 592 89 1
8 L 0 987 1
8 D 592 987 1
8 L 0 132 1
8 L 0 71 1
8 L 0 680 1
8 L 0 748 1
8 D 684 132 1
8 D 684 71 1
8 D 684 680 1
8 D 684 748 1
8 L 0 647 1
8 L 0 266 1
8 L 0 780 1
8 D 684 647 1
8 D 684 266 1
8 D 684 780 1
8 L 0 845 1
8 L 0 208 1
8 L 0 720 1
8 D 684 845 1
8 D 684 208 1
8 D 684 720 1
8 L 0 821 1
8 L 0 383 1
8 D 684 821 1
8 D 684 383 1
8 L 0 64 1
8 L 0 649 1
8 L 0 216 1
8 D 773 64 1
8 D 773 649 1
8 D 773 216 1
8 L 0 911 1
8 L 0 754 1
8 D 773 911 1
8 D 773 754 1
8 L 0 157 1
8 L 0 190 1
8 D 773 157 1
8 D 773 190 1
8 L 0 127 1
8 D 773 127 1
8 L 0 773 1
8 L 0 122 1
8 L 0 335 1
8 D 163 773 1
8 D 163 122 1
8 D 163 335 1
8 L 0 549 1
8 L 0 528 1
8 L 0 598 1
8 D 163 549 1
8 D 163 528 1
8 D 163 598 1
8 L 0 51 1
8 L 0 90 1
8 D 163 51 1
8 D 163 90 1
8 L 0 60 1
8 D 163 60 1
8 L 0 673 1
8 L 0 772 1
8 D 534 673 1
8 D 534 772 1
8 L 0 518 1
8 L 0 710 1
8 L 0 241 1
8 L 0 149 1
8 L 0 636 1
8 D 534 518 1
8 D 534 710 1
8 D 534 241 1
8 D 534 149 1
8 D 534 636 1
8 L 0 872 1
8 L 0 370 1
8 D 534 872 1
8 D 534 370 1
8 L 0 217 1
8 D 534 217 1
8 L 0 385 1
8 L 0 484 1
8 L 0 265 1
8 D 290 385 1
8 D 290 484 1
8 D 290 265 1
8 L 0 457 1
8 L 0 521 1
8 D 290 457 1
8 D 290 521 1
8 L 0 749 1
8 L 0 750 1
8 L 0 461 1
8 D 290 749 1
8 D 290 750 1
8 D 290 461 1
8 L 0 401 1
8 L 0 185 1
8 D 290 401 1
8 D 290 185 1
8 L 0 96 1
8 L 0 896 1
8 L 0 678 1
8 L 0 751 1
8 L 0 80 1
8 D 386 96 1
8 D 386 896 1
8 D 386 678 1
8 D 386 751 1
8 D 386 80 1
8 L 0 322 1
8 L 0 889 1
8 D 386 322 1
8 D 386 889 1
8 L 0 99 1
8 L 0 958 1
8 D 386 99 1
8 D 386 958 1
8 L 0 157 1
8 D 386 157 1
8 L 0 455 1
8 L 0 808 1
8 L 0 691 1
8 D 49 455 1
8 D 49 808 1
8 D 49 691 1
8 L 0 520 1
8 L 0 277 1
8 D 49 520 1
8 D 49 277 1
8 L 0 823 1
8 L 0 185 1
8 L 0 189 1
8 D 49 823 1
8 D 49 185 1
8 D 49 189 1
8 L 0 891 1
8 D 49 891 1
8 L 0 802 1
8 L 0 66 1
8 L 0 264 1
8 D 715 802 1
8 D 715 66 1
8 D 715 264 1
8 L 0 326 1
8 L 0 399 1
8 D 715 326 1
8 D 715 399 1
8 L 0 720 1
8 L 0 116 1
8 L 0 789 1
8 L 0 759 1
8 D 715 720 1
8 D 715 116 1
8 D 715 789 1
8 D 715 759 1
8 L 0 379 1
8 L 0 670 1
8 D 715 379 1
8 D 715 670 1
8 L 0 896 1
8 L 0 161 1
8 L 0 707 1
8 D 284 896 1
8 D 284 161 1
8 D 284 707 1
8 L 0 684 1
8 L 0 346 1
8 L 0 142 1
8 D 284 684 1
8 D 284 346 1
8 D 284 142 1
8 L 0 114 1
8 L 0 884 1
8 L 0 538 1
8 D 284 114 1
8 D 284 884 1
8 D 284 538 1
8 L 0 219 1
8 L 0 861 1
8 D 284 219 1
8 D 284 861 1
8 L 0 416 1
8 L 0 481 1
8 L 0 678 1
8 D 661 416 1
8 D 661 481 1
8 D 661 678 1
8 L 0 802 1
8 L 0 420 1
8 L 0 904 1
8 D 661 802 1
8 D 661 420 1
8 D 661 904 1
8 L 0 41 1
8 L 0 268 1
8 L 0 434 1
8 L 0 278 1
8 L 0 215 1
8 D 661 41 1
8 D 661 268 1
8 D 661 434 1
8 D 661 278 1
8 D 661 215 1
8 L 0 988 1
8 D 661 988 1
8 L 0 388 1
8 L 0 741 1
8 L 0 618 1
8 D 577 388 1
8 D 577 741 1
8 D 577 618 1
8 L 0 422 1
8 L 0 73 1
8 D 577 422 1
8 D 577 73 1
8 L 0 844 1
8 L 0 691 1
8 D 577 844 1
8 D 577 691 1
8 L 0 628 1
8 L 0 637 1
8 D 577 628 1
8 D 577 637 1
8 L 0 995 1
8 L 0 486 1
8 L 0 967 1
8 L 0 684 1
8 D 37 995 1
8 D 37 486 1
8 D 37 967 1
8 D 37 684 1
8 L 0 935 1
8 L 0 262 1
8 L 0 45 1
8 D 37 935 1
8 D 37 262 1
8 D 37 45 1
8 L 0 48 1
8 D 37 48 1
8 L 0 758 1
8 L 0 319 1
8 D 37 758 1
8 D 37 319 1
8 L 0 644 1
8 L 0 132 1
8 L 0 297 1
8 D 99 644 1
8 D 99 132 1
8 D 99 297 1
8 L 0 138 1
8 L 0 813 1
8 L 0 334 1
8 L 0 254 1
8 D 99 138 1
8 D 99 813 1
8 D 99 334 1
8 D 99 254 1
8 L 0 14 1
8 L 0 911 1
8 D 99 14 1
8 D 99 911 1
8 L 0 690 1
8 D 99 690 1
8 L 0 643 1
8 L 0 964 1
8 L 0 678 1
8 D 457 643 1
8 D 457 964 1
8 D 457 678 1
8 L 0 100 1
8 L 0 168 1
8 L 0 939 1
8 D 457 100 1
8 D 457 168 1
8 D 457 939 1
8 L 0 489 1
8 L 0 465 1
8 L 0 626 1
8 L 0 597 1
8 D 457 489 1
8 D 457 465 1
8 D 457 626 1
8 D 457 597 1
8 L 0 823 1
8 L 0 283 1
8 D 457 823 1
8 D 457 283 1
8 L 0 422 1
8 L 0 553 1
8 D 33 422 1
8 D 33 553 1
8 L 0 490 1
8 L 0 719 1
8 L 0 305 1
8 D 33 490 1
8 D 33 719 1
8 D 33 305 1
8 L 0 562 1
8 L 0 854 1
8 D 33 562 1
8 D 33 854 1
8 L 0 862 1
8 L 0 927 1
8 D 33 862 1
8 D 33 927 1
8 L 0 160 1
8 L 0 289 1
8 L 0 371 1
8 D 235 160 1
8 D 235 289 1
8 D 235 371 1
8 L 0 419 1
8 L 0 75 1
8 D 235 419 1
8 D 235 75 1
8 L 0 726 1
8 L 0 216 1
8 L 0 730 1
8 L 0 603 1
8 L 0 509 1
8 D 235 726 1
8 D 235 216 1
8 D 235 730 1
8 D 235 603 1
8 D 235 509 1
8 L 0 862 1
8 D 235 862 1
8 L 0 160 1
8 L 0 992 1
8 L 0 321 1
8 D 369 160 1
8 D 369 992 1
8 D 369 321 1
8 L 0 711 1
8 L 0 394 1
8 D 369 711 1
8 D 369 394 1
10 L 0 107 1
10 L 0 883 1
10 L 0 661 1
10 D 369 107 1
10 D 369 883 1
10 D 369 661 1
10 L 0 302 1
10 D 369 302 1
10 L 0 417 1
10 L 0 37 1
10 L 0 557 1
10 D 630 417 1
10 D 630 37 1
10 D 630 557 1
10 L 0 136 1
10 L 0 749 1
10 L 0 622 1
10 L 0 848 1
10 L 0 919 1
10 D 630 136 1
10 D 630 749 1
10 D 630 622 1
10 D 630 848 1
10 D 630 919 1
10 L 0 589 1
10 L 0 244 1
10 L 0 757 1
10 D 630 589 1
10 D 630 244 1
10 D 630 757 1
10 L 0 286 1
10 D 630 286 1
10 L 0 928 1
10 L 0 513 1
10 L 0 129 1
10 L 0 937 1
10 L 0 623 1
10 L 0 208 1
10 D 219 928 1
10 D 219 513 1
10 D 219 129 1
10 D 219 937 1
10 D 219 623 1
10 D 219 208 1
10 L 0 73 1
10 L 0 717 1
10 L 0 438 1
10 D 219 73 1
10 D 219 717 1
10 D 219 438 1
10 L 0 561 1
10 L 0 468 1
10 L 0 438 1
10 D 219 561 1
10 D 219 468 1
10 D 219 438 1
10 L 0 991 1
10 D 219 991 1
10 L 0 64 1
10 L 0 547 1
10 L 0 644 1
10 L 0 112 1
10 D 221 64 1
10 D 221 547 1
10 D 221 644 1
10 D 221 112 1
16 L 0 99 1
16 L 0 392 1
16 D 221 99 1
16 D 221 392 1
1 L 0 136 1
1 L 0 521 1
1 D 221 136 1
1 D 221 521 1
4 L 0 654 1
4 L 0 991 1
4 D 221 654 1
4 D 221 991 1
9 L 0 802 1
9 L 0 837 1
9 L 0 297 1
9 D 117 802 1
9 D 117 837 1
9 D 117 297 1
9 L 0 167 1
9 L 0 308 1
9 D 117 167 1
9 D 117 308 1
9 L 0 43 1
9 L 0 247 1
9 D 117 43 1
9 D 117 247 1
9 L 0 917 1
9 D 117 917 1
9 L 0 640 1
9 L 0 261 1
9 L 0 717 1
9 D 777 640 1
9 D 777 261 1
9 D 777 717 1
9 L 0 501 2
9 L 0 247 1
9 D 777 501 2
9 D 777 247 1
9 L 0 150 1
9 L 0 475 1
9 D 777 150 1
9 D 777 475 1
9 L 0 703 1
9 D 777 703 1
9 L 0 160 1
9 L 0 257 1
9 D 738 160 1
9 D 738 257 1
9 L 0 73 1
9 L 0 76 1
9 L 0 564 1
9 L 0 52 1
9 D 738 73 1
9 D 738 76 1
9 D 738 564 1
9 D 738 52 1
9 L 0 785 1
9 L 0 317 1
9 L 0 605 1
9 D 738 785 1
9 D 738 317 1
9 D 738 605 1
9 L 0 475 1
9 D 738 475 1
9 L 0 802 1
9 L 0 611 1
9 L 0 907 1
9 D 114 802 1
9 D 114 611 1
9 D 114 907 1
9 L 0 965 1
9 L 0 554 1
9 L 0 789 1
9 D 114 965 1
9 D 114 554 1
9 D 114 789 1
9 L 0 405 1
9 L 0 377 1
9 D 114 405 1
9 D 114 377 1
9 L 0 282 1
9 D 114 282 1
9 L 0 896 1
9 L 0 107 1
9 D 101 896 1
9 D 101 107 1
9 L 0 396 1
9 L 0 687 1
9 L 0 401 1
9 D 101 396 1
9 D 101 687 1
9 D 101 401 1
9 L 0 81 1
9 L 0 756 1
9 L 0 183 1
9 D 101 81 1
9 D 101 756 1
9 D 101 183 1
9 L 0 857 1
9 L 0 537 1
9 D 101 857 1
9 D 101 537 1
9 L 0 802 1
9 L 0 934 1
9 L 0 871 1
9 D 324 802 1
9 D 324 934 1
9 D 324 871 1
9 L 0 239 1
9 L 0 275 1
9 D 324 239 1
9 D 324 275 1
9 L 0 628 1
9 L 0 660 1
9 D 324 628 1
9 D 324 660 1
9 L 0 281 1
9 L 0 221 1
9 D 324 281 1
9 D 324 221 1
9 L 0 642 1
9 L 0 130 1
9 D 280 642 1
9 D 280 130 1
9 L 0 679 1
9 L 0 456 1
9 L 0 489 1
9 D 280 679 1
9 D 280 456 1
9 D 280 489 1
9 L 0 553 1
9 L 0 970 1
9 L 0 218 1
9 D 280 553 1
9 D 280 970 1
9 D 280 218 1
9 L 0 57 1
9 D 280 57 1
9 L 0 736 1
9 L 0 513 1
9 L 0 354 1
9 L 0 552 1
9 D 485 736 1
9 D 485 513 1
9 D 485 354 1
9 D 485 552 1
9 L 0 773 1
9 L 0 971 1
9 D 485 773 1
9 D 485 971 1
9 L 0 591 1
9 L 0 593 1
9 L 0 349 1
9 D 485 591 1
9 D 485 593 1
9 D 485 349 1
9 L 0 410 1
9 D 485 410 1
9 L 0 162 1
9 L 0 773 1
9 L 0 431 1
9 D 312 162 1
9 D 312 773 1
9 D 312 431 1
9 L 0 263 1
9 L 0 398 1
9 D 312 263 1
9 D 312 398 1
9 L 0 590 1
9 L 0 915 1
9 L 0 926 1
9 D 312 590 1
9 D 312 915 1
9 D 312 926 1
9 L 0 916 1
9 D 312 916 1
9 L 0 807 1
9 L 0 72 1
9 L 0 270 1
9 D 518 807 1
9 D 518 72 1
9 D 518 270 1
9 L 0 974 1
9 L 0 238 1
9 D 518 974 1
9 D 518 238 1
9 L 0 242 1
9 L 0 54 1
9 L 0 218 1
9 D 518 242 1
9 D 518 54 1
9 D 518 218 1
9 L 0 767 1
9 D 518 767 1
9 L 0 801 1
9 L 0 66 1
9 D 336 801 1
9 D 336 66 1
9 L 0 936 1
9 L 0 809 1
9 L 0 372 1
9 L 0 123 1
9 D 336 936 1
9 D 336 809 1
9 D 336 372 1
9 D 336 123 1
9 L 0 746 1
9 D 336 746 1
9 L 0 409 1
9 L 0 927 1
9 D 336 409 1
9 D 336 927 1
9 L 0 32 1
9 L 0 769 1
9 L 0 834 1
9 L 0 726 1
9 D 208 32 1
9 D 208 769 1
9 D 208 834 1
9 D 208 726 1
9 L 0 390 1
9 L 0 967 1
9 L 0 111 1
9 D 208 390 1
9 D 208 967 1
9 D 208 111 1
9 L 0 493 1
9 L 0 691 1
9 D 208 493 1
9 D 208 691 1
9 L 0 243 1
9 L 0 446 1
9 D 208 243 1
9 D 208 446 1
9 L 0 132 1
9 L 0 773 1
9 D 649 132 1
9 D 649 773 1
9 L 0 167 1
9 L 0 179 1
9 L 0 122 1
9 L 0 732 1
9 D 649 167 1
9 D 649 179 1
9 D 649 122 1
9 D 649 732 1
9 L 0 785 1
9 L 0 991 1
9 D 649 785 1
9 D 649 991 1
9 L 0 539 1
9 D 649 539 1
9 L 0 929 1
9 L 0 614 1
9 L 0 446 1
9 D 30 929 1
9 D 30 614 1
9 D 30 446 1
9 L 0 840 1
9 L 0 142 1
9 L 0 827 1
9 D 30 840 1
9 D 30 142 1
9 D 30 827 1
9 L 0 600 1
9 L 0 927 1
9 D 30 600 1
9 D 30 927 1
9 L 0 733 1
9 D 30 733 1
9 L 0 676 1
9 L 0 5 1
9 L 0 967 1
9 L 0 299 1
9 D 394 676 1
9 D 394 5 1
9 D 394 967 1
9 D 394 299 1
9 L 0 614 1
9 L 0 267 1
9 L 0 335 1
9 D 394 614 1
9 D 394 267 1
9 D 394 335 1
9 L 0 659 1
9 L 0 214 1
9 L 0 406 1
9 L 0 219 1
9 D 394 659 1
9 D 394 214 1
9 D 394 406 1
9 D 394 219 1
9 L 0 639 1
9 D 394 639 1
9 L 0 896 1
9 L 0 38 1
9 D 325 896 1
9 D 325 38 1
9 L 0 487 1
9 L 0 456 1
9 L 0 41 1
9 D 325 487 1
9 D 325 456 1
9 D 325 41 1
9 L 0 911 1
9 L 0 626 1
9 D 325 911 1
9 D 325 626 1
9 L 0 724 1
9 L 0 921 1
9 L 0 893 1
9 D 325 724 1
9 D 325 921 1
9 D 325 893 1
9 L 0 801 1
9 L 0 257 1
9 L 0 688 1
9 D 178 801 1
9 D 178 257 1
9 D 178 688 1
9 L 0 12 1
9 L 0 401 1
9 D 178 12 1
9 D 178 401 1
9 L 0 113 1
9 L 0 243 1
9 L 0 216 1
9 D 178 113 1
9 D 178 243 1
9 D 178 216 1
9 L 0 27 1
9 L 0 414 1
9 D 178 27 1
9 D 178 414 1
9 L 0 66 1
9 L 0 772 1
9 L 0 216 1
9 D 573 66 1
9 D 573 772 1
9 D 573 216 1
9 L 0 872 1
9 L 0 238 1
9 D 573 872 1
9 D 573 238 1
9 L 0 81 1
9 L 0 754 1
9 L 0 306 1
9 D 573 81 1
9 D 573 754 1
9 D 573 306 1
9 L 0 212 1
9 L 0 186 1
9 D 573 212 1
9 D 573 186 1
9 L 0 453 1
9 L 0 390 1
9 L 0 283 1
9 D 688 453 1
9 D 688 390 1
9 D 688 283 1
9 L 0 806 1
9 L 0 840 1
9 L 0 265 1
9 D 688 806 1
9 D 688 840 1
9 D 688 265 1
9 L 0 719 1
9 L 0 914 1
9 D 688 719 1
9 D 688 914 1
9 L 0 469 1
9 L 0 920 1
9 D 688 469 1
9 D 688 920 1
9 L 0 386 1
9 L 0 835 1
9 L 0 344 1
9 L 0 459 1
9 D 574 386 1
9 D 574 835 1
9 D 574 344 1
9 D 574 459 1
9 L 0 656 1
9 L 0 850 1
9 D 574 656 1
9 D 574 850 1
9 L 0 530 1
9 L 0 312 1
9 D 574 530 1
9 D 574 312 1
9 L 0 635 1
9 L 0 670 1
9 D 574 635 1
9 D 574 670 1
9 L 0 736 1
9 L 0 546 1
9 L 0 358 1
9 D 225 736 1
9 D 225 546 1
9 D 225 358 1
9 L 0 131 1
9 L 0 470 1
9 L 0 920 1
9 D 225 131 1
9 D 225 470 1
9 D 225 920 1
9 L 0 57 1
9 L 0 125 1
9 D 225 57 1
9 D 225 125 1
9 L 0 282 1
9 L 0 382 1
9 D 225 282 1
9 D 225 382 1
9 L 0 673 1
9 L 0 35 1
9 L 0 216 1
9 D 327 673 1
9 D 327 35 1
9 D 327 216 1
9 L 0 194 1
9 L 0 553 1
9 D 327 194 1
9 D 327 553 1
9 L 0 167 1
9 L 0 281 1
9 D 327 167 1
9 D 327 281 1
9 L 0 110 1
9 D 327 110 1
9 L 0 450 1
9 L 0 52 1
9 D 790 450 1
9 D 790 52 1
9 L 0 484 1
9 L 0 199 1
9 L 0 730 1
9 D 790 484 1
9 D 790 199 1
9 D 790 730 1
9 L 0 780 1
9 L 0 275 1
9 L 0 508 1
9 D 790 780 1
9 D 790 275 1
9 D 790 508 1
9 L 0 662 1
9 L 0 861 1
9 D 790 662 1
9 D 790 861 1
9 L 0 864 1
9 L 0 769 1
9 L 0 417 1
9 L 0 937 1
9 D 177 864 1
9 D 177 769 1
9 D 177 417 1
9 D 177 937 1
9 L 0 99 1
9 L 0 235 1
9 D 177 99 1
9 D 177 235 1
9 L 0 327 1
9 L 0 748 1
9 L 0 78 1
9 D 177 327 1
9 D 177 748 1
9 D 177 78 1
9 L 0 87 1
9 L 0 25 1
9 D 177 87 1
9 D 177 25 1
9 L 0 742 1
9 L 0 137 1
9 L 0 282 1
9 L 0 126 1
9 D 435 742 1
9 D 435 137 1
9 D 435 282 1
9 D 435 126 1
9 L 0 498 1
9 L 0 85 1
9 D 435 498 1
9 D 435 85 1
9 L 0 822 1
9 L 0 985 1
9 L 0 186 1
9 D 435 822 1
9 D 435 985 1
9 D 435 186 1
9 L 0 795 1
9 L 0 892 1
9 D 435 795 1
9 D 435 892 1
9 L 0 994 1
9 L 0 100 1
9 L 0 517 1
9 L 0 454 1
9 D 726 994 1
9 D 726 100 1
9 D 726 517 1
9 D 726 454 1
9 L 0 711 1
9 L 0 426 1
9 L 0 621 1
9 D 726 711 1
9 D 726 426 1
9 D 726 621 1
9 L 0 427 1
9 L 0 338 1
9 D 726 427 1
9 D 726 338 1
9 L 0 722 1
9 L 0 88 1
9 D 726 722 1
9 D 726 88 1
9 L 0 896 1
9 L 0 392 1
9 L 0 970 1
9 L 0 465 1
9 D 690 896 1
9 D 690 392 1
9 D 690 970 1
9 D 690 465 1
9 L 0 750 1
9 L 0 914 1
9 D 690 750 1
9 D 690 914 1
9 L 0 49 1
9 L 0 468 1
9 D 690 49 1
9 D 690 468 1
9 L 0 948 1
9 L 0 120 1
9 D 690 948 1
9 D 690 120 1
9 L 0 32 1
9 L 0 737 1
9 L 0 769 1
9 D 135 32 1
9 D 135 737 1
9 D 135 769 1
9 L 0 204 1
9 L 0 269 1
9 L 0 406 1
9 D 135 204 1
9 D 135 269 1
9 D 135 406 1
9 L 0 396 1
9 L 0 182 1
9 L 0 508 1
9 D 135 396 1
9 D 135 182 1
9 D 135 508 1
17 L 0 735 1
17 D 135 735 1
17 L 0 960 1
17 L 0 641 1
17 L 0 488 1
17 D 569 960 1
17 D 569 641 1
17 D 569 488 1
17 L 0 643 1
17 L 0 330 1
17 L 0 22 1
17 D 569 643 1
17 D 569 330 1
17 D 569 22 1
17 L 0 788 1
17 L 0 181 1
17 D 569 788 1
17 D 569 181 1
17 L 0 346 1
17 L 0 701 1
17 D 569 346 1
17 D 569 701 1
17 L 0 419 1
17 L 0 775 1
17 L 0 296 1
17 D 333 419 1
17 D 333 775 1
17 D 333 296 1
17 L 0 935 1
17 L 0 632 1
17 L 0 719 1
17 D 333 935 1
17 D 333 632 1
17 D 333 719 1
17 L 0 849 1
17 L 0 29 1
17 L 0 790 1
17 L 0 861 1
17 D 333 849 1
17 D 333 29 1
17 D 333 790 1
17 D 333 861 1
17 L 0 312 1
17 L 0 831 1
17 D 333 312 1
17 D 333 831 1
17 L 0 737 1
17 L 0 483 1
17 L 0 742 1
17 L 0 743 1
17 L 0 945 1
17 D 132 737 1
17 D 132 483 1
17 D 132 742 1
17 D 132 743 1
17 D 132 945 1
17 L 0 969 1
17 L 0 779 1
17 L 0 726 1
17 D 132 969 1
17 D 132 779 1
17 D 132 726 1
17 L 0 398 1
17 L 0 949 1
17 L 0 950 1
17 D 132 398 1
17 D 132 949 1
17 D 132 950 1
17 L 0 920 1
17 L 0 796 1
17 L 0 382 1
17 D 132 920 1
17 D 132 796 1
17 D 132 382 1
17 L 0 133 1
17 L 0 843 1
17 D 555 133 1
17 D 555 843 1
17 L 0 332 1
17 L 0 334 1
17 L 0 985 1
17 D 555 332 1
17 D 555 334 1
17 D 555 985 1
17 L 0 691 1
17 L 0 410 1
17 L 0 699 1
17 D 555 691 1
17 D 555 410 1
17 D 555 699 1
17 L 0 222 1
17 D 555 222 1
17 L 0 132 1
17 L 0 549 1
17 L 0 296 1
17 D 382 132 1
17 D 382 549 1
17 D 382 296 1
17 L 0 555 1
17 L 0 396 1
17 D 382 555 1
17 D 382 396 1
17 L 0 81 1
17 L 0 882 1
17 L 0 854 1
17 L 0 857 1
17 D 382 81 1
17 D 382 882 1
17 D 382 854 1
17 D 382 857 1
17 L 0 859 1
17 L 0 382 1
17 D 382 859 1
17 D 382 382 1
17 L 0 513 1
17 L 0 762 1
17 L 0 26 1
17 L 0 261 1
17 L 0 426 1
17 D 484 513 1
17 D 484 762 1
17 D 484 26 1
17 D 484 261 1
17 D 484 426 1
17 L 0 678 1
17 L 0 713 1
17 L 0 942 1
17 L 0 500 1
17 L 0 149 1
17 D 484 678 1
17 D 484 713 1
17 D 484 942 1
17 D 484 500 1
17 D 484 149 1
17 L 0 470 1
17 L 0 344 1
17 L 0 191 1
17 D 484 470 1
17 D 484 344 1
17 D 484 191 1
17 L 0 890 1
17 D 484 890 1
17 L 0 66 1
17 L 0 680 1
17 L 0 841 1
17 L 0 490 1
17 D 657 66 1
17 D 657 680 1
17 D 657 841 1
17 D 657 490 1
17 L 0 360 1
17 L 0 940 1
17 L 0 591 1
17 L 0 465 1
17 L 0 787 1
17 D 657 360 1
17 D 657 940 1
17 D 657 591 1
17 D 657 465 1
17 D 657 787 1
17 L 0 48 1
17 L 0 819 1
17 D 657 48 1
17 D 657 819 1
17 L 0 537 1
17 L 0 158 1
17 D 657 537 1
17 D 657 158 1
17 L 0 736 1
17 L 0 960 1
17 L 0 255 1
17 D 522 736 1
17 D 522 960 1
17 D 522 255 1
17 L 0 605 1
17 L 0 935 1
17 L 0 338 1
17 D 522 605 1
17 D 522 935 1
17 D 522 338 1
17 L 0 759 1
17 L 0 26 1
17 L 0 475 1
17 D 522 759 1
17 D 522 26 1
17 D 522 475 1
17 L 0 861 1
17 L 0 607 1
17 D 522 861 1
17 D 522 607 1
17 L 0 64 1
17 L 0 962 1
17 L 0 898 1
17 D 384 64 1
17 D 384 962 1
17 D 384 898 1
17 L 0 553 1
17 L 0 560 1
17 D 384 553 1
17 D 384 560 1
17 L 0 433 1
17 L 0 821 1
17 L 0 284 1
17 L 0 765 1
17 D 384 433 1
17 D 384 821 1
17 D 384 284 1
17 D 384 765 1
17 L 0 127 1
17 D 384 127 1
17 L 0 513 1
17 L 0 835 1
17 L 0 964 1
17 L 0 970 1
17 L 0 80 1
17 D 55 513 1
17 D 55 835 1
17 D 55 964 1
17 D 55 970 1
17 D 55 80 1
17 L 0 774 1
17 L 0 559 1
17 D 55 774 1
17 D 55 559 1
17 L 0 362 1
17 L 0 956 1
17 L 0 798 1
17 D 55 362 1
17 D 55 956 1
17 D 55 798 1
17 L 0 988 1
17 L 0 925 1
17 D 55 988 1
17 D 55 925 1
17 L 0 836 1
17 L 0 332 1
17 D 226 836 1
17 D 226 332 1
17 L 0 717 1
17 L 0 239 1
17 D 226 717 1
17 D 226 239 1
17 L 0 435 1
17 L 0 820 1
17 D 226 435 1
17 D 226 820 1
17 L 0 315 1
17 D 226 315 1
17 L 0 222 1
17 D 226 222 1
17 L 0 547 1
17 L 0 351 1
17 L 0 875 1
17 L 0 959 1
17 D 412 547 1
17 D 412 351 1
17 D 412 875 1
17 D 412 959 1
17 L 0 876 1
17 L 0 715 1
17 L 0 854 1
17 D 412 876 1
17 D 412 715 1
17 D 412 854 1
17 L 0 15 1
17 L 0 17 1
17 L 0 668 1
17 D 412 15 1
17 D 412 17 1
17 D 412 668 1
17 L 0 499 1
17 D 412 499 1
17 L 0 384 1
17 L 0 385 1
17 L 0 97 1
17 L 0 68 1
17 L 0 967 1
17 D 558 384 1
17 D 558 385 1
17 D 558 97 1
17 D 558 68 1
17 D 558 967 1
14 L 0 225 1
14 L 0 649 1
14 L 0 877 1
14 D 558 225 1
14 D 558 649 1
14 D 558 877 1
19 L 0 432 1
19 L 0 85 1
19 L 0 54 1
19 D 558 432 1
19 D 558 85 1
19 D 558 54 1
6 L 0 567 1
6 L 0 152 1
6 D 558 567 1
6 D 558 152 1
13 L 0 96 1
13 L 0 293 1
13 L 0 135 1
13 L 0 937 1
13 D 329 96 1
13 D 329 293 1
13 D 329 135 1
13 D 329 937 1
13 L 0 231 1
13 L 0 104 1
13 L 0 841 1
13 L 0 939 1
13 L 0 50 1
13 L 0 276 1
13 D 329 231 1
13 D 329 104 1
13 D 329 841 1
13 D 329 939 1
13 D 329 50 1
13 D 329 276 1
13 L 0 107 1
13 L 0 301 1
13 D 329 107 1
13 D 329 301 1
13 L 0 283 1
13 L 0 765 1
13 L 0 31 1
13 D 329 283 1
13 D 329 765 1
13 D 329 31 1
13 L 0 384 1
13 L 0 419 1
13 L 0 615 1
13 L 0 841 1
13 D 792 384 1
13 D 792 419 1
13 D 792 615 1
13 D 792 841 1
13 L 0 974 1
13 L 0 687 1
13 L 0 623 1
13 D 792 974 1
13 D 792 687 1
13 D 792 623 1
13 L 0 593 1
13 L 0 501 1
13 D 792 593 1
13 D 792 501 1
13 L 0 601 1
13 L 0 474 1
13 D 792 601 1
13 D 792 474 1
13 L 0 580 1
13 L 0 997 1
13 L 0 712 1
13 D 171 580 1
13 D 171 997 1
13 D 171 712 1
13 L 0 650 1
13 L 0 849 1
13 L 0 787 1
13 D 171 650 1
13 D 171 849 1
13 D 171 787 1
13 L 0 107 1
13 L 0 276 1
13 L 0 278 1
13 L 0 919 1
13 D 171 107 1
13 D 171 276 1
13 D 171 278 1
13 D 171 919 1
13 L 0 219 1
13 L 0 31 1
13 D 171 219 1
13 D 171 31 1
13 L 0 512 1
13 L 0 832 1
13 L 0 419 1
13 L 0 71 1
13 D 60 512 1
13 D 60 832 1
13 D 60 419 1
13 D 60 71 1
13 L 0 486 1
13 L 0 8 1
13 L 0 301 1
13 D 60 486 1
13 D 60 8 1
13 D 60 301 1
13 L 0 872 1
13 L 0 911 1
13 D 60 872 1
13 D 60 911 1
13 L 0 405 1
13 L 0 603 1
13 L 0 510 1
13 D 60 405 1
13 D 60 603 1
13 D 60 510 1
13 L 0 255 1
13 L 0 197 1
13 L 0 487 1
13 L 0 743 1
13 L 0 105 1
13 L 0 557 1
13 D 527 255 1
13 D 527 197 1
13 D 527 487 1
13 D 527 743 1
13 D 527 105 1
13 D 527 557 1
13 L 0 845 1
13 L 0 241 1
13 L 0 434 1
13 D 527 845 1
13 D 527 241 1
13 D 527 434 1
13 L 0 703 1
13 L 0 790 1
13 D 527 703 1
13 D 527 790 1
13 L 0 540 1
13 L 0 671 1
13 D 527 540 1
13 D 527 671 1
13 L 0 935 1
13 L 0 424 1
13 L 0 753 1
13 D 450 935 1
13 D 450 424 1
13 D 450 753 1
13 L 0 717 1
13 L 0 910 1
13 L 0 115 1
13 D 450 717 1
13 D 450 910 1
13 D 450 115 1
13 L 0 914 1
13 L 0 722 1
13 D 450 914 1
13 D 450 722 1
13 L 0 350 1
13 L 0 286 1
13 D 450 350 1
13 D 450 286 1
13 L 0 802 1
13 L 0 325 1
13 L 0 907 1
13 L 0 365 1
13 D 260 802 1
13 D 260 325 1
13 D 260 907 1
13 D 260 365 1
13 L 0 783 1
13 L 0 944 1
13 L 0 59 1
13 D 260 783 1
13 D 260 944 1
13 D 260 59 1
13 L 0 18 1
13 D 260 18 1
13 L 0 733 1
13 D 260 733 1
13 L 0 703 1
13 D 260 703 1
13 L 0 450 1
13 L 0 122 1
13 D 76 450 1
13 D 76 122 1
13 L 0 816 1
13 L 0 537 1
13 D 76 816 1
13 D 76 537 1
13 L 0 474 1
13 D 76 474 1
13 L 0 127 1
13 D 76 127 1
13 L 0 511 1
13 D 76 511 1
13 L 0 32 1
13 L 0 67 1
13 L 0 297 1
13 L 0 753 1
13 D 283 32 1
13 D 283 67 1
13 D 283 297 1
13 D 283 753 1
13 L 0 646 1
13 L 0 335 1
13 D 283 646 1
13 D 283 335 1
13 L 0 594 1
13 L 0 601 1
13 D 283 594 1
13 D 283 601 1
13 L 0 733 1
13 D 283 733 1
13 L 0 703 1
13 D 283 703 1
13 L 0 322 1
13 L 0 229 1
13 L 0 587 1
13 D 673 322 1
13 D 673 229 1
13 D 673 587 1
13 L 0 5 1
13 L 0 774 1
13 L 0 655 1
13 D 673 5 1
13 D 673 774 1
13 D 673 655 1
13 L 0 302 1
13 L 0 975 1
13 L 0 757 1
13 D 673 302 1
13 D 673 975 1
13 D 673 757 1
13 L 0 185 1
13 L 0 219 1
13 L 0 670 1
13 D 673 185 1
13 D 673 219 1
13 D 673 670 1
13 L 0 964 1
13 L 0 804 1
13 L 0 164 1
13 L 0 680 1
13 D 520 964 1
13 D 520 804 1
13 D 520 164 1
13 D 520 680 1
13 L 0 935 1
13 L 0 777 1
13 L 0 554 1
13 D 520 935 1
13 D 520 777 1
13 D 520 554 1
13 L 0 11 1
13 L 0 591 1
13 L 0 785 1
13 D 520 11 1
13 D 520 591 1
13 D 520 785 1
13 L 0 338 1
13 L 0 787 1
13 L 0 956 1
13 D 520 338 1
13 D 520 787 1
13 D 520 956 1
13 L 0 97 1
13 L 0 643 1
13 D 245 97 1
13 D 245 643 1
13 L 0 772 1
13 L 0 613 1
13 L 0 104 1
13 D 245 772 1
13 D 245 613 1
13 D 245 104 1
13 L 0 392 1
13 L 0 746 1
13 D 245 392 1
13 D 245 746 1
13 L 0 651 1
13 L 0 286 1
13 D 245 651 1
13 D 245 286 1
13 L 0 5 1
13 L 0 200 1
13 L 0 488 1
13 L 0 275 1
13 D 591 5 1
13 D 591 200 1
13 D 591 488 1
13 D 591 275 1
13 L 0 593 1
13 L 0 562 1
13 D 591 593 1
13 D 591 562 1
13 L 0 209 1
13 L 0 344 1
13 D 591 209 1
13 D 591 344 1
13 L 0 315 1
13 D 591 315 1
13 L 0 348 1
13 D 591 348 1
13 L 0 545 1
13 L 0 841 1
13 L 0 426 1
13 D 675 545 1
13 D 675 841 1
13 D 675 426 1
13 L 0 716 1
13 L 0 45 1
13 L 0 789 1
13 L 0 153 1
13 D 675 716 1
13 D 675 45 1
13 D 675 789 1
13 D 675 153 1
13 L 0 563 1
13 L 0 444 1
13 D 675 563 1
13 D 675 444 1
13 L 0 380 1
13 L 0 541 1
13 D 675 380 1
13 D 675 541 1
13 L 0 350 1
13 D 675 350 1
13 L 0 224 1
13 L 0 613 1
13 D 84 224 1
13 D 84 613 1
13 L 0 806 1
13 L 0 777 1
13 L 0 976 1
13 D 84 806 1
13 D 84 777 1
13 D 84 976 1
13 L 0 337 1
13 L 0 914 1
13 D 84 337 1
13 D 84 914 1
13 L 0 851 1
13 L 0 503 1
13 L 0 415 1
13 D 84 851 1
13 D 84 503 1
13 D 84 415 1
13 L 0 971 1
13 L 0 588 1
13 L 0 301 1
13 L 0 299 1
13 D 546 971 1
13 D 546 588 1
13 D 546 301 1
13 D 546 299 1
13 L 0 558 1
13 L 0 749 1
13 L 0 113 1
13 L 0 787 1
13 D 546 558 1
13 D 546 749 1
13 D 546 113 1
13 D 546 787 1
13 L 0 721 1
13 L 0 722 1
13 L 0 661 1
13 L 0 502 1
13 D 546 721 1
13 D 546 722 1
13 D 546 661 1
13 D 546 502 1
13 L 0 885 1
13 L 0 248 1
13 L 0 283 1
13 L 0 637 1
13 D 546 885 1
13 D 546 248 1
13 D 546 283 1
13 D 546 637 1
13 L 0 833 1
13 L 0 39 1
13 L 0 7 1
13 D 733 833 1
13 D 733 39 1
13 D 733 7 1
13 L 0 451 1
13 L 0 16 1
13 D 733 451 1
13 D 733 16 1
13 L 0 270 1
13 L 0 505 1
13 D 733 270 1
13 D 733 505 1
13 L 0 474 1
13 L 0 219 1
13 D 733 474 1
13 D 733 219 1
